[ 2025-07-12 23:36:30,574 ] root - INFO - Initializing TrainPipeline class
[ 2025-07-12 23:36:30,574 ] root - INFO - Entered the [run_pipeline] method of TrainPipeline class
[ 2025-07-12 23:36:30,574 ] root - INFO - Entered the [start_data_ingestion] method of TrainPipeline class
[ 2025-07-12 23:36:30,574 ] root - INFO - Getting data from mongo db
[ 2025-07-12 23:36:30,574 ] root - INFO - Data_Ingestion class object created
[ 2025-07-12 23:36:30,574 ] root - INFO - Entered [initiate_data_ingestion] method of DataIngestion class
[ 2025-07-12 23:36:30,574 ] root - INFO - Entered [export_data_into_feature_store] method of Data_Ingestion class
[ 2025-07-12 23:36:30,574 ] root - INFO - Exporting data from mongodb
[ 2025-07-12 23:36:30,782 ] pymongo.topology - DEBUG - {"message": "Starting topology monitoring", "topologyId": {"$oid": "6872a42643cb58cdbcb06643"}}
[ 2025-07-12 23:36:30,782 ] pymongo.topology - DEBUG - {"message": "Topology description changed", "topologyId": {"$oid": "6872a42643cb58cdbcb06643"}, "previousDescription": "<TopologyDescription id: 6872a42643cb58cdbcb06643, topology_type: Unknown, servers: []>", "newDescription": "<TopologyDescription id: 6872a42643cb58cdbcb06643, topology_type: ReplicaSetNoPrimary, servers: [<ServerDescription ('ac-seftnoh-shard-00-00.ajiae5a.mongodb.net', 27017) server_type: Unknown, rtt: None>, <ServerDescription ('ac-seftnoh-shard-00-01.ajiae5a.mongodb.net', 27017) server_type: Unknown, rtt: None>, <ServerDescription ('ac-seftnoh-shard-00-02.ajiae5a.mongodb.net', 27017) server_type: Unknown, rtt: None>]>"}
[ 2025-07-12 23:36:30,782 ] pymongo.topology - DEBUG - {"message": "Starting server monitoring", "topologyId": {"$oid": "6872a42643cb58cdbcb06643"}, "serverHost": "ac-seftnoh-shard-00-02.ajiae5a.mongodb.net", "serverPort": 27017}
[ 2025-07-12 23:36:30,782 ] pymongo.topology - DEBUG - {"message": "Starting server monitoring", "topologyId": {"$oid": "6872a42643cb58cdbcb06643"}, "serverHost": "ac-seftnoh-shard-00-01.ajiae5a.mongodb.net", "serverPort": 27017}
[ 2025-07-12 23:36:30,782 ] pymongo.topology - DEBUG - {"message": "Starting server monitoring", "topologyId": {"$oid": "6872a42643cb58cdbcb06643"}, "serverHost": "ac-seftnoh-shard-00-00.ajiae5a.mongodb.net", "serverPort": 27017}
[ 2025-07-12 23:36:30,783 ] pymongo.connection - DEBUG - {"message": "Connection pool created", "clientId": {"$oid": "6872a42643cb58cdbcb06643"}, "serverHost": "ac-seftnoh-shard-00-02.ajiae5a.mongodb.net", "serverPort": 27017}
[ 2025-07-12 23:36:30,783 ] pymongo.connection - DEBUG - {"message": "Connection pool created", "clientId": {"$oid": "6872a42643cb58cdbcb06643"}, "serverHost": "ac-seftnoh-shard-00-01.ajiae5a.mongodb.net", "serverPort": 27017}
[ 2025-07-12 23:36:30,783 ] pymongo.connection - DEBUG - {"message": "Connection pool created", "clientId": {"$oid": "6872a42643cb58cdbcb06643"}, "serverHost": "ac-seftnoh-shard-00-00.ajiae5a.mongodb.net", "serverPort": 27017}
[ 2025-07-12 23:36:30,783 ] root - INFO - MongoDB connection succesfull
[ 2025-07-12 23:36:30,784 ] pymongo.serverSelection - DEBUG - {"message": "Server selection started", "selector": "Primary()", "operation": "find", "topologyDescription": "<TopologyDescription id: 6872a42643cb58cdbcb06643, topology_type: ReplicaSetNoPrimary, servers: [<ServerDescription ('ac-seftnoh-shard-00-00.ajiae5a.mongodb.net', 27017) server_type: Unknown, rtt: None>, <ServerDescription ('ac-seftnoh-shard-00-01.ajiae5a.mongodb.net', 27017) server_type: Unknown, rtt: None>, <ServerDescription ('ac-seftnoh-shard-00-02.ajiae5a.mongodb.net', 27017) server_type: Unknown, rtt: None>]>", "clientId": {"$oid": "6872a42643cb58cdbcb06643"}}
[ 2025-07-12 23:36:30,784 ] pymongo.serverSelection - DEBUG - {"message": "Waiting for suitable server to become available", "selector": "Primary()", "operation": "find", "topologyDescription": "<TopologyDescription id: 6872a42643cb58cdbcb06643, topology_type: ReplicaSetNoPrimary, servers: [<ServerDescription ('ac-seftnoh-shard-00-00.ajiae5a.mongodb.net', 27017) server_type: Unknown, rtt: None>, <ServerDescription ('ac-seftnoh-shard-00-01.ajiae5a.mongodb.net', 27017) server_type: Unknown, rtt: None>, <ServerDescription ('ac-seftnoh-shard-00-02.ajiae5a.mongodb.net', 27017) server_type: Unknown, rtt: None>]>", "clientId": {"$oid": "6872a42643cb58cdbcb06643"}, "remainingTimeMS": 29999}
[ 2025-07-12 23:36:31,123 ] pymongo.topology - DEBUG - {"message": "Server heartbeat started", "topologyId": {"$oid": "6872a42643cb58cdbcb06643"}, "driverConnectionId": 1, "serverHost": "ac-seftnoh-shard-00-02.ajiae5a.mongodb.net", "serverPort": 27017, "awaited": false}
[ 2025-07-12 23:36:31,131 ] pymongo.topology - DEBUG - {"message": "Server heartbeat started", "topologyId": {"$oid": "6872a42643cb58cdbcb06643"}, "driverConnectionId": 1, "serverHost": "ac-seftnoh-shard-00-01.ajiae5a.mongodb.net", "serverPort": 27017, "awaited": false}
[ 2025-07-12 23:36:31,196 ] pymongo.topology - DEBUG - {"message": "Server heartbeat succeeded", "topologyId": {"$oid": "6872a42643cb58cdbcb06643"}, "driverConnectionId": 1, "serverConnectionId": 24269, "serverHost": "ac-seftnoh-shard-00-02.ajiae5a.mongodb.net", "serverPort": 27017, "awaited": false, "durationMS": 72.81474999035709, "reply": "{\"helloOk\": true, \"topologyVersion\": {\"processId\": {\"$oid\": \"68712b88e825f82d0dc0fc06\"}, \"counter\": 6}, \"hosts\": [\"ac-seftnoh-shard-00-00.ajiae5a.mongodb.net:27017\", \"ac-seftnoh-shard-00-01.ajiae5a.mongodb.net:27017\", \"ac-seftnoh-shard-00-02.ajiae5a.mongodb.net:27017\"], \"setName\": \"atlas-huz2dh-shard-0\", \"setVersion\": 299, \"ismaster\": true, \"primary\": \"ac-seftnoh-shard-00-02.ajiae5a.mongodb.net:27017\", \"tags\": {\"diskState\": \"READY\", \"nodeType\": \"ELECTABLE\", \"availabilityZone\": \"aps1-az2\", \"provider\": \"AWS\", \"region\": \"AP_SOUTH_1\", \"workloadType\": \"OPERATIONAL\"}, \"me\": \"ac-seftnoh-shard-00-02.ajiae5a.mongodb.net:27017\", \"electionId\": {\"$oid\": \"7fffffff0000000000000111\"}, \"lastWrite\": {\"opTime\": {\"ts\": {\"$timestamp\": {\"t\": 1752343591, \"i\": 2}}, \"t\": 273}, \"lastWriteDate\": {\"$date\": \"2025-07-12T18:06:31Z\"}, \"majorityOpTime\": {\"ts\": {\"$timestamp\": {\"t\": 1752343591, \"i\": 2}}, \"t\": 273}, \"majorityWriteDate\": {\"$date\": \"2025-07-12T18:06:31Z\"}}, \"maxBsonObjectSize\": 16777216, \"maxMessageSizeBy..."}
[ 2025-07-12 23:36:31,197 ] pymongo.topology - DEBUG - {"message": "Server heartbeat succeeded", "topologyId": {"$oid": "6872a42643cb58cdbcb06643"}, "driverConnectionId": 1, "serverConnectionId": 22798, "serverHost": "ac-seftnoh-shard-00-01.ajiae5a.mongodb.net", "serverPort": 27017, "awaited": false, "durationMS": 65.02308399649337, "reply": "{\"helloOk\": true, \"topologyVersion\": {\"processId\": {\"$oid\": \"68712bc703db27a9c7dda3d9\"}, \"counter\": 3}, \"hosts\": [\"ac-seftnoh-shard-00-00.ajiae5a.mongodb.net:27017\", \"ac-seftnoh-shard-00-01.ajiae5a.mongodb.net:27017\", \"ac-seftnoh-shard-00-02.ajiae5a.mongodb.net:27017\"], \"setName\": \"atlas-huz2dh-shard-0\", \"setVersion\": 299, \"secondary\": true, \"primary\": \"ac-seftnoh-shard-00-02.ajiae5a.mongodb.net:27017\", \"tags\": {\"availabilityZone\": \"aps1-az3\", \"provider\": \"AWS\", \"workloadType\": \"OPERATIONAL\", \"region\": \"AP_SOUTH_1\", \"diskState\": \"READY\", \"nodeType\": \"ELECTABLE\"}, \"me\": \"ac-seftnoh-shard-00-01.ajiae5a.mongodb.net:27017\", \"lastWrite\": {\"opTime\": {\"ts\": {\"$timestamp\": {\"t\": 1752343591, \"i\": 2}}, \"t\": 273}, \"lastWriteDate\": {\"$date\": \"2025-07-12T18:06:31Z\"}, \"majorityOpTime\": {\"ts\": {\"$timestamp\": {\"t\": 1752343591, \"i\": 2}}, \"t\": 273}, \"majorityWriteDate\": {\"$date\": \"2025-07-12T18:06:31Z\"}}, \"maxBsonObjectSize\": 16777216, \"maxMessageSizeBytes\": 48000000, \"maxWriteBatchSize\": 100000, \"local..."}
[ 2025-07-12 23:36:31,199 ] pymongo.connection - DEBUG - {"message": "Connection pool ready", "clientId": {"$oid": "6872a42643cb58cdbcb06643"}, "serverHost": "ac-seftnoh-shard-00-02.ajiae5a.mongodb.net", "serverPort": 27017}
[ 2025-07-12 23:36:31,199 ] pymongo.topology - DEBUG - {"message": "Topology description changed", "topologyId": {"$oid": "6872a42643cb58cdbcb06643"}, "previousDescription": "<TopologyDescription id: 6872a42643cb58cdbcb06643, topology_type: ReplicaSetNoPrimary, servers: [<ServerDescription ('ac-seftnoh-shard-00-00.ajiae5a.mongodb.net', 27017) server_type: Unknown, rtt: None>, <ServerDescription ('ac-seftnoh-shard-00-01.ajiae5a.mongodb.net', 27017) server_type: Unknown, rtt: None>, <ServerDescription ('ac-seftnoh-shard-00-02.ajiae5a.mongodb.net', 27017) server_type: Unknown, rtt: None>]>", "newDescription": "<TopologyDescription id: 6872a42643cb58cdbcb06643, topology_type: ReplicaSetWithPrimary, servers: [<ServerDescription ('ac-seftnoh-shard-00-00.ajiae5a.mongodb.net', 27017) server_type: Unknown, rtt: None>, <ServerDescription ('ac-seftnoh-shard-00-01.ajiae5a.mongodb.net', 27017) server_type: Unknown, rtt: None>, <ServerDescription ('ac-seftnoh-shard-00-02.ajiae5a.mongodb.net', 27017) server_type: RSPrimary, rtt: 0.07281474999035709>]>"}
[ 2025-07-12 23:36:31,199 ] pymongo.connection - DEBUG - {"message": "Connection pool ready", "clientId": {"$oid": "6872a42643cb58cdbcb06643"}, "serverHost": "ac-seftnoh-shard-00-01.ajiae5a.mongodb.net", "serverPort": 27017}
[ 2025-07-12 23:36:31,199 ] pymongo.topology - DEBUG - {"message": "Topology description changed", "topologyId": {"$oid": "6872a42643cb58cdbcb06643"}, "previousDescription": "<TopologyDescription id: 6872a42643cb58cdbcb06643, topology_type: ReplicaSetWithPrimary, servers: [<ServerDescription ('ac-seftnoh-shard-00-00.ajiae5a.mongodb.net', 27017) server_type: Unknown, rtt: None>, <ServerDescription ('ac-seftnoh-shard-00-01.ajiae5a.mongodb.net', 27017) server_type: Unknown, rtt: None>, <ServerDescription ('ac-seftnoh-shard-00-02.ajiae5a.mongodb.net', 27017) server_type: RSPrimary, rtt: 0.07281474999035709>]>", "newDescription": "<TopologyDescription id: 6872a42643cb58cdbcb06643, topology_type: ReplicaSetWithPrimary, servers: [<ServerDescription ('ac-seftnoh-shard-00-00.ajiae5a.mongodb.net', 27017) server_type: Unknown, rtt: None>, <ServerDescription ('ac-seftnoh-shard-00-01.ajiae5a.mongodb.net', 27017) server_type: RSSecondary, rtt: 0.06502308399649337>, <ServerDescription ('ac-seftnoh-shard-00-02.ajiae5a.mongodb.net', 27017) server_type: RSPrimary, rtt: 0.07281474999035709>]>"}
[ 2025-07-12 23:36:31,199 ] pymongo.topology - DEBUG - {"message": "Server heartbeat started", "topologyId": {"$oid": "6872a42643cb58cdbcb06643"}, "driverConnectionId": 1, "serverConnectionId": 24269, "serverHost": "ac-seftnoh-shard-00-02.ajiae5a.mongodb.net", "serverPort": 27017, "awaited": true}
[ 2025-07-12 23:36:31,200 ] pymongo.serverSelection - DEBUG - {"message": "Server selection succeeded", "selector": "Primary()", "operation": "find", "topologyDescription": "<TopologyDescription id: 6872a42643cb58cdbcb06643, topology_type: ReplicaSetWithPrimary, servers: [<ServerDescription ('ac-seftnoh-shard-00-00.ajiae5a.mongodb.net', 27017) server_type: Unknown, rtt: None>, <ServerDescription ('ac-seftnoh-shard-00-01.ajiae5a.mongodb.net', 27017) server_type: RSSecondary, rtt: 0.06502308399649337>, <ServerDescription ('ac-seftnoh-shard-00-02.ajiae5a.mongodb.net', 27017) server_type: RSPrimary, rtt: 0.07281474999035709>]>", "clientId": {"$oid": "6872a42643cb58cdbcb06643"}, "serverHost": "ac-seftnoh-shard-00-02.ajiae5a.mongodb.net", "serverPort": 27017}
[ 2025-07-12 23:36:31,200 ] pymongo.topology - DEBUG - {"message": "Server heartbeat started", "topologyId": {"$oid": "6872a42643cb58cdbcb06643"}, "driverConnectionId": 1, "serverConnectionId": 22798, "serverHost": "ac-seftnoh-shard-00-01.ajiae5a.mongodb.net", "serverPort": 27017, "awaited": true}
[ 2025-07-12 23:36:31,200 ] pymongo.connection - DEBUG - {"message": "Connection checkout started", "clientId": {"$oid": "6872a42643cb58cdbcb06643"}, "serverHost": "ac-seftnoh-shard-00-02.ajiae5a.mongodb.net", "serverPort": 27017}
[ 2025-07-12 23:36:31,200 ] pymongo.connection - DEBUG - {"message": "Connection created", "clientId": {"$oid": "6872a42643cb58cdbcb06643"}, "serverHost": "ac-seftnoh-shard-00-02.ajiae5a.mongodb.net", "serverPort": 27017, "driverConnectionId": 1}
[ 2025-07-12 23:36:31,221 ] pymongo.topology - DEBUG - {"message": "Server heartbeat started", "topologyId": {"$oid": "6872a42643cb58cdbcb06643"}, "driverConnectionId": 1, "serverHost": "ac-seftnoh-shard-00-00.ajiae5a.mongodb.net", "serverPort": 27017, "awaited": false}
[ 2025-07-12 23:36:31,298 ] pymongo.topology - DEBUG - {"message": "Server heartbeat succeeded", "topologyId": {"$oid": "6872a42643cb58cdbcb06643"}, "driverConnectionId": 1, "serverConnectionId": 23435, "serverHost": "ac-seftnoh-shard-00-00.ajiae5a.mongodb.net", "serverPort": 27017, "awaited": false, "durationMS": 76.65237499168143, "reply": "{\"helloOk\": true, \"topologyVersion\": {\"processId\": {\"$oid\": \"68712b49081a705f8235132a\"}, \"counter\": 4}, \"hosts\": [\"ac-seftnoh-shard-00-00.ajiae5a.mongodb.net:27017\", \"ac-seftnoh-shard-00-01.ajiae5a.mongodb.net:27017\", \"ac-seftnoh-shard-00-02.ajiae5a.mongodb.net:27017\"], \"setName\": \"atlas-huz2dh-shard-0\", \"setVersion\": 299, \"secondary\": true, \"primary\": \"ac-seftnoh-shard-00-02.ajiae5a.mongodb.net:27017\", \"tags\": {\"diskState\": \"READY\", \"nodeType\": \"ELECTABLE\", \"workloadType\": \"OPERATIONAL\", \"provider\": \"AWS\", \"availabilityZone\": \"aps1-az1\", \"region\": \"AP_SOUTH_1\"}, \"me\": \"ac-seftnoh-shard-00-00.ajiae5a.mongodb.net:27017\", \"lastWrite\": {\"opTime\": {\"ts\": {\"$timestamp\": {\"t\": 1752343591, \"i\": 2}}, \"t\": 273}, \"lastWriteDate\": {\"$date\": \"2025-07-12T18:06:31Z\"}, \"majorityOpTime\": {\"ts\": {\"$timestamp\": {\"t\": 1752343591, \"i\": 2}}, \"t\": 273}, \"majorityWriteDate\": {\"$date\": \"2025-07-12T18:06:31Z\"}}, \"maxBsonObjectSize\": 16777216, \"maxMessageSizeBytes\": 48000000, \"maxWriteBatchSize\": 100000, \"local..."}
[ 2025-07-12 23:36:31,298 ] pymongo.connection - DEBUG - {"message": "Connection pool ready", "clientId": {"$oid": "6872a42643cb58cdbcb06643"}, "serverHost": "ac-seftnoh-shard-00-00.ajiae5a.mongodb.net", "serverPort": 27017}
[ 2025-07-12 23:36:31,298 ] pymongo.topology - DEBUG - {"message": "Topology description changed", "topologyId": {"$oid": "6872a42643cb58cdbcb06643"}, "previousDescription": "<TopologyDescription id: 6872a42643cb58cdbcb06643, topology_type: ReplicaSetWithPrimary, servers: [<ServerDescription ('ac-seftnoh-shard-00-00.ajiae5a.mongodb.net', 27017) server_type: Unknown, rtt: None>, <ServerDescription ('ac-seftnoh-shard-00-01.ajiae5a.mongodb.net', 27017) server_type: RSSecondary, rtt: 0.06502308399649337>, <ServerDescription ('ac-seftnoh-shard-00-02.ajiae5a.mongodb.net', 27017) server_type: RSPrimary, rtt: 0.07281474999035709>]>", "newDescription": "<TopologyDescription id: 6872a42643cb58cdbcb06643, topology_type: ReplicaSetWithPrimary, servers: [<ServerDescription ('ac-seftnoh-shard-00-00.ajiae5a.mongodb.net', 27017) server_type: RSSecondary, rtt: 0.07665237499168143>, <ServerDescription ('ac-seftnoh-shard-00-01.ajiae5a.mongodb.net', 27017) server_type: RSSecondary, rtt: 0.06502308399649337>, <ServerDescription ('ac-seftnoh-shard-00-02.ajiae5a.mongodb.net', 27017) server_type: RSPrimary, rtt: 0.07281474999035709>]>"}
[ 2025-07-12 23:36:31,298 ] pymongo.topology - DEBUG - {"message": "Server heartbeat started", "topologyId": {"$oid": "6872a42643cb58cdbcb06643"}, "driverConnectionId": 1, "serverConnectionId": 23435, "serverHost": "ac-seftnoh-shard-00-00.ajiae5a.mongodb.net", "serverPort": 27017, "awaited": true}
[ 2025-07-12 23:36:31,597 ] pymongo.connection - DEBUG - {"message": "Connection ready", "clientId": {"$oid": "6872a42643cb58cdbcb06643"}, "serverHost": "ac-seftnoh-shard-00-02.ajiae5a.mongodb.net", "serverPort": 27017, "driverConnectionId": 1, "durationMS": 0.19354725000448525}
[ 2025-07-12 23:36:31,597 ] pymongo.connection - DEBUG - {"message": "Connection checked out", "clientId": {"$oid": "6872a42643cb58cdbcb06643"}, "serverHost": "ac-seftnoh-shard-00-02.ajiae5a.mongodb.net", "serverPort": 27017, "driverConnectionId": 1, "durationMS": 0.39719779099687}
[ 2025-07-12 23:36:31,597 ] pymongo.command - DEBUG - {"message": "Command started", "clientId": {"$oid": "6872a42643cb58cdbcb06643"}, "command": "{\"find\": \"visa_data\", \"lsid\": {\"id\": {\"$binary\": {\"base64\": \"Dx/3R+vERyqfDlr/ZS5bhQ==\", \"subType\": \"04\"}}}, \"$clusterTime\": {\"clusterTime\": {\"$timestamp\": {\"t\": 1752343591, \"i\": 7}}, \"signature\": {\"hash\": {\"$binary\": {\"base64\": \"ewbBVKPdJDYmtjAWyhPz+oBKKBQ=\", \"subType\": \"00\"}}, \"keyId\": 7481317547657134092}}, \"$db\": \"US_VISA\"}", "commandName": "find", "databaseName": "US_VISA", "requestId": 1784484492, "operationId": 1784484492, "driverConnectionId": 1, "serverConnectionId": 24240, "serverHost": "ac-seftnoh-shard-00-02.ajiae5a.mongodb.net", "serverPort": 27017}
[ 2025-07-12 23:36:31,714 ] pymongo.command - DEBUG - {"message": "Command succeeded", "clientId": {"$oid": "6872a42643cb58cdbcb06643"}, "durationMS": 116.988, "reply": "{\"cursor\": {\"firstBatch\": [{\"_id\": {\"$oid\": \"686d14e0c5d3562c6585297d\"}, \"case_id\": \"EZYV01\", \"continent\": \"Asia\", \"education_of_employee\": \"High School\", \"has_job_experience\": \"N\", \"requires_job_training\": \"N\", \"no_of_employees\": 14513, \"yr_of_estab\": 2007, \"region_of_employment\": \"West\", \"prevailing_wage\": 592.2029, \"unit_of_wage\": \"Hour\", \"full_time_position\": \"Y\", \"case_status\": \"Denied\"}, {\"_id\": {\"$oid\": \"686d14e0c5d3562c6585297e\"}, \"case_id\": \"EZYV02\", \"continent\": \"Asia\", \"education_of_employee\": \"Master's\", \"has_job_experience\": \"Y\", \"requires_job_training\": \"N\", \"no_of_employees\": 2412, \"yr_of_estab\": 2002, \"region_of_employment\": \"Northeast\", \"prevailing_wage\": 83425.65, \"unit_of_wage\": \"Year\", \"full_time_position\": \"Y\", \"case_status\": \"Certified\"}, {\"_id\": {\"$oid\": \"686d14e0c5d3562c6585297f\"}, \"case_id\": \"EZYV03\", \"continent\": \"Asia\", \"education_of_employee\": \"Bachelor's\", \"has_job_experience\": \"N\", \"requires_job_training\": \"Y\", \"no_of_employees\": 44444, \"yr_of_estab\": 2008...", "commandName": "find", "databaseName": "US_VISA", "requestId": 1784484492, "operationId": 1784484492, "driverConnectionId": 1, "serverConnectionId": 24240, "serverHost": "ac-seftnoh-shard-00-02.ajiae5a.mongodb.net", "serverPort": 27017}
[ 2025-07-12 23:36:31,715 ] pymongo.connection - DEBUG - {"message": "Connection checked in", "clientId": {"$oid": "6872a42643cb58cdbcb06643"}, "serverHost": "ac-seftnoh-shard-00-02.ajiae5a.mongodb.net", "serverPort": 27017, "driverConnectionId": 1}
[ 2025-07-12 23:36:31,715 ] pymongo.serverSelection - DEBUG - {"message": "Server selection started", "selector": "<function any_server_selector at 0x13dd60360>", "operation": "getMore", "topologyDescription": "<TopologyDescription id: 6872a42643cb58cdbcb06643, topology_type: ReplicaSetWithPrimary, servers: [<ServerDescription ('ac-seftnoh-shard-00-00.ajiae5a.mongodb.net', 27017) server_type: RSSecondary, rtt: 0.07665237499168143>, <ServerDescription ('ac-seftnoh-shard-00-01.ajiae5a.mongodb.net', 27017) server_type: RSSecondary, rtt: 0.06502308399649337>, <ServerDescription ('ac-seftnoh-shard-00-02.ajiae5a.mongodb.net', 27017) server_type: RSPrimary, rtt: 0.07281474999035709>]>", "clientId": {"$oid": "6872a42643cb58cdbcb06643"}}
[ 2025-07-12 23:36:31,715 ] pymongo.serverSelection - DEBUG - {"message": "Server selection succeeded", "selector": "<function any_server_selector at 0x13dd60360>", "operation": "getMore", "topologyDescription": "<TopologyDescription id: 6872a42643cb58cdbcb06643, topology_type: ReplicaSetWithPrimary, servers: [<ServerDescription ('ac-seftnoh-shard-00-00.ajiae5a.mongodb.net', 27017) server_type: RSSecondary, rtt: 0.07665237499168143>, <ServerDescription ('ac-seftnoh-shard-00-01.ajiae5a.mongodb.net', 27017) server_type: RSSecondary, rtt: 0.06502308399649337>, <ServerDescription ('ac-seftnoh-shard-00-02.ajiae5a.mongodb.net', 27017) server_type: RSPrimary, rtt: 0.07281474999035709>]>", "clientId": {"$oid": "6872a42643cb58cdbcb06643"}, "serverHost": "ac-seftnoh-shard-00-02.ajiae5a.mongodb.net", "serverPort": 27017}
[ 2025-07-12 23:36:31,715 ] pymongo.connection - DEBUG - {"message": "Connection checkout started", "clientId": {"$oid": "6872a42643cb58cdbcb06643"}, "serverHost": "ac-seftnoh-shard-00-02.ajiae5a.mongodb.net", "serverPort": 27017}
[ 2025-07-12 23:36:31,715 ] pymongo.connection - DEBUG - {"message": "Connection checked out", "clientId": {"$oid": "6872a42643cb58cdbcb06643"}, "serverHost": "ac-seftnoh-shard-00-02.ajiae5a.mongodb.net", "serverPort": 27017, "driverConnectionId": 1, "durationMS": 5.429098382592201e-05}
[ 2025-07-12 23:36:31,715 ] pymongo.command - DEBUG - {"message": "Command started", "clientId": {"$oid": "6872a42643cb58cdbcb06643"}, "command": "{\"getMore\": 6686486535066439018, \"collection\": \"visa_data\", \"lsid\": {\"id\": {\"$binary\": {\"base64\": \"Dx/3R+vERyqfDlr/ZS5bhQ==\", \"subType\": \"04\"}}}, \"$clusterTime\": {\"clusterTime\": {\"$timestamp\": {\"t\": 1752343591, \"i\": 10}}, \"signature\": {\"hash\": {\"$binary\": {\"base64\": \"ewbBVKPdJDYmtjAWyhPz+oBKKBQ=\", \"subType\": \"00\"}}, \"keyId\": 7481317547657134092}}, \"$db\": \"US_VISA\"}", "commandName": "getMore", "databaseName": "US_VISA", "requestId": 74243042, "operationId": 74243042, "driverConnectionId": 1, "serverConnectionId": 24240, "serverHost": "ac-seftnoh-shard-00-02.ajiae5a.mongodb.net", "serverPort": 27017}
[ 2025-07-12 23:36:33,009 ] pymongo.command - DEBUG - {"message": "Command succeeded", "clientId": {"$oid": "6872a42643cb58cdbcb06643"}, "durationMS": 1293.395, "reply": "{\"cursor\": {\"nextBatch\": [{\"_id\": {\"$oid\": \"686d14e0c5d3562c658529e2\"}, \"case_id\": \"EZYV102\", \"continent\": \"Asia\", \"education_of_employee\": \"Master's\", \"has_job_experience\": \"Y\", \"requires_job_training\": \"N\", \"no_of_employees\": 334, \"yr_of_estab\": 2007, \"region_of_employment\": \"Midwest\", \"prevailing_wage\": 43421.88, \"unit_of_wage\": \"Year\", \"full_time_position\": \"Y\", \"case_status\": \"Certified\"}, {\"_id\": {\"$oid\": \"686d14e0c5d3562c658529e3\"}, \"case_id\": \"EZYV103\", \"continent\": \"Asia\", \"education_of_employee\": \"Bachelor's\", \"has_job_experience\": \"Y\", \"requires_job_training\": \"N\", \"no_of_employees\": 224, \"yr_of_estab\": 2008, \"region_of_employment\": \"Midwest\", \"prevailing_wage\": 80253.78, \"unit_of_wage\": \"Year\", \"full_time_position\": \"Y\", \"case_status\": \"Certified\"}, {\"_id\": {\"$oid\": \"686d14e0c5d3562c658529e4\"}, \"case_id\": \"EZYV104\", \"continent\": \"Asia\", \"education_of_employee\": \"Doctorate\", \"has_job_experience\": \"Y\", \"requires_job_training\": \"N\", \"no_of_employees\": 367, \"yr_of_estab\": 1982,...", "commandName": "getMore", "databaseName": "US_VISA", "requestId": 74243042, "operationId": 74243042, "driverConnectionId": 1, "serverConnectionId": 24240, "serverHost": "ac-seftnoh-shard-00-02.ajiae5a.mongodb.net", "serverPort": 27017}
[ 2025-07-12 23:36:33,009 ] pymongo.connection - DEBUG - {"message": "Connection checked in", "clientId": {"$oid": "6872a42643cb58cdbcb06643"}, "serverHost": "ac-seftnoh-shard-00-02.ajiae5a.mongodb.net", "serverPort": 27017, "driverConnectionId": 1}
[ 2025-07-12 23:36:33,062 ] root - INFO - Shape of dataframe: (25480, 12)
[ 2025-07-12 23:36:33,062 ] root - INFO - Shape of dataframe: (25480, 12)
[ 2025-07-12 23:36:33,063 ] root - INFO - Saving exported data into feature store file path: artifact/07_12_2025_23-36-29/data_ingestion/feature_store
[ 2025-07-12 23:36:33,147 ] root - INFO - Got the data from mongodb
[ 2025-07-12 23:36:33,147 ] root - INFO - Entered [split_data_as_train_test] method of DataIngestion class
[ 2025-07-12 23:36:33,150 ] root - INFO - Performed train test split operation on the dataframe
[ 2025-07-12 23:36:33,150 ] root - INFO - Exporting train file to artifact/07_12_2025_23-36-29/data_ingestion/ingested/train.parquet
[ 2025-07-12 23:36:33,165 ] root - INFO - Exporting test file to artifact/07_12_2025_23-36-29/data_ingestion/ingested/test.parquet
[ 2025-07-12 23:36:33,171 ] root - INFO - Exported train and test files successfully
[ 2025-07-12 23:36:33,171 ] root - INFO - Performed train test split on the dataset
[ 2025-07-12 23:36:33,172 ] root - INFO - Exited initiate_data_ingestion method of Data_Ingestion class
[ 2025-07-12 23:36:33,172 ] root - INFO - Data ingestion artifact: DataIngestionArtifact(trained_file_path='artifact/07_12_2025_23-36-29/data_ingestion/ingested/train.parquet', test_file_path='artifact/07_12_2025_23-36-29/data_ingestion/ingested/test.parquet')
[ 2025-07-12 23:36:33,175 ] root - INFO - Got the train_set and test_set from mongodb
[ 2025-07-12 23:36:33,175 ] root - INFO - Exited the [start_data_ingestion] method of TrainPipeline class
[ 2025-07-12 23:36:33,175 ] root - INFO - Entered the [start_data_validation] method of TrainPipeline class
[ 2025-07-12 23:36:33,175 ] root - INFO - Entered the read_yaml_file method of utils
[ 2025-07-12 23:36:33,176 ] root - INFO - Starting data validation
[ 2025-07-12 23:36:33,274 ] root - INFO - Is required column present: [True]
[ 2025-07-12 23:36:33,274 ] root - INFO - All required columns present in training dataframe: True
[ 2025-07-12 23:36:33,274 ] root - INFO - Is required column present: [True]
[ 2025-07-12 23:36:33,274 ] root - INFO - All required columns present in testing dataframe: True
[ 2025-07-12 23:36:41,315 ] pymongo.topology - DEBUG - {"message": "Server heartbeat succeeded", "topologyId": {"$oid": "6872a42643cb58cdbcb06643"}, "driverConnectionId": 1, "serverConnectionId": 22798, "serverHost": "ac-seftnoh-shard-00-01.ajiae5a.mongodb.net", "serverPort": 27017, "awaited": true, "durationMS": 10114.765083999373, "reply": "{\"topologyVersion\": {\"processId\": {\"$oid\": \"68712bc703db27a9c7dda3d9\"}, \"counter\": 3}, \"hosts\": [\"ac-seftnoh-shard-00-00.ajiae5a.mongodb.net:27017\", \"ac-seftnoh-shard-00-01.ajiae5a.mongodb.net:27017\", \"ac-seftnoh-shard-00-02.ajiae5a.mongodb.net:27017\"], \"setName\": \"atlas-huz2dh-shard-0\", \"setVersion\": 299, \"secondary\": true, \"primary\": \"ac-seftnoh-shard-00-02.ajiae5a.mongodb.net:27017\", \"tags\": {\"nodeType\": \"ELECTABLE\", \"workloadType\": \"OPERATIONAL\", \"provider\": \"AWS\", \"region\": \"AP_SOUTH_1\", \"availabilityZone\": \"aps1-az3\", \"diskState\": \"READY\"}, \"me\": \"ac-seftnoh-shard-00-01.ajiae5a.mongodb.net:27017\", \"lastWrite\": {\"opTime\": {\"ts\": {\"$timestamp\": {\"t\": 1752343601, \"i\": 2}}, \"t\": 273}, \"lastWriteDate\": {\"$date\": \"2025-07-12T18:06:41Z\"}, \"majorityOpTime\": {\"ts\": {\"$timestamp\": {\"t\": 1752343601, \"i\": 2}}, \"t\": 273}, \"majorityWriteDate\": {\"$date\": \"2025-07-12T18:06:41Z\"}}, \"maxBsonObjectSize\": 16777216, \"maxMessageSizeBytes\": 48000000, \"maxWriteBatchSize\": 100000, \"localTime\": {\"$date\": ..."}
[ 2025-07-12 23:36:41,318 ] pymongo.topology - DEBUG - {"message": "Server heartbeat started", "topologyId": {"$oid": "6872a42643cb58cdbcb06643"}, "driverConnectionId": 1, "serverConnectionId": 22798, "serverHost": "ac-seftnoh-shard-00-01.ajiae5a.mongodb.net", "serverPort": 27017, "awaited": true}
[ 2025-07-12 23:36:41,318 ] pymongo.topology - DEBUG - {"message": "Server heartbeat succeeded", "topologyId": {"$oid": "6872a42643cb58cdbcb06643"}, "driverConnectionId": 1, "serverConnectionId": 24269, "serverHost": "ac-seftnoh-shard-00-02.ajiae5a.mongodb.net", "serverPort": 27017, "awaited": true, "durationMS": 10118.260374991223, "reply": "{\"topologyVersion\": {\"processId\": {\"$oid\": \"68712b88e825f82d0dc0fc06\"}, \"counter\": 6}, \"hosts\": [\"ac-seftnoh-shard-00-00.ajiae5a.mongodb.net:27017\", \"ac-seftnoh-shard-00-01.ajiae5a.mongodb.net:27017\", \"ac-seftnoh-shard-00-02.ajiae5a.mongodb.net:27017\"], \"setName\": \"atlas-huz2dh-shard-0\", \"setVersion\": 299, \"isWritablePrimary\": true, \"primary\": \"ac-seftnoh-shard-00-02.ajiae5a.mongodb.net:27017\", \"tags\": {\"provider\": \"AWS\", \"region\": \"AP_SOUTH_1\", \"nodeType\": \"ELECTABLE\", \"availabilityZone\": \"aps1-az2\", \"diskState\": \"READY\", \"workloadType\": \"OPERATIONAL\"}, \"me\": \"ac-seftnoh-shard-00-02.ajiae5a.mongodb.net:27017\", \"electionId\": {\"$oid\": \"7fffffff0000000000000111\"}, \"lastWrite\": {\"opTime\": {\"ts\": {\"$timestamp\": {\"t\": 1752343601, \"i\": 2}}, \"t\": 273}, \"lastWriteDate\": {\"$date\": \"2025-07-12T18:06:41Z\"}, \"majorityOpTime\": {\"ts\": {\"$timestamp\": {\"t\": 1752343601, \"i\": 2}}, \"t\": 273}, \"majorityWriteDate\": {\"$date\": \"2025-07-12T18:06:41Z\"}}, \"maxBsonObjectSize\": 16777216, \"maxMessageSizeBytes\": 48..."}
[ 2025-07-12 23:36:41,324 ] pymongo.topology - DEBUG - {"message": "Server heartbeat started", "topologyId": {"$oid": "6872a42643cb58cdbcb06643"}, "driverConnectionId": 1, "serverConnectionId": 24269, "serverHost": "ac-seftnoh-shard-00-02.ajiae5a.mongodb.net", "serverPort": 27017, "awaited": true}
[ 2025-07-12 23:36:41,399 ] pymongo.topology - DEBUG - {"message": "Server heartbeat succeeded", "topologyId": {"$oid": "6872a42643cb58cdbcb06643"}, "driverConnectionId": 1, "serverConnectionId": 23435, "serverHost": "ac-seftnoh-shard-00-00.ajiae5a.mongodb.net", "serverPort": 27017, "awaited": true, "durationMS": 10100.203332985984, "reply": "{\"topologyVersion\": {\"processId\": {\"$oid\": \"68712b49081a705f8235132a\"}, \"counter\": 4}, \"hosts\": [\"ac-seftnoh-shard-00-00.ajiae5a.mongodb.net:27017\", \"ac-seftnoh-shard-00-01.ajiae5a.mongodb.net:27017\", \"ac-seftnoh-shard-00-02.ajiae5a.mongodb.net:27017\"], \"setName\": \"atlas-huz2dh-shard-0\", \"setVersion\": 299, \"secondary\": true, \"primary\": \"ac-seftnoh-shard-00-02.ajiae5a.mongodb.net:27017\", \"tags\": {\"diskState\": \"READY\", \"nodeType\": \"ELECTABLE\", \"workloadType\": \"OPERATIONAL\", \"provider\": \"AWS\", \"availabilityZone\": \"aps1-az1\", \"region\": \"AP_SOUTH_1\"}, \"me\": \"ac-seftnoh-shard-00-00.ajiae5a.mongodb.net:27017\", \"lastWrite\": {\"opTime\": {\"ts\": {\"$timestamp\": {\"t\": 1752343601, \"i\": 3}}, \"t\": 273}, \"lastWriteDate\": {\"$date\": \"2025-07-12T18:06:41Z\"}, \"majorityOpTime\": {\"ts\": {\"$timestamp\": {\"t\": 1752343601, \"i\": 3}}, \"t\": 273}, \"majorityWriteDate\": {\"$date\": \"2025-07-12T18:06:41Z\"}}, \"maxBsonObjectSize\": 16777216, \"maxMessageSizeBytes\": 48000000, \"maxWriteBatchSize\": 100000, \"localTime\": {\"$date\": ..."}
[ 2025-07-12 23:36:41,399 ] pymongo.topology - DEBUG - {"message": "Server heartbeat started", "topologyId": {"$oid": "6872a42643cb58cdbcb06643"}, "driverConnectionId": 1, "serverConnectionId": 23435, "serverHost": "ac-seftnoh-shard-00-00.ajiae5a.mongodb.net", "serverPort": 27017, "awaited": true}
[ 2025-07-12 23:36:46,931 ] root - INFO - Entered the write_yaml_file method of utils
[ 2025-07-12 23:36:47,467 ] root - INFO - Exited the write_yaml_file method of utils
[ 2025-07-12 23:36:47,467 ] root - INFO - 1/12 drift detected.
[ 2025-07-12 23:36:47,468 ] root - INFO - Data validation artifact: DataValidationArtifact(validation_status=True, message='Drift not detected', drift_report_file_path='artifact/07_12_2025_23-36-29/data_validation/drift_report/report.yaml')
[ 2025-07-12 23:36:47,468 ] root - INFO - Performed the data validation operation
[ 2025-07-12 23:36:47,468 ] root - INFO - Exited the [start_data_validation] method of TrainPipeline class
[ 2025-07-12 23:36:47,468 ] root - INFO - Entered the [start_data_transformation] method of TrainPipeline class
[ 2025-07-12 23:36:47,468 ] root - INFO - Entered the read_yaml_file method of utils
[ 2025-07-12 23:36:47,469 ] root - INFO - Starting data transformation
[ 2025-07-12 23:36:47,469 ] root - INFO - Entered get_data_transformer_object method of DataTransformation class
[ 2025-07-12 23:36:47,469 ] root - INFO - Got numerical cols from schema config
[ 2025-07-12 23:36:47,469 ] root - INFO - Initialized StandardScaler, OneHotEncoder, OrdinalEncoder
[ 2025-07-12 23:36:47,469 ] root - INFO - Initialize PowerTransformer
[ 2025-07-12 23:36:47,469 ] root - INFO - Created preprocessor object from ColumnTransformer
[ 2025-07-12 23:36:47,469 ] root - INFO - Exited get_data_transformer_object method of DataTransformation class
[ 2025-07-12 23:36:47,469 ] root - INFO - Got the preprocessor object
[ 2025-07-12 23:36:47,477 ] root - INFO - Got train features and test features of Training dataset
[ 2025-07-12 23:36:47,477 ] root - INFO - Added company_age column to the Training dataset
[ 2025-07-12 23:36:47,477 ] root - INFO - drop the columns in drop_cols of Training dataset
[ 2025-07-12 23:36:47,477 ] root - INFO - Entered the drop_columns method of utils
[ 2025-07-12 23:36:47,478 ] root - INFO - Dropped columns: ['case_id', 'yr_of_estab']
[ 2025-07-12 23:36:47,482 ] root - INFO - Added company_age column to the Test dataset
[ 2025-07-12 23:36:47,482 ] root - INFO - Entered the drop_columns method of utils
[ 2025-07-12 23:36:47,482 ] root - INFO - Dropped columns: ['case_id', 'yr_of_estab']
[ 2025-07-12 23:36:47,482 ] root - INFO - drop the columns in drop_cols of Test dataset
[ 2025-07-12 23:36:47,483 ] root - INFO - Got train features and test features of Testing dataset
[ 2025-07-12 23:36:47,483 ] root - INFO - Applying preprocessing object on training dataframe and testing dataframe
[ 2025-07-12 23:36:47,518 ] root - INFO - Used the preprocessor object to fit transform the train features
[ 2025-07-12 23:36:47,523 ] root - INFO - Used the preprocessor object to transform the test features
[ 2025-07-12 23:36:47,524 ] root - INFO - Applying SMOTEENN on Training dataset
[ 2025-07-12 23:36:47,978 ] root - INFO - Applied SMOTEENN on training dataset
[ 2025-07-12 23:36:47,978 ] root - INFO - Applying SMOTEENN on testing dataset
[ 2025-07-12 23:36:48,020 ] root - INFO - Applied SMOTEENN on testing dataset
[ 2025-07-12 23:36:48,020 ] root - INFO - Created train array and test array
[ 2025-07-12 23:36:48,020 ] root - INFO - Entered the save_object method of utils
[ 2025-07-12 23:36:48,022 ] root - INFO - Exited the save_object method of utils
[ 2025-07-12 23:36:48,022 ] root - INFO - Entered the load_numpy_array_data method of utils
[ 2025-07-12 23:36:48,023 ] root - INFO - Entered the load_numpy_array_data method of utils
[ 2025-07-12 23:36:48,028 ] root - INFO - Saved the preprocessor object
[ 2025-07-12 23:36:48,028 ] root - INFO - Exited initiate_data_transformation method of Data_Transformation class
[ 2025-07-12 23:36:48,029 ] root - INFO - Exited the [start_data_transformation] method of TrainPipeline class
[ 2025-07-12 23:36:48,029 ] root - INFO - Entered the [start_model_trainer] method of TrainPipeline class
[ 2025-07-12 23:36:48,029 ] root - INFO - Entered [initiate_model_trainer] method of ModelTrainer class
[ 2025-07-12 23:36:48,029 ] root - INFO - Entered the load_numpy_array_data method of utils
[ 2025-07-12 23:36:48,031 ] root - INFO - Exited the load_numpy_array_data method of utils
[ 2025-07-12 23:36:48,031 ] root - INFO - Entered the load_numpy_array_data method of utils
[ 2025-07-12 23:36:48,031 ] root - INFO - Exited the load_numpy_array_data method of utils
[ 2025-07-12 23:36:48,031 ] root - INFO - Entered [get_model_object_and_report] method of ModelTrainer class
[ 2025-07-12 23:36:48,031 ] root - INFO - Using neuro_mf to get best model object and report
[ 2025-07-12 23:36:48,033 ] neuro_mf - INFO - Started Initializing model from config file
[ 2025-07-12 23:36:48,033 ] neuro_mf - INFO - {'algorithm': 'kd_tree', 'weights': 'uniform', 'n_neighbors': 3}
[ 2025-07-12 23:36:48,033 ] neuro_mf - INFO - {'max_depth': 10, 'max_features': 'sqrt', 'n_estimators': 3}
[ 2025-07-12 23:36:48,433 ] pymongo.topology - DEBUG - {"message": "Server heartbeat failed", "topologyId": {"$oid": "6872a42643cb58cdbcb06643"}, "serverHost": "ac-seftnoh-shard-00-01.ajiae5a.mongodb.net", "serverPort": 27017, "awaited": true, "durationMS": 7114.959583996097, "failure": "\"_OperationCancelled('operation cancelled')\"", "driverConnectionId": 1}
[ 2025-07-12 23:36:48,433 ] pymongo.topology - DEBUG - {"message": "Server heartbeat failed", "topologyId": {"$oid": "6872a42643cb58cdbcb06643"}, "serverHost": "ac-seftnoh-shard-00-00.ajiae5a.mongodb.net", "serverPort": 27017, "awaited": true, "durationMS": 7034.501042013289, "failure": "\"_OperationCancelled('operation cancelled')\"", "driverConnectionId": 1}
[ 2025-07-12 23:36:48,433 ] pymongo.topology - DEBUG - {"message": "Server heartbeat failed", "topologyId": {"$oid": "6872a42643cb58cdbcb06643"}, "serverHost": "ac-seftnoh-shard-00-02.ajiae5a.mongodb.net", "serverPort": 27017, "awaited": true, "durationMS": 7109.106416988652, "failure": "\"_OperationCancelled('operation cancelled')\"", "driverConnectionId": 1}
