[ 2025-07-14 23:22:28,647 ] asyncio - DEBUG - Using selector: KqueueSelector
[ 2025-07-14 23:22:31,465 ] python_multipart.multipart - DEBUG - Calling on_field_start with no data
[ 2025-07-14 23:22:31,465 ] python_multipart.multipart - DEBUG - Calling on_field_name with data[0:9]
[ 2025-07-14 23:22:31,465 ] python_multipart.multipart - DEBUG - Calling on_field_data with data[10:14]
[ 2025-07-14 23:22:31,466 ] python_multipart.multipart - DEBUG - Calling on_field_end with no data
[ 2025-07-14 23:22:31,466 ] python_multipart.multipart - DEBUG - Calling on_field_start with no data
[ 2025-07-14 23:22:31,466 ] python_multipart.multipart - DEBUG - Calling on_field_name with data[15:36]
[ 2025-07-14 23:22:31,466 ] python_multipart.multipart - DEBUG - Calling on_field_data with data[37:47]
[ 2025-07-14 23:22:31,466 ] python_multipart.multipart - DEBUG - Calling on_field_end with no data
[ 2025-07-14 23:22:31,466 ] python_multipart.multipart - DEBUG - Calling on_field_start with no data
[ 2025-07-14 23:22:31,466 ] python_multipart.multipart - DEBUG - Calling on_field_name with data[48:66]
[ 2025-07-14 23:22:31,466 ] python_multipart.multipart - DEBUG - Calling on_field_data with data[67:68]
[ 2025-07-14 23:22:31,466 ] python_multipart.multipart - DEBUG - Calling on_field_end with no data
[ 2025-07-14 23:22:31,466 ] python_multipart.multipart - DEBUG - Calling on_field_start with no data
[ 2025-07-14 23:22:31,466 ] python_multipart.multipart - DEBUG - Calling on_field_name with data[69:90]
[ 2025-07-14 23:22:31,466 ] python_multipart.multipart - DEBUG - Calling on_field_data with data[91:92]
[ 2025-07-14 23:22:31,466 ] python_multipart.multipart - DEBUG - Calling on_field_end with no data
[ 2025-07-14 23:22:31,466 ] python_multipart.multipart - DEBUG - Calling on_field_start with no data
[ 2025-07-14 23:22:31,466 ] python_multipart.multipart - DEBUG - Calling on_field_name with data[93:108]
[ 2025-07-14 23:22:31,466 ] python_multipart.multipart - DEBUG - Calling on_field_data with data[109:114]
[ 2025-07-14 23:22:31,466 ] python_multipart.multipart - DEBUG - Calling on_field_end with no data
[ 2025-07-14 23:22:31,466 ] python_multipart.multipart - DEBUG - Calling on_field_start with no data
[ 2025-07-14 23:22:31,466 ] python_multipart.multipart - DEBUG - Calling on_field_name with data[115:135]
[ 2025-07-14 23:22:31,466 ] python_multipart.multipart - DEBUG - Calling on_field_data with data[136:145]
[ 2025-07-14 23:22:31,466 ] python_multipart.multipart - DEBUG - Calling on_field_end with no data
[ 2025-07-14 23:22:31,466 ] python_multipart.multipart - DEBUG - Calling on_field_start with no data
[ 2025-07-14 23:22:31,466 ] python_multipart.multipart - DEBUG - Calling on_field_name with data[146:161]
[ 2025-07-14 23:22:31,466 ] python_multipart.multipart - DEBUG - Calling on_field_data with data[162:166]
[ 2025-07-14 23:22:31,466 ] python_multipart.multipart - DEBUG - Calling on_field_end with no data
[ 2025-07-14 23:22:31,466 ] python_multipart.multipart - DEBUG - Calling on_field_start with no data
[ 2025-07-14 23:22:31,466 ] python_multipart.multipart - DEBUG - Calling on_field_name with data[167:179]
[ 2025-07-14 23:22:31,466 ] python_multipart.multipart - DEBUG - Calling on_field_data with data[180:185]
[ 2025-07-14 23:22:31,466 ] python_multipart.multipart - DEBUG - Calling on_field_end with no data
[ 2025-07-14 23:22:31,466 ] python_multipart.multipart - DEBUG - Calling on_field_start with no data
[ 2025-07-14 23:22:31,467 ] python_multipart.multipart - DEBUG - Calling on_field_name with data[186:204]
[ 2025-07-14 23:22:31,467 ] python_multipart.multipart - DEBUG - Calling on_field_data with data[205:206]
[ 2025-07-14 23:22:31,467 ] python_multipart.multipart - DEBUG - Calling on_field_end with no data
[ 2025-07-14 23:22:31,467 ] python_multipart.multipart - DEBUG - Calling on_field_start with no data
[ 2025-07-14 23:22:31,467 ] python_multipart.multipart - DEBUG - Calling on_field_name with data[207:218]
[ 2025-07-14 23:22:31,467 ] python_multipart.multipart - DEBUG - Calling on_field_data with data[219:221]
[ 2025-07-14 23:22:31,467 ] python_multipart.multipart - DEBUG - Calling on_field_end with no data
[ 2025-07-14 23:22:31,467 ] python_multipart.multipart - DEBUG - Calling on_end with no data
[ 2025-07-14 23:22:31,467 ] root - INFO - USvisaData object initialized with provided input features.
[ 2025-07-14 23:22:31,467 ] root - INFO - Entered [get_usvisa_input_data_frame] method of USvisaData class.
[ 2025-07-14 23:22:31,467 ] root - INFO - Entered [get_usvisa_data_as_dict] method of USvisaData class.
[ 2025-07-14 23:22:31,467 ] root - INFO - Converted input data to dictionary.
[ 2025-07-14 23:22:31,467 ] root - INFO - Converted input data to DataFrame.
[ 2025-07-14 23:22:31,469 ] root - INFO - Entered [__init__] method of USvisaClassifier class.
[ 2025-07-14 23:22:31,469 ] root - INFO - USvisaClassifier object initialized with prediction pipeline config.
[ 2025-07-14 23:22:31,469 ] root - INFO - Entered [predict] method of USvisaClassifier class.
[ 2025-07-14 23:22:31,470 ] botocore.hooks - DEBUG - Changing event name from creating-client-class.iot-data to creating-client-class.iot-data-plane
[ 2025-07-14 23:22:31,472 ] botocore.hooks - DEBUG - Changing event name from before-call.apigateway to before-call.api-gateway
[ 2025-07-14 23:22:31,472 ] botocore.hooks - DEBUG - Changing event name from request-created.machinelearning.Predict to request-created.machine-learning.Predict
[ 2025-07-14 23:22:31,473 ] botocore.hooks - DEBUG - Changing event name from before-parameter-build.autoscaling.CreateLaunchConfiguration to before-parameter-build.auto-scaling.CreateLaunchConfiguration
[ 2025-07-14 23:22:31,473 ] botocore.hooks - DEBUG - Changing event name from before-parameter-build.route53 to before-parameter-build.route-53
[ 2025-07-14 23:22:31,473 ] botocore.hooks - DEBUG - Changing event name from request-created.cloudsearchdomain.Search to request-created.cloudsearch-domain.Search
[ 2025-07-14 23:22:31,473 ] botocore.hooks - DEBUG - Changing event name from docs.*.autoscaling.CreateLaunchConfiguration.complete-section to docs.*.auto-scaling.CreateLaunchConfiguration.complete-section
[ 2025-07-14 23:22:31,474 ] botocore.hooks - DEBUG - Changing event name from before-parameter-build.logs.CreateExportTask to before-parameter-build.cloudwatch-logs.CreateExportTask
[ 2025-07-14 23:22:31,474 ] botocore.hooks - DEBUG - Changing event name from docs.*.logs.CreateExportTask.complete-section to docs.*.cloudwatch-logs.CreateExportTask.complete-section
[ 2025-07-14 23:22:31,474 ] botocore.hooks - DEBUG - Changing event name from before-parameter-build.cloudsearchdomain.Search to before-parameter-build.cloudsearch-domain.Search
[ 2025-07-14 23:22:31,474 ] botocore.hooks - DEBUG - Changing event name from docs.*.cloudsearchdomain.Search.complete-section to docs.*.cloudsearch-domain.Search.complete-section
[ 2025-07-14 23:22:31,510 ] botocore.loaders - DEBUG - Loading JSON file: /Users/poppinadityagmail.com/Developer/GitHub_Codes/us-visa-approval-status/.venv/lib/python3.12/site-packages/boto3/data/s3/2006-03-01/resources-1.json
[ 2025-07-14 23:22:31,512 ] botocore.loaders - DEBUG - Loading JSON file: /Users/poppinadityagmail.com/Developer/GitHub_Codes/us-visa-approval-status/.venv/lib/python3.12/site-packages/botocore/data/endpoints.json
[ 2025-07-14 23:22:31,522 ] botocore.loaders - DEBUG - Loading JSON file: /Users/poppinadityagmail.com/Developer/GitHub_Codes/us-visa-approval-status/.venv/lib/python3.12/site-packages/botocore/data/sdk-default-configuration.json
[ 2025-07-14 23:22:31,522 ] botocore.hooks - DEBUG - Event choose-service-name: calling handler <function handle_service_name_alias at 0x12fa0c400>
[ 2025-07-14 23:22:31,534 ] botocore.loaders - DEBUG - Loading JSON file: /Users/poppinadityagmail.com/Developer/GitHub_Codes/us-visa-approval-status/.venv/lib/python3.12/site-packages/botocore/data/s3/2006-03-01/service-2.json.gz
[ 2025-07-14 23:22:31,539 ] botocore.loaders - DEBUG - Loading JSON file: /Users/poppinadityagmail.com/Developer/GitHub_Codes/us-visa-approval-status/.venv/lib/python3.12/site-packages/botocore/data/s3/2006-03-01/service-2.sdk-extras.json
[ 2025-07-14 23:22:31,548 ] botocore.loaders - DEBUG - Loading JSON file: /Users/poppinadityagmail.com/Developer/GitHub_Codes/us-visa-approval-status/.venv/lib/python3.12/site-packages/botocore/data/s3/2006-03-01/endpoint-rule-set-1.json.gz
[ 2025-07-14 23:22:31,550 ] botocore.loaders - DEBUG - Loading JSON file: /Users/poppinadityagmail.com/Developer/GitHub_Codes/us-visa-approval-status/.venv/lib/python3.12/site-packages/botocore/data/partitions.json
[ 2025-07-14 23:22:31,550 ] botocore.hooks - DEBUG - Event creating-client-class.s3: calling handler <function add_generate_presigned_post at 0x12f98ef20>
[ 2025-07-14 23:22:31,550 ] botocore.hooks - DEBUG - Event creating-client-class.s3: calling handler <function lazy_call.<locals>._handler at 0x14d39f920>
[ 2025-07-14 23:22:31,551 ] botocore.hooks - DEBUG - Event creating-client-class.s3: calling handler <function add_generate_presigned_url at 0x12f98eca0>
[ 2025-07-14 23:22:31,557 ] botocore.endpoint - DEBUG - Setting s3 timeout as (60, 60)
[ 2025-07-14 23:22:31,559 ] botocore.loaders - DEBUG - Loading JSON file: /Users/poppinadityagmail.com/Developer/GitHub_Codes/us-visa-approval-status/.venv/lib/python3.12/site-packages/botocore/data/_retry.json
[ 2025-07-14 23:22:31,560 ] botocore.client - DEBUG - Registering retry handlers for service: s3
[ 2025-07-14 23:22:31,560 ] botocore.utils - DEBUG - Registering S3 region redirector handler
[ 2025-07-14 23:22:31,560 ] botocore.utils - DEBUG - Registering S3Express Identity Resolver
[ 2025-07-14 23:22:31,560 ] boto3.resources.factory - DEBUG - Loading s3:s3
[ 2025-07-14 23:22:31,560 ] botocore.hooks - DEBUG - Event choose-service-name: calling handler <function handle_service_name_alias at 0x12fa0c400>
[ 2025-07-14 23:22:31,561 ] botocore.hooks - DEBUG - Event creating-client-class.s3: calling handler <function add_generate_presigned_post at 0x12f98ef20>
[ 2025-07-14 23:22:31,561 ] botocore.hooks - DEBUG - Event creating-client-class.s3: calling handler <function lazy_call.<locals>._handler at 0x14d39f920>
[ 2025-07-14 23:22:31,561 ] botocore.hooks - DEBUG - Event creating-client-class.s3: calling handler <function add_generate_presigned_url at 0x12f98eca0>
[ 2025-07-14 23:22:31,561 ] botocore.endpoint - DEBUG - Setting s3 timeout as (60, 60)
[ 2025-07-14 23:22:31,562 ] botocore.client - DEBUG - Registering retry handlers for service: s3
[ 2025-07-14 23:22:31,562 ] botocore.utils - DEBUG - Registering S3 region redirector handler
[ 2025-07-14 23:22:31,562 ] botocore.utils - DEBUG - Registering S3Express Identity Resolver
[ 2025-07-14 23:22:31,562 ] root - INFO - USvisaEstimator initialized with bucket: usvisa-model, model_path: model.pkl
[ 2025-07-14 23:22:31,562 ] root - INFO - Model loaded successfully from R2 bucket.
[ 2025-07-14 23:22:31,562 ] root - INFO - Predict method called.
[ 2025-07-14 23:22:31,562 ] root - INFO - Model not loaded in memory. Loading model now...
[ 2025-07-14 23:22:31,562 ] root - INFO - Loading model from model.pkl in bucket usvisa-model
[ 2025-07-14 23:22:31,562 ] root - INFO - Entered the load_model method of S3Operations class
[ 2025-07-14 23:22:31,562 ] root - INFO - Entered the get_file_object method of S3Operations class
[ 2025-07-14 23:22:31,562 ] root - INFO - Entered the get_bucket method of S3Operations class
[ 2025-07-14 23:22:31,562 ] boto3.resources.factory - DEBUG - Loading s3:Bucket
[ 2025-07-14 23:22:31,563 ] boto3.resources.model - DEBUG - Renaming Bucket attribute name
[ 2025-07-14 23:22:31,563 ] botocore.hooks - DEBUG - Event creating-resource-class.s3.Bucket: calling handler <function lazy_call.<locals>._handler at 0x14d39f060>
[ 2025-07-14 23:22:31,563 ] root - INFO - Exited the get_bucket method of S3Operations class
[ 2025-07-14 23:22:31,570 ] botocore.loaders - DEBUG - Loading JSON file: /Users/poppinadityagmail.com/Developer/GitHub_Codes/us-visa-approval-status/.venv/lib/python3.12/site-packages/botocore/data/s3/2006-03-01/paginators-1.json
[ 2025-07-14 23:22:31,570 ] botocore.loaders - DEBUG - Loading JSON file: /Users/poppinadityagmail.com/Developer/GitHub_Codes/us-visa-approval-status/.venv/lib/python3.12/site-packages/botocore/data/s3/2006-03-01/paginators-1.sdk-extras.json
[ 2025-07-14 23:22:31,570 ] boto3.resources.collection - DEBUG - Calling paginated s3:list_objects with {'Bucket': 'usvisa-model', 'Prefix': 'model.pkl'}
[ 2025-07-14 23:22:31,570 ] botocore.hooks - DEBUG - Event before-parameter-build.s3.ListObjects: calling handler <function set_list_objects_encoding_type_url at 0x12fa0f560>
[ 2025-07-14 23:22:31,570 ] botocore.hooks - DEBUG - Event before-parameter-build.s3.ListObjects: calling handler <function validate_bucket_name at 0x12fa0e0c0>
[ 2025-07-14 23:22:31,570 ] botocore.hooks - DEBUG - Event before-parameter-build.s3.ListObjects: calling handler <function remove_bucket_from_url_paths_from_model at 0x12fa28360>
[ 2025-07-14 23:22:31,570 ] botocore.hooks - DEBUG - Event before-parameter-build.s3.ListObjects: calling handler <bound method S3RegionRedirectorv2.annotate_request_context of <botocore.utils.S3RegionRedirectorv2 object at 0x14e6ca5a0>>
[ 2025-07-14 23:22:31,570 ] botocore.hooks - DEBUG - Event before-parameter-build.s3.ListObjects: calling handler <bound method ClientCreator._inject_s3_input_parameters of <botocore.client.ClientCreator object at 0x14e2be5a0>>
[ 2025-07-14 23:22:31,570 ] botocore.hooks - DEBUG - Event before-parameter-build.s3.ListObjects: calling handler <function generate_idempotent_uuid at 0x12fa0dee0>
[ 2025-07-14 23:22:31,570 ] botocore.hooks - DEBUG - Event before-parameter-build.s3.ListObjects: calling handler <function _handle_request_validation_mode_member at 0x12fa28a40>
[ 2025-07-14 23:22:31,571 ] botocore.hooks - DEBUG - Event before-endpoint-resolution.s3: calling handler <function customize_endpoint_resolver_builtins at 0x12fa28540>
[ 2025-07-14 23:22:31,571 ] botocore.hooks - DEBUG - Event before-endpoint-resolution.s3: calling handler <bound method S3RegionRedirectorv2.redirect_from_cache of <botocore.utils.S3RegionRedirectorv2 object at 0x14e6ca5a0>>
[ 2025-07-14 23:22:31,571 ] botocore.regions - DEBUG - Calling endpoint provider with parameters: {'Bucket': 'usvisa-model', 'Region': 'us-east-1', 'UseFIPS': False, 'UseDualStack': False, 'Endpoint': 'https://884d322e363a0121b15dc0af65d3aada.r2.cloudflarestorage.com', 'ForcePathStyle': True, 'Accelerate': False, 'UseGlobalEndpoint': True, 'Prefix': 'model.pkl', 'DisableMultiRegionAccessPoints': False, 'UseArnRegion': True}
[ 2025-07-14 23:22:31,571 ] botocore.regions - DEBUG - Endpoint provider result: https://884d322e363a0121b15dc0af65d3aada.r2.cloudflarestorage.com/usvisa-model
[ 2025-07-14 23:22:31,571 ] botocore.regions - DEBUG - Selecting from endpoint provider's list of auth schemes: "sigv4". User selected auth scheme is: "None"
[ 2025-07-14 23:22:31,571 ] botocore.regions - DEBUG - Selected auth type "v4" as "v4" with signing context params: {'region': 'us-east-1', 'signing_name': 's3', 'disableDoubleEncoding': True}
[ 2025-07-14 23:22:31,571 ] botocore.hooks - DEBUG - Event before-call.s3.ListObjects: calling handler <function add_expect_header at 0x12fa0e480>
[ 2025-07-14 23:22:31,571 ] botocore.hooks - DEBUG - Event before-call.s3.ListObjects: calling handler <bound method S3ExpressIdentityResolver.apply_signing_cache_key of <botocore.utils.S3ExpressIdentityResolver object at 0x14e68b320>>
[ 2025-07-14 23:22:31,571 ] botocore.hooks - DEBUG - Event before-call.s3.ListObjects: calling handler <function add_recursion_detection_header at 0x12fa0ce00>
[ 2025-07-14 23:22:31,571 ] botocore.hooks - DEBUG - Event before-call.s3.ListObjects: calling handler <function inject_api_version_header_if_needed at 0x12fa0f9c0>
[ 2025-07-14 23:22:31,571 ] botocore.endpoint - DEBUG - Making request for OperationModel(name=ListObjects) with params: {'url_path': '', 'query_string': {'prefix': 'model.pkl', 'encoding-type': 'url'}, 'method': 'GET', 'headers': {'User-Agent': 'Boto3/1.39.3 md/Botocore#1.39.3 ua/2.1 os/macos#24.5.0 md/arch#arm64 lang/python#3.12.11 md/pyimpl#CPython m/N,b,D,Z,C cfg/retry-mode#legacy Botocore/1.39.3 Resource'}, 'body': b'', 'auth_path': '/usvisa-model/', 'url': 'https://884d322e363a0121b15dc0af65d3aada.r2.cloudflarestorage.com/usvisa-model?prefix=model.pkl&encoding-type=url', 'context': {'client_region': 'us-east-1', 'client_config': <botocore.config.Config object at 0x14bdeff80>, 'has_streaming_input': False, 'auth_type': 'v4', 'unsigned_payload': None, 'auth_options': ['aws.auth#sigv4'], 'encoding_type_auto_set': True, 's3_redirect': {'redirected': False, 'bucket': 'usvisa-model', 'params': {'Bucket': 'usvisa-model', 'Prefix': 'model.pkl', 'EncodingType': 'url'}}, 'input_params': {'Bucket': 'usvisa-model', 'Prefix': 'model.pkl'}, 'signing': {'region': 'us-east-1', 'signing_name': 's3', 'disableDoubleEncoding': True}, 'endpoint_properties': {'authSchemes': [{'disableDoubleEncoding': True, 'name': 'sigv4', 'signingName': 's3', 'signingRegion': 'us-east-1'}]}}}
[ 2025-07-14 23:22:31,571 ] botocore.hooks - DEBUG - Event request-created.s3.ListObjects: calling handler <bound method RequestSigner.handler of <botocore.signers.RequestSigner object at 0x14bdef590>>
[ 2025-07-14 23:22:31,571 ] botocore.hooks - DEBUG - Event choose-signer.s3.ListObjects: calling handler <bound method ClientCreator._default_s3_presign_to_sigv2 of <botocore.client.ClientCreator object at 0x14e2be5a0>>
[ 2025-07-14 23:22:31,571 ] botocore.hooks - DEBUG - Event choose-signer.s3.ListObjects: calling handler <function set_operation_specific_signer at 0x12fa0dd00>
[ 2025-07-14 23:22:31,571 ] botocore.hooks - DEBUG - Event before-sign.s3.ListObjects: calling handler <function remove_arn_from_signing_path at 0x12fa284a0>
[ 2025-07-14 23:22:31,571 ] botocore.hooks - DEBUG - Event before-sign.s3.ListObjects: calling handler <function _set_extra_headers_for_unsigned_request at 0x12fa28ae0>
[ 2025-07-14 23:22:31,571 ] botocore.hooks - DEBUG - Event before-sign.s3.ListObjects: calling handler <bound method S3ExpressIdentityResolver.resolve_s3express_identity of <botocore.utils.S3ExpressIdentityResolver object at 0x14e68b320>>
[ 2025-07-14 23:22:31,572 ] botocore.auth - DEBUG - Calculating signature using v4 auth.
[ 2025-07-14 23:22:31,572 ] botocore.auth - DEBUG - CanonicalRequest:
GET
/usvisa-model
encoding-type=url&prefix=model.pkl
host:884d322e363a0121b15dc0af65d3aada.r2.cloudflarestorage.com
x-amz-content-sha256:e3b0c44298fc1c149afbf4c8996fb92427ae41e4649b934ca495991b7852b855
x-amz-date:20250714T175231Z

host;x-amz-content-sha256;x-amz-date
e3b0c44298fc1c149afbf4c8996fb92427ae41e4649b934ca495991b7852b855
[ 2025-07-14 23:22:31,572 ] botocore.auth - DEBUG - StringToSign:
AWS4-HMAC-SHA256
20250714T175231Z
20250714/us-east-1/s3/aws4_request
458407d022b8949906d676af0c95333aa9a75184b12183e3b0369d069831ba55
[ 2025-07-14 23:22:31,572 ] botocore.auth - DEBUG - Signature:
8334849a4dc1c4e5485dd1e93a912e9cc5746c282eb43887ead8fb275e9b36dc
[ 2025-07-14 23:22:31,572 ] botocore.hooks - DEBUG - Event request-created.s3.ListObjects: calling handler <bound method UserAgentString.rebuild_and_replace_user_agent_handler of <botocore.useragent.UserAgentString object at 0x14e6ca570>>
[ 2025-07-14 23:22:31,572 ] botocore.hooks - DEBUG - Event request-created.s3.ListObjects: calling handler <function add_retry_headers at 0x12fa282c0>
[ 2025-07-14 23:22:31,572 ] botocore.endpoint - DEBUG - Sending http request: <AWSPreparedRequest stream_output=False, method=GET, url=https://884d322e363a0121b15dc0af65d3aada.r2.cloudflarestorage.com/usvisa-model?prefix=model.pkl&encoding-type=url, headers={'User-Agent': b'Boto3/1.39.3 md/Botocore#1.39.3 ua/2.1 os/macos#24.5.0 md/arch#arm64 lang/python#3.12.11 md/pyimpl#CPython m/N,b,D,Z,C cfg/retry-mode#legacy Botocore/1.39.3 Resource', 'X-Amz-Date': b'20250714T175231Z', 'X-Amz-Content-SHA256': b'e3b0c44298fc1c149afbf4c8996fb92427ae41e4649b934ca495991b7852b855', 'Authorization': b'AWS4-HMAC-SHA256 Credential=7d8680852609bcc98ba6a26c8220c84f/20250714/us-east-1/s3/aws4_request, SignedHeaders=host;x-amz-content-sha256;x-amz-date, Signature=8334849a4dc1c4e5485dd1e93a912e9cc5746c282eb43887ead8fb275e9b36dc', 'amz-sdk-invocation-id': b'1e4fe1cc-ad0d-4f6b-8d39-c5402cc6fdaf', 'amz-sdk-request': b'attempt=1'}>
[ 2025-07-14 23:22:31,572 ] botocore.httpsession - DEBUG - Certificate path: /Users/poppinadityagmail.com/Developer/GitHub_Codes/us-visa-approval-status/.venv/lib/python3.12/site-packages/certifi/cacert.pem
[ 2025-07-14 23:22:31,572 ] urllib3.connectionpool - DEBUG - Starting new HTTPS connection (1): 884d322e363a0121b15dc0af65d3aada.r2.cloudflarestorage.com:443
[ 2025-07-14 23:22:31,917 ] urllib3.connectionpool - DEBUG - https://884d322e363a0121b15dc0af65d3aada.r2.cloudflarestorage.com:443 "GET /usvisa-model?prefix=model.pkl&encoding-type=url HTTP/1.1" 200 569
[ 2025-07-14 23:22:31,918 ] botocore.hooks - DEBUG - Event before-parse.s3.ListObjects: calling handler <function _handle_200_error at 0x12fa28860>
[ 2025-07-14 23:22:31,918 ] botocore.hooks - DEBUG - Event before-parse.s3.ListObjects: calling handler <function handle_expires_header at 0x12fa28680>
[ 2025-07-14 23:22:31,919 ] botocore.parsers - DEBUG - Response headers: {'Date': 'Mon, 14 Jul 2025 17:52:31 GMT', 'Content-Type': 'application/xml', 'Content-Length': '569', 'Connection': 'keep-alive', 'Vary': 'Accept-Encoding', 'Server': 'cloudflare', 'CF-RAY': '95f2dfd6fd0f913f-MAA'}
[ 2025-07-14 23:22:31,919 ] botocore.parsers - DEBUG - Response body:
b'<?xml version="1.0" encoding="UTF-8"?><ListBucketResult xmlns="http://s3.amazonaws.com/doc/2006-03-01/"><Name>usvisa-model</Name><Contents><Key>model.pkl</Key><Size>2731508</Size><LastModified>2025-07-14T12:05:09.586Z</LastModified><Owner><ID>884d322e363a0121b15dc0af65d3aada</ID><DisplayName>884d322e363a0121b15dc0af65d3aada</DisplayName></Owner><ETag>&quot;8ee729f5a3c0e1d131f7433988b2fd97&quot;</ETag><StorageClass>STANDARD</StorageClass></Contents><IsTruncated>false</IsTruncated><Prefix>model.pkl</Prefix><Marker></Marker><MaxKeys>1000</MaxKeys></ListBucketResult>'
[ 2025-07-14 23:22:31,920 ] botocore.hooks - DEBUG - Event needs-retry.s3.ListObjects: calling handler <function _update_status_code at 0x12fa289a0>
[ 2025-07-14 23:22:31,921 ] botocore.hooks - DEBUG - Event needs-retry.s3.ListObjects: calling handler <botocore.retryhandler.RetryHandler object at 0x14e6cab40>
[ 2025-07-14 23:22:31,921 ] botocore.retryhandler - DEBUG - No retry needed.
[ 2025-07-14 23:22:31,921 ] botocore.hooks - DEBUG - Event needs-retry.s3.ListObjects: calling handler <bound method S3RegionRedirectorv2.redirect_from_error of <botocore.utils.S3RegionRedirectorv2 object at 0x14e6ca5a0>>
[ 2025-07-14 23:22:31,921 ] botocore.hooks - DEBUG - Event after-call.s3.ListObjects: calling handler <function decode_list_object at 0x12fa0f600>
[ 2025-07-14 23:22:31,921 ] boto3.resources.factory - DEBUG - Loading s3:ObjectSummary
[ 2025-07-14 23:22:31,921 ] boto3.resources.model - DEBUG - Renaming ObjectSummary attribute key
[ 2025-07-14 23:22:31,922 ] botocore.hooks - DEBUG - Event creating-resource-class.s3.ObjectSummary: calling handler <function lazy_call.<locals>._handler at 0x14d39fa60>
[ 2025-07-14 23:22:31,922 ] root - INFO - Exited the get_file_object method of S3Operations class
[ 2025-07-14 23:22:31,922 ] root - INFO - Entered the read_object method of S3Operations class
[ 2025-07-14 23:22:31,922 ] root - INFO - Exited the read_object method of S3Operations class
[ 2025-07-14 23:22:31,922 ] boto3.resources.action - DEBUG - Calling s3:get_object with {'Bucket': 'usvisa-model', 'Key': 'model.pkl'}
[ 2025-07-14 23:22:31,923 ] botocore.hooks - DEBUG - Event before-parameter-build.s3.GetObject: calling handler <function sse_md5 at 0x12fa0e160>
[ 2025-07-14 23:22:31,923 ] botocore.hooks - DEBUG - Event before-parameter-build.s3.GetObject: calling handler <function validate_bucket_name at 0x12fa0e0c0>
[ 2025-07-14 23:22:31,923 ] botocore.hooks - DEBUG - Event before-parameter-build.s3.GetObject: calling handler <function remove_bucket_from_url_paths_from_model at 0x12fa28360>
[ 2025-07-14 23:22:31,923 ] botocore.hooks - DEBUG - Event before-parameter-build.s3.GetObject: calling handler <bound method S3RegionRedirectorv2.annotate_request_context of <botocore.utils.S3RegionRedirectorv2 object at 0x14e6ca5a0>>
[ 2025-07-14 23:22:31,923 ] botocore.hooks - DEBUG - Event before-parameter-build.s3.GetObject: calling handler <bound method ClientCreator._inject_s3_input_parameters of <botocore.client.ClientCreator object at 0x14e2be5a0>>
[ 2025-07-14 23:22:31,923 ] botocore.hooks - DEBUG - Event before-parameter-build.s3.GetObject: calling handler <function generate_idempotent_uuid at 0x12fa0dee0>
[ 2025-07-14 23:22:31,923 ] botocore.hooks - DEBUG - Event before-parameter-build.s3.GetObject: calling handler <function _handle_request_validation_mode_member at 0x12fa28a40>
[ 2025-07-14 23:22:31,923 ] botocore.hooks - DEBUG - Event before-endpoint-resolution.s3: calling handler <function customize_endpoint_resolver_builtins at 0x12fa28540>
[ 2025-07-14 23:22:31,923 ] botocore.hooks - DEBUG - Event before-endpoint-resolution.s3: calling handler <bound method S3RegionRedirectorv2.redirect_from_cache of <botocore.utils.S3RegionRedirectorv2 object at 0x14e6ca5a0>>
[ 2025-07-14 23:22:31,924 ] botocore.regions - DEBUG - Calling endpoint provider with parameters: {'Bucket': 'usvisa-model', 'Region': 'us-east-1', 'UseFIPS': False, 'UseDualStack': False, 'Endpoint': 'https://884d322e363a0121b15dc0af65d3aada.r2.cloudflarestorage.com', 'ForcePathStyle': True, 'Accelerate': False, 'UseGlobalEndpoint': True, 'Key': 'model.pkl', 'DisableMultiRegionAccessPoints': False, 'UseArnRegion': True}
[ 2025-07-14 23:22:31,925 ] botocore.regions - DEBUG - Endpoint provider result: https://884d322e363a0121b15dc0af65d3aada.r2.cloudflarestorage.com/usvisa-model
[ 2025-07-14 23:22:31,925 ] botocore.regions - DEBUG - Selecting from endpoint provider's list of auth schemes: "sigv4". User selected auth scheme is: "None"
[ 2025-07-14 23:22:31,925 ] botocore.regions - DEBUG - Selected auth type "v4" as "v4" with signing context params: {'region': 'us-east-1', 'signing_name': 's3', 'disableDoubleEncoding': True}
[ 2025-07-14 23:22:31,925 ] botocore.hooks - DEBUG - Event before-call.s3.GetObject: calling handler <function add_expect_header at 0x12fa0e480>
[ 2025-07-14 23:22:31,925 ] botocore.hooks - DEBUG - Event before-call.s3.GetObject: calling handler <bound method S3ExpressIdentityResolver.apply_signing_cache_key of <botocore.utils.S3ExpressIdentityResolver object at 0x14e68b320>>
[ 2025-07-14 23:22:31,925 ] botocore.hooks - DEBUG - Event before-call.s3.GetObject: calling handler <function add_recursion_detection_header at 0x12fa0ce00>
[ 2025-07-14 23:22:31,925 ] botocore.hooks - DEBUG - Event before-call.s3.GetObject: calling handler <function inject_api_version_header_if_needed at 0x12fa0f9c0>
[ 2025-07-14 23:22:31,925 ] botocore.endpoint - DEBUG - Making request for OperationModel(name=GetObject) with params: {'url_path': '/model.pkl', 'query_string': {}, 'method': 'GET', 'headers': {'x-amz-checksum-mode': 'ENABLED', 'User-Agent': 'Boto3/1.39.3 md/Botocore#1.39.3 ua/2.1 os/macos#24.5.0 md/arch#arm64 lang/python#3.12.11 md/pyimpl#CPython m/D,Z,N,b cfg/retry-mode#legacy Botocore/1.39.3 Resource'}, 'body': b'', 'auth_path': '/usvisa-model/model.pkl', 'url': 'https://884d322e363a0121b15dc0af65d3aada.r2.cloudflarestorage.com/usvisa-model/model.pkl', 'context': {'client_region': 'us-east-1', 'client_config': <botocore.config.Config object at 0x14bdeff80>, 'has_streaming_input': False, 'auth_type': 'v4', 'unsigned_payload': None, 'auth_options': ['aws.auth#sigv4'], 's3_redirect': {'redirected': False, 'bucket': 'usvisa-model', 'params': {'Bucket': 'usvisa-model', 'Key': 'model.pkl', 'ChecksumMode': 'ENABLED'}}, 'input_params': {'Bucket': 'usvisa-model', 'Key': 'model.pkl'}, 'signing': {'region': 'us-east-1', 'signing_name': 's3', 'disableDoubleEncoding': True}, 'endpoint_properties': {'authSchemes': [{'disableDoubleEncoding': True, 'name': 'sigv4', 'signingName': 's3', 'signingRegion': 'us-east-1'}]}, 'checksum': {'response_algorithms': ['crc32', 'sha1', 'sha256']}}}
[ 2025-07-14 23:22:31,926 ] botocore.hooks - DEBUG - Event request-created.s3.GetObject: calling handler <bound method RequestSigner.handler of <botocore.signers.RequestSigner object at 0x14bdef590>>
[ 2025-07-14 23:22:31,926 ] botocore.hooks - DEBUG - Event choose-signer.s3.GetObject: calling handler <bound method ClientCreator._default_s3_presign_to_sigv2 of <botocore.client.ClientCreator object at 0x14e2be5a0>>
[ 2025-07-14 23:22:31,926 ] botocore.hooks - DEBUG - Event choose-signer.s3.GetObject: calling handler <function set_operation_specific_signer at 0x12fa0dd00>
[ 2025-07-14 23:22:31,926 ] botocore.hooks - DEBUG - Event before-sign.s3.GetObject: calling handler <function remove_arn_from_signing_path at 0x12fa284a0>
[ 2025-07-14 23:22:31,926 ] botocore.hooks - DEBUG - Event before-sign.s3.GetObject: calling handler <function _set_extra_headers_for_unsigned_request at 0x12fa28ae0>
[ 2025-07-14 23:22:31,926 ] botocore.hooks - DEBUG - Event before-sign.s3.GetObject: calling handler <bound method S3ExpressIdentityResolver.resolve_s3express_identity of <botocore.utils.S3ExpressIdentityResolver object at 0x14e68b320>>
[ 2025-07-14 23:22:31,927 ] botocore.auth - DEBUG - Calculating signature using v4 auth.
[ 2025-07-14 23:22:31,927 ] botocore.auth - DEBUG - CanonicalRequest:
GET
/usvisa-model/model.pkl

host:884d322e363a0121b15dc0af65d3aada.r2.cloudflarestorage.com
x-amz-checksum-mode:ENABLED
x-amz-content-sha256:e3b0c44298fc1c149afbf4c8996fb92427ae41e4649b934ca495991b7852b855
x-amz-date:20250714T175231Z

host;x-amz-checksum-mode;x-amz-content-sha256;x-amz-date
e3b0c44298fc1c149afbf4c8996fb92427ae41e4649b934ca495991b7852b855
[ 2025-07-14 23:22:31,927 ] botocore.auth - DEBUG - StringToSign:
AWS4-HMAC-SHA256
20250714T175231Z
20250714/us-east-1/s3/aws4_request
f9d9661d47f5161044a9885c6da89105e70020c717cd86d42669e3759788e292
[ 2025-07-14 23:22:31,927 ] botocore.auth - DEBUG - Signature:
28c00633b31c539b1ae5306d6dda456e0680adb1da4062199c77bee8d62c8e3e
[ 2025-07-14 23:22:31,927 ] botocore.hooks - DEBUG - Event request-created.s3.GetObject: calling handler <bound method UserAgentString.rebuild_and_replace_user_agent_handler of <botocore.useragent.UserAgentString object at 0x14e6ca570>>
[ 2025-07-14 23:22:31,927 ] botocore.hooks - DEBUG - Event request-created.s3.GetObject: calling handler <function add_retry_headers at 0x12fa282c0>
[ 2025-07-14 23:22:31,927 ] botocore.endpoint - DEBUG - Sending http request: <AWSPreparedRequest stream_output=True, method=GET, url=https://884d322e363a0121b15dc0af65d3aada.r2.cloudflarestorage.com/usvisa-model/model.pkl, headers={'x-amz-checksum-mode': b'ENABLED', 'User-Agent': b'Boto3/1.39.3 md/Botocore#1.39.3 ua/2.1 os/macos#24.5.0 md/arch#arm64 lang/python#3.12.11 md/pyimpl#CPython m/D,Z,N,b cfg/retry-mode#legacy Botocore/1.39.3 Resource', 'X-Amz-Date': b'20250714T175231Z', 'X-Amz-Content-SHA256': b'e3b0c44298fc1c149afbf4c8996fb92427ae41e4649b934ca495991b7852b855', 'Authorization': b'AWS4-HMAC-SHA256 Credential=7d8680852609bcc98ba6a26c8220c84f/20250714/us-east-1/s3/aws4_request, SignedHeaders=host;x-amz-checksum-mode;x-amz-content-sha256;x-amz-date, Signature=28c00633b31c539b1ae5306d6dda456e0680adb1da4062199c77bee8d62c8e3e', 'amz-sdk-invocation-id': b'1e1e54e1-b1a6-4024-adc7-68ea3c5526fa', 'amz-sdk-request': b'attempt=1'}>
[ 2025-07-14 23:22:31,927 ] botocore.httpsession - DEBUG - Certificate path: /Users/poppinadityagmail.com/Developer/GitHub_Codes/us-visa-approval-status/.venv/lib/python3.12/site-packages/certifi/cacert.pem
[ 2025-07-14 23:22:32,107 ] urllib3.connectionpool - DEBUG - https://884d322e363a0121b15dc0af65d3aada.r2.cloudflarestorage.com:443 "GET /usvisa-model/model.pkl HTTP/1.1" 200 2731508
[ 2025-07-14 23:22:32,107 ] botocore.hooks - DEBUG - Event before-parse.s3.GetObject: calling handler <function _handle_200_error at 0x12fa28860>
[ 2025-07-14 23:22:32,108 ] botocore.hooks - DEBUG - Event before-parse.s3.GetObject: calling handler <function handle_expires_header at 0x12fa28680>
[ 2025-07-14 23:22:32,108 ] botocore.parsers - DEBUG - Response headers: {'Date': 'Mon, 14 Jul 2025 17:52:32 GMT', 'Content-Length': '2731508', 'Connection': 'keep-alive', 'Accept-Ranges': 'bytes', 'Content-Encoding': 'aws-chunked', 'ETag': '"8ee729f5a3c0e1d131f7433988b2fd97"', 'Last-Modified': 'Mon, 14 Jul 2025 12:05:09 GMT', 'x-amz-checksum-crc32': 'pESRyw==', 'Vary': 'Accept-Encoding', 'Server': 'cloudflare', 'CF-RAY': '95f2dfd82dc7913f-MAA'}
[ 2025-07-14 23:22:32,108 ] botocore.parsers - DEBUG - Response body:
<botocore.httpchecksum.StreamingChecksumBody object at 0x14e77a170>
[ 2025-07-14 23:22:32,110 ] botocore.hooks - DEBUG - Event needs-retry.s3.GetObject: calling handler <function _update_status_code at 0x12fa289a0>
[ 2025-07-14 23:22:32,110 ] botocore.hooks - DEBUG - Event needs-retry.s3.GetObject: calling handler <botocore.retryhandler.RetryHandler object at 0x14e6cab40>
[ 2025-07-14 23:22:32,110 ] botocore.retryhandler - DEBUG - No retry needed.
[ 2025-07-14 23:22:32,110 ] botocore.hooks - DEBUG - Event needs-retry.s3.GetObject: calling handler <bound method S3RegionRedirectorv2.redirect_from_error of <botocore.utils.S3RegionRedirectorv2 object at 0x14e6ca5a0>>
[ 2025-07-14 23:22:32,110 ] boto3.resources.action - DEBUG - Response: {'ResponseMetadata': {'HTTPStatusCode': 200, 'HTTPHeaders': {'date': 'Mon, 14 Jul 2025 17:52:32 GMT', 'content-length': '2731508', 'connection': 'keep-alive', 'accept-ranges': 'bytes', 'content-encoding': 'aws-chunked', 'etag': '"8ee729f5a3c0e1d131f7433988b2fd97"', 'last-modified': 'Mon, 14 Jul 2025 12:05:09 GMT', 'x-amz-checksum-crc32': 'pESRyw==', 'vary': 'Accept-Encoding', 'server': 'cloudflare', 'cf-ray': '95f2dfd82dc7913f-MAA'}, 'ChecksumAlgorithm': 'crc32', 'RetryAttempts': 0}, 'AcceptRanges': 'bytes', 'LastModified': datetime.datetime(2025, 7, 14, 12, 5, 9, tzinfo=tzutc()), 'ContentLength': 2731508, 'ETag': '"8ee729f5a3c0e1d131f7433988b2fd97"', 'ChecksumCRC32': 'pESRyw==', 'ContentEncoding': 'aws-chunked', 'Metadata': {}, 'Body': <botocore.httpchecksum.StreamingChecksumBody object at 0x14e77a170>}
[ 2025-07-14 23:22:32,320 ] root - INFO - Exited the load_model method of S3Operations class
[ 2025-07-14 23:22:32,321 ] root - INFO - Entered predict method of UTruckModel class
[ 2025-07-14 23:22:32,321 ] root - INFO - Using the trained model to get predictions
[ 2025-07-14 23:22:32,332 ] root - INFO - Used the trained model to get predictions
[ 2025-07-14 23:22:32,368 ] root - INFO - Prediction completed successfully.
[ 2025-07-14 23:22:32,369 ] root - INFO - Prediction completed.
[ 2025-07-14 23:22:34,472 ] python_multipart.multipart - DEBUG - Calling on_field_start with no data
[ 2025-07-14 23:22:34,473 ] python_multipart.multipart - DEBUG - Calling on_field_name with data[0:9]
[ 2025-07-14 23:22:34,473 ] python_multipart.multipart - DEBUG - Calling on_field_data with data[10:14]
[ 2025-07-14 23:22:34,473 ] python_multipart.multipart - DEBUG - Calling on_field_end with no data
[ 2025-07-14 23:22:34,473 ] python_multipart.multipart - DEBUG - Calling on_field_start with no data
[ 2025-07-14 23:22:34,473 ] python_multipart.multipart - DEBUG - Calling on_field_name with data[15:36]
[ 2025-07-14 23:22:34,473 ] python_multipart.multipart - DEBUG - Calling on_field_data with data[37:47]
[ 2025-07-14 23:22:34,473 ] python_multipart.multipart - DEBUG - Calling on_field_end with no data
[ 2025-07-14 23:22:34,473 ] python_multipart.multipart - DEBUG - Calling on_field_start with no data
[ 2025-07-14 23:22:34,473 ] python_multipart.multipart - DEBUG - Calling on_field_name with data[48:66]
[ 2025-07-14 23:22:34,473 ] python_multipart.multipart - DEBUG - Calling on_field_data with data[67:68]
[ 2025-07-14 23:22:34,473 ] python_multipart.multipart - DEBUG - Calling on_field_end with no data
[ 2025-07-14 23:22:34,473 ] python_multipart.multipart - DEBUG - Calling on_field_start with no data
[ 2025-07-14 23:22:34,473 ] python_multipart.multipart - DEBUG - Calling on_field_name with data[69:90]
[ 2025-07-14 23:22:34,473 ] python_multipart.multipart - DEBUG - Calling on_field_data with data[91:92]
[ 2025-07-14 23:22:34,473 ] python_multipart.multipart - DEBUG - Calling on_field_end with no data
[ 2025-07-14 23:22:34,473 ] python_multipart.multipart - DEBUG - Calling on_field_start with no data
[ 2025-07-14 23:22:34,473 ] python_multipart.multipart - DEBUG - Calling on_field_name with data[93:108]
[ 2025-07-14 23:22:34,473 ] python_multipart.multipart - DEBUG - Calling on_field_data with data[109:114]
[ 2025-07-14 23:22:34,473 ] python_multipart.multipart - DEBUG - Calling on_field_end with no data
[ 2025-07-14 23:22:34,473 ] python_multipart.multipart - DEBUG - Calling on_field_start with no data
[ 2025-07-14 23:22:34,473 ] python_multipart.multipart - DEBUG - Calling on_field_name with data[115:135]
[ 2025-07-14 23:22:34,473 ] python_multipart.multipart - DEBUG - Calling on_field_data with data[136:145]
[ 2025-07-14 23:22:34,473 ] python_multipart.multipart - DEBUG - Calling on_field_end with no data
[ 2025-07-14 23:22:34,473 ] python_multipart.multipart - DEBUG - Calling on_field_start with no data
[ 2025-07-14 23:22:34,473 ] python_multipart.multipart - DEBUG - Calling on_field_name with data[146:161]
[ 2025-07-14 23:22:34,473 ] python_multipart.multipart - DEBUG - Calling on_field_data with data[162:166]
[ 2025-07-14 23:22:34,473 ] python_multipart.multipart - DEBUG - Calling on_field_end with no data
[ 2025-07-14 23:22:34,473 ] python_multipart.multipart - DEBUG - Calling on_field_start with no data
[ 2025-07-14 23:22:34,474 ] python_multipart.multipart - DEBUG - Calling on_field_name with data[167:179]
[ 2025-07-14 23:22:34,474 ] python_multipart.multipart - DEBUG - Calling on_field_data with data[180:185]
[ 2025-07-14 23:22:34,474 ] python_multipart.multipart - DEBUG - Calling on_field_end with no data
[ 2025-07-14 23:22:34,474 ] python_multipart.multipart - DEBUG - Calling on_field_start with no data
[ 2025-07-14 23:22:34,474 ] python_multipart.multipart - DEBUG - Calling on_field_name with data[186:204]
[ 2025-07-14 23:22:34,474 ] python_multipart.multipart - DEBUG - Calling on_field_data with data[205:206]
[ 2025-07-14 23:22:34,474 ] python_multipart.multipart - DEBUG - Calling on_field_end with no data
[ 2025-07-14 23:22:34,474 ] python_multipart.multipart - DEBUG - Calling on_field_start with no data
[ 2025-07-14 23:22:34,474 ] python_multipart.multipart - DEBUG - Calling on_field_name with data[207:218]
[ 2025-07-14 23:22:34,474 ] python_multipart.multipart - DEBUG - Calling on_field_data with data[219:221]
[ 2025-07-14 23:22:34,474 ] python_multipart.multipart - DEBUG - Calling on_field_end with no data
[ 2025-07-14 23:22:34,474 ] python_multipart.multipart - DEBUG - Calling on_end with no data
[ 2025-07-14 23:22:34,474 ] root - INFO - USvisaData object initialized with provided input features.
[ 2025-07-14 23:22:34,474 ] root - INFO - Entered [get_usvisa_input_data_frame] method of USvisaData class.
[ 2025-07-14 23:22:34,474 ] root - INFO - Entered [get_usvisa_data_as_dict] method of USvisaData class.
[ 2025-07-14 23:22:34,474 ] root - INFO - Converted input data to dictionary.
[ 2025-07-14 23:22:34,474 ] root - INFO - Converted input data to DataFrame.
[ 2025-07-14 23:22:34,475 ] root - INFO - Entered [__init__] method of USvisaClassifier class.
[ 2025-07-14 23:22:34,475 ] root - INFO - USvisaClassifier object initialized with prediction pipeline config.
[ 2025-07-14 23:22:34,476 ] root - INFO - Entered [predict] method of USvisaClassifier class.
[ 2025-07-14 23:22:34,476 ] root - INFO - USvisaEstimator initialized with bucket: usvisa-model, model_path: model.pkl
[ 2025-07-14 23:22:34,476 ] root - INFO - Model loaded successfully from R2 bucket.
[ 2025-07-14 23:22:34,476 ] root - INFO - Predict method called.
[ 2025-07-14 23:22:34,476 ] root - INFO - Model not loaded in memory. Loading model now...
[ 2025-07-14 23:22:34,476 ] root - INFO - Loading model from model.pkl in bucket usvisa-model
[ 2025-07-14 23:22:34,476 ] root - INFO - Entered the load_model method of S3Operations class
[ 2025-07-14 23:22:34,476 ] root - INFO - Entered the get_file_object method of S3Operations class
[ 2025-07-14 23:22:34,476 ] root - INFO - Entered the get_bucket method of S3Operations class
[ 2025-07-14 23:22:34,476 ] boto3.resources.factory - DEBUG - Loading s3:Bucket
[ 2025-07-14 23:22:34,476 ] boto3.resources.model - DEBUG - Renaming Bucket attribute name
[ 2025-07-14 23:22:34,478 ] botocore.hooks - DEBUG - Event creating-resource-class.s3.Bucket: calling handler <function lazy_call.<locals>._handler at 0x14d39f060>
[ 2025-07-14 23:22:34,478 ] root - INFO - Exited the get_bucket method of S3Operations class
[ 2025-07-14 23:22:34,478 ] boto3.resources.collection - DEBUG - Calling paginated s3:list_objects with {'Bucket': 'usvisa-model', 'Prefix': 'model.pkl'}
[ 2025-07-14 23:22:34,479 ] botocore.hooks - DEBUG - Event before-parameter-build.s3.ListObjects: calling handler <function set_list_objects_encoding_type_url at 0x12fa0f560>
[ 2025-07-14 23:22:34,479 ] botocore.hooks - DEBUG - Event before-parameter-build.s3.ListObjects: calling handler <function validate_bucket_name at 0x12fa0e0c0>
[ 2025-07-14 23:22:34,479 ] botocore.hooks - DEBUG - Event before-parameter-build.s3.ListObjects: calling handler <function remove_bucket_from_url_paths_from_model at 0x12fa28360>
[ 2025-07-14 23:22:34,479 ] botocore.hooks - DEBUG - Event before-parameter-build.s3.ListObjects: calling handler <bound method S3RegionRedirectorv2.annotate_request_context of <botocore.utils.S3RegionRedirectorv2 object at 0x14e6ca5a0>>
[ 2025-07-14 23:22:34,479 ] botocore.hooks - DEBUG - Event before-parameter-build.s3.ListObjects: calling handler <bound method ClientCreator._inject_s3_input_parameters of <botocore.client.ClientCreator object at 0x14e2be5a0>>
[ 2025-07-14 23:22:34,479 ] botocore.hooks - DEBUG - Event before-parameter-build.s3.ListObjects: calling handler <function generate_idempotent_uuid at 0x12fa0dee0>
[ 2025-07-14 23:22:34,479 ] botocore.hooks - DEBUG - Event before-parameter-build.s3.ListObjects: calling handler <function _handle_request_validation_mode_member at 0x12fa28a40>
[ 2025-07-14 23:22:34,479 ] botocore.hooks - DEBUG - Event before-endpoint-resolution.s3: calling handler <function customize_endpoint_resolver_builtins at 0x12fa28540>
[ 2025-07-14 23:22:34,479 ] botocore.hooks - DEBUG - Event before-endpoint-resolution.s3: calling handler <bound method S3RegionRedirectorv2.redirect_from_cache of <botocore.utils.S3RegionRedirectorv2 object at 0x14e6ca5a0>>
[ 2025-07-14 23:22:34,479 ] botocore.regions - DEBUG - Calling endpoint provider with parameters: {'Bucket': 'usvisa-model', 'Region': 'us-east-1', 'UseFIPS': False, 'UseDualStack': False, 'Endpoint': 'https://884d322e363a0121b15dc0af65d3aada.r2.cloudflarestorage.com', 'ForcePathStyle': True, 'Accelerate': False, 'UseGlobalEndpoint': True, 'Prefix': 'model.pkl', 'DisableMultiRegionAccessPoints': False, 'UseArnRegion': True}
[ 2025-07-14 23:22:34,480 ] botocore.regions - DEBUG - Endpoint provider result: https://884d322e363a0121b15dc0af65d3aada.r2.cloudflarestorage.com/usvisa-model
[ 2025-07-14 23:22:34,480 ] botocore.regions - DEBUG - Selecting from endpoint provider's list of auth schemes: "sigv4". User selected auth scheme is: "None"
[ 2025-07-14 23:22:34,480 ] botocore.regions - DEBUG - Selected auth type "v4" as "v4" with signing context params: {'region': 'us-east-1', 'signing_name': 's3', 'disableDoubleEncoding': True}
[ 2025-07-14 23:22:34,480 ] botocore.hooks - DEBUG - Event before-call.s3.ListObjects: calling handler <function add_expect_header at 0x12fa0e480>
[ 2025-07-14 23:22:34,480 ] botocore.hooks - DEBUG - Event before-call.s3.ListObjects: calling handler <bound method S3ExpressIdentityResolver.apply_signing_cache_key of <botocore.utils.S3ExpressIdentityResolver object at 0x14e68b320>>
[ 2025-07-14 23:22:34,480 ] botocore.hooks - DEBUG - Event before-call.s3.ListObjects: calling handler <function add_recursion_detection_header at 0x12fa0ce00>
[ 2025-07-14 23:22:34,480 ] botocore.hooks - DEBUG - Event before-call.s3.ListObjects: calling handler <function inject_api_version_header_if_needed at 0x12fa0f9c0>
[ 2025-07-14 23:22:34,480 ] botocore.endpoint - DEBUG - Making request for OperationModel(name=ListObjects) with params: {'url_path': '', 'query_string': {'prefix': 'model.pkl', 'encoding-type': 'url'}, 'method': 'GET', 'headers': {'User-Agent': 'Boto3/1.39.3 md/Botocore#1.39.3 ua/2.1 os/macos#24.5.0 md/arch#arm64 lang/python#3.12.11 md/pyimpl#CPython m/N,b,D,Z,C cfg/retry-mode#legacy Botocore/1.39.3 Resource'}, 'body': b'', 'auth_path': '/usvisa-model/', 'url': 'https://884d322e363a0121b15dc0af65d3aada.r2.cloudflarestorage.com/usvisa-model?prefix=model.pkl&encoding-type=url', 'context': {'client_region': 'us-east-1', 'client_config': <botocore.config.Config object at 0x14bdeff80>, 'has_streaming_input': False, 'auth_type': 'v4', 'unsigned_payload': None, 'auth_options': ['aws.auth#sigv4'], 'encoding_type_auto_set': True, 's3_redirect': {'redirected': False, 'bucket': 'usvisa-model', 'params': {'Bucket': 'usvisa-model', 'Prefix': 'model.pkl', 'EncodingType': 'url'}}, 'input_params': {'Bucket': 'usvisa-model', 'Prefix': 'model.pkl'}, 'signing': {'region': 'us-east-1', 'signing_name': 's3', 'disableDoubleEncoding': True}, 'endpoint_properties': {'authSchemes': [{'disableDoubleEncoding': True, 'name': 'sigv4', 'signingName': 's3', 'signingRegion': 'us-east-1'}]}}}
[ 2025-07-14 23:22:34,481 ] botocore.hooks - DEBUG - Event request-created.s3.ListObjects: calling handler <bound method RequestSigner.handler of <botocore.signers.RequestSigner object at 0x14bdef590>>
[ 2025-07-14 23:22:34,481 ] botocore.hooks - DEBUG - Event choose-signer.s3.ListObjects: calling handler <bound method ClientCreator._default_s3_presign_to_sigv2 of <botocore.client.ClientCreator object at 0x14e2be5a0>>
[ 2025-07-14 23:22:34,481 ] botocore.hooks - DEBUG - Event choose-signer.s3.ListObjects: calling handler <function set_operation_specific_signer at 0x12fa0dd00>
[ 2025-07-14 23:22:34,481 ] botocore.hooks - DEBUG - Event before-sign.s3.ListObjects: calling handler <function remove_arn_from_signing_path at 0x12fa284a0>
[ 2025-07-14 23:22:34,481 ] botocore.hooks - DEBUG - Event before-sign.s3.ListObjects: calling handler <function _set_extra_headers_for_unsigned_request at 0x12fa28ae0>
[ 2025-07-14 23:22:34,481 ] botocore.hooks - DEBUG - Event before-sign.s3.ListObjects: calling handler <bound method S3ExpressIdentityResolver.resolve_s3express_identity of <botocore.utils.S3ExpressIdentityResolver object at 0x14e68b320>>
[ 2025-07-14 23:22:34,481 ] botocore.auth - DEBUG - Calculating signature using v4 auth.
[ 2025-07-14 23:22:34,481 ] botocore.auth - DEBUG - CanonicalRequest:
GET
/usvisa-model
encoding-type=url&prefix=model.pkl
host:884d322e363a0121b15dc0af65d3aada.r2.cloudflarestorage.com
x-amz-content-sha256:e3b0c44298fc1c149afbf4c8996fb92427ae41e4649b934ca495991b7852b855
x-amz-date:20250714T175234Z

host;x-amz-content-sha256;x-amz-date
e3b0c44298fc1c149afbf4c8996fb92427ae41e4649b934ca495991b7852b855
[ 2025-07-14 23:22:34,481 ] botocore.auth - DEBUG - StringToSign:
AWS4-HMAC-SHA256
20250714T175234Z
20250714/us-east-1/s3/aws4_request
514f86841f76338f3a3ca76d9f8db1dec4327817ae2687159160da7cb3ee8e50
[ 2025-07-14 23:22:34,481 ] botocore.auth - DEBUG - Signature:
0d61b4353be7422125f51dc9dd37d5cd1614c20a4f7863e89dd61fb28317be3e
[ 2025-07-14 23:22:34,481 ] botocore.hooks - DEBUG - Event request-created.s3.ListObjects: calling handler <bound method UserAgentString.rebuild_and_replace_user_agent_handler of <botocore.useragent.UserAgentString object at 0x14e6ca570>>
[ 2025-07-14 23:22:34,481 ] botocore.hooks - DEBUG - Event request-created.s3.ListObjects: calling handler <function add_retry_headers at 0x12fa282c0>
[ 2025-07-14 23:22:34,481 ] botocore.endpoint - DEBUG - Sending http request: <AWSPreparedRequest stream_output=False, method=GET, url=https://884d322e363a0121b15dc0af65d3aada.r2.cloudflarestorage.com/usvisa-model?prefix=model.pkl&encoding-type=url, headers={'User-Agent': b'Boto3/1.39.3 md/Botocore#1.39.3 ua/2.1 os/macos#24.5.0 md/arch#arm64 lang/python#3.12.11 md/pyimpl#CPython m/N,b,D,Z,C cfg/retry-mode#legacy Botocore/1.39.3 Resource', 'X-Amz-Date': b'20250714T175234Z', 'X-Amz-Content-SHA256': b'e3b0c44298fc1c149afbf4c8996fb92427ae41e4649b934ca495991b7852b855', 'Authorization': b'AWS4-HMAC-SHA256 Credential=7d8680852609bcc98ba6a26c8220c84f/20250714/us-east-1/s3/aws4_request, SignedHeaders=host;x-amz-content-sha256;x-amz-date, Signature=0d61b4353be7422125f51dc9dd37d5cd1614c20a4f7863e89dd61fb28317be3e', 'amz-sdk-invocation-id': b'4686fb06-eee7-4b4b-b6e1-d025110487ae', 'amz-sdk-request': b'attempt=1'}>
[ 2025-07-14 23:22:34,482 ] botocore.httpsession - DEBUG - Certificate path: /Users/poppinadityagmail.com/Developer/GitHub_Codes/us-visa-approval-status/.venv/lib/python3.12/site-packages/certifi/cacert.pem
[ 2025-07-14 23:22:34,944 ] urllib3.connectionpool - DEBUG - https://884d322e363a0121b15dc0af65d3aada.r2.cloudflarestorage.com:443 "GET /usvisa-model?prefix=model.pkl&encoding-type=url HTTP/1.1" 200 569
[ 2025-07-14 23:22:34,944 ] botocore.hooks - DEBUG - Event before-parse.s3.ListObjects: calling handler <function _handle_200_error at 0x12fa28860>
[ 2025-07-14 23:22:34,945 ] botocore.hooks - DEBUG - Event before-parse.s3.ListObjects: calling handler <function handle_expires_header at 0x12fa28680>
[ 2025-07-14 23:22:34,945 ] botocore.parsers - DEBUG - Response headers: {'Date': 'Mon, 14 Jul 2025 17:52:34 GMT', 'Content-Type': 'application/xml', 'Content-Length': '569', 'Connection': 'keep-alive', 'Vary': 'Accept-Encoding', 'Server': 'cloudflare', 'CF-RAY': '95f2dfe82ac8913f-MAA'}
[ 2025-07-14 23:22:34,945 ] botocore.parsers - DEBUG - Response body:
b'<?xml version="1.0" encoding="UTF-8"?><ListBucketResult xmlns="http://s3.amazonaws.com/doc/2006-03-01/"><Name>usvisa-model</Name><Contents><Key>model.pkl</Key><Size>2731508</Size><LastModified>2025-07-14T12:05:09.586Z</LastModified><Owner><ID>884d322e363a0121b15dc0af65d3aada</ID><DisplayName>884d322e363a0121b15dc0af65d3aada</DisplayName></Owner><ETag>&quot;8ee729f5a3c0e1d131f7433988b2fd97&quot;</ETag><StorageClass>STANDARD</StorageClass></Contents><IsTruncated>false</IsTruncated><Prefix>model.pkl</Prefix><Marker></Marker><MaxKeys>1000</MaxKeys></ListBucketResult>'
[ 2025-07-14 23:22:34,946 ] botocore.hooks - DEBUG - Event needs-retry.s3.ListObjects: calling handler <function _update_status_code at 0x12fa289a0>
[ 2025-07-14 23:22:34,946 ] botocore.hooks - DEBUG - Event needs-retry.s3.ListObjects: calling handler <botocore.retryhandler.RetryHandler object at 0x14e6cab40>
[ 2025-07-14 23:22:34,946 ] botocore.retryhandler - DEBUG - No retry needed.
[ 2025-07-14 23:22:34,946 ] botocore.hooks - DEBUG - Event needs-retry.s3.ListObjects: calling handler <bound method S3RegionRedirectorv2.redirect_from_error of <botocore.utils.S3RegionRedirectorv2 object at 0x14e6ca5a0>>
[ 2025-07-14 23:22:34,947 ] botocore.hooks - DEBUG - Event after-call.s3.ListObjects: calling handler <function decode_list_object at 0x12fa0f600>
[ 2025-07-14 23:22:34,947 ] boto3.resources.factory - DEBUG - Loading s3:ObjectSummary
[ 2025-07-14 23:22:34,947 ] boto3.resources.model - DEBUG - Renaming ObjectSummary attribute key
[ 2025-07-14 23:22:34,948 ] botocore.hooks - DEBUG - Event creating-resource-class.s3.ObjectSummary: calling handler <function lazy_call.<locals>._handler at 0x14d39fa60>
[ 2025-07-14 23:22:34,948 ] root - INFO - Exited the get_file_object method of S3Operations class
[ 2025-07-14 23:22:34,948 ] root - INFO - Entered the read_object method of S3Operations class
[ 2025-07-14 23:22:34,948 ] root - INFO - Exited the read_object method of S3Operations class
[ 2025-07-14 23:22:34,948 ] boto3.resources.action - DEBUG - Calling s3:get_object with {'Bucket': 'usvisa-model', 'Key': 'model.pkl'}
[ 2025-07-14 23:22:34,948 ] botocore.hooks - DEBUG - Event before-parameter-build.s3.GetObject: calling handler <function sse_md5 at 0x12fa0e160>
[ 2025-07-14 23:22:34,948 ] botocore.hooks - DEBUG - Event before-parameter-build.s3.GetObject: calling handler <function validate_bucket_name at 0x12fa0e0c0>
[ 2025-07-14 23:22:34,948 ] botocore.hooks - DEBUG - Event before-parameter-build.s3.GetObject: calling handler <function remove_bucket_from_url_paths_from_model at 0x12fa28360>
[ 2025-07-14 23:22:34,948 ] botocore.hooks - DEBUG - Event before-parameter-build.s3.GetObject: calling handler <bound method S3RegionRedirectorv2.annotate_request_context of <botocore.utils.S3RegionRedirectorv2 object at 0x14e6ca5a0>>
[ 2025-07-14 23:22:34,948 ] botocore.hooks - DEBUG - Event before-parameter-build.s3.GetObject: calling handler <bound method ClientCreator._inject_s3_input_parameters of <botocore.client.ClientCreator object at 0x14e2be5a0>>
[ 2025-07-14 23:22:34,948 ] botocore.hooks - DEBUG - Event before-parameter-build.s3.GetObject: calling handler <function generate_idempotent_uuid at 0x12fa0dee0>
[ 2025-07-14 23:22:34,949 ] botocore.hooks - DEBUG - Event before-parameter-build.s3.GetObject: calling handler <function _handle_request_validation_mode_member at 0x12fa28a40>
[ 2025-07-14 23:22:34,949 ] botocore.hooks - DEBUG - Event before-endpoint-resolution.s3: calling handler <function customize_endpoint_resolver_builtins at 0x12fa28540>
[ 2025-07-14 23:22:34,949 ] botocore.hooks - DEBUG - Event before-endpoint-resolution.s3: calling handler <bound method S3RegionRedirectorv2.redirect_from_cache of <botocore.utils.S3RegionRedirectorv2 object at 0x14e6ca5a0>>
[ 2025-07-14 23:22:34,949 ] botocore.regions - DEBUG - Calling endpoint provider with parameters: {'Bucket': 'usvisa-model', 'Region': 'us-east-1', 'UseFIPS': False, 'UseDualStack': False, 'Endpoint': 'https://884d322e363a0121b15dc0af65d3aada.r2.cloudflarestorage.com', 'ForcePathStyle': True, 'Accelerate': False, 'UseGlobalEndpoint': True, 'Key': 'model.pkl', 'DisableMultiRegionAccessPoints': False, 'UseArnRegion': True}
[ 2025-07-14 23:22:34,949 ] botocore.regions - DEBUG - Endpoint provider result: https://884d322e363a0121b15dc0af65d3aada.r2.cloudflarestorage.com/usvisa-model
[ 2025-07-14 23:22:34,949 ] botocore.regions - DEBUG - Selecting from endpoint provider's list of auth schemes: "sigv4". User selected auth scheme is: "None"
[ 2025-07-14 23:22:34,949 ] botocore.regions - DEBUG - Selected auth type "v4" as "v4" with signing context params: {'region': 'us-east-1', 'signing_name': 's3', 'disableDoubleEncoding': True}
[ 2025-07-14 23:22:34,950 ] botocore.hooks - DEBUG - Event before-call.s3.GetObject: calling handler <function add_expect_header at 0x12fa0e480>
[ 2025-07-14 23:22:34,950 ] botocore.hooks - DEBUG - Event before-call.s3.GetObject: calling handler <bound method S3ExpressIdentityResolver.apply_signing_cache_key of <botocore.utils.S3ExpressIdentityResolver object at 0x14e68b320>>
[ 2025-07-14 23:22:34,950 ] botocore.hooks - DEBUG - Event before-call.s3.GetObject: calling handler <function add_recursion_detection_header at 0x12fa0ce00>
[ 2025-07-14 23:22:34,950 ] botocore.hooks - DEBUG - Event before-call.s3.GetObject: calling handler <function inject_api_version_header_if_needed at 0x12fa0f9c0>
[ 2025-07-14 23:22:34,950 ] botocore.endpoint - DEBUG - Making request for OperationModel(name=GetObject) with params: {'url_path': '/model.pkl', 'query_string': {}, 'method': 'GET', 'headers': {'x-amz-checksum-mode': 'ENABLED', 'User-Agent': 'Boto3/1.39.3 md/Botocore#1.39.3 ua/2.1 os/macos#24.5.0 md/arch#arm64 lang/python#3.12.11 md/pyimpl#CPython m/D,Z,N,b cfg/retry-mode#legacy Botocore/1.39.3 Resource'}, 'body': b'', 'auth_path': '/usvisa-model/model.pkl', 'url': 'https://884d322e363a0121b15dc0af65d3aada.r2.cloudflarestorage.com/usvisa-model/model.pkl', 'context': {'client_region': 'us-east-1', 'client_config': <botocore.config.Config object at 0x14bdeff80>, 'has_streaming_input': False, 'auth_type': 'v4', 'unsigned_payload': None, 'auth_options': ['aws.auth#sigv4'], 's3_redirect': {'redirected': False, 'bucket': 'usvisa-model', 'params': {'Bucket': 'usvisa-model', 'Key': 'model.pkl', 'ChecksumMode': 'ENABLED'}}, 'input_params': {'Bucket': 'usvisa-model', 'Key': 'model.pkl'}, 'signing': {'region': 'us-east-1', 'signing_name': 's3', 'disableDoubleEncoding': True}, 'endpoint_properties': {'authSchemes': [{'disableDoubleEncoding': True, 'name': 'sigv4', 'signingName': 's3', 'signingRegion': 'us-east-1'}]}, 'checksum': {'response_algorithms': ['crc32', 'sha1', 'sha256']}}}
[ 2025-07-14 23:22:34,950 ] botocore.hooks - DEBUG - Event request-created.s3.GetObject: calling handler <bound method RequestSigner.handler of <botocore.signers.RequestSigner object at 0x14bdef590>>
[ 2025-07-14 23:22:34,950 ] botocore.hooks - DEBUG - Event choose-signer.s3.GetObject: calling handler <bound method ClientCreator._default_s3_presign_to_sigv2 of <botocore.client.ClientCreator object at 0x14e2be5a0>>
[ 2025-07-14 23:22:34,950 ] botocore.hooks - DEBUG - Event choose-signer.s3.GetObject: calling handler <function set_operation_specific_signer at 0x12fa0dd00>
[ 2025-07-14 23:22:34,950 ] botocore.hooks - DEBUG - Event before-sign.s3.GetObject: calling handler <function remove_arn_from_signing_path at 0x12fa284a0>
[ 2025-07-14 23:22:34,950 ] botocore.hooks - DEBUG - Event before-sign.s3.GetObject: calling handler <function _set_extra_headers_for_unsigned_request at 0x12fa28ae0>
[ 2025-07-14 23:22:34,950 ] botocore.hooks - DEBUG - Event before-sign.s3.GetObject: calling handler <bound method S3ExpressIdentityResolver.resolve_s3express_identity of <botocore.utils.S3ExpressIdentityResolver object at 0x14e68b320>>
[ 2025-07-14 23:22:34,950 ] botocore.auth - DEBUG - Calculating signature using v4 auth.
[ 2025-07-14 23:22:34,950 ] botocore.auth - DEBUG - CanonicalRequest:
GET
/usvisa-model/model.pkl

host:884d322e363a0121b15dc0af65d3aada.r2.cloudflarestorage.com
x-amz-checksum-mode:ENABLED
x-amz-content-sha256:e3b0c44298fc1c149afbf4c8996fb92427ae41e4649b934ca495991b7852b855
x-amz-date:20250714T175234Z

host;x-amz-checksum-mode;x-amz-content-sha256;x-amz-date
e3b0c44298fc1c149afbf4c8996fb92427ae41e4649b934ca495991b7852b855
[ 2025-07-14 23:22:34,951 ] botocore.auth - DEBUG - StringToSign:
AWS4-HMAC-SHA256
20250714T175234Z
20250714/us-east-1/s3/aws4_request
a6df215d567324dda83cff8defff10493500a422089a8b2b82c6d806f162bdab
[ 2025-07-14 23:22:34,951 ] botocore.auth - DEBUG - Signature:
a822aa1f39ee20d8bce8d79c0fd84d83af77da35996cf03ce6bff7daf167c2df
[ 2025-07-14 23:22:34,951 ] botocore.hooks - DEBUG - Event request-created.s3.GetObject: calling handler <bound method UserAgentString.rebuild_and_replace_user_agent_handler of <botocore.useragent.UserAgentString object at 0x14e6ca570>>
[ 2025-07-14 23:22:34,951 ] botocore.hooks - DEBUG - Event request-created.s3.GetObject: calling handler <function add_retry_headers at 0x12fa282c0>
[ 2025-07-14 23:22:34,951 ] botocore.endpoint - DEBUG - Sending http request: <AWSPreparedRequest stream_output=True, method=GET, url=https://884d322e363a0121b15dc0af65d3aada.r2.cloudflarestorage.com/usvisa-model/model.pkl, headers={'x-amz-checksum-mode': b'ENABLED', 'User-Agent': b'Boto3/1.39.3 md/Botocore#1.39.3 ua/2.1 os/macos#24.5.0 md/arch#arm64 lang/python#3.12.11 md/pyimpl#CPython m/D,Z,N,b cfg/retry-mode#legacy Botocore/1.39.3 Resource', 'X-Amz-Date': b'20250714T175234Z', 'X-Amz-Content-SHA256': b'e3b0c44298fc1c149afbf4c8996fb92427ae41e4649b934ca495991b7852b855', 'Authorization': b'AWS4-HMAC-SHA256 Credential=7d8680852609bcc98ba6a26c8220c84f/20250714/us-east-1/s3/aws4_request, SignedHeaders=host;x-amz-checksum-mode;x-amz-content-sha256;x-amz-date, Signature=a822aa1f39ee20d8bce8d79c0fd84d83af77da35996cf03ce6bff7daf167c2df', 'amz-sdk-invocation-id': b'e1b62d12-6287-4ab7-a9ff-d13739dfc4d2', 'amz-sdk-request': b'attempt=1'}>
[ 2025-07-14 23:22:34,952 ] botocore.httpsession - DEBUG - Certificate path: /Users/poppinadityagmail.com/Developer/GitHub_Codes/us-visa-approval-status/.venv/lib/python3.12/site-packages/certifi/cacert.pem
[ 2025-07-14 23:22:35,151 ] urllib3.connectionpool - DEBUG - https://884d322e363a0121b15dc0af65d3aada.r2.cloudflarestorage.com:443 "GET /usvisa-model/model.pkl HTTP/1.1" 200 2731508
[ 2025-07-14 23:22:35,152 ] botocore.hooks - DEBUG - Event before-parse.s3.GetObject: calling handler <function _handle_200_error at 0x12fa28860>
[ 2025-07-14 23:22:35,152 ] botocore.hooks - DEBUG - Event before-parse.s3.GetObject: calling handler <function handle_expires_header at 0x12fa28680>
[ 2025-07-14 23:22:35,152 ] botocore.parsers - DEBUG - Response headers: {'Date': 'Mon, 14 Jul 2025 17:52:35 GMT', 'Content-Length': '2731508', 'Connection': 'keep-alive', 'Accept-Ranges': 'bytes', 'Content-Encoding': 'aws-chunked', 'ETag': '"8ee729f5a3c0e1d131f7433988b2fd97"', 'Last-Modified': 'Mon, 14 Jul 2025 12:05:09 GMT', 'x-amz-checksum-crc32': 'pESRyw==', 'Vary': 'Accept-Encoding', 'Server': 'cloudflare', 'CF-RAY': '95f2dfeb3cb2913f-MAA'}
[ 2025-07-14 23:22:35,152 ] botocore.parsers - DEBUG - Response body:
<botocore.httpchecksum.StreamingChecksumBody object at 0x14e7f2b60>
[ 2025-07-14 23:22:35,153 ] botocore.hooks - DEBUG - Event needs-retry.s3.GetObject: calling handler <function _update_status_code at 0x12fa289a0>
[ 2025-07-14 23:22:35,153 ] botocore.hooks - DEBUG - Event needs-retry.s3.GetObject: calling handler <botocore.retryhandler.RetryHandler object at 0x14e6cab40>
[ 2025-07-14 23:22:35,153 ] botocore.retryhandler - DEBUG - No retry needed.
[ 2025-07-14 23:22:35,153 ] botocore.hooks - DEBUG - Event needs-retry.s3.GetObject: calling handler <bound method S3RegionRedirectorv2.redirect_from_error of <botocore.utils.S3RegionRedirectorv2 object at 0x14e6ca5a0>>
[ 2025-07-14 23:22:35,154 ] boto3.resources.action - DEBUG - Response: {'ResponseMetadata': {'HTTPStatusCode': 200, 'HTTPHeaders': {'date': 'Mon, 14 Jul 2025 17:52:35 GMT', 'content-length': '2731508', 'connection': 'keep-alive', 'accept-ranges': 'bytes', 'content-encoding': 'aws-chunked', 'etag': '"8ee729f5a3c0e1d131f7433988b2fd97"', 'last-modified': 'Mon, 14 Jul 2025 12:05:09 GMT', 'x-amz-checksum-crc32': 'pESRyw==', 'vary': 'Accept-Encoding', 'server': 'cloudflare', 'cf-ray': '95f2dfeb3cb2913f-MAA'}, 'ChecksumAlgorithm': 'crc32', 'RetryAttempts': 0}, 'AcceptRanges': 'bytes', 'LastModified': datetime.datetime(2025, 7, 14, 12, 5, 9, tzinfo=tzutc()), 'ContentLength': 2731508, 'ETag': '"8ee729f5a3c0e1d131f7433988b2fd97"', 'ChecksumCRC32': 'pESRyw==', 'ContentEncoding': 'aws-chunked', 'Metadata': {}, 'Body': <botocore.httpchecksum.StreamingChecksumBody object at 0x14e7f2b60>}
[ 2025-07-14 23:22:35,210 ] root - INFO - Exited the load_model method of S3Operations class
[ 2025-07-14 23:22:35,210 ] root - INFO - Entered predict method of UTruckModel class
[ 2025-07-14 23:22:35,210 ] root - INFO - Using the trained model to get predictions
[ 2025-07-14 23:22:35,227 ] root - INFO - Used the trained model to get predictions
[ 2025-07-14 23:22:35,229 ] root - INFO - Prediction completed successfully.
[ 2025-07-14 23:22:35,230 ] root - INFO - Prediction completed.
[ 2025-07-14 23:22:36,593 ] python_multipart.multipart - DEBUG - Calling on_field_start with no data
[ 2025-07-14 23:22:36,593 ] python_multipart.multipart - DEBUG - Calling on_field_name with data[0:9]
[ 2025-07-14 23:22:36,593 ] python_multipart.multipart - DEBUG - Calling on_field_data with data[10:14]
[ 2025-07-14 23:22:36,593 ] python_multipart.multipart - DEBUG - Calling on_field_end with no data
[ 2025-07-14 23:22:36,593 ] python_multipart.multipart - DEBUG - Calling on_field_start with no data
[ 2025-07-14 23:22:36,593 ] python_multipart.multipart - DEBUG - Calling on_field_name with data[15:36]
[ 2025-07-14 23:22:36,593 ] python_multipart.multipart - DEBUG - Calling on_field_data with data[37:47]
[ 2025-07-14 23:22:36,593 ] python_multipart.multipart - DEBUG - Calling on_field_end with no data
[ 2025-07-14 23:22:36,593 ] python_multipart.multipart - DEBUG - Calling on_field_start with no data
[ 2025-07-14 23:22:36,593 ] python_multipart.multipart - DEBUG - Calling on_field_name with data[48:66]
[ 2025-07-14 23:22:36,593 ] python_multipart.multipart - DEBUG - Calling on_field_data with data[67:68]
[ 2025-07-14 23:22:36,593 ] python_multipart.multipart - DEBUG - Calling on_field_end with no data
[ 2025-07-14 23:22:36,593 ] python_multipart.multipart - DEBUG - Calling on_field_start with no data
[ 2025-07-14 23:22:36,593 ] python_multipart.multipart - DEBUG - Calling on_field_name with data[69:90]
[ 2025-07-14 23:22:36,593 ] python_multipart.multipart - DEBUG - Calling on_field_data with data[91:92]
[ 2025-07-14 23:22:36,593 ] python_multipart.multipart - DEBUG - Calling on_field_end with no data
[ 2025-07-14 23:22:36,593 ] python_multipart.multipart - DEBUG - Calling on_field_start with no data
[ 2025-07-14 23:22:36,593 ] python_multipart.multipart - DEBUG - Calling on_field_name with data[93:108]
[ 2025-07-14 23:22:36,593 ] python_multipart.multipart - DEBUG - Calling on_field_data with data[109:114]
[ 2025-07-14 23:22:36,593 ] python_multipart.multipart - DEBUG - Calling on_field_end with no data
[ 2025-07-14 23:22:36,593 ] python_multipart.multipart - DEBUG - Calling on_field_start with no data
[ 2025-07-14 23:22:36,593 ] python_multipart.multipart - DEBUG - Calling on_field_name with data[115:135]
[ 2025-07-14 23:22:36,593 ] python_multipart.multipart - DEBUG - Calling on_field_data with data[136:145]
[ 2025-07-14 23:22:36,593 ] python_multipart.multipart - DEBUG - Calling on_field_end with no data
[ 2025-07-14 23:22:36,593 ] python_multipart.multipart - DEBUG - Calling on_field_start with no data
[ 2025-07-14 23:22:36,593 ] python_multipart.multipart - DEBUG - Calling on_field_name with data[146:161]
[ 2025-07-14 23:22:36,593 ] python_multipart.multipart - DEBUG - Calling on_field_data with data[162:166]
[ 2025-07-14 23:22:36,593 ] python_multipart.multipart - DEBUG - Calling on_field_end with no data
[ 2025-07-14 23:22:36,593 ] python_multipart.multipart - DEBUG - Calling on_field_start with no data
[ 2025-07-14 23:22:36,593 ] python_multipart.multipart - DEBUG - Calling on_field_name with data[167:179]
[ 2025-07-14 23:22:36,593 ] python_multipart.multipart - DEBUG - Calling on_field_data with data[180:185]
[ 2025-07-14 23:22:36,593 ] python_multipart.multipart - DEBUG - Calling on_field_end with no data
[ 2025-07-14 23:22:36,593 ] python_multipart.multipart - DEBUG - Calling on_field_start with no data
[ 2025-07-14 23:22:36,593 ] python_multipart.multipart - DEBUG - Calling on_field_name with data[186:204]
[ 2025-07-14 23:22:36,593 ] python_multipart.multipart - DEBUG - Calling on_field_data with data[205:206]
[ 2025-07-14 23:22:36,593 ] python_multipart.multipart - DEBUG - Calling on_field_end with no data
[ 2025-07-14 23:22:36,593 ] python_multipart.multipart - DEBUG - Calling on_field_start with no data
[ 2025-07-14 23:22:36,593 ] python_multipart.multipart - DEBUG - Calling on_field_name with data[207:218]
[ 2025-07-14 23:22:36,593 ] python_multipart.multipart - DEBUG - Calling on_field_data with data[219:221]
[ 2025-07-14 23:22:36,593 ] python_multipart.multipart - DEBUG - Calling on_field_end with no data
[ 2025-07-14 23:22:36,593 ] python_multipart.multipart - DEBUG - Calling on_end with no data
[ 2025-07-14 23:22:36,593 ] root - INFO - USvisaData object initialized with provided input features.
[ 2025-07-14 23:22:36,593 ] root - INFO - Entered [get_usvisa_input_data_frame] method of USvisaData class.
[ 2025-07-14 23:22:36,593 ] root - INFO - Entered [get_usvisa_data_as_dict] method of USvisaData class.
[ 2025-07-14 23:22:36,593 ] root - INFO - Converted input data to dictionary.
[ 2025-07-14 23:22:36,593 ] root - INFO - Converted input data to DataFrame.
[ 2025-07-14 23:22:36,594 ] root - INFO - Entered [__init__] method of USvisaClassifier class.
[ 2025-07-14 23:22:36,594 ] root - INFO - USvisaClassifier object initialized with prediction pipeline config.
[ 2025-07-14 23:22:36,594 ] root - INFO - Entered [predict] method of USvisaClassifier class.
[ 2025-07-14 23:22:36,594 ] root - INFO - USvisaEstimator initialized with bucket: usvisa-model, model_path: model.pkl
[ 2025-07-14 23:22:36,594 ] root - INFO - Model loaded successfully from R2 bucket.
[ 2025-07-14 23:22:36,594 ] root - INFO - Predict method called.
[ 2025-07-14 23:22:36,594 ] root - INFO - Model not loaded in memory. Loading model now...
[ 2025-07-14 23:22:36,594 ] root - INFO - Loading model from model.pkl in bucket usvisa-model
[ 2025-07-14 23:22:36,594 ] root - INFO - Entered the load_model method of S3Operations class
[ 2025-07-14 23:22:36,594 ] root - INFO - Entered the get_file_object method of S3Operations class
[ 2025-07-14 23:22:36,594 ] root - INFO - Entered the get_bucket method of S3Operations class
[ 2025-07-14 23:22:36,594 ] boto3.resources.factory - DEBUG - Loading s3:Bucket
[ 2025-07-14 23:22:36,594 ] boto3.resources.model - DEBUG - Renaming Bucket attribute name
[ 2025-07-14 23:22:36,594 ] botocore.hooks - DEBUG - Event creating-resource-class.s3.Bucket: calling handler <function lazy_call.<locals>._handler at 0x14d39f060>
[ 2025-07-14 23:22:36,594 ] root - INFO - Exited the get_bucket method of S3Operations class
[ 2025-07-14 23:22:36,594 ] boto3.resources.collection - DEBUG - Calling paginated s3:list_objects with {'Bucket': 'usvisa-model', 'Prefix': 'model.pkl'}
[ 2025-07-14 23:22:36,594 ] botocore.hooks - DEBUG - Event before-parameter-build.s3.ListObjects: calling handler <function set_list_objects_encoding_type_url at 0x12fa0f560>
[ 2025-07-14 23:22:36,594 ] botocore.hooks - DEBUG - Event before-parameter-build.s3.ListObjects: calling handler <function validate_bucket_name at 0x12fa0e0c0>
[ 2025-07-14 23:22:36,594 ] botocore.hooks - DEBUG - Event before-parameter-build.s3.ListObjects: calling handler <function remove_bucket_from_url_paths_from_model at 0x12fa28360>
[ 2025-07-14 23:22:36,594 ] botocore.hooks - DEBUG - Event before-parameter-build.s3.ListObjects: calling handler <bound method S3RegionRedirectorv2.annotate_request_context of <botocore.utils.S3RegionRedirectorv2 object at 0x14e6ca5a0>>
[ 2025-07-14 23:22:36,594 ] botocore.hooks - DEBUG - Event before-parameter-build.s3.ListObjects: calling handler <bound method ClientCreator._inject_s3_input_parameters of <botocore.client.ClientCreator object at 0x14e2be5a0>>
[ 2025-07-14 23:22:36,594 ] botocore.hooks - DEBUG - Event before-parameter-build.s3.ListObjects: calling handler <function generate_idempotent_uuid at 0x12fa0dee0>
[ 2025-07-14 23:22:36,594 ] botocore.hooks - DEBUG - Event before-parameter-build.s3.ListObjects: calling handler <function _handle_request_validation_mode_member at 0x12fa28a40>
[ 2025-07-14 23:22:36,594 ] botocore.hooks - DEBUG - Event before-endpoint-resolution.s3: calling handler <function customize_endpoint_resolver_builtins at 0x12fa28540>
[ 2025-07-14 23:22:36,594 ] botocore.hooks - DEBUG - Event before-endpoint-resolution.s3: calling handler <bound method S3RegionRedirectorv2.redirect_from_cache of <botocore.utils.S3RegionRedirectorv2 object at 0x14e6ca5a0>>
[ 2025-07-14 23:22:36,594 ] botocore.regions - DEBUG - Calling endpoint provider with parameters: {'Bucket': 'usvisa-model', 'Region': 'us-east-1', 'UseFIPS': False, 'UseDualStack': False, 'Endpoint': 'https://884d322e363a0121b15dc0af65d3aada.r2.cloudflarestorage.com', 'ForcePathStyle': True, 'Accelerate': False, 'UseGlobalEndpoint': True, 'Prefix': 'model.pkl', 'DisableMultiRegionAccessPoints': False, 'UseArnRegion': True}
[ 2025-07-14 23:22:36,594 ] botocore.regions - DEBUG - Endpoint provider result: https://884d322e363a0121b15dc0af65d3aada.r2.cloudflarestorage.com/usvisa-model
[ 2025-07-14 23:22:36,594 ] botocore.regions - DEBUG - Selecting from endpoint provider's list of auth schemes: "sigv4". User selected auth scheme is: "None"
[ 2025-07-14 23:22:36,594 ] botocore.regions - DEBUG - Selected auth type "v4" as "v4" with signing context params: {'region': 'us-east-1', 'signing_name': 's3', 'disableDoubleEncoding': True}
[ 2025-07-14 23:22:36,594 ] botocore.hooks - DEBUG - Event before-call.s3.ListObjects: calling handler <function add_expect_header at 0x12fa0e480>
[ 2025-07-14 23:22:36,594 ] botocore.hooks - DEBUG - Event before-call.s3.ListObjects: calling handler <bound method S3ExpressIdentityResolver.apply_signing_cache_key of <botocore.utils.S3ExpressIdentityResolver object at 0x14e68b320>>
[ 2025-07-14 23:22:36,594 ] botocore.hooks - DEBUG - Event before-call.s3.ListObjects: calling handler <function add_recursion_detection_header at 0x12fa0ce00>
[ 2025-07-14 23:22:36,594 ] botocore.hooks - DEBUG - Event before-call.s3.ListObjects: calling handler <function inject_api_version_header_if_needed at 0x12fa0f9c0>
[ 2025-07-14 23:22:36,594 ] botocore.endpoint - DEBUG - Making request for OperationModel(name=ListObjects) with params: {'url_path': '', 'query_string': {'prefix': 'model.pkl', 'encoding-type': 'url'}, 'method': 'GET', 'headers': {'User-Agent': 'Boto3/1.39.3 md/Botocore#1.39.3 ua/2.1 os/macos#24.5.0 md/arch#arm64 lang/python#3.12.11 md/pyimpl#CPython m/N,b,D,Z,C cfg/retry-mode#legacy Botocore/1.39.3 Resource'}, 'body': b'', 'auth_path': '/usvisa-model/', 'url': 'https://884d322e363a0121b15dc0af65d3aada.r2.cloudflarestorage.com/usvisa-model?prefix=model.pkl&encoding-type=url', 'context': {'client_region': 'us-east-1', 'client_config': <botocore.config.Config object at 0x14bdeff80>, 'has_streaming_input': False, 'auth_type': 'v4', 'unsigned_payload': None, 'auth_options': ['aws.auth#sigv4'], 'encoding_type_auto_set': True, 's3_redirect': {'redirected': False, 'bucket': 'usvisa-model', 'params': {'Bucket': 'usvisa-model', 'Prefix': 'model.pkl', 'EncodingType': 'url'}}, 'input_params': {'Bucket': 'usvisa-model', 'Prefix': 'model.pkl'}, 'signing': {'region': 'us-east-1', 'signing_name': 's3', 'disableDoubleEncoding': True}, 'endpoint_properties': {'authSchemes': [{'disableDoubleEncoding': True, 'name': 'sigv4', 'signingName': 's3', 'signingRegion': 'us-east-1'}]}}}
[ 2025-07-14 23:22:36,595 ] botocore.hooks - DEBUG - Event request-created.s3.ListObjects: calling handler <bound method RequestSigner.handler of <botocore.signers.RequestSigner object at 0x14bdef590>>
[ 2025-07-14 23:22:36,595 ] botocore.hooks - DEBUG - Event choose-signer.s3.ListObjects: calling handler <bound method ClientCreator._default_s3_presign_to_sigv2 of <botocore.client.ClientCreator object at 0x14e2be5a0>>
[ 2025-07-14 23:22:36,595 ] botocore.hooks - DEBUG - Event choose-signer.s3.ListObjects: calling handler <function set_operation_specific_signer at 0x12fa0dd00>
[ 2025-07-14 23:22:36,595 ] botocore.hooks - DEBUG - Event before-sign.s3.ListObjects: calling handler <function remove_arn_from_signing_path at 0x12fa284a0>
[ 2025-07-14 23:22:36,595 ] botocore.hooks - DEBUG - Event before-sign.s3.ListObjects: calling handler <function _set_extra_headers_for_unsigned_request at 0x12fa28ae0>
[ 2025-07-14 23:22:36,595 ] botocore.hooks - DEBUG - Event before-sign.s3.ListObjects: calling handler <bound method S3ExpressIdentityResolver.resolve_s3express_identity of <botocore.utils.S3ExpressIdentityResolver object at 0x14e68b320>>
[ 2025-07-14 23:22:36,595 ] botocore.auth - DEBUG - Calculating signature using v4 auth.
[ 2025-07-14 23:22:36,595 ] botocore.auth - DEBUG - CanonicalRequest:
GET
/usvisa-model
encoding-type=url&prefix=model.pkl
host:884d322e363a0121b15dc0af65d3aada.r2.cloudflarestorage.com
x-amz-content-sha256:e3b0c44298fc1c149afbf4c8996fb92427ae41e4649b934ca495991b7852b855
x-amz-date:20250714T175236Z

host;x-amz-content-sha256;x-amz-date
e3b0c44298fc1c149afbf4c8996fb92427ae41e4649b934ca495991b7852b855
[ 2025-07-14 23:22:36,595 ] botocore.auth - DEBUG - StringToSign:
AWS4-HMAC-SHA256
20250714T175236Z
20250714/us-east-1/s3/aws4_request
78f0cb11711f8e445936cbc9ddfb63e145dfcfb9a4bd25df34c79fdb59f06701
[ 2025-07-14 23:22:36,595 ] botocore.auth - DEBUG - Signature:
273d836b2b5ff776c25f91c110889b573bf9fcdfe953f029f30dd71bced3bdbb
[ 2025-07-14 23:22:36,595 ] botocore.hooks - DEBUG - Event request-created.s3.ListObjects: calling handler <bound method UserAgentString.rebuild_and_replace_user_agent_handler of <botocore.useragent.UserAgentString object at 0x14e6ca570>>
[ 2025-07-14 23:22:36,595 ] botocore.hooks - DEBUG - Event request-created.s3.ListObjects: calling handler <function add_retry_headers at 0x12fa282c0>
[ 2025-07-14 23:22:36,595 ] botocore.endpoint - DEBUG - Sending http request: <AWSPreparedRequest stream_output=False, method=GET, url=https://884d322e363a0121b15dc0af65d3aada.r2.cloudflarestorage.com/usvisa-model?prefix=model.pkl&encoding-type=url, headers={'User-Agent': b'Boto3/1.39.3 md/Botocore#1.39.3 ua/2.1 os/macos#24.5.0 md/arch#arm64 lang/python#3.12.11 md/pyimpl#CPython m/N,b,D,Z,C cfg/retry-mode#legacy Botocore/1.39.3 Resource', 'X-Amz-Date': b'20250714T175236Z', 'X-Amz-Content-SHA256': b'e3b0c44298fc1c149afbf4c8996fb92427ae41e4649b934ca495991b7852b855', 'Authorization': b'AWS4-HMAC-SHA256 Credential=7d8680852609bcc98ba6a26c8220c84f/20250714/us-east-1/s3/aws4_request, SignedHeaders=host;x-amz-content-sha256;x-amz-date, Signature=273d836b2b5ff776c25f91c110889b573bf9fcdfe953f029f30dd71bced3bdbb', 'amz-sdk-invocation-id': b'49f04ef9-2c8d-4beb-b5ce-a4f77823da6d', 'amz-sdk-request': b'attempt=1'}>
[ 2025-07-14 23:22:36,595 ] botocore.httpsession - DEBUG - Certificate path: /Users/poppinadityagmail.com/Developer/GitHub_Codes/us-visa-approval-status/.venv/lib/python3.12/site-packages/certifi/cacert.pem
[ 2025-07-14 23:22:36,763 ] urllib3.connectionpool - DEBUG - https://884d322e363a0121b15dc0af65d3aada.r2.cloudflarestorage.com:443 "GET /usvisa-model?prefix=model.pkl&encoding-type=url HTTP/1.1" 200 569
[ 2025-07-14 23:22:36,763 ] botocore.hooks - DEBUG - Event before-parse.s3.ListObjects: calling handler <function _handle_200_error at 0x12fa28860>
[ 2025-07-14 23:22:36,764 ] botocore.hooks - DEBUG - Event before-parse.s3.ListObjects: calling handler <function handle_expires_header at 0x12fa28680>
[ 2025-07-14 23:22:36,764 ] botocore.parsers - DEBUG - Response headers: {'Date': 'Mon, 14 Jul 2025 17:52:36 GMT', 'Content-Type': 'application/xml', 'Content-Length': '569', 'Connection': 'keep-alive', 'Vary': 'Accept-Encoding', 'Server': 'cloudflare', 'CF-RAY': '95f2dff55c46913f-MAA'}
[ 2025-07-14 23:22:36,764 ] botocore.parsers - DEBUG - Response body:
b'<?xml version="1.0" encoding="UTF-8"?><ListBucketResult xmlns="http://s3.amazonaws.com/doc/2006-03-01/"><Name>usvisa-model</Name><Contents><Key>model.pkl</Key><Size>2731508</Size><LastModified>2025-07-14T12:05:09.586Z</LastModified><Owner><ID>884d322e363a0121b15dc0af65d3aada</ID><DisplayName>884d322e363a0121b15dc0af65d3aada</DisplayName></Owner><ETag>&quot;8ee729f5a3c0e1d131f7433988b2fd97&quot;</ETag><StorageClass>STANDARD</StorageClass></Contents><IsTruncated>false</IsTruncated><Prefix>model.pkl</Prefix><Marker></Marker><MaxKeys>1000</MaxKeys></ListBucketResult>'
[ 2025-07-14 23:22:36,765 ] botocore.hooks - DEBUG - Event needs-retry.s3.ListObjects: calling handler <function _update_status_code at 0x12fa289a0>
[ 2025-07-14 23:22:36,765 ] botocore.hooks - DEBUG - Event needs-retry.s3.ListObjects: calling handler <botocore.retryhandler.RetryHandler object at 0x14e6cab40>
[ 2025-07-14 23:22:36,765 ] botocore.retryhandler - DEBUG - No retry needed.
[ 2025-07-14 23:22:36,765 ] botocore.hooks - DEBUG - Event needs-retry.s3.ListObjects: calling handler <bound method S3RegionRedirectorv2.redirect_from_error of <botocore.utils.S3RegionRedirectorv2 object at 0x14e6ca5a0>>
[ 2025-07-14 23:22:36,765 ] botocore.hooks - DEBUG - Event after-call.s3.ListObjects: calling handler <function decode_list_object at 0x12fa0f600>
[ 2025-07-14 23:22:36,765 ] boto3.resources.factory - DEBUG - Loading s3:ObjectSummary
[ 2025-07-14 23:22:36,765 ] boto3.resources.model - DEBUG - Renaming ObjectSummary attribute key
[ 2025-07-14 23:22:36,768 ] botocore.hooks - DEBUG - Event creating-resource-class.s3.ObjectSummary: calling handler <function lazy_call.<locals>._handler at 0x14d39fa60>
[ 2025-07-14 23:22:36,768 ] root - INFO - Exited the get_file_object method of S3Operations class
[ 2025-07-14 23:22:36,768 ] root - INFO - Entered the read_object method of S3Operations class
[ 2025-07-14 23:22:36,768 ] root - INFO - Exited the read_object method of S3Operations class
[ 2025-07-14 23:22:36,768 ] boto3.resources.action - DEBUG - Calling s3:get_object with {'Bucket': 'usvisa-model', 'Key': 'model.pkl'}
[ 2025-07-14 23:22:36,768 ] botocore.hooks - DEBUG - Event before-parameter-build.s3.GetObject: calling handler <function sse_md5 at 0x12fa0e160>
[ 2025-07-14 23:22:36,768 ] botocore.hooks - DEBUG - Event before-parameter-build.s3.GetObject: calling handler <function validate_bucket_name at 0x12fa0e0c0>
[ 2025-07-14 23:22:36,768 ] botocore.hooks - DEBUG - Event before-parameter-build.s3.GetObject: calling handler <function remove_bucket_from_url_paths_from_model at 0x12fa28360>
[ 2025-07-14 23:22:36,768 ] botocore.hooks - DEBUG - Event before-parameter-build.s3.GetObject: calling handler <bound method S3RegionRedirectorv2.annotate_request_context of <botocore.utils.S3RegionRedirectorv2 object at 0x14e6ca5a0>>
[ 2025-07-14 23:22:36,768 ] botocore.hooks - DEBUG - Event before-parameter-build.s3.GetObject: calling handler <bound method ClientCreator._inject_s3_input_parameters of <botocore.client.ClientCreator object at 0x14e2be5a0>>
[ 2025-07-14 23:22:36,768 ] botocore.hooks - DEBUG - Event before-parameter-build.s3.GetObject: calling handler <function generate_idempotent_uuid at 0x12fa0dee0>
[ 2025-07-14 23:22:36,768 ] botocore.hooks - DEBUG - Event before-parameter-build.s3.GetObject: calling handler <function _handle_request_validation_mode_member at 0x12fa28a40>
[ 2025-07-14 23:22:36,768 ] botocore.hooks - DEBUG - Event before-endpoint-resolution.s3: calling handler <function customize_endpoint_resolver_builtins at 0x12fa28540>
[ 2025-07-14 23:22:36,768 ] botocore.hooks - DEBUG - Event before-endpoint-resolution.s3: calling handler <bound method S3RegionRedirectorv2.redirect_from_cache of <botocore.utils.S3RegionRedirectorv2 object at 0x14e6ca5a0>>
[ 2025-07-14 23:22:36,768 ] botocore.regions - DEBUG - Calling endpoint provider with parameters: {'Bucket': 'usvisa-model', 'Region': 'us-east-1', 'UseFIPS': False, 'UseDualStack': False, 'Endpoint': 'https://884d322e363a0121b15dc0af65d3aada.r2.cloudflarestorage.com', 'ForcePathStyle': True, 'Accelerate': False, 'UseGlobalEndpoint': True, 'Key': 'model.pkl', 'DisableMultiRegionAccessPoints': False, 'UseArnRegion': True}
[ 2025-07-14 23:22:36,768 ] botocore.regions - DEBUG - Endpoint provider result: https://884d322e363a0121b15dc0af65d3aada.r2.cloudflarestorage.com/usvisa-model
[ 2025-07-14 23:22:36,768 ] botocore.regions - DEBUG - Selecting from endpoint provider's list of auth schemes: "sigv4". User selected auth scheme is: "None"
[ 2025-07-14 23:22:36,769 ] botocore.regions - DEBUG - Selected auth type "v4" as "v4" with signing context params: {'region': 'us-east-1', 'signing_name': 's3', 'disableDoubleEncoding': True}
[ 2025-07-14 23:22:36,769 ] botocore.hooks - DEBUG - Event before-call.s3.GetObject: calling handler <function add_expect_header at 0x12fa0e480>
[ 2025-07-14 23:22:36,769 ] botocore.hooks - DEBUG - Event before-call.s3.GetObject: calling handler <bound method S3ExpressIdentityResolver.apply_signing_cache_key of <botocore.utils.S3ExpressIdentityResolver object at 0x14e68b320>>
[ 2025-07-14 23:22:36,769 ] botocore.hooks - DEBUG - Event before-call.s3.GetObject: calling handler <function add_recursion_detection_header at 0x12fa0ce00>
[ 2025-07-14 23:22:36,769 ] botocore.hooks - DEBUG - Event before-call.s3.GetObject: calling handler <function inject_api_version_header_if_needed at 0x12fa0f9c0>
[ 2025-07-14 23:22:36,769 ] botocore.endpoint - DEBUG - Making request for OperationModel(name=GetObject) with params: {'url_path': '/model.pkl', 'query_string': {}, 'method': 'GET', 'headers': {'x-amz-checksum-mode': 'ENABLED', 'User-Agent': 'Boto3/1.39.3 md/Botocore#1.39.3 ua/2.1 os/macos#24.5.0 md/arch#arm64 lang/python#3.12.11 md/pyimpl#CPython m/D,Z,N,b cfg/retry-mode#legacy Botocore/1.39.3 Resource'}, 'body': b'', 'auth_path': '/usvisa-model/model.pkl', 'url': 'https://884d322e363a0121b15dc0af65d3aada.r2.cloudflarestorage.com/usvisa-model/model.pkl', 'context': {'client_region': 'us-east-1', 'client_config': <botocore.config.Config object at 0x14bdeff80>, 'has_streaming_input': False, 'auth_type': 'v4', 'unsigned_payload': None, 'auth_options': ['aws.auth#sigv4'], 's3_redirect': {'redirected': False, 'bucket': 'usvisa-model', 'params': {'Bucket': 'usvisa-model', 'Key': 'model.pkl', 'ChecksumMode': 'ENABLED'}}, 'input_params': {'Bucket': 'usvisa-model', 'Key': 'model.pkl'}, 'signing': {'region': 'us-east-1', 'signing_name': 's3', 'disableDoubleEncoding': True}, 'endpoint_properties': {'authSchemes': [{'disableDoubleEncoding': True, 'name': 'sigv4', 'signingName': 's3', 'signingRegion': 'us-east-1'}]}, 'checksum': {'response_algorithms': ['crc32', 'sha1', 'sha256']}}}
[ 2025-07-14 23:22:36,769 ] botocore.hooks - DEBUG - Event request-created.s3.GetObject: calling handler <bound method RequestSigner.handler of <botocore.signers.RequestSigner object at 0x14bdef590>>
[ 2025-07-14 23:22:36,769 ] botocore.hooks - DEBUG - Event choose-signer.s3.GetObject: calling handler <bound method ClientCreator._default_s3_presign_to_sigv2 of <botocore.client.ClientCreator object at 0x14e2be5a0>>
[ 2025-07-14 23:22:36,769 ] botocore.hooks - DEBUG - Event choose-signer.s3.GetObject: calling handler <function set_operation_specific_signer at 0x12fa0dd00>
[ 2025-07-14 23:22:36,769 ] botocore.hooks - DEBUG - Event before-sign.s3.GetObject: calling handler <function remove_arn_from_signing_path at 0x12fa284a0>
[ 2025-07-14 23:22:36,769 ] botocore.hooks - DEBUG - Event before-sign.s3.GetObject: calling handler <function _set_extra_headers_for_unsigned_request at 0x12fa28ae0>
[ 2025-07-14 23:22:36,769 ] botocore.hooks - DEBUG - Event before-sign.s3.GetObject: calling handler <bound method S3ExpressIdentityResolver.resolve_s3express_identity of <botocore.utils.S3ExpressIdentityResolver object at 0x14e68b320>>
[ 2025-07-14 23:22:36,770 ] botocore.auth - DEBUG - Calculating signature using v4 auth.
[ 2025-07-14 23:22:36,770 ] botocore.auth - DEBUG - CanonicalRequest:
GET
/usvisa-model/model.pkl

host:884d322e363a0121b15dc0af65d3aada.r2.cloudflarestorage.com
x-amz-checksum-mode:ENABLED
x-amz-content-sha256:e3b0c44298fc1c149afbf4c8996fb92427ae41e4649b934ca495991b7852b855
x-amz-date:20250714T175236Z

host;x-amz-checksum-mode;x-amz-content-sha256;x-amz-date
e3b0c44298fc1c149afbf4c8996fb92427ae41e4649b934ca495991b7852b855
[ 2025-07-14 23:22:36,770 ] botocore.auth - DEBUG - StringToSign:
AWS4-HMAC-SHA256
20250714T175236Z
20250714/us-east-1/s3/aws4_request
82982e560cee6d0ef0abf9bb5c427e8f42bacbb2fb305906689e8ca3b6e33786
[ 2025-07-14 23:22:36,770 ] botocore.auth - DEBUG - Signature:
dfd70029b0fa2ee0b1383a4bdb7ac32a5c32cb8dde6bfe2949800c48a1f8e5cb
[ 2025-07-14 23:22:36,770 ] botocore.hooks - DEBUG - Event request-created.s3.GetObject: calling handler <bound method UserAgentString.rebuild_and_replace_user_agent_handler of <botocore.useragent.UserAgentString object at 0x14e6ca570>>
[ 2025-07-14 23:22:36,770 ] botocore.hooks - DEBUG - Event request-created.s3.GetObject: calling handler <function add_retry_headers at 0x12fa282c0>
[ 2025-07-14 23:22:36,770 ] botocore.endpoint - DEBUG - Sending http request: <AWSPreparedRequest stream_output=True, method=GET, url=https://884d322e363a0121b15dc0af65d3aada.r2.cloudflarestorage.com/usvisa-model/model.pkl, headers={'x-amz-checksum-mode': b'ENABLED', 'User-Agent': b'Boto3/1.39.3 md/Botocore#1.39.3 ua/2.1 os/macos#24.5.0 md/arch#arm64 lang/python#3.12.11 md/pyimpl#CPython m/D,Z,N,b cfg/retry-mode#legacy Botocore/1.39.3 Resource', 'X-Amz-Date': b'20250714T175236Z', 'X-Amz-Content-SHA256': b'e3b0c44298fc1c149afbf4c8996fb92427ae41e4649b934ca495991b7852b855', 'Authorization': b'AWS4-HMAC-SHA256 Credential=7d8680852609bcc98ba6a26c8220c84f/20250714/us-east-1/s3/aws4_request, SignedHeaders=host;x-amz-checksum-mode;x-amz-content-sha256;x-amz-date, Signature=dfd70029b0fa2ee0b1383a4bdb7ac32a5c32cb8dde6bfe2949800c48a1f8e5cb', 'amz-sdk-invocation-id': b'80590e37-80ba-4c05-9e79-faa82383f7af', 'amz-sdk-request': b'attempt=1'}>
[ 2025-07-14 23:22:36,770 ] botocore.httpsession - DEBUG - Certificate path: /Users/poppinadityagmail.com/Developer/GitHub_Codes/us-visa-approval-status/.venv/lib/python3.12/site-packages/certifi/cacert.pem
[ 2025-07-14 23:22:36,932 ] urllib3.connectionpool - DEBUG - https://884d322e363a0121b15dc0af65d3aada.r2.cloudflarestorage.com:443 "GET /usvisa-model/model.pkl HTTP/1.1" 200 2731508
[ 2025-07-14 23:22:36,933 ] botocore.hooks - DEBUG - Event before-parse.s3.GetObject: calling handler <function _handle_200_error at 0x12fa28860>
[ 2025-07-14 23:22:36,933 ] botocore.hooks - DEBUG - Event before-parse.s3.GetObject: calling handler <function handle_expires_header at 0x12fa28680>
[ 2025-07-14 23:22:36,933 ] botocore.parsers - DEBUG - Response headers: {'Date': 'Mon, 14 Jul 2025 17:52:36 GMT', 'Content-Length': '2731508', 'Connection': 'keep-alive', 'Accept-Ranges': 'bytes', 'Content-Encoding': 'aws-chunked', 'ETag': '"8ee729f5a3c0e1d131f7433988b2fd97"', 'Last-Modified': 'Mon, 14 Jul 2025 12:05:09 GMT', 'x-amz-checksum-crc32': 'pESRyw==', 'Vary': 'Accept-Encoding', 'Server': 'cloudflare', 'CF-RAY': '95f2dff66d0e913f-MAA'}
[ 2025-07-14 23:22:36,933 ] botocore.parsers - DEBUG - Response body:
<botocore.httpchecksum.StreamingChecksumBody object at 0x14e73fd00>
[ 2025-07-14 23:22:36,934 ] botocore.hooks - DEBUG - Event needs-retry.s3.GetObject: calling handler <function _update_status_code at 0x12fa289a0>
[ 2025-07-14 23:22:36,934 ] botocore.hooks - DEBUG - Event needs-retry.s3.GetObject: calling handler <botocore.retryhandler.RetryHandler object at 0x14e6cab40>
[ 2025-07-14 23:22:36,934 ] botocore.retryhandler - DEBUG - No retry needed.
[ 2025-07-14 23:22:36,934 ] botocore.hooks - DEBUG - Event needs-retry.s3.GetObject: calling handler <bound method S3RegionRedirectorv2.redirect_from_error of <botocore.utils.S3RegionRedirectorv2 object at 0x14e6ca5a0>>
[ 2025-07-14 23:22:36,934 ] boto3.resources.action - DEBUG - Response: {'ResponseMetadata': {'HTTPStatusCode': 200, 'HTTPHeaders': {'date': 'Mon, 14 Jul 2025 17:52:36 GMT', 'content-length': '2731508', 'connection': 'keep-alive', 'accept-ranges': 'bytes', 'content-encoding': 'aws-chunked', 'etag': '"8ee729f5a3c0e1d131f7433988b2fd97"', 'last-modified': 'Mon, 14 Jul 2025 12:05:09 GMT', 'x-amz-checksum-crc32': 'pESRyw==', 'vary': 'Accept-Encoding', 'server': 'cloudflare', 'cf-ray': '95f2dff66d0e913f-MAA'}, 'ChecksumAlgorithm': 'crc32', 'RetryAttempts': 0}, 'AcceptRanges': 'bytes', 'LastModified': datetime.datetime(2025, 7, 14, 12, 5, 9, tzinfo=tzutc()), 'ContentLength': 2731508, 'ETag': '"8ee729f5a3c0e1d131f7433988b2fd97"', 'ChecksumCRC32': 'pESRyw==', 'ContentEncoding': 'aws-chunked', 'Metadata': {}, 'Body': <botocore.httpchecksum.StreamingChecksumBody object at 0x14e73fd00>}
[ 2025-07-14 23:22:37,014 ] root - INFO - Exited the load_model method of S3Operations class
[ 2025-07-14 23:22:37,015 ] root - INFO - Entered predict method of UTruckModel class
[ 2025-07-14 23:22:37,015 ] root - INFO - Using the trained model to get predictions
[ 2025-07-14 23:22:37,024 ] root - INFO - Used the trained model to get predictions
[ 2025-07-14 23:22:37,026 ] root - INFO - Prediction completed successfully.
[ 2025-07-14 23:22:37,026 ] root - INFO - Prediction completed.
