[ 2025-07-12 23:45:33,660 ] root - INFO - Initializing TrainPipeline class
[ 2025-07-12 23:45:33,661 ] root - INFO - Entered the [run_pipeline] method of TrainPipeline class
[ 2025-07-12 23:45:33,661 ] root - INFO - Entered the [start_data_ingestion] method of TrainPipeline class
[ 2025-07-12 23:45:33,661 ] root - INFO - Getting data from mongo db
[ 2025-07-12 23:45:33,661 ] root - INFO - Data_Ingestion class object created
[ 2025-07-12 23:45:33,661 ] root - INFO - Entered [initiate_data_ingestion] method of DataIngestion class
[ 2025-07-12 23:45:33,661 ] root - INFO - Entered [export_data_into_feature_store] method of Data_Ingestion class
[ 2025-07-12 23:45:33,661 ] root - INFO - Exporting data from mongodb
[ 2025-07-12 23:45:33,848 ] pymongo.topology - DEBUG - {"message": "Starting topology monitoring", "topologyId": {"$oid": "6872a6459ebe7c490ac3af2c"}}
[ 2025-07-12 23:45:33,848 ] pymongo.topology - DEBUG - {"message": "Topology description changed", "topologyId": {"$oid": "6872a6459ebe7c490ac3af2c"}, "previousDescription": "<TopologyDescription id: 6872a6459ebe7c490ac3af2c, topology_type: Unknown, servers: []>", "newDescription": "<TopologyDescription id: 6872a6459ebe7c490ac3af2c, topology_type: ReplicaSetNoPrimary, servers: [<ServerDescription ('ac-seftnoh-shard-00-00.ajiae5a.mongodb.net', 27017) server_type: Unknown, rtt: None>, <ServerDescription ('ac-seftnoh-shard-00-01.ajiae5a.mongodb.net', 27017) server_type: Unknown, rtt: None>, <ServerDescription ('ac-seftnoh-shard-00-02.ajiae5a.mongodb.net', 27017) server_type: Unknown, rtt: None>]>"}
[ 2025-07-12 23:45:33,848 ] pymongo.topology - DEBUG - {"message": "Starting server monitoring", "topologyId": {"$oid": "6872a6459ebe7c490ac3af2c"}, "serverHost": "ac-seftnoh-shard-00-01.ajiae5a.mongodb.net", "serverPort": 27017}
[ 2025-07-12 23:45:33,848 ] pymongo.topology - DEBUG - {"message": "Starting server monitoring", "topologyId": {"$oid": "6872a6459ebe7c490ac3af2c"}, "serverHost": "ac-seftnoh-shard-00-00.ajiae5a.mongodb.net", "serverPort": 27017}
[ 2025-07-12 23:45:33,848 ] pymongo.topology - DEBUG - {"message": "Starting server monitoring", "topologyId": {"$oid": "6872a6459ebe7c490ac3af2c"}, "serverHost": "ac-seftnoh-shard-00-02.ajiae5a.mongodb.net", "serverPort": 27017}
[ 2025-07-12 23:45:33,849 ] pymongo.connection - DEBUG - {"message": "Connection pool created", "clientId": {"$oid": "6872a6459ebe7c490ac3af2c"}, "serverHost": "ac-seftnoh-shard-00-01.ajiae5a.mongodb.net", "serverPort": 27017}
[ 2025-07-12 23:45:33,849 ] pymongo.connection - DEBUG - {"message": "Connection pool created", "clientId": {"$oid": "6872a6459ebe7c490ac3af2c"}, "serverHost": "ac-seftnoh-shard-00-00.ajiae5a.mongodb.net", "serverPort": 27017}
[ 2025-07-12 23:45:33,849 ] pymongo.connection - DEBUG - {"message": "Connection pool created", "clientId": {"$oid": "6872a6459ebe7c490ac3af2c"}, "serverHost": "ac-seftnoh-shard-00-02.ajiae5a.mongodb.net", "serverPort": 27017}
[ 2025-07-12 23:45:33,850 ] root - INFO - MongoDB connection succesfull
[ 2025-07-12 23:45:33,850 ] pymongo.serverSelection - DEBUG - {"message": "Server selection started", "selector": "Primary()", "operation": "find", "topologyDescription": "<TopologyDescription id: 6872a6459ebe7c490ac3af2c, topology_type: ReplicaSetNoPrimary, servers: [<ServerDescription ('ac-seftnoh-shard-00-00.ajiae5a.mongodb.net', 27017) server_type: Unknown, rtt: None>, <ServerDescription ('ac-seftnoh-shard-00-01.ajiae5a.mongodb.net', 27017) server_type: Unknown, rtt: None>, <ServerDescription ('ac-seftnoh-shard-00-02.ajiae5a.mongodb.net', 27017) server_type: Unknown, rtt: None>]>", "clientId": {"$oid": "6872a6459ebe7c490ac3af2c"}}
[ 2025-07-12 23:45:33,850 ] pymongo.serverSelection - DEBUG - {"message": "Waiting for suitable server to become available", "selector": "Primary()", "operation": "find", "topologyDescription": "<TopologyDescription id: 6872a6459ebe7c490ac3af2c, topology_type: ReplicaSetNoPrimary, servers: [<ServerDescription ('ac-seftnoh-shard-00-00.ajiae5a.mongodb.net', 27017) server_type: Unknown, rtt: None>, <ServerDescription ('ac-seftnoh-shard-00-01.ajiae5a.mongodb.net', 27017) server_type: Unknown, rtt: None>, <ServerDescription ('ac-seftnoh-shard-00-02.ajiae5a.mongodb.net', 27017) server_type: Unknown, rtt: None>]>", "clientId": {"$oid": "6872a6459ebe7c490ac3af2c"}, "remainingTimeMS": 29999}
[ 2025-07-12 23:45:34,180 ] pymongo.topology - DEBUG - {"message": "Server heartbeat started", "topologyId": {"$oid": "6872a6459ebe7c490ac3af2c"}, "driverConnectionId": 1, "serverHost": "ac-seftnoh-shard-00-02.ajiae5a.mongodb.net", "serverPort": 27017, "awaited": false}
[ 2025-07-12 23:45:34,191 ] pymongo.topology - DEBUG - {"message": "Server heartbeat started", "topologyId": {"$oid": "6872a6459ebe7c490ac3af2c"}, "driverConnectionId": 1, "serverHost": "ac-seftnoh-shard-00-00.ajiae5a.mongodb.net", "serverPort": 27017, "awaited": false}
[ 2025-07-12 23:45:34,206 ] pymongo.topology - DEBUG - {"message": "Server heartbeat started", "topologyId": {"$oid": "6872a6459ebe7c490ac3af2c"}, "driverConnectionId": 1, "serverHost": "ac-seftnoh-shard-00-01.ajiae5a.mongodb.net", "serverPort": 27017, "awaited": false}
[ 2025-07-12 23:45:34,240 ] pymongo.topology - DEBUG - {"message": "Server heartbeat succeeded", "topologyId": {"$oid": "6872a6459ebe7c490ac3af2c"}, "driverConnectionId": 1, "serverConnectionId": 24405, "serverHost": "ac-seftnoh-shard-00-02.ajiae5a.mongodb.net", "serverPort": 27017, "awaited": false, "durationMS": 59.92208397947252, "reply": "{\"helloOk\": true, \"topologyVersion\": {\"processId\": {\"$oid\": \"68712b88e825f82d0dc0fc06\"}, \"counter\": 6}, \"hosts\": [\"ac-seftnoh-shard-00-00.ajiae5a.mongodb.net:27017\", \"ac-seftnoh-shard-00-01.ajiae5a.mongodb.net:27017\", \"ac-seftnoh-shard-00-02.ajiae5a.mongodb.net:27017\"], \"setName\": \"atlas-huz2dh-shard-0\", \"setVersion\": 299, \"ismaster\": true, \"primary\": \"ac-seftnoh-shard-00-02.ajiae5a.mongodb.net:27017\", \"tags\": {\"diskState\": \"READY\", \"availabilityZone\": \"aps1-az2\", \"workloadType\": \"OPERATIONAL\", \"region\": \"AP_SOUTH_1\", \"provider\": \"AWS\", \"nodeType\": \"ELECTABLE\"}, \"me\": \"ac-seftnoh-shard-00-02.ajiae5a.mongodb.net:27017\", \"electionId\": {\"$oid\": \"7fffffff0000000000000111\"}, \"lastWrite\": {\"opTime\": {\"ts\": {\"$timestamp\": {\"t\": 1752344134, \"i\": 4}}, \"t\": 273}, \"lastWriteDate\": {\"$date\": \"2025-07-12T18:15:34Z\"}, \"majorityOpTime\": {\"ts\": {\"$timestamp\": {\"t\": 1752344134, \"i\": 4}}, \"t\": 273}, \"majorityWriteDate\": {\"$date\": \"2025-07-12T18:15:34Z\"}}, \"maxBsonObjectSize\": 16777216, \"maxMessageSizeBy..."}
[ 2025-07-12 23:45:34,243 ] pymongo.connection - DEBUG - {"message": "Connection pool ready", "clientId": {"$oid": "6872a6459ebe7c490ac3af2c"}, "serverHost": "ac-seftnoh-shard-00-02.ajiae5a.mongodb.net", "serverPort": 27017}
[ 2025-07-12 23:45:34,244 ] pymongo.topology - DEBUG - {"message": "Topology description changed", "topologyId": {"$oid": "6872a6459ebe7c490ac3af2c"}, "previousDescription": "<TopologyDescription id: 6872a6459ebe7c490ac3af2c, topology_type: ReplicaSetNoPrimary, servers: [<ServerDescription ('ac-seftnoh-shard-00-00.ajiae5a.mongodb.net', 27017) server_type: Unknown, rtt: None>, <ServerDescription ('ac-seftnoh-shard-00-01.ajiae5a.mongodb.net', 27017) server_type: Unknown, rtt: None>, <ServerDescription ('ac-seftnoh-shard-00-02.ajiae5a.mongodb.net', 27017) server_type: Unknown, rtt: None>]>", "newDescription": "<TopologyDescription id: 6872a6459ebe7c490ac3af2c, topology_type: ReplicaSetWithPrimary, servers: [<ServerDescription ('ac-seftnoh-shard-00-00.ajiae5a.mongodb.net', 27017) server_type: Unknown, rtt: None>, <ServerDescription ('ac-seftnoh-shard-00-01.ajiae5a.mongodb.net', 27017) server_type: Unknown, rtt: None>, <ServerDescription ('ac-seftnoh-shard-00-02.ajiae5a.mongodb.net', 27017) server_type: RSPrimary, rtt: 0.05992208397947252>]>"}
[ 2025-07-12 23:45:34,244 ] pymongo.serverSelection - DEBUG - {"message": "Server selection succeeded", "selector": "Primary()", "operation": "find", "topologyDescription": "<TopologyDescription id: 6872a6459ebe7c490ac3af2c, topology_type: ReplicaSetWithPrimary, servers: [<ServerDescription ('ac-seftnoh-shard-00-00.ajiae5a.mongodb.net', 27017) server_type: Unknown, rtt: None>, <ServerDescription ('ac-seftnoh-shard-00-01.ajiae5a.mongodb.net', 27017) server_type: Unknown, rtt: None>, <ServerDescription ('ac-seftnoh-shard-00-02.ajiae5a.mongodb.net', 27017) server_type: RSPrimary, rtt: 0.05992208397947252>]>", "clientId": {"$oid": "6872a6459ebe7c490ac3af2c"}, "serverHost": "ac-seftnoh-shard-00-02.ajiae5a.mongodb.net", "serverPort": 27017}
[ 2025-07-12 23:45:34,245 ] pymongo.connection - DEBUG - {"message": "Connection checkout started", "clientId": {"$oid": "6872a6459ebe7c490ac3af2c"}, "serverHost": "ac-seftnoh-shard-00-02.ajiae5a.mongodb.net", "serverPort": 27017}
[ 2025-07-12 23:45:34,245 ] pymongo.connection - DEBUG - {"message": "Connection created", "clientId": {"$oid": "6872a6459ebe7c490ac3af2c"}, "serverHost": "ac-seftnoh-shard-00-02.ajiae5a.mongodb.net", "serverPort": 27017, "driverConnectionId": 1}
[ 2025-07-12 23:45:34,245 ] pymongo.topology - DEBUG - {"message": "Server heartbeat started", "topologyId": {"$oid": "6872a6459ebe7c490ac3af2c"}, "driverConnectionId": 1, "serverConnectionId": 24405, "serverHost": "ac-seftnoh-shard-00-02.ajiae5a.mongodb.net", "serverPort": 27017, "awaited": true}
[ 2025-07-12 23:45:34,255 ] pymongo.topology - DEBUG - {"message": "Server heartbeat succeeded", "topologyId": {"$oid": "6872a6459ebe7c490ac3af2c"}, "driverConnectionId": 1, "serverConnectionId": 23550, "serverHost": "ac-seftnoh-shard-00-00.ajiae5a.mongodb.net", "serverPort": 27017, "awaited": false, "durationMS": 63.80637499387376, "reply": "{\"helloOk\": true, \"topologyVersion\": {\"processId\": {\"$oid\": \"68712b49081a705f8235132a\"}, \"counter\": 4}, \"hosts\": [\"ac-seftnoh-shard-00-00.ajiae5a.mongodb.net:27017\", \"ac-seftnoh-shard-00-01.ajiae5a.mongodb.net:27017\", \"ac-seftnoh-shard-00-02.ajiae5a.mongodb.net:27017\"], \"setName\": \"atlas-huz2dh-shard-0\", \"setVersion\": 299, \"secondary\": true, \"primary\": \"ac-seftnoh-shard-00-02.ajiae5a.mongodb.net:27017\", \"tags\": {\"availabilityZone\": \"aps1-az1\", \"diskState\": \"READY\", \"nodeType\": \"ELECTABLE\", \"region\": \"AP_SOUTH_1\", \"workloadType\": \"OPERATIONAL\", \"provider\": \"AWS\"}, \"me\": \"ac-seftnoh-shard-00-00.ajiae5a.mongodb.net:27017\", \"lastWrite\": {\"opTime\": {\"ts\": {\"$timestamp\": {\"t\": 1752344134, \"i\": 5}}, \"t\": 273}, \"lastWriteDate\": {\"$date\": \"2025-07-12T18:15:34Z\"}, \"majorityOpTime\": {\"ts\": {\"$timestamp\": {\"t\": 1752344134, \"i\": 5}}, \"t\": 273}, \"majorityWriteDate\": {\"$date\": \"2025-07-12T18:15:34Z\"}}, \"maxBsonObjectSize\": 16777216, \"maxMessageSizeBytes\": 48000000, \"maxWriteBatchSize\": 100000, \"local..."}
[ 2025-07-12 23:45:34,255 ] pymongo.connection - DEBUG - {"message": "Connection pool ready", "clientId": {"$oid": "6872a6459ebe7c490ac3af2c"}, "serverHost": "ac-seftnoh-shard-00-00.ajiae5a.mongodb.net", "serverPort": 27017}
[ 2025-07-12 23:45:34,255 ] pymongo.topology - DEBUG - {"message": "Topology description changed", "topologyId": {"$oid": "6872a6459ebe7c490ac3af2c"}, "previousDescription": "<TopologyDescription id: 6872a6459ebe7c490ac3af2c, topology_type: ReplicaSetWithPrimary, servers: [<ServerDescription ('ac-seftnoh-shard-00-00.ajiae5a.mongodb.net', 27017) server_type: Unknown, rtt: None>, <ServerDescription ('ac-seftnoh-shard-00-01.ajiae5a.mongodb.net', 27017) server_type: Unknown, rtt: None>, <ServerDescription ('ac-seftnoh-shard-00-02.ajiae5a.mongodb.net', 27017) server_type: RSPrimary, rtt: 0.05992208397947252>]>", "newDescription": "<TopologyDescription id: 6872a6459ebe7c490ac3af2c, topology_type: ReplicaSetWithPrimary, servers: [<ServerDescription ('ac-seftnoh-shard-00-00.ajiae5a.mongodb.net', 27017) server_type: RSSecondary, rtt: 0.06380637499387376>, <ServerDescription ('ac-seftnoh-shard-00-01.ajiae5a.mongodb.net', 27017) server_type: Unknown, rtt: None>, <ServerDescription ('ac-seftnoh-shard-00-02.ajiae5a.mongodb.net', 27017) server_type: RSPrimary, rtt: 0.05992208397947252>]>"}
[ 2025-07-12 23:45:34,256 ] pymongo.topology - DEBUG - {"message": "Server heartbeat started", "topologyId": {"$oid": "6872a6459ebe7c490ac3af2c"}, "driverConnectionId": 1, "serverConnectionId": 23550, "serverHost": "ac-seftnoh-shard-00-00.ajiae5a.mongodb.net", "serverPort": 27017, "awaited": true}
[ 2025-07-12 23:45:34,267 ] pymongo.topology - DEBUG - {"message": "Server heartbeat succeeded", "topologyId": {"$oid": "6872a6459ebe7c490ac3af2c"}, "driverConnectionId": 1, "serverConnectionId": 22930, "serverHost": "ac-seftnoh-shard-00-01.ajiae5a.mongodb.net", "serverPort": 27017, "awaited": false, "durationMS": 60.13912500930019, "reply": "{\"helloOk\": true, \"topologyVersion\": {\"processId\": {\"$oid\": \"68712bc703db27a9c7dda3d9\"}, \"counter\": 3}, \"hosts\": [\"ac-seftnoh-shard-00-00.ajiae5a.mongodb.net:27017\", \"ac-seftnoh-shard-00-01.ajiae5a.mongodb.net:27017\", \"ac-seftnoh-shard-00-02.ajiae5a.mongodb.net:27017\"], \"setName\": \"atlas-huz2dh-shard-0\", \"setVersion\": 299, \"secondary\": true, \"primary\": \"ac-seftnoh-shard-00-02.ajiae5a.mongodb.net:27017\", \"tags\": {\"workloadType\": \"OPERATIONAL\", \"diskState\": \"READY\", \"nodeType\": \"ELECTABLE\", \"provider\": \"AWS\", \"region\": \"AP_SOUTH_1\", \"availabilityZone\": \"aps1-az3\"}, \"me\": \"ac-seftnoh-shard-00-01.ajiae5a.mongodb.net:27017\", \"lastWrite\": {\"opTime\": {\"ts\": {\"$timestamp\": {\"t\": 1752344134, \"i\": 5}}, \"t\": 273}, \"lastWriteDate\": {\"$date\": \"2025-07-12T18:15:34Z\"}, \"majorityOpTime\": {\"ts\": {\"$timestamp\": {\"t\": 1752344134, \"i\": 5}}, \"t\": 273}, \"majorityWriteDate\": {\"$date\": \"2025-07-12T18:15:34Z\"}}, \"maxBsonObjectSize\": 16777216, \"maxMessageSizeBytes\": 48000000, \"maxWriteBatchSize\": 100000, \"local..."}
[ 2025-07-12 23:45:34,267 ] pymongo.connection - DEBUG - {"message": "Connection pool ready", "clientId": {"$oid": "6872a6459ebe7c490ac3af2c"}, "serverHost": "ac-seftnoh-shard-00-01.ajiae5a.mongodb.net", "serverPort": 27017}
[ 2025-07-12 23:45:34,267 ] pymongo.topology - DEBUG - {"message": "Topology description changed", "topologyId": {"$oid": "6872a6459ebe7c490ac3af2c"}, "previousDescription": "<TopologyDescription id: 6872a6459ebe7c490ac3af2c, topology_type: ReplicaSetWithPrimary, servers: [<ServerDescription ('ac-seftnoh-shard-00-00.ajiae5a.mongodb.net', 27017) server_type: RSSecondary, rtt: 0.06380637499387376>, <ServerDescription ('ac-seftnoh-shard-00-01.ajiae5a.mongodb.net', 27017) server_type: Unknown, rtt: None>, <ServerDescription ('ac-seftnoh-shard-00-02.ajiae5a.mongodb.net', 27017) server_type: RSPrimary, rtt: 0.05992208397947252>]>", "newDescription": "<TopologyDescription id: 6872a6459ebe7c490ac3af2c, topology_type: ReplicaSetWithPrimary, servers: [<ServerDescription ('ac-seftnoh-shard-00-00.ajiae5a.mongodb.net', 27017) server_type: RSSecondary, rtt: 0.06380637499387376>, <ServerDescription ('ac-seftnoh-shard-00-01.ajiae5a.mongodb.net', 27017) server_type: RSSecondary, rtt: 0.06013912500930019>, <ServerDescription ('ac-seftnoh-shard-00-02.ajiae5a.mongodb.net', 27017) server_type: RSPrimary, rtt: 0.05992208397947252>]>"}
[ 2025-07-12 23:45:34,267 ] pymongo.topology - DEBUG - {"message": "Server heartbeat started", "topologyId": {"$oid": "6872a6459ebe7c490ac3af2c"}, "driverConnectionId": 1, "serverConnectionId": 22930, "serverHost": "ac-seftnoh-shard-00-01.ajiae5a.mongodb.net", "serverPort": 27017, "awaited": true}
[ 2025-07-12 23:45:34,598 ] pymongo.connection - DEBUG - {"message": "Connection ready", "clientId": {"$oid": "6872a6459ebe7c490ac3af2c"}, "serverHost": "ac-seftnoh-shard-00-02.ajiae5a.mongodb.net", "serverPort": 27017, "driverConnectionId": 1, "durationMS": 0.18318574997829273}
[ 2025-07-12 23:45:34,599 ] pymongo.connection - DEBUG - {"message": "Connection checked out", "clientId": {"$oid": "6872a6459ebe7c490ac3af2c"}, "serverHost": "ac-seftnoh-shard-00-02.ajiae5a.mongodb.net", "serverPort": 27017, "driverConnectionId": 1, "durationMS": 0.3542399170110002}
[ 2025-07-12 23:45:34,599 ] pymongo.command - DEBUG - {"message": "Command started", "clientId": {"$oid": "6872a6459ebe7c490ac3af2c"}, "command": "{\"find\": \"visa_data\", \"lsid\": {\"id\": {\"$binary\": {\"base64\": \"mfP4EU5/TUGiLUzAbtlmjQ==\", \"subType\": \"04\"}}}, \"$clusterTime\": {\"clusterTime\": {\"$timestamp\": {\"t\": 1752344134, \"i\": 7}}, \"signature\": {\"hash\": {\"$binary\": {\"base64\": \"/XtH/tat6aMxJuxRTWh1HAz/dZU=\", \"subType\": \"00\"}}, \"keyId\": 7481317547657134092}}, \"$db\": \"US_VISA\"}", "commandName": "find", "databaseName": "US_VISA", "requestId": 1784484492, "operationId": 1784484492, "driverConnectionId": 1, "serverConnectionId": 24391, "serverHost": "ac-seftnoh-shard-00-02.ajiae5a.mongodb.net", "serverPort": 27017}
[ 2025-07-12 23:45:34,729 ] pymongo.command - DEBUG - {"message": "Command succeeded", "clientId": {"$oid": "6872a6459ebe7c490ac3af2c"}, "durationMS": 129.864, "reply": "{\"cursor\": {\"firstBatch\": [{\"_id\": {\"$oid\": \"686d14e0c5d3562c6585297d\"}, \"case_id\": \"EZYV01\", \"continent\": \"Asia\", \"education_of_employee\": \"High School\", \"has_job_experience\": \"N\", \"requires_job_training\": \"N\", \"no_of_employees\": 14513, \"yr_of_estab\": 2007, \"region_of_employment\": \"West\", \"prevailing_wage\": 592.2029, \"unit_of_wage\": \"Hour\", \"full_time_position\": \"Y\", \"case_status\": \"Denied\"}, {\"_id\": {\"$oid\": \"686d14e0c5d3562c6585297e\"}, \"case_id\": \"EZYV02\", \"continent\": \"Asia\", \"education_of_employee\": \"Master's\", \"has_job_experience\": \"Y\", \"requires_job_training\": \"N\", \"no_of_employees\": 2412, \"yr_of_estab\": 2002, \"region_of_employment\": \"Northeast\", \"prevailing_wage\": 83425.65, \"unit_of_wage\": \"Year\", \"full_time_position\": \"Y\", \"case_status\": \"Certified\"}, {\"_id\": {\"$oid\": \"686d14e0c5d3562c6585297f\"}, \"case_id\": \"EZYV03\", \"continent\": \"Asia\", \"education_of_employee\": \"Bachelor's\", \"has_job_experience\": \"N\", \"requires_job_training\": \"Y\", \"no_of_employees\": 44444, \"yr_of_estab\": 2008...", "commandName": "find", "databaseName": "US_VISA", "requestId": 1784484492, "operationId": 1784484492, "driverConnectionId": 1, "serverConnectionId": 24391, "serverHost": "ac-seftnoh-shard-00-02.ajiae5a.mongodb.net", "serverPort": 27017}
[ 2025-07-12 23:45:34,729 ] pymongo.connection - DEBUG - {"message": "Connection checked in", "clientId": {"$oid": "6872a6459ebe7c490ac3af2c"}, "serverHost": "ac-seftnoh-shard-00-02.ajiae5a.mongodb.net", "serverPort": 27017, "driverConnectionId": 1}
[ 2025-07-12 23:45:34,729 ] pymongo.serverSelection - DEBUG - {"message": "Server selection started", "selector": "<function any_server_selector at 0x146670540>", "operation": "getMore", "topologyDescription": "<TopologyDescription id: 6872a6459ebe7c490ac3af2c, topology_type: ReplicaSetWithPrimary, servers: [<ServerDescription ('ac-seftnoh-shard-00-00.ajiae5a.mongodb.net', 27017) server_type: RSSecondary, rtt: 0.06380637499387376>, <ServerDescription ('ac-seftnoh-shard-00-01.ajiae5a.mongodb.net', 27017) server_type: RSSecondary, rtt: 0.06013912500930019>, <ServerDescription ('ac-seftnoh-shard-00-02.ajiae5a.mongodb.net', 27017) server_type: RSPrimary, rtt: 0.05992208397947252>]>", "clientId": {"$oid": "6872a6459ebe7c490ac3af2c"}}
[ 2025-07-12 23:45:34,730 ] pymongo.serverSelection - DEBUG - {"message": "Server selection succeeded", "selector": "<function any_server_selector at 0x146670540>", "operation": "getMore", "topologyDescription": "<TopologyDescription id: 6872a6459ebe7c490ac3af2c, topology_type: ReplicaSetWithPrimary, servers: [<ServerDescription ('ac-seftnoh-shard-00-00.ajiae5a.mongodb.net', 27017) server_type: RSSecondary, rtt: 0.06380637499387376>, <ServerDescription ('ac-seftnoh-shard-00-01.ajiae5a.mongodb.net', 27017) server_type: RSSecondary, rtt: 0.06013912500930019>, <ServerDescription ('ac-seftnoh-shard-00-02.ajiae5a.mongodb.net', 27017) server_type: RSPrimary, rtt: 0.05992208397947252>]>", "clientId": {"$oid": "6872a6459ebe7c490ac3af2c"}, "serverHost": "ac-seftnoh-shard-00-02.ajiae5a.mongodb.net", "serverPort": 27017}
[ 2025-07-12 23:45:34,730 ] pymongo.connection - DEBUG - {"message": "Connection checkout started", "clientId": {"$oid": "6872a6459ebe7c490ac3af2c"}, "serverHost": "ac-seftnoh-shard-00-02.ajiae5a.mongodb.net", "serverPort": 27017}
[ 2025-07-12 23:45:34,730 ] pymongo.connection - DEBUG - {"message": "Connection checked out", "clientId": {"$oid": "6872a6459ebe7c490ac3af2c"}, "serverHost": "ac-seftnoh-shard-00-02.ajiae5a.mongodb.net", "serverPort": 27017, "driverConnectionId": 1, "durationMS": 5.900001269765198e-05}
[ 2025-07-12 23:45:34,730 ] pymongo.command - DEBUG - {"message": "Command started", "clientId": {"$oid": "6872a6459ebe7c490ac3af2c"}, "command": "{\"getMore\": 5650939748914364906, \"collection\": \"visa_data\", \"lsid\": {\"id\": {\"$binary\": {\"base64\": \"mfP4EU5/TUGiLUzAbtlmjQ==\", \"subType\": \"04\"}}}, \"$clusterTime\": {\"clusterTime\": {\"$timestamp\": {\"t\": 1752344134, \"i\": 11}}, \"signature\": {\"hash\": {\"$binary\": {\"base64\": \"/XtH/tat6aMxJuxRTWh1HAz/dZU=\", \"subType\": \"00\"}}, \"keyId\": 7481317547657134092}}, \"$db\": \"US_VISA\"}", "commandName": "getMore", "databaseName": "US_VISA", "requestId": 74243042, "operationId": 74243042, "driverConnectionId": 1, "serverConnectionId": 24391, "serverHost": "ac-seftnoh-shard-00-02.ajiae5a.mongodb.net", "serverPort": 27017}
[ 2025-07-12 23:45:36,778 ] pymongo.command - DEBUG - {"message": "Command succeeded", "clientId": {"$oid": "6872a6459ebe7c490ac3af2c"}, "durationMS": 2047.8239999999998, "reply": "{\"cursor\": {\"nextBatch\": [{\"_id\": {\"$oid\": \"686d14e0c5d3562c658529e2\"}, \"case_id\": \"EZYV102\", \"continent\": \"Asia\", \"education_of_employee\": \"Master's\", \"has_job_experience\": \"Y\", \"requires_job_training\": \"N\", \"no_of_employees\": 334, \"yr_of_estab\": 2007, \"region_of_employment\": \"Midwest\", \"prevailing_wage\": 43421.88, \"unit_of_wage\": \"Year\", \"full_time_position\": \"Y\", \"case_status\": \"Certified\"}, {\"_id\": {\"$oid\": \"686d14e0c5d3562c658529e3\"}, \"case_id\": \"EZYV103\", \"continent\": \"Asia\", \"education_of_employee\": \"Bachelor's\", \"has_job_experience\": \"Y\", \"requires_job_training\": \"N\", \"no_of_employees\": 224, \"yr_of_estab\": 2008, \"region_of_employment\": \"Midwest\", \"prevailing_wage\": 80253.78, \"unit_of_wage\": \"Year\", \"full_time_position\": \"Y\", \"case_status\": \"Certified\"}, {\"_id\": {\"$oid\": \"686d14e0c5d3562c658529e4\"}, \"case_id\": \"EZYV104\", \"continent\": \"Asia\", \"education_of_employee\": \"Doctorate\", \"has_job_experience\": \"Y\", \"requires_job_training\": \"N\", \"no_of_employees\": 367, \"yr_of_estab\": 1982,...", "commandName": "getMore", "databaseName": "US_VISA", "requestId": 74243042, "operationId": 74243042, "driverConnectionId": 1, "serverConnectionId": 24391, "serverHost": "ac-seftnoh-shard-00-02.ajiae5a.mongodb.net", "serverPort": 27017}
[ 2025-07-12 23:45:36,778 ] pymongo.connection - DEBUG - {"message": "Connection checked in", "clientId": {"$oid": "6872a6459ebe7c490ac3af2c"}, "serverHost": "ac-seftnoh-shard-00-02.ajiae5a.mongodb.net", "serverPort": 27017, "driverConnectionId": 1}
[ 2025-07-12 23:45:36,827 ] root - INFO - Shape of dataframe: (25480, 12)
[ 2025-07-12 23:45:36,828 ] root - INFO - Shape of dataframe: (25480, 12)
[ 2025-07-12 23:45:36,828 ] root - INFO - Saving exported data into feature store file path: artifact/07_12_2025_23-45-33/data_ingestion/feature_store
[ 2025-07-12 23:45:36,877 ] root - INFO - Got the data from mongodb
[ 2025-07-12 23:45:36,877 ] root - INFO - Entered [split_data_as_train_test] method of DataIngestion class
[ 2025-07-12 23:45:36,880 ] root - INFO - Performed train test split operation on the dataframe
[ 2025-07-12 23:45:36,880 ] root - INFO - Exporting train file to artifact/07_12_2025_23-45-33/data_ingestion/ingested/train.parquet
[ 2025-07-12 23:45:36,893 ] root - INFO - Exporting test file to artifact/07_12_2025_23-45-33/data_ingestion/ingested/test.parquet
[ 2025-07-12 23:45:36,897 ] root - INFO - Exported train and test files successfully
[ 2025-07-12 23:45:36,898 ] root - INFO - Performed train test split on the dataset
[ 2025-07-12 23:45:36,898 ] root - INFO - Exited initiate_data_ingestion method of Data_Ingestion class
[ 2025-07-12 23:45:36,898 ] root - INFO - Data ingestion artifact: DataIngestionArtifact(trained_file_path='artifact/07_12_2025_23-45-33/data_ingestion/ingested/train.parquet', test_file_path='artifact/07_12_2025_23-45-33/data_ingestion/ingested/test.parquet')
[ 2025-07-12 23:45:36,902 ] root - INFO - Got the train_set and test_set from mongodb
[ 2025-07-12 23:45:36,902 ] root - INFO - Exited the [start_data_ingestion] method of TrainPipeline class
[ 2025-07-12 23:45:36,902 ] root - INFO - Entered the [start_data_validation] method of TrainPipeline class
[ 2025-07-12 23:45:36,902 ] root - INFO - Entered the read_yaml_file method of utils
[ 2025-07-12 23:45:36,904 ] root - INFO - Starting data validation
[ 2025-07-12 23:45:36,955 ] root - INFO - Is required column present: [True]
[ 2025-07-12 23:45:36,955 ] root - INFO - All required columns present in training dataframe: True
[ 2025-07-12 23:45:36,955 ] root - INFO - Is required column present: [True]
[ 2025-07-12 23:45:36,955 ] root - INFO - All required columns present in testing dataframe: True
[ 2025-07-12 23:45:44,391 ] pymongo.topology - DEBUG - {"message": "Server heartbeat succeeded", "topologyId": {"$oid": "6872a6459ebe7c490ac3af2c"}, "driverConnectionId": 1, "serverConnectionId": 22930, "serverHost": "ac-seftnoh-shard-00-01.ajiae5a.mongodb.net", "serverPort": 27017, "awaited": true, "durationMS": 10124.030707986094, "reply": "{\"topologyVersion\": {\"processId\": {\"$oid\": \"68712bc703db27a9c7dda3d9\"}, \"counter\": 3}, \"hosts\": [\"ac-seftnoh-shard-00-00.ajiae5a.mongodb.net:27017\", \"ac-seftnoh-shard-00-01.ajiae5a.mongodb.net:27017\", \"ac-seftnoh-shard-00-02.ajiae5a.mongodb.net:27017\"], \"setName\": \"atlas-huz2dh-shard-0\", \"setVersion\": 299, \"secondary\": true, \"primary\": \"ac-seftnoh-shard-00-02.ajiae5a.mongodb.net:27017\", \"tags\": {\"provider\": \"AWS\", \"region\": \"AP_SOUTH_1\", \"workloadType\": \"OPERATIONAL\", \"diskState\": \"READY\", \"nodeType\": \"ELECTABLE\", \"availabilityZone\": \"aps1-az3\"}, \"me\": \"ac-seftnoh-shard-00-01.ajiae5a.mongodb.net:27017\", \"lastWrite\": {\"opTime\": {\"ts\": {\"$timestamp\": {\"t\": 1752344144, \"i\": 6}}, \"t\": 273}, \"lastWriteDate\": {\"$date\": \"2025-07-12T18:15:44Z\"}, \"majorityOpTime\": {\"ts\": {\"$timestamp\": {\"t\": 1752344144, \"i\": 6}}, \"t\": 273}, \"majorityWriteDate\": {\"$date\": \"2025-07-12T18:15:44Z\"}}, \"maxBsonObjectSize\": 16777216, \"maxMessageSizeBytes\": 48000000, \"maxWriteBatchSize\": 100000, \"localTime\": {\"$date\": ..."}
[ 2025-07-12 23:45:44,392 ] pymongo.topology - DEBUG - {"message": "Server heartbeat started", "topologyId": {"$oid": "6872a6459ebe7c490ac3af2c"}, "driverConnectionId": 1, "serverConnectionId": 22930, "serverHost": "ac-seftnoh-shard-00-01.ajiae5a.mongodb.net", "serverPort": 27017, "awaited": true}
[ 2025-07-12 23:45:44,392 ] pymongo.topology - DEBUG - {"message": "Server heartbeat succeeded", "topologyId": {"$oid": "6872a6459ebe7c490ac3af2c"}, "driverConnectionId": 1, "serverConnectionId": 23550, "serverHost": "ac-seftnoh-shard-00-00.ajiae5a.mongodb.net", "serverPort": 27017, "awaited": true, "durationMS": 10136.053041991545, "reply": "{\"topologyVersion\": {\"processId\": {\"$oid\": \"68712b49081a705f8235132a\"}, \"counter\": 4}, \"hosts\": [\"ac-seftnoh-shard-00-00.ajiae5a.mongodb.net:27017\", \"ac-seftnoh-shard-00-01.ajiae5a.mongodb.net:27017\", \"ac-seftnoh-shard-00-02.ajiae5a.mongodb.net:27017\"], \"setName\": \"atlas-huz2dh-shard-0\", \"setVersion\": 299, \"secondary\": true, \"primary\": \"ac-seftnoh-shard-00-02.ajiae5a.mongodb.net:27017\", \"tags\": {\"nodeType\": \"ELECTABLE\", \"region\": \"AP_SOUTH_1\", \"provider\": \"AWS\", \"workloadType\": \"OPERATIONAL\", \"availabilityZone\": \"aps1-az1\", \"diskState\": \"READY\"}, \"me\": \"ac-seftnoh-shard-00-00.ajiae5a.mongodb.net:27017\", \"lastWrite\": {\"opTime\": {\"ts\": {\"$timestamp\": {\"t\": 1752344144, \"i\": 6}}, \"t\": 273}, \"lastWriteDate\": {\"$date\": \"2025-07-12T18:15:44Z\"}, \"majorityOpTime\": {\"ts\": {\"$timestamp\": {\"t\": 1752344144, \"i\": 6}}, \"t\": 273}, \"majorityWriteDate\": {\"$date\": \"2025-07-12T18:15:44Z\"}}, \"maxBsonObjectSize\": 16777216, \"maxMessageSizeBytes\": 48000000, \"maxWriteBatchSize\": 100000, \"localTime\": {\"$date\": ..."}
[ 2025-07-12 23:45:44,395 ] pymongo.topology - DEBUG - {"message": "Server heartbeat succeeded", "topologyId": {"$oid": "6872a6459ebe7c490ac3af2c"}, "driverConnectionId": 1, "serverConnectionId": 24379, "serverHost": "ac-seftnoh-shard-00-02.ajiae5a.mongodb.net", "serverPort": 27017, "awaited": true, "durationMS": 10149.541374994442, "reply": "{\"topologyVersion\": {\"processId\": {\"$oid\": \"68712b88e825f82d0dc0fc06\"}, \"counter\": 6}, \"hosts\": [\"ac-seftnoh-shard-00-00.ajiae5a.mongodb.net:27017\", \"ac-seftnoh-shard-00-01.ajiae5a.mongodb.net:27017\", \"ac-seftnoh-shard-00-02.ajiae5a.mongodb.net:27017\"], \"setName\": \"atlas-huz2dh-shard-0\", \"setVersion\": 299, \"isWritablePrimary\": true, \"primary\": \"ac-seftnoh-shard-00-02.ajiae5a.mongodb.net:27017\", \"tags\": {\"diskState\": \"READY\", \"nodeType\": \"ELECTABLE\", \"availabilityZone\": \"aps1-az2\", \"provider\": \"AWS\", \"region\": \"AP_SOUTH_1\", \"workloadType\": \"OPERATIONAL\"}, \"me\": \"ac-seftnoh-shard-00-02.ajiae5a.mongodb.net:27017\", \"electionId\": {\"$oid\": \"7fffffff0000000000000111\"}, \"lastWrite\": {\"opTime\": {\"ts\": {\"$timestamp\": {\"t\": 1752344144, \"i\": 6}}, \"t\": 273}, \"lastWriteDate\": {\"$date\": \"2025-07-12T18:15:44Z\"}, \"majorityOpTime\": {\"ts\": {\"$timestamp\": {\"t\": 1752344144, \"i\": 6}}, \"t\": 273}, \"majorityWriteDate\": {\"$date\": \"2025-07-12T18:15:44Z\"}}, \"maxBsonObjectSize\": 16777216, \"maxMessageSizeBytes\": 48..."}
[ 2025-07-12 23:45:44,396 ] pymongo.topology - DEBUG - {"message": "Server heartbeat started", "topologyId": {"$oid": "6872a6459ebe7c490ac3af2c"}, "driverConnectionId": 1, "serverConnectionId": 23550, "serverHost": "ac-seftnoh-shard-00-00.ajiae5a.mongodb.net", "serverPort": 27017, "awaited": true}
[ 2025-07-12 23:45:44,398 ] pymongo.topology - DEBUG - {"message": "Server heartbeat started", "topologyId": {"$oid": "6872a6459ebe7c490ac3af2c"}, "driverConnectionId": 1, "serverConnectionId": 24379, "serverHost": "ac-seftnoh-shard-00-02.ajiae5a.mongodb.net", "serverPort": 27017, "awaited": true}
[ 2025-07-12 23:45:52,617 ] root - INFO - Entered the write_yaml_file method of utils
[ 2025-07-12 23:45:53,200 ] root - INFO - Exited the write_yaml_file method of utils
[ 2025-07-12 23:45:53,200 ] root - INFO - 1/12 drift detected.
[ 2025-07-12 23:45:53,201 ] root - INFO - Data validation artifact: DataValidationArtifact(validation_status=True, message='Drift not detected', drift_report_file_path='artifact/07_12_2025_23-45-33/data_validation/drift_report/report.yaml')
[ 2025-07-12 23:45:53,202 ] root - INFO - Performed the data validation operation
[ 2025-07-12 23:45:53,202 ] root - INFO - Exited the [start_data_validation] method of TrainPipeline class
[ 2025-07-12 23:45:53,202 ] root - INFO - Entered the [start_data_transformation] method of TrainPipeline class
[ 2025-07-12 23:45:53,202 ] root - INFO - Entered the read_yaml_file method of utils
[ 2025-07-12 23:45:53,203 ] root - INFO - Starting data transformation
[ 2025-07-12 23:45:53,203 ] root - INFO - Entered get_data_transformer_object method of DataTransformation class
[ 2025-07-12 23:45:53,203 ] root - INFO - Got numerical cols from schema config
[ 2025-07-12 23:45:53,203 ] root - INFO - Initialized StandardScaler, OneHotEncoder, OrdinalEncoder
[ 2025-07-12 23:45:53,203 ] root - INFO - Initialize PowerTransformer
[ 2025-07-12 23:45:53,203 ] root - INFO - Created preprocessor object from ColumnTransformer
[ 2025-07-12 23:45:53,203 ] root - INFO - Exited get_data_transformer_object method of DataTransformation class
[ 2025-07-12 23:45:53,203 ] root - INFO - Got the preprocessor object
[ 2025-07-12 23:45:53,212 ] root - INFO - Got train features and test features of Training dataset
[ 2025-07-12 23:45:53,212 ] root - INFO - Added company_age column to the Training dataset
[ 2025-07-12 23:45:53,212 ] root - INFO - drop the columns in drop_cols of Training dataset
[ 2025-07-12 23:45:53,212 ] root - INFO - Entered the drop_columns method of utils
[ 2025-07-12 23:45:53,213 ] root - INFO - Dropped columns: ['case_id', 'yr_of_estab']
[ 2025-07-12 23:45:53,217 ] root - INFO - Added company_age column to the Test dataset
[ 2025-07-12 23:45:53,217 ] root - INFO - Entered the drop_columns method of utils
[ 2025-07-12 23:45:53,218 ] root - INFO - Dropped columns: ['case_id', 'yr_of_estab']
[ 2025-07-12 23:45:53,218 ] root - INFO - drop the columns in drop_cols of Test dataset
[ 2025-07-12 23:45:53,219 ] root - INFO - Got train features and test features of Testing dataset
[ 2025-07-12 23:45:53,219 ] root - INFO - Applying preprocessing object on training dataframe and testing dataframe
[ 2025-07-12 23:45:53,251 ] root - INFO - Used the preprocessor object to fit transform the train features
[ 2025-07-12 23:45:53,256 ] root - INFO - Used the preprocessor object to transform the test features
[ 2025-07-12 23:45:53,256 ] root - INFO - Applying SMOTEENN on Training dataset
[ 2025-07-12 23:45:53,716 ] root - INFO - Applied SMOTEENN on training dataset
[ 2025-07-12 23:45:53,716 ] root - INFO - Applying SMOTEENN on testing dataset
[ 2025-07-12 23:45:53,761 ] root - INFO - Applied SMOTEENN on testing dataset
[ 2025-07-12 23:45:53,761 ] root - INFO - Created train array and test array
[ 2025-07-12 23:45:53,762 ] root - INFO - Entered the save_object method of utils
[ 2025-07-12 23:45:53,764 ] root - INFO - Exited the save_object method of utils
[ 2025-07-12 23:45:53,764 ] root - INFO - Entered the load_numpy_array_data method of utils
[ 2025-07-12 23:45:53,765 ] root - INFO - Entered the load_numpy_array_data method of utils
[ 2025-07-12 23:45:53,765 ] root - INFO - Saved the preprocessor object
[ 2025-07-12 23:45:53,765 ] root - INFO - Exited initiate_data_transformation method of Data_Transformation class
[ 2025-07-12 23:45:53,767 ] root - INFO - Exited the [start_data_transformation] method of TrainPipeline class
[ 2025-07-12 23:45:53,767 ] root - INFO - Entered the [start_model_trainer] method of TrainPipeline class
[ 2025-07-12 23:45:53,767 ] root - INFO - Entered [initiate_model_trainer] method of ModelTrainer class
[ 2025-07-12 23:45:53,767 ] root - INFO - Entered the load_numpy_array_data method of utils
[ 2025-07-12 23:45:53,767 ] root - INFO - Exited the load_numpy_array_data method of utils
[ 2025-07-12 23:45:53,767 ] root - INFO - Entered the load_numpy_array_data method of utils
[ 2025-07-12 23:45:53,768 ] root - INFO - Exited the load_numpy_array_data method of utils
[ 2025-07-12 23:45:53,768 ] root - INFO - Entered [get_model_object_and_report] method of ModelTrainer class
[ 2025-07-12 23:45:53,768 ] root - INFO - Using neuro_mf to get best model object and report
[ 2025-07-12 23:45:53,773 ] neuro_mf - INFO - Started Initializing model from config file
[ 2025-07-12 23:45:53,773 ] neuro_mf - INFO - {'algorithm': 'kd_tree', 'weights': 'uniform', 'n_neighbors': 3}
[ 2025-07-12 23:45:53,773 ] neuro_mf - INFO - {'max_depth': 10, 'max_features': 'sqrt', 'n_estimators': 3}
[ 2025-07-12 23:45:53,790 ] neuro_mf - INFO - {'max_depth': 6, 'learning_rate': 0.1, 'n_estimators': 100, 'subsample': 1}
[ 2025-07-12 23:45:53,791 ] neuro_mf - INFO - Initialized model: [InitializedModelDetail(model_serial_number='module_0', model=KNeighborsClassifier(algorithm='kd_tree', n_neighbors=3), param_grid_search={'algorithm': ['auto', 'ball_tree', 'kd_tree', 'brute'], 'weights': ['uniform', 'distance'], 'n_neighbors': [3, 5, 9]}, model_name='sklearn.neighbors.KNeighborsClassifier'), InitializedModelDetail(model_serial_number='module_1', model=RandomForestClassifier(max_depth=10, n_estimators=3), param_grid_search={'max_depth': [10, 15, 20], 'max_features': ['sqrt', 'log2'], 'n_estimators': [3, 5, 9]}, model_name='sklearn.ensemble.RandomForestClassifier'), InitializedModelDetail(model_serial_number='module_2', model=XGBClassifier(base_score=None, booster=None, callbacks=None,
              colsample_bylevel=None, colsample_bynode=None,
              colsample_bytree=None, device=None, early_stopping_rounds=None,
              enable_categorical=False, eval_metric=None, feature_types=None,
              feature_weights=None, gamma=None, grow_policy=None,
              importance_type=None, interaction_constraints=None,
              learning_rate=0.1, max_bin=None, max_cat_threshold=None,
              max_cat_to_onehot=None, max_delta_step=None, max_depth=6,
              max_leaves=None, min_child_weight=None, missing=nan,
              monotone_constraints=None, multi_strategy=None, n_estimators=100,
              n_jobs=None, num_parallel_tree=None, ...), param_grid_search={'max_depth': [3, 6, 10], 'learning_rate': [0.01, 0.1, 0.2], 'n_estimators': [50, 100, 200], 'subsample': [0.8, 1]}, model_name='xgboost.XGBClassifier')]
[ 2025-07-12 23:45:53,791 ] neuro_mf - INFO - ('**************************************************', 'training KNeighborsClassifier', '**************************************************')
[ 2025-07-12 23:45:53,791 ] neuro_mf - INFO - {'cv': 3, 'verbose': 3}
[ 2025-07-12 23:45:54,455 ] pymongo.topology - DEBUG - {"message": "Server heartbeat succeeded", "topologyId": {"$oid": "6872a6459ebe7c490ac3af2c"}, "driverConnectionId": 1, "serverConnectionId": 24379, "serverHost": "ac-seftnoh-shard-00-02.ajiae5a.mongodb.net", "serverPort": 27017, "awaited": true, "durationMS": 10054.682415997377, "reply": "{\"topologyVersion\": {\"processId\": {\"$oid\": \"68712b88e825f82d0dc0fc06\"}, \"counter\": 6}, \"hosts\": [\"ac-seftnoh-shard-00-00.ajiae5a.mongodb.net:27017\", \"ac-seftnoh-shard-00-01.ajiae5a.mongodb.net:27017\", \"ac-seftnoh-shard-00-02.ajiae5a.mongodb.net:27017\"], \"setName\": \"atlas-huz2dh-shard-0\", \"setVersion\": 299, \"isWritablePrimary\": true, \"primary\": \"ac-seftnoh-shard-00-02.ajiae5a.mongodb.net:27017\", \"tags\": {\"availabilityZone\": \"aps1-az2\", \"diskState\": \"READY\", \"workloadType\": \"OPERATIONAL\", \"region\": \"AP_SOUTH_1\", \"provider\": \"AWS\", \"nodeType\": \"ELECTABLE\"}, \"me\": \"ac-seftnoh-shard-00-02.ajiae5a.mongodb.net:27017\", \"electionId\": {\"$oid\": \"7fffffff0000000000000111\"}, \"lastWrite\": {\"opTime\": {\"ts\": {\"$timestamp\": {\"t\": 1752344154, \"i\": 4}}, \"t\": 273}, \"lastWriteDate\": {\"$date\": \"2025-07-12T18:15:54Z\"}, \"majorityOpTime\": {\"ts\": {\"$timestamp\": {\"t\": 1752344154, \"i\": 4}}, \"t\": 273}, \"majorityWriteDate\": {\"$date\": \"2025-07-12T18:15:54Z\"}}, \"maxBsonObjectSize\": 16777216, \"maxMessageSizeBytes\": 48..."}
[ 2025-07-12 23:45:54,456 ] pymongo.topology - DEBUG - {"message": "Server heartbeat started", "topologyId": {"$oid": "6872a6459ebe7c490ac3af2c"}, "driverConnectionId": 1, "serverConnectionId": 24379, "serverHost": "ac-seftnoh-shard-00-02.ajiae5a.mongodb.net", "serverPort": 27017, "awaited": true}
[ 2025-07-12 23:45:54,456 ] pymongo.topology - DEBUG - {"message": "Server heartbeat succeeded", "topologyId": {"$oid": "6872a6459ebe7c490ac3af2c"}, "driverConnectionId": 1, "serverConnectionId": 22930, "serverHost": "ac-seftnoh-shard-00-01.ajiae5a.mongodb.net", "serverPort": 27017, "awaited": true, "durationMS": 10062.52345800749, "reply": "{\"topologyVersion\": {\"processId\": {\"$oid\": \"68712bc703db27a9c7dda3d9\"}, \"counter\": 3}, \"hosts\": [\"ac-seftnoh-shard-00-00.ajiae5a.mongodb.net:27017\", \"ac-seftnoh-shard-00-01.ajiae5a.mongodb.net:27017\", \"ac-seftnoh-shard-00-02.ajiae5a.mongodb.net:27017\"], \"setName\": \"atlas-huz2dh-shard-0\", \"setVersion\": 299, \"secondary\": true, \"primary\": \"ac-seftnoh-shard-00-02.ajiae5a.mongodb.net:27017\", \"tags\": {\"availabilityZone\": \"aps1-az3\", \"region\": \"AP_SOUTH_1\", \"diskState\": \"READY\", \"nodeType\": \"ELECTABLE\", \"workloadType\": \"OPERATIONAL\", \"provider\": \"AWS\"}, \"me\": \"ac-seftnoh-shard-00-01.ajiae5a.mongodb.net:27017\", \"lastWrite\": {\"opTime\": {\"ts\": {\"$timestamp\": {\"t\": 1752344154, \"i\": 4}}, \"t\": 273}, \"lastWriteDate\": {\"$date\": \"2025-07-12T18:15:54Z\"}, \"majorityOpTime\": {\"ts\": {\"$timestamp\": {\"t\": 1752344154, \"i\": 4}}, \"t\": 273}, \"majorityWriteDate\": {\"$date\": \"2025-07-12T18:15:54Z\"}}, \"maxBsonObjectSize\": 16777216, \"maxMessageSizeBytes\": 48000000, \"maxWriteBatchSize\": 100000, \"localTime\": {\"$date\": ..."}
[ 2025-07-12 23:45:54,456 ] pymongo.topology - DEBUG - {"message": "Server heartbeat succeeded", "topologyId": {"$oid": "6872a6459ebe7c490ac3af2c"}, "driverConnectionId": 1, "serverConnectionId": 23550, "serverHost": "ac-seftnoh-shard-00-00.ajiae5a.mongodb.net", "serverPort": 27017, "awaited": true, "durationMS": 10056.226749991765, "reply": "{\"topologyVersion\": {\"processId\": {\"$oid\": \"68712b49081a705f8235132a\"}, \"counter\": 4}, \"hosts\": [\"ac-seftnoh-shard-00-00.ajiae5a.mongodb.net:27017\", \"ac-seftnoh-shard-00-01.ajiae5a.mongodb.net:27017\", \"ac-seftnoh-shard-00-02.ajiae5a.mongodb.net:27017\"], \"setName\": \"atlas-huz2dh-shard-0\", \"setVersion\": 299, \"secondary\": true, \"primary\": \"ac-seftnoh-shard-00-02.ajiae5a.mongodb.net:27017\", \"tags\": {\"provider\": \"AWS\", \"region\": \"AP_SOUTH_1\", \"diskState\": \"READY\", \"nodeType\": \"ELECTABLE\", \"workloadType\": \"OPERATIONAL\", \"availabilityZone\": \"aps1-az1\"}, \"me\": \"ac-seftnoh-shard-00-00.ajiae5a.mongodb.net:27017\", \"lastWrite\": {\"opTime\": {\"ts\": {\"$timestamp\": {\"t\": 1752344154, \"i\": 4}}, \"t\": 273}, \"lastWriteDate\": {\"$date\": \"2025-07-12T18:15:54Z\"}, \"majorityOpTime\": {\"ts\": {\"$timestamp\": {\"t\": 1752344154, \"i\": 4}}, \"t\": 273}, \"majorityWriteDate\": {\"$date\": \"2025-07-12T18:15:54Z\"}}, \"maxBsonObjectSize\": 16777216, \"maxMessageSizeBytes\": 48000000, \"maxWriteBatchSize\": 100000, \"localTime\": {\"$date\": ..."}
[ 2025-07-12 23:45:54,456 ] pymongo.topology - DEBUG - {"message": "Server heartbeat started", "topologyId": {"$oid": "6872a6459ebe7c490ac3af2c"}, "driverConnectionId": 1, "serverConnectionId": 22930, "serverHost": "ac-seftnoh-shard-00-01.ajiae5a.mongodb.net", "serverPort": 27017, "awaited": true}
[ 2025-07-12 23:45:54,457 ] pymongo.topology - DEBUG - {"message": "Server heartbeat started", "topologyId": {"$oid": "6872a6459ebe7c490ac3af2c"}, "driverConnectionId": 1, "serverConnectionId": 23550, "serverHost": "ac-seftnoh-shard-00-00.ajiae5a.mongodb.net", "serverPort": 27017, "awaited": true}
[ 2025-07-12 23:46:02,483 ] neuro_mf - INFO - ('**************************************************', 'training RandomForestClassifier', '**************************************************')
[ 2025-07-12 23:46:02,484 ] neuro_mf - INFO - {'cv': 3, 'verbose': 3}
[ 2025-07-12 23:46:04,359 ] pymongo.topology - DEBUG - {"message": "Server heartbeat succeeded", "topologyId": {"$oid": "6872a6459ebe7c490ac3af2c"}, "driverConnectionId": 1, "serverConnectionId": 24379, "serverHost": "ac-seftnoh-shard-00-02.ajiae5a.mongodb.net", "serverPort": 27017, "awaited": true, "durationMS": 9902.562250004848, "reply": "{\"topologyVersion\": {\"processId\": {\"$oid\": \"68712b88e825f82d0dc0fc06\"}, \"counter\": 6}, \"hosts\": [\"ac-seftnoh-shard-00-00.ajiae5a.mongodb.net:27017\", \"ac-seftnoh-shard-00-01.ajiae5a.mongodb.net:27017\", \"ac-seftnoh-shard-00-02.ajiae5a.mongodb.net:27017\"], \"setName\": \"atlas-huz2dh-shard-0\", \"setVersion\": 299, \"isWritablePrimary\": true, \"primary\": \"ac-seftnoh-shard-00-02.ajiae5a.mongodb.net:27017\", \"tags\": {\"nodeType\": \"ELECTABLE\", \"diskState\": \"READY\", \"region\": \"AP_SOUTH_1\", \"workloadType\": \"OPERATIONAL\", \"provider\": \"AWS\", \"availabilityZone\": \"aps1-az2\"}, \"me\": \"ac-seftnoh-shard-00-02.ajiae5a.mongodb.net:27017\", \"electionId\": {\"$oid\": \"7fffffff0000000000000111\"}, \"lastWrite\": {\"opTime\": {\"ts\": {\"$timestamp\": {\"t\": 1752344164, \"i\": 5}}, \"t\": 273}, \"lastWriteDate\": {\"$date\": \"2025-07-12T18:16:04Z\"}, \"majorityOpTime\": {\"ts\": {\"$timestamp\": {\"t\": 1752344164, \"i\": 5}}, \"t\": 273}, \"majorityWriteDate\": {\"$date\": \"2025-07-12T18:16:04Z\"}}, \"maxBsonObjectSize\": 16777216, \"maxMessageSizeBytes\": 48..."}
[ 2025-07-12 23:46:04,359 ] pymongo.topology - DEBUG - {"message": "Server heartbeat succeeded", "topologyId": {"$oid": "6872a6459ebe7c490ac3af2c"}, "driverConnectionId": 1, "serverConnectionId": 23550, "serverHost": "ac-seftnoh-shard-00-00.ajiae5a.mongodb.net", "serverPort": 27017, "awaited": true, "durationMS": 9902.23624999635, "reply": "{\"topologyVersion\": {\"processId\": {\"$oid\": \"68712b49081a705f8235132a\"}, \"counter\": 4}, \"hosts\": [\"ac-seftnoh-shard-00-00.ajiae5a.mongodb.net:27017\", \"ac-seftnoh-shard-00-01.ajiae5a.mongodb.net:27017\", \"ac-seftnoh-shard-00-02.ajiae5a.mongodb.net:27017\"], \"setName\": \"atlas-huz2dh-shard-0\", \"setVersion\": 299, \"secondary\": true, \"primary\": \"ac-seftnoh-shard-00-02.ajiae5a.mongodb.net:27017\", \"tags\": {\"provider\": \"AWS\", \"workloadType\": \"OPERATIONAL\", \"availabilityZone\": \"aps1-az1\", \"diskState\": \"READY\", \"nodeType\": \"ELECTABLE\", \"region\": \"AP_SOUTH_1\"}, \"me\": \"ac-seftnoh-shard-00-00.ajiae5a.mongodb.net:27017\", \"lastWrite\": {\"opTime\": {\"ts\": {\"$timestamp\": {\"t\": 1752344164, \"i\": 5}}, \"t\": 273}, \"lastWriteDate\": {\"$date\": \"2025-07-12T18:16:04Z\"}, \"majorityOpTime\": {\"ts\": {\"$timestamp\": {\"t\": 1752344164, \"i\": 5}}, \"t\": 273}, \"majorityWriteDate\": {\"$date\": \"2025-07-12T18:16:04Z\"}}, \"maxBsonObjectSize\": 16777216, \"maxMessageSizeBytes\": 48000000, \"maxWriteBatchSize\": 100000, \"localTime\": {\"$date\": ..."}
[ 2025-07-12 23:46:04,359 ] pymongo.topology - DEBUG - {"message": "Server heartbeat started", "topologyId": {"$oid": "6872a6459ebe7c490ac3af2c"}, "driverConnectionId": 1, "serverConnectionId": 24379, "serverHost": "ac-seftnoh-shard-00-02.ajiae5a.mongodb.net", "serverPort": 27017, "awaited": true}
[ 2025-07-12 23:46:04,359 ] pymongo.topology - DEBUG - {"message": "Server heartbeat succeeded", "topologyId": {"$oid": "6872a6459ebe7c490ac3af2c"}, "driverConnectionId": 1, "serverConnectionId": 22930, "serverHost": "ac-seftnoh-shard-00-01.ajiae5a.mongodb.net", "serverPort": 27017, "awaited": true, "durationMS": 9902.488958992762, "reply": "{\"topologyVersion\": {\"processId\": {\"$oid\": \"68712bc703db27a9c7dda3d9\"}, \"counter\": 3}, \"hosts\": [\"ac-seftnoh-shard-00-00.ajiae5a.mongodb.net:27017\", \"ac-seftnoh-shard-00-01.ajiae5a.mongodb.net:27017\", \"ac-seftnoh-shard-00-02.ajiae5a.mongodb.net:27017\"], \"setName\": \"atlas-huz2dh-shard-0\", \"setVersion\": 299, \"secondary\": true, \"primary\": \"ac-seftnoh-shard-00-02.ajiae5a.mongodb.net:27017\", \"tags\": {\"provider\": \"AWS\", \"availabilityZone\": \"aps1-az3\", \"diskState\": \"READY\", \"workloadType\": \"OPERATIONAL\", \"nodeType\": \"ELECTABLE\", \"region\": \"AP_SOUTH_1\"}, \"me\": \"ac-seftnoh-shard-00-01.ajiae5a.mongodb.net:27017\", \"lastWrite\": {\"opTime\": {\"ts\": {\"$timestamp\": {\"t\": 1752344164, \"i\": 5}}, \"t\": 273}, \"lastWriteDate\": {\"$date\": \"2025-07-12T18:16:04Z\"}, \"majorityOpTime\": {\"ts\": {\"$timestamp\": {\"t\": 1752344164, \"i\": 5}}, \"t\": 273}, \"majorityWriteDate\": {\"$date\": \"2025-07-12T18:16:04Z\"}}, \"maxBsonObjectSize\": 16777216, \"maxMessageSizeBytes\": 48000000, \"maxWriteBatchSize\": 100000, \"localTime\": {\"$date\": ..."}
[ 2025-07-12 23:46:04,359 ] pymongo.topology - DEBUG - {"message": "Server heartbeat started", "topologyId": {"$oid": "6872a6459ebe7c490ac3af2c"}, "driverConnectionId": 1, "serverConnectionId": 23550, "serverHost": "ac-seftnoh-shard-00-00.ajiae5a.mongodb.net", "serverPort": 27017, "awaited": true}
[ 2025-07-12 23:46:04,360 ] pymongo.topology - DEBUG - {"message": "Server heartbeat started", "topologyId": {"$oid": "6872a6459ebe7c490ac3af2c"}, "driverConnectionId": 1, "serverConnectionId": 22930, "serverHost": "ac-seftnoh-shard-00-01.ajiae5a.mongodb.net", "serverPort": 27017, "awaited": true}
[ 2025-07-12 23:46:04,425 ] neuro_mf - INFO - ('**************************************************', 'training XGBClassifier', '**************************************************')
[ 2025-07-12 23:46:04,425 ] neuro_mf - INFO - {'cv': 3, 'verbose': 3}
[ 2025-07-12 23:46:14,328 ] pymongo.topology - DEBUG - {"message": "Server heartbeat succeeded", "topologyId": {"$oid": "6872a6459ebe7c490ac3af2c"}, "driverConnectionId": 1, "serverConnectionId": 24379, "serverHost": "ac-seftnoh-shard-00-02.ajiae5a.mongodb.net", "serverPort": 27017, "awaited": true, "durationMS": 9968.322457978502, "reply": "{\"topologyVersion\": {\"processId\": {\"$oid\": \"68712b88e825f82d0dc0fc06\"}, \"counter\": 6}, \"hosts\": [\"ac-seftnoh-shard-00-00.ajiae5a.mongodb.net:27017\", \"ac-seftnoh-shard-00-01.ajiae5a.mongodb.net:27017\", \"ac-seftnoh-shard-00-02.ajiae5a.mongodb.net:27017\"], \"setName\": \"atlas-huz2dh-shard-0\", \"setVersion\": 299, \"isWritablePrimary\": true, \"primary\": \"ac-seftnoh-shard-00-02.ajiae5a.mongodb.net:27017\", \"tags\": {\"availabilityZone\": \"aps1-az2\", \"diskState\": \"READY\", \"workloadType\": \"OPERATIONAL\", \"region\": \"AP_SOUTH_1\", \"provider\": \"AWS\", \"nodeType\": \"ELECTABLE\"}, \"me\": \"ac-seftnoh-shard-00-02.ajiae5a.mongodb.net:27017\", \"electionId\": {\"$oid\": \"7fffffff0000000000000111\"}, \"lastWrite\": {\"opTime\": {\"ts\": {\"$timestamp\": {\"t\": 1752344174, \"i\": 4}}, \"t\": 273}, \"lastWriteDate\": {\"$date\": \"2025-07-12T18:16:14Z\"}, \"majorityOpTime\": {\"ts\": {\"$timestamp\": {\"t\": 1752344174, \"i\": 4}}, \"t\": 273}, \"majorityWriteDate\": {\"$date\": \"2025-07-12T18:16:14Z\"}}, \"maxBsonObjectSize\": 16777216, \"maxMessageSizeBytes\": 48..."}
[ 2025-07-12 23:46:14,328 ] pymongo.topology - DEBUG - {"message": "Server heartbeat started", "topologyId": {"$oid": "6872a6459ebe7c490ac3af2c"}, "driverConnectionId": 1, "serverConnectionId": 24379, "serverHost": "ac-seftnoh-shard-00-02.ajiae5a.mongodb.net", "serverPort": 27017, "awaited": true}
[ 2025-07-12 23:46:14,351 ] pymongo.topology - DEBUG - {"message": "Server heartbeat succeeded", "topologyId": {"$oid": "6872a6459ebe7c490ac3af2c"}, "driverConnectionId": 1, "serverConnectionId": 23550, "serverHost": "ac-seftnoh-shard-00-00.ajiae5a.mongodb.net", "serverPort": 27017, "awaited": true, "durationMS": 9991.502958000638, "reply": "{\"topologyVersion\": {\"processId\": {\"$oid\": \"68712b49081a705f8235132a\"}, \"counter\": 4}, \"hosts\": [\"ac-seftnoh-shard-00-00.ajiae5a.mongodb.net:27017\", \"ac-seftnoh-shard-00-01.ajiae5a.mongodb.net:27017\", \"ac-seftnoh-shard-00-02.ajiae5a.mongodb.net:27017\"], \"setName\": \"atlas-huz2dh-shard-0\", \"setVersion\": 299, \"secondary\": true, \"primary\": \"ac-seftnoh-shard-00-02.ajiae5a.mongodb.net:27017\", \"tags\": {\"availabilityZone\": \"aps1-az1\", \"nodeType\": \"ELECTABLE\", \"diskState\": \"READY\", \"region\": \"AP_SOUTH_1\", \"workloadType\": \"OPERATIONAL\", \"provider\": \"AWS\"}, \"me\": \"ac-seftnoh-shard-00-00.ajiae5a.mongodb.net:27017\", \"lastWrite\": {\"opTime\": {\"ts\": {\"$timestamp\": {\"t\": 1752344174, \"i\": 5}}, \"t\": 273}, \"lastWriteDate\": {\"$date\": \"2025-07-12T18:16:14Z\"}, \"majorityOpTime\": {\"ts\": {\"$timestamp\": {\"t\": 1752344174, \"i\": 5}}, \"t\": 273}, \"majorityWriteDate\": {\"$date\": \"2025-07-12T18:16:14Z\"}}, \"maxBsonObjectSize\": 16777216, \"maxMessageSizeBytes\": 48000000, \"maxWriteBatchSize\": 100000, \"localTime\": {\"$date\": ..."}
[ 2025-07-12 23:46:14,352 ] pymongo.topology - DEBUG - {"message": "Server heartbeat started", "topologyId": {"$oid": "6872a6459ebe7c490ac3af2c"}, "driverConnectionId": 1, "serverConnectionId": 23550, "serverHost": "ac-seftnoh-shard-00-00.ajiae5a.mongodb.net", "serverPort": 27017, "awaited": true}
[ 2025-07-12 23:46:14,352 ] pymongo.topology - DEBUG - {"message": "Server heartbeat succeeded", "topologyId": {"$oid": "6872a6459ebe7c490ac3af2c"}, "driverConnectionId": 1, "serverConnectionId": 22930, "serverHost": "ac-seftnoh-shard-00-01.ajiae5a.mongodb.net", "serverPort": 27017, "awaited": true, "durationMS": 9991.862208989915, "reply": "{\"topologyVersion\": {\"processId\": {\"$oid\": \"68712bc703db27a9c7dda3d9\"}, \"counter\": 3}, \"hosts\": [\"ac-seftnoh-shard-00-00.ajiae5a.mongodb.net:27017\", \"ac-seftnoh-shard-00-01.ajiae5a.mongodb.net:27017\", \"ac-seftnoh-shard-00-02.ajiae5a.mongodb.net:27017\"], \"setName\": \"atlas-huz2dh-shard-0\", \"setVersion\": 299, \"secondary\": true, \"primary\": \"ac-seftnoh-shard-00-02.ajiae5a.mongodb.net:27017\", \"tags\": {\"availabilityZone\": \"aps1-az3\", \"region\": \"AP_SOUTH_1\", \"diskState\": \"READY\", \"nodeType\": \"ELECTABLE\", \"workloadType\": \"OPERATIONAL\", \"provider\": \"AWS\"}, \"me\": \"ac-seftnoh-shard-00-01.ajiae5a.mongodb.net:27017\", \"lastWrite\": {\"opTime\": {\"ts\": {\"$timestamp\": {\"t\": 1752344174, \"i\": 5}}, \"t\": 273}, \"lastWriteDate\": {\"$date\": \"2025-07-12T18:16:14Z\"}, \"majorityOpTime\": {\"ts\": {\"$timestamp\": {\"t\": 1752344174, \"i\": 5}}, \"t\": 273}, \"majorityWriteDate\": {\"$date\": \"2025-07-12T18:16:14Z\"}}, \"maxBsonObjectSize\": 16777216, \"maxMessageSizeBytes\": 48000000, \"maxWriteBatchSize\": 100000, \"localTime\": {\"$date\": ..."}
[ 2025-07-12 23:46:14,352 ] pymongo.topology - DEBUG - {"message": "Server heartbeat started", "topologyId": {"$oid": "6872a6459ebe7c490ac3af2c"}, "driverConnectionId": 1, "serverConnectionId": 22930, "serverHost": "ac-seftnoh-shard-00-01.ajiae5a.mongodb.net", "serverPort": 27017, "awaited": true}
[ 2025-07-12 23:46:24,375 ] pymongo.topology - DEBUG - {"message": "Server heartbeat succeeded", "topologyId": {"$oid": "6872a6459ebe7c490ac3af2c"}, "driverConnectionId": 1, "serverConnectionId": 24379, "serverHost": "ac-seftnoh-shard-00-02.ajiae5a.mongodb.net", "serverPort": 27017, "awaited": true, "durationMS": 10046.822666015942, "reply": "{\"topologyVersion\": {\"processId\": {\"$oid\": \"68712b88e825f82d0dc0fc06\"}, \"counter\": 6}, \"hosts\": [\"ac-seftnoh-shard-00-00.ajiae5a.mongodb.net:27017\", \"ac-seftnoh-shard-00-01.ajiae5a.mongodb.net:27017\", \"ac-seftnoh-shard-00-02.ajiae5a.mongodb.net:27017\"], \"setName\": \"atlas-huz2dh-shard-0\", \"setVersion\": 299, \"isWritablePrimary\": true, \"primary\": \"ac-seftnoh-shard-00-02.ajiae5a.mongodb.net:27017\", \"tags\": {\"provider\": \"AWS\", \"region\": \"AP_SOUTH_1\", \"nodeType\": \"ELECTABLE\", \"availabilityZone\": \"aps1-az2\", \"diskState\": \"READY\", \"workloadType\": \"OPERATIONAL\"}, \"me\": \"ac-seftnoh-shard-00-02.ajiae5a.mongodb.net:27017\", \"electionId\": {\"$oid\": \"7fffffff0000000000000111\"}, \"lastWrite\": {\"opTime\": {\"ts\": {\"$timestamp\": {\"t\": 1752344184, \"i\": 4}}, \"t\": 273}, \"lastWriteDate\": {\"$date\": \"2025-07-12T18:16:24Z\"}, \"majorityOpTime\": {\"ts\": {\"$timestamp\": {\"t\": 1752344184, \"i\": 4}}, \"t\": 273}, \"majorityWriteDate\": {\"$date\": \"2025-07-12T18:16:24Z\"}}, \"maxBsonObjectSize\": 16777216, \"maxMessageSizeBytes\": 48..."}
[ 2025-07-12 23:46:24,375 ] pymongo.topology - DEBUG - {"message": "Server heartbeat started", "topologyId": {"$oid": "6872a6459ebe7c490ac3af2c"}, "driverConnectionId": 1, "serverConnectionId": 24379, "serverHost": "ac-seftnoh-shard-00-02.ajiae5a.mongodb.net", "serverPort": 27017, "awaited": true}
[ 2025-07-12 23:46:24,376 ] pymongo.topology - DEBUG - {"message": "Server heartbeat succeeded", "topologyId": {"$oid": "6872a6459ebe7c490ac3af2c"}, "driverConnectionId": 1, "serverConnectionId": 23550, "serverHost": "ac-seftnoh-shard-00-00.ajiae5a.mongodb.net", "serverPort": 27017, "awaited": true, "durationMS": 10023.797583999112, "reply": "{\"topologyVersion\": {\"processId\": {\"$oid\": \"68712b49081a705f8235132a\"}, \"counter\": 4}, \"hosts\": [\"ac-seftnoh-shard-00-00.ajiae5a.mongodb.net:27017\", \"ac-seftnoh-shard-00-01.ajiae5a.mongodb.net:27017\", \"ac-seftnoh-shard-00-02.ajiae5a.mongodb.net:27017\"], \"setName\": \"atlas-huz2dh-shard-0\", \"setVersion\": 299, \"secondary\": true, \"primary\": \"ac-seftnoh-shard-00-02.ajiae5a.mongodb.net:27017\", \"tags\": {\"nodeType\": \"ELECTABLE\", \"diskState\": \"READY\", \"region\": \"AP_SOUTH_1\", \"workloadType\": \"OPERATIONAL\", \"provider\": \"AWS\", \"availabilityZone\": \"aps1-az1\"}, \"me\": \"ac-seftnoh-shard-00-00.ajiae5a.mongodb.net:27017\", \"lastWrite\": {\"opTime\": {\"ts\": {\"$timestamp\": {\"t\": 1752344184, \"i\": 5}}, \"t\": 273}, \"lastWriteDate\": {\"$date\": \"2025-07-12T18:16:24Z\"}, \"majorityOpTime\": {\"ts\": {\"$timestamp\": {\"t\": 1752344184, \"i\": 5}}, \"t\": 273}, \"majorityWriteDate\": {\"$date\": \"2025-07-12T18:16:24Z\"}}, \"maxBsonObjectSize\": 16777216, \"maxMessageSizeBytes\": 48000000, \"maxWriteBatchSize\": 100000, \"localTime\": {\"$date\": ..."}
[ 2025-07-12 23:46:24,376 ] pymongo.topology - DEBUG - {"message": "Server heartbeat succeeded", "topologyId": {"$oid": "6872a6459ebe7c490ac3af2c"}, "driverConnectionId": 1, "serverConnectionId": 22930, "serverHost": "ac-seftnoh-shard-00-01.ajiae5a.mongodb.net", "serverPort": 27017, "awaited": true, "durationMS": 10023.681874998147, "reply": "{\"topologyVersion\": {\"processId\": {\"$oid\": \"68712bc703db27a9c7dda3d9\"}, \"counter\": 3}, \"hosts\": [\"ac-seftnoh-shard-00-00.ajiae5a.mongodb.net:27017\", \"ac-seftnoh-shard-00-01.ajiae5a.mongodb.net:27017\", \"ac-seftnoh-shard-00-02.ajiae5a.mongodb.net:27017\"], \"setName\": \"atlas-huz2dh-shard-0\", \"setVersion\": 299, \"secondary\": true, \"primary\": \"ac-seftnoh-shard-00-02.ajiae5a.mongodb.net:27017\", \"tags\": {\"provider\": \"AWS\", \"availabilityZone\": \"aps1-az3\", \"diskState\": \"READY\", \"workloadType\": \"OPERATIONAL\", \"nodeType\": \"ELECTABLE\", \"region\": \"AP_SOUTH_1\"}, \"me\": \"ac-seftnoh-shard-00-01.ajiae5a.mongodb.net:27017\", \"lastWrite\": {\"opTime\": {\"ts\": {\"$timestamp\": {\"t\": 1752344184, \"i\": 5}}, \"t\": 273}, \"lastWriteDate\": {\"$date\": \"2025-07-12T18:16:24Z\"}, \"majorityOpTime\": {\"ts\": {\"$timestamp\": {\"t\": 1752344184, \"i\": 5}}, \"t\": 273}, \"majorityWriteDate\": {\"$date\": \"2025-07-12T18:16:24Z\"}}, \"maxBsonObjectSize\": 16777216, \"maxMessageSizeBytes\": 48000000, \"maxWriteBatchSize\": 100000, \"localTime\": {\"$date\": ..."}
[ 2025-07-12 23:46:24,376 ] pymongo.topology - DEBUG - {"message": "Server heartbeat started", "topologyId": {"$oid": "6872a6459ebe7c490ac3af2c"}, "driverConnectionId": 1, "serverConnectionId": 23550, "serverHost": "ac-seftnoh-shard-00-00.ajiae5a.mongodb.net", "serverPort": 27017, "awaited": true}
[ 2025-07-12 23:46:24,376 ] pymongo.topology - DEBUG - {"message": "Server heartbeat started", "topologyId": {"$oid": "6872a6459ebe7c490ac3af2c"}, "driverConnectionId": 1, "serverConnectionId": 22930, "serverHost": "ac-seftnoh-shard-00-01.ajiae5a.mongodb.net", "serverPort": 27017, "awaited": true}
[ 2025-07-12 23:46:34,347 ] pymongo.topology - DEBUG - {"message": "Server heartbeat succeeded", "topologyId": {"$oid": "6872a6459ebe7c490ac3af2c"}, "driverConnectionId": 1, "serverConnectionId": 24379, "serverHost": "ac-seftnoh-shard-00-02.ajiae5a.mongodb.net", "serverPort": 27017, "awaited": true, "durationMS": 9971.02483297931, "reply": "{\"topologyVersion\": {\"processId\": {\"$oid\": \"68712b88e825f82d0dc0fc06\"}, \"counter\": 6}, \"hosts\": [\"ac-seftnoh-shard-00-00.ajiae5a.mongodb.net:27017\", \"ac-seftnoh-shard-00-01.ajiae5a.mongodb.net:27017\", \"ac-seftnoh-shard-00-02.ajiae5a.mongodb.net:27017\"], \"setName\": \"atlas-huz2dh-shard-0\", \"setVersion\": 299, \"isWritablePrimary\": true, \"primary\": \"ac-seftnoh-shard-00-02.ajiae5a.mongodb.net:27017\", \"tags\": {\"availabilityZone\": \"aps1-az2\", \"diskState\": \"READY\", \"nodeType\": \"ELECTABLE\", \"provider\": \"AWS\", \"region\": \"AP_SOUTH_1\", \"workloadType\": \"OPERATIONAL\"}, \"me\": \"ac-seftnoh-shard-00-02.ajiae5a.mongodb.net:27017\", \"electionId\": {\"$oid\": \"7fffffff0000000000000111\"}, \"lastWrite\": {\"opTime\": {\"ts\": {\"$timestamp\": {\"t\": 1752344194, \"i\": 6}}, \"t\": 273}, \"lastWriteDate\": {\"$date\": \"2025-07-12T18:16:34Z\"}, \"majorityOpTime\": {\"ts\": {\"$timestamp\": {\"t\": 1752344194, \"i\": 6}}, \"t\": 273}, \"majorityWriteDate\": {\"$date\": \"2025-07-12T18:16:34Z\"}}, \"maxBsonObjectSize\": 16777216, \"maxMessageSizeBytes\": 48..."}
[ 2025-07-12 23:46:34,348 ] pymongo.topology - DEBUG - {"message": "Server heartbeat started", "topologyId": {"$oid": "6872a6459ebe7c490ac3af2c"}, "driverConnectionId": 1, "serverConnectionId": 24379, "serverHost": "ac-seftnoh-shard-00-02.ajiae5a.mongodb.net", "serverPort": 27017, "awaited": true}
[ 2025-07-12 23:46:34,355 ] pymongo.topology - DEBUG - {"message": "Server heartbeat succeeded", "topologyId": {"$oid": "6872a6459ebe7c490ac3af2c"}, "driverConnectionId": 1, "serverConnectionId": 22930, "serverHost": "ac-seftnoh-shard-00-01.ajiae5a.mongodb.net", "serverPort": 27017, "awaited": true, "durationMS": 9978.741750004701, "reply": "{\"topologyVersion\": {\"processId\": {\"$oid\": \"68712bc703db27a9c7dda3d9\"}, \"counter\": 3}, \"hosts\": [\"ac-seftnoh-shard-00-00.ajiae5a.mongodb.net:27017\", \"ac-seftnoh-shard-00-01.ajiae5a.mongodb.net:27017\", \"ac-seftnoh-shard-00-02.ajiae5a.mongodb.net:27017\"], \"setName\": \"atlas-huz2dh-shard-0\", \"setVersion\": 299, \"secondary\": true, \"primary\": \"ac-seftnoh-shard-00-02.ajiae5a.mongodb.net:27017\", \"tags\": {\"availabilityZone\": \"aps1-az3\", \"provider\": \"AWS\", \"workloadType\": \"OPERATIONAL\", \"region\": \"AP_SOUTH_1\", \"diskState\": \"READY\", \"nodeType\": \"ELECTABLE\"}, \"me\": \"ac-seftnoh-shard-00-01.ajiae5a.mongodb.net:27017\", \"lastWrite\": {\"opTime\": {\"ts\": {\"$timestamp\": {\"t\": 1752344194, \"i\": 6}}, \"t\": 273}, \"lastWriteDate\": {\"$date\": \"2025-07-12T18:16:34Z\"}, \"majorityOpTime\": {\"ts\": {\"$timestamp\": {\"t\": 1752344194, \"i\": 6}}, \"t\": 273}, \"majorityWriteDate\": {\"$date\": \"2025-07-12T18:16:34Z\"}}, \"maxBsonObjectSize\": 16777216, \"maxMessageSizeBytes\": 48000000, \"maxWriteBatchSize\": 100000, \"localTime\": {\"$date\": ..."}
[ 2025-07-12 23:46:34,355 ] pymongo.topology - DEBUG - {"message": "Server heartbeat started", "topologyId": {"$oid": "6872a6459ebe7c490ac3af2c"}, "driverConnectionId": 1, "serverConnectionId": 22930, "serverHost": "ac-seftnoh-shard-00-01.ajiae5a.mongodb.net", "serverPort": 27017, "awaited": true}
[ 2025-07-12 23:46:34,367 ] pymongo.topology - DEBUG - {"message": "Server heartbeat succeeded", "topologyId": {"$oid": "6872a6459ebe7c490ac3af2c"}, "driverConnectionId": 1, "serverConnectionId": 23550, "serverHost": "ac-seftnoh-shard-00-00.ajiae5a.mongodb.net", "serverPort": 27017, "awaited": true, "durationMS": 9990.644332981901, "reply": "{\"topologyVersion\": {\"processId\": {\"$oid\": \"68712b49081a705f8235132a\"}, \"counter\": 4}, \"hosts\": [\"ac-seftnoh-shard-00-00.ajiae5a.mongodb.net:27017\", \"ac-seftnoh-shard-00-01.ajiae5a.mongodb.net:27017\", \"ac-seftnoh-shard-00-02.ajiae5a.mongodb.net:27017\"], \"setName\": \"atlas-huz2dh-shard-0\", \"setVersion\": 299, \"secondary\": true, \"primary\": \"ac-seftnoh-shard-00-02.ajiae5a.mongodb.net:27017\", \"tags\": {\"diskState\": \"READY\", \"nodeType\": \"ELECTABLE\", \"region\": \"AP_SOUTH_1\", \"workloadType\": \"OPERATIONAL\", \"provider\": \"AWS\", \"availabilityZone\": \"aps1-az1\"}, \"me\": \"ac-seftnoh-shard-00-00.ajiae5a.mongodb.net:27017\", \"lastWrite\": {\"opTime\": {\"ts\": {\"$timestamp\": {\"t\": 1752344194, \"i\": 6}}, \"t\": 273}, \"lastWriteDate\": {\"$date\": \"2025-07-12T18:16:34Z\"}, \"majorityOpTime\": {\"ts\": {\"$timestamp\": {\"t\": 1752344194, \"i\": 6}}, \"t\": 273}, \"majorityWriteDate\": {\"$date\": \"2025-07-12T18:16:34Z\"}}, \"maxBsonObjectSize\": 16777216, \"maxMessageSizeBytes\": 48000000, \"maxWriteBatchSize\": 100000, \"localTime\": {\"$date\": ..."}
[ 2025-07-12 23:46:34,367 ] pymongo.topology - DEBUG - {"message": "Server heartbeat started", "topologyId": {"$oid": "6872a6459ebe7c490ac3af2c"}, "driverConnectionId": 1, "serverConnectionId": 23550, "serverHost": "ac-seftnoh-shard-00-00.ajiae5a.mongodb.net", "serverPort": 27017, "awaited": true}
[ 2025-07-12 23:46:44,410 ] pymongo.topology - DEBUG - {"message": "Server heartbeat succeeded", "topologyId": {"$oid": "6872a6459ebe7c490ac3af2c"}, "driverConnectionId": 1, "serverConnectionId": 24379, "serverHost": "ac-seftnoh-shard-00-02.ajiae5a.mongodb.net", "serverPort": 27017, "awaited": true, "durationMS": 10061.86395799159, "reply": "{\"topologyVersion\": {\"processId\": {\"$oid\": \"68712b88e825f82d0dc0fc06\"}, \"counter\": 6}, \"hosts\": [\"ac-seftnoh-shard-00-00.ajiae5a.mongodb.net:27017\", \"ac-seftnoh-shard-00-01.ajiae5a.mongodb.net:27017\", \"ac-seftnoh-shard-00-02.ajiae5a.mongodb.net:27017\"], \"setName\": \"atlas-huz2dh-shard-0\", \"setVersion\": 299, \"isWritablePrimary\": true, \"primary\": \"ac-seftnoh-shard-00-02.ajiae5a.mongodb.net:27017\", \"tags\": {\"diskState\": \"READY\", \"nodeType\": \"ELECTABLE\", \"region\": \"AP_SOUTH_1\", \"workloadType\": \"OPERATIONAL\", \"provider\": \"AWS\", \"availabilityZone\": \"aps1-az2\"}, \"me\": \"ac-seftnoh-shard-00-02.ajiae5a.mongodb.net:27017\", \"electionId\": {\"$oid\": \"7fffffff0000000000000111\"}, \"lastWrite\": {\"opTime\": {\"ts\": {\"$timestamp\": {\"t\": 1752344204, \"i\": 4}}, \"t\": 273}, \"lastWriteDate\": {\"$date\": \"2025-07-12T18:16:44Z\"}, \"majorityOpTime\": {\"ts\": {\"$timestamp\": {\"t\": 1752344204, \"i\": 4}}, \"t\": 273}, \"majorityWriteDate\": {\"$date\": \"2025-07-12T18:16:44Z\"}}, \"maxBsonObjectSize\": 16777216, \"maxMessageSizeBytes\": 48..."}
[ 2025-07-12 23:46:44,410 ] pymongo.topology - DEBUG - {"message": "Server heartbeat succeeded", "topologyId": {"$oid": "6872a6459ebe7c490ac3af2c"}, "driverConnectionId": 1, "serverConnectionId": 22930, "serverHost": "ac-seftnoh-shard-00-01.ajiae5a.mongodb.net", "serverPort": 27017, "awaited": true, "durationMS": 10054.590500018094, "reply": "{\"topologyVersion\": {\"processId\": {\"$oid\": \"68712bc703db27a9c7dda3d9\"}, \"counter\": 3}, \"hosts\": [\"ac-seftnoh-shard-00-00.ajiae5a.mongodb.net:27017\", \"ac-seftnoh-shard-00-01.ajiae5a.mongodb.net:27017\", \"ac-seftnoh-shard-00-02.ajiae5a.mongodb.net:27017\"], \"setName\": \"atlas-huz2dh-shard-0\", \"setVersion\": 299, \"secondary\": true, \"primary\": \"ac-seftnoh-shard-00-02.ajiae5a.mongodb.net:27017\", \"tags\": {\"nodeType\": \"ELECTABLE\", \"workloadType\": \"OPERATIONAL\", \"provider\": \"AWS\", \"region\": \"AP_SOUTH_1\", \"availabilityZone\": \"aps1-az3\", \"diskState\": \"READY\"}, \"me\": \"ac-seftnoh-shard-00-01.ajiae5a.mongodb.net:27017\", \"lastWrite\": {\"opTime\": {\"ts\": {\"$timestamp\": {\"t\": 1752344204, \"i\": 4}}, \"t\": 273}, \"lastWriteDate\": {\"$date\": \"2025-07-12T18:16:44Z\"}, \"majorityOpTime\": {\"ts\": {\"$timestamp\": {\"t\": 1752344204, \"i\": 4}}, \"t\": 273}, \"majorityWriteDate\": {\"$date\": \"2025-07-12T18:16:44Z\"}}, \"maxBsonObjectSize\": 16777216, \"maxMessageSizeBytes\": 48000000, \"maxWriteBatchSize\": 100000, \"localTime\": {\"$date\": ..."}
[ 2025-07-12 23:46:44,410 ] pymongo.topology - DEBUG - {"message": "Server heartbeat started", "topologyId": {"$oid": "6872a6459ebe7c490ac3af2c"}, "driverConnectionId": 1, "serverConnectionId": 24379, "serverHost": "ac-seftnoh-shard-00-02.ajiae5a.mongodb.net", "serverPort": 27017, "awaited": true}
[ 2025-07-12 23:46:44,410 ] pymongo.topology - DEBUG - {"message": "Server heartbeat started", "topologyId": {"$oid": "6872a6459ebe7c490ac3af2c"}, "driverConnectionId": 1, "serverConnectionId": 22930, "serverHost": "ac-seftnoh-shard-00-01.ajiae5a.mongodb.net", "serverPort": 27017, "awaited": true}
[ 2025-07-12 23:46:44,415 ] pymongo.topology - DEBUG - {"message": "Server heartbeat succeeded", "topologyId": {"$oid": "6872a6459ebe7c490ac3af2c"}, "driverConnectionId": 1, "serverConnectionId": 23550, "serverHost": "ac-seftnoh-shard-00-00.ajiae5a.mongodb.net", "serverPort": 27017, "awaited": true, "durationMS": 10047.735750005813, "reply": "{\"topologyVersion\": {\"processId\": {\"$oid\": \"68712b49081a705f8235132a\"}, \"counter\": 4}, \"hosts\": [\"ac-seftnoh-shard-00-00.ajiae5a.mongodb.net:27017\", \"ac-seftnoh-shard-00-01.ajiae5a.mongodb.net:27017\", \"ac-seftnoh-shard-00-02.ajiae5a.mongodb.net:27017\"], \"setName\": \"atlas-huz2dh-shard-0\", \"setVersion\": 299, \"secondary\": true, \"primary\": \"ac-seftnoh-shard-00-02.ajiae5a.mongodb.net:27017\", \"tags\": {\"diskState\": \"READY\", \"nodeType\": \"ELECTABLE\", \"workloadType\": \"OPERATIONAL\", \"provider\": \"AWS\", \"availabilityZone\": \"aps1-az1\", \"region\": \"AP_SOUTH_1\"}, \"me\": \"ac-seftnoh-shard-00-00.ajiae5a.mongodb.net:27017\", \"lastWrite\": {\"opTime\": {\"ts\": {\"$timestamp\": {\"t\": 1752344204, \"i\": 4}}, \"t\": 273}, \"lastWriteDate\": {\"$date\": \"2025-07-12T18:16:44Z\"}, \"majorityOpTime\": {\"ts\": {\"$timestamp\": {\"t\": 1752344204, \"i\": 4}}, \"t\": 273}, \"majorityWriteDate\": {\"$date\": \"2025-07-12T18:16:44Z\"}}, \"maxBsonObjectSize\": 16777216, \"maxMessageSizeBytes\": 48000000, \"maxWriteBatchSize\": 100000, \"localTime\": {\"$date\": ..."}
[ 2025-07-12 23:46:44,415 ] pymongo.topology - DEBUG - {"message": "Server heartbeat started", "topologyId": {"$oid": "6872a6459ebe7c490ac3af2c"}, "driverConnectionId": 1, "serverConnectionId": 23550, "serverHost": "ac-seftnoh-shard-00-00.ajiae5a.mongodb.net", "serverPort": 27017, "awaited": true}
[ 2025-07-12 23:46:47,852 ] neuro_mf - INFO - Acceptable model found:GridSearchedBestModel(model_serial_number='module_0', model=KNeighborsClassifier(algorithm='kd_tree', n_neighbors=3), best_model=KNeighborsClassifier(n_neighbors=3, weights='distance'), best_parameters={'algorithm': 'auto', 'n_neighbors': 3, 'weights': 'distance'}, best_score=0.9559016293029524)
[ 2025-07-12 23:46:47,852 ] neuro_mf - INFO - Best model: GridSearchedBestModel(model_serial_number='module_0', model=KNeighborsClassifier(algorithm='kd_tree', n_neighbors=3), best_model=KNeighborsClassifier(n_neighbors=3, weights='distance'), best_parameters={'algorithm': 'auto', 'n_neighbors': 3, 'weights': 'distance'}, best_score=0.9559016293029524)
[ 2025-07-12 23:46:47,882 ] root - INFO - Exiting [get_model_object_and_report] method of ModelTrainer class
[ 2025-07-12 23:46:47,882 ] root - INFO - Entered the load_object method of utils
[ 2025-07-12 23:46:47,883 ] root - INFO - Exited the load_object method of utils
[ 2025-07-12 23:46:47,884 ] root - INFO - Created usvisa model object with preprocessor and model
[ 2025-07-12 23:46:47,884 ] root - INFO - Created best model file path
[ 2025-07-12 23:46:47,884 ] root - INFO - Entered the save_object method of utils
[ 2025-07-12 23:46:47,886 ] root - INFO - Exited the save_object method of utils
[ 2025-07-12 23:46:47,886 ] root - INFO - model trainer artifact: ModelTrainerArtifact(trained_model_file_path='artifact/07_12_2025_23-45-33/model_trainer/trained_model/model.pkl', metric_artifact=ClassificationMetricArtifact(f1_score=0.7642124883504194, precision_score=0.7409638554216867, recall_score=0.7889672867222579, accuracy_score=0.7846197502837684))
[ 2025-07-12 23:46:47,886 ] root - INFO - Exited the [start_model_trainer] method of TrainPipeline class
[ 2025-07-12 23:46:47,886 ] root - INFO - Exited the [run_pipeline] method of TrainPipeline class
[ 2025-07-12 23:46:47,918 ] pymongo.topology - DEBUG - {"message": "Server heartbeat failed", "topologyId": {"$oid": "6872a6459ebe7c490ac3af2c"}, "serverHost": "ac-seftnoh-shard-00-02.ajiae5a.mongodb.net", "serverPort": 27017, "awaited": true, "durationMS": 3507.446917006746, "failure": "\"_OperationCancelled('operation cancelled')\"", "driverConnectionId": 1}
[ 2025-07-12 23:46:47,918 ] pymongo.topology - DEBUG - {"message": "Server heartbeat failed", "topologyId": {"$oid": "6872a6459ebe7c490ac3af2c"}, "serverHost": "ac-seftnoh-shard-00-01.ajiae5a.mongodb.net", "serverPort": 27017, "awaited": true, "durationMS": 3507.2819589986466, "failure": "\"_OperationCancelled('operation cancelled')\"", "driverConnectionId": 1}
[ 2025-07-12 23:46:47,923 ] pymongo.topology - DEBUG - {"message": "Server heartbeat failed", "topologyId": {"$oid": "6872a6459ebe7c490ac3af2c"}, "serverHost": "ac-seftnoh-shard-00-00.ajiae5a.mongodb.net", "serverPort": 27017, "awaited": true, "durationMS": 3507.358041999396, "failure": "\"_OperationCancelled('operation cancelled')\"", "driverConnectionId": 1}
