[ 2025-07-12 23:37:12,227 ] root - INFO - Initializing TrainPipeline class
[ 2025-07-12 23:37:12,227 ] root - INFO - Entered the [run_pipeline] method of TrainPipeline class
[ 2025-07-12 23:37:12,228 ] root - INFO - Entered the [start_data_ingestion] method of TrainPipeline class
[ 2025-07-12 23:37:12,228 ] root - INFO - Getting data from mongo db
[ 2025-07-12 23:37:12,228 ] root - INFO - Data_Ingestion class object created
[ 2025-07-12 23:37:12,228 ] root - INFO - Entered [initiate_data_ingestion] method of DataIngestion class
[ 2025-07-12 23:37:12,228 ] root - INFO - Entered [export_data_into_feature_store] method of Data_Ingestion class
[ 2025-07-12 23:37:12,228 ] root - INFO - Exporting data from mongodb
[ 2025-07-12 23:37:12,390 ] pymongo.topology - DEBUG - {"message": "Starting topology monitoring", "topologyId": {"$oid": "6872a45086d492263ae1ba3e"}}
[ 2025-07-12 23:37:12,390 ] pymongo.topology - DEBUG - {"message": "Topology description changed", "topologyId": {"$oid": "6872a45086d492263ae1ba3e"}, "previousDescription": "<TopologyDescription id: 6872a45086d492263ae1ba3e, topology_type: Unknown, servers: []>", "newDescription": "<TopologyDescription id: 6872a45086d492263ae1ba3e, topology_type: ReplicaSetNoPrimary, servers: [<ServerDescription ('ac-seftnoh-shard-00-00.ajiae5a.mongodb.net', 27017) server_type: Unknown, rtt: None>, <ServerDescription ('ac-seftnoh-shard-00-01.ajiae5a.mongodb.net', 27017) server_type: Unknown, rtt: None>, <ServerDescription ('ac-seftnoh-shard-00-02.ajiae5a.mongodb.net', 27017) server_type: Unknown, rtt: None>]>"}
[ 2025-07-12 23:37:12,390 ] pymongo.topology - DEBUG - {"message": "Starting server monitoring", "topologyId": {"$oid": "6872a45086d492263ae1ba3e"}, "serverHost": "ac-seftnoh-shard-00-00.ajiae5a.mongodb.net", "serverPort": 27017}
[ 2025-07-12 23:37:12,390 ] pymongo.topology - DEBUG - {"message": "Starting server monitoring", "topologyId": {"$oid": "6872a45086d492263ae1ba3e"}, "serverHost": "ac-seftnoh-shard-00-01.ajiae5a.mongodb.net", "serverPort": 27017}
[ 2025-07-12 23:37:12,390 ] pymongo.topology - DEBUG - {"message": "Starting server monitoring", "topologyId": {"$oid": "6872a45086d492263ae1ba3e"}, "serverHost": "ac-seftnoh-shard-00-02.ajiae5a.mongodb.net", "serverPort": 27017}
[ 2025-07-12 23:37:12,391 ] pymongo.connection - DEBUG - {"message": "Connection pool created", "clientId": {"$oid": "6872a45086d492263ae1ba3e"}, "serverHost": "ac-seftnoh-shard-00-00.ajiae5a.mongodb.net", "serverPort": 27017}
[ 2025-07-12 23:37:12,391 ] pymongo.connection - DEBUG - {"message": "Connection pool created", "clientId": {"$oid": "6872a45086d492263ae1ba3e"}, "serverHost": "ac-seftnoh-shard-00-01.ajiae5a.mongodb.net", "serverPort": 27017}
[ 2025-07-12 23:37:12,391 ] pymongo.connection - DEBUG - {"message": "Connection pool created", "clientId": {"$oid": "6872a45086d492263ae1ba3e"}, "serverHost": "ac-seftnoh-shard-00-02.ajiae5a.mongodb.net", "serverPort": 27017}
[ 2025-07-12 23:37:12,392 ] root - INFO - MongoDB connection succesfull
[ 2025-07-12 23:37:12,392 ] pymongo.serverSelection - DEBUG - {"message": "Server selection started", "selector": "Primary()", "operation": "find", "topologyDescription": "<TopologyDescription id: 6872a45086d492263ae1ba3e, topology_type: ReplicaSetNoPrimary, servers: [<ServerDescription ('ac-seftnoh-shard-00-00.ajiae5a.mongodb.net', 27017) server_type: Unknown, rtt: None>, <ServerDescription ('ac-seftnoh-shard-00-01.ajiae5a.mongodb.net', 27017) server_type: Unknown, rtt: None>, <ServerDescription ('ac-seftnoh-shard-00-02.ajiae5a.mongodb.net', 27017) server_type: Unknown, rtt: None>]>", "clientId": {"$oid": "6872a45086d492263ae1ba3e"}}
[ 2025-07-12 23:37:12,392 ] pymongo.serverSelection - DEBUG - {"message": "Waiting for suitable server to become available", "selector": "Primary()", "operation": "find", "topologyDescription": "<TopologyDescription id: 6872a45086d492263ae1ba3e, topology_type: ReplicaSetNoPrimary, servers: [<ServerDescription ('ac-seftnoh-shard-00-00.ajiae5a.mongodb.net', 27017) server_type: Unknown, rtt: None>, <ServerDescription ('ac-seftnoh-shard-00-01.ajiae5a.mongodb.net', 27017) server_type: Unknown, rtt: None>, <ServerDescription ('ac-seftnoh-shard-00-02.ajiae5a.mongodb.net', 27017) server_type: Unknown, rtt: None>]>", "clientId": {"$oid": "6872a45086d492263ae1ba3e"}, "remainingTimeMS": 29999}
[ 2025-07-12 23:37:12,542 ] pymongo.topology - DEBUG - {"message": "Server heartbeat started", "topologyId": {"$oid": "6872a45086d492263ae1ba3e"}, "driverConnectionId": 1, "serverHost": "ac-seftnoh-shard-00-01.ajiae5a.mongodb.net", "serverPort": 27017, "awaited": false}
[ 2025-07-12 23:37:12,561 ] pymongo.topology - DEBUG - {"message": "Server heartbeat started", "topologyId": {"$oid": "6872a45086d492263ae1ba3e"}, "driverConnectionId": 1, "serverHost": "ac-seftnoh-shard-00-00.ajiae5a.mongodb.net", "serverPort": 27017, "awaited": false}
[ 2025-07-12 23:37:12,572 ] pymongo.topology - DEBUG - {"message": "Server heartbeat started", "topologyId": {"$oid": "6872a45086d492263ae1ba3e"}, "driverConnectionId": 1, "serverHost": "ac-seftnoh-shard-00-02.ajiae5a.mongodb.net", "serverPort": 27017, "awaited": false}
[ 2025-07-12 23:37:12,607 ] pymongo.topology - DEBUG - {"message": "Server heartbeat succeeded", "topologyId": {"$oid": "6872a45086d492263ae1ba3e"}, "driverConnectionId": 1, "serverConnectionId": 22805, "serverHost": "ac-seftnoh-shard-00-01.ajiae5a.mongodb.net", "serverPort": 27017, "awaited": false, "durationMS": 65.40737499017268, "reply": "{\"helloOk\": true, \"topologyVersion\": {\"processId\": {\"$oid\": \"68712bc703db27a9c7dda3d9\"}, \"counter\": 3}, \"hosts\": [\"ac-seftnoh-shard-00-00.ajiae5a.mongodb.net:27017\", \"ac-seftnoh-shard-00-01.ajiae5a.mongodb.net:27017\", \"ac-seftnoh-shard-00-02.ajiae5a.mongodb.net:27017\"], \"setName\": \"atlas-huz2dh-shard-0\", \"setVersion\": 299, \"secondary\": true, \"primary\": \"ac-seftnoh-shard-00-02.ajiae5a.mongodb.net:27017\", \"tags\": {\"provider\": \"AWS\", \"region\": \"AP_SOUTH_1\", \"workloadType\": \"OPERATIONAL\", \"diskState\": \"READY\", \"nodeType\": \"ELECTABLE\", \"availabilityZone\": \"aps1-az3\"}, \"me\": \"ac-seftnoh-shard-00-01.ajiae5a.mongodb.net:27017\", \"lastWrite\": {\"opTime\": {\"ts\": {\"$timestamp\": {\"t\": 1752343632, \"i\": 11}}, \"t\": 273}, \"lastWriteDate\": {\"$date\": \"2025-07-12T18:07:12Z\"}, \"majorityOpTime\": {\"ts\": {\"$timestamp\": {\"t\": 1752343632, \"i\": 11}}, \"t\": 273}, \"majorityWriteDate\": {\"$date\": \"2025-07-12T18:07:12Z\"}}, \"maxBsonObjectSize\": 16777216, \"maxMessageSizeBytes\": 48000000, \"maxWriteBatchSize\": 100000, \"loc..."}
[ 2025-07-12 23:37:12,610 ] pymongo.connection - DEBUG - {"message": "Connection pool ready", "clientId": {"$oid": "6872a45086d492263ae1ba3e"}, "serverHost": "ac-seftnoh-shard-00-01.ajiae5a.mongodb.net", "serverPort": 27017}
[ 2025-07-12 23:37:12,610 ] pymongo.topology - DEBUG - {"message": "Topology description changed", "topologyId": {"$oid": "6872a45086d492263ae1ba3e"}, "previousDescription": "<TopologyDescription id: 6872a45086d492263ae1ba3e, topology_type: ReplicaSetNoPrimary, servers: [<ServerDescription ('ac-seftnoh-shard-00-00.ajiae5a.mongodb.net', 27017) server_type: Unknown, rtt: None>, <ServerDescription ('ac-seftnoh-shard-00-01.ajiae5a.mongodb.net', 27017) server_type: Unknown, rtt: None>, <ServerDescription ('ac-seftnoh-shard-00-02.ajiae5a.mongodb.net', 27017) server_type: Unknown, rtt: None>]>", "newDescription": "<TopologyDescription id: 6872a45086d492263ae1ba3e, topology_type: ReplicaSetNoPrimary, servers: [<ServerDescription ('ac-seftnoh-shard-00-00.ajiae5a.mongodb.net', 27017) server_type: Unknown, rtt: None>, <ServerDescription ('ac-seftnoh-shard-00-01.ajiae5a.mongodb.net', 27017) server_type: RSSecondary, rtt: 0.06540737499017268>, <ServerDescription ('ac-seftnoh-shard-00-02.ajiae5a.mongodb.net', 27017) server_type: Unknown, rtt: None>]>"}
[ 2025-07-12 23:37:12,610 ] pymongo.topology - DEBUG - {"message": "Server heartbeat started", "topologyId": {"$oid": "6872a45086d492263ae1ba3e"}, "driverConnectionId": 1, "serverConnectionId": 22805, "serverHost": "ac-seftnoh-shard-00-01.ajiae5a.mongodb.net", "serverPort": 27017, "awaited": true}
[ 2025-07-12 23:37:12,626 ] pymongo.topology - DEBUG - {"message": "Server heartbeat succeeded", "topologyId": {"$oid": "6872a45086d492263ae1ba3e"}, "driverConnectionId": 1, "serverConnectionId": 23444, "serverHost": "ac-seftnoh-shard-00-00.ajiae5a.mongodb.net", "serverPort": 27017, "awaited": false, "durationMS": 64.768333977554, "reply": "{\"helloOk\": true, \"topologyVersion\": {\"processId\": {\"$oid\": \"68712b49081a705f8235132a\"}, \"counter\": 4}, \"hosts\": [\"ac-seftnoh-shard-00-00.ajiae5a.mongodb.net:27017\", \"ac-seftnoh-shard-00-01.ajiae5a.mongodb.net:27017\", \"ac-seftnoh-shard-00-02.ajiae5a.mongodb.net:27017\"], \"setName\": \"atlas-huz2dh-shard-0\", \"setVersion\": 299, \"secondary\": true, \"primary\": \"ac-seftnoh-shard-00-02.ajiae5a.mongodb.net:27017\", \"tags\": {\"nodeType\": \"ELECTABLE\", \"region\": \"AP_SOUTH_1\", \"provider\": \"AWS\", \"workloadType\": \"OPERATIONAL\", \"availabilityZone\": \"aps1-az1\", \"diskState\": \"READY\"}, \"me\": \"ac-seftnoh-shard-00-00.ajiae5a.mongodb.net:27017\", \"lastWrite\": {\"opTime\": {\"ts\": {\"$timestamp\": {\"t\": 1752343632, \"i\": 11}}, \"t\": 273}, \"lastWriteDate\": {\"$date\": \"2025-07-12T18:07:12Z\"}, \"majorityOpTime\": {\"ts\": {\"$timestamp\": {\"t\": 1752343632, \"i\": 11}}, \"t\": 273}, \"majorityWriteDate\": {\"$date\": \"2025-07-12T18:07:12Z\"}}, \"maxBsonObjectSize\": 16777216, \"maxMessageSizeBytes\": 48000000, \"maxWriteBatchSize\": 100000, \"loc..."}
[ 2025-07-12 23:37:12,627 ] pymongo.connection - DEBUG - {"message": "Connection pool ready", "clientId": {"$oid": "6872a45086d492263ae1ba3e"}, "serverHost": "ac-seftnoh-shard-00-00.ajiae5a.mongodb.net", "serverPort": 27017}
[ 2025-07-12 23:37:12,627 ] pymongo.topology - DEBUG - {"message": "Topology description changed", "topologyId": {"$oid": "6872a45086d492263ae1ba3e"}, "previousDescription": "<TopologyDescription id: 6872a45086d492263ae1ba3e, topology_type: ReplicaSetNoPrimary, servers: [<ServerDescription ('ac-seftnoh-shard-00-00.ajiae5a.mongodb.net', 27017) server_type: Unknown, rtt: None>, <ServerDescription ('ac-seftnoh-shard-00-01.ajiae5a.mongodb.net', 27017) server_type: RSSecondary, rtt: 0.06540737499017268>, <ServerDescription ('ac-seftnoh-shard-00-02.ajiae5a.mongodb.net', 27017) server_type: Unknown, rtt: None>]>", "newDescription": "<TopologyDescription id: 6872a45086d492263ae1ba3e, topology_type: ReplicaSetNoPrimary, servers: [<ServerDescription ('ac-seftnoh-shard-00-00.ajiae5a.mongodb.net', 27017) server_type: RSSecondary, rtt: 0.064768333977554>, <ServerDescription ('ac-seftnoh-shard-00-01.ajiae5a.mongodb.net', 27017) server_type: RSSecondary, rtt: 0.06540737499017268>, <ServerDescription ('ac-seftnoh-shard-00-02.ajiae5a.mongodb.net', 27017) server_type: Unknown, rtt: None>]>"}
[ 2025-07-12 23:37:12,627 ] pymongo.topology - DEBUG - {"message": "Server heartbeat started", "topologyId": {"$oid": "6872a45086d492263ae1ba3e"}, "driverConnectionId": 1, "serverConnectionId": 23444, "serverHost": "ac-seftnoh-shard-00-00.ajiae5a.mongodb.net", "serverPort": 27017, "awaited": true}
[ 2025-07-12 23:37:12,667 ] pymongo.topology - DEBUG - {"message": "Server heartbeat succeeded", "topologyId": {"$oid": "6872a45086d492263ae1ba3e"}, "driverConnectionId": 1, "serverConnectionId": 24293, "serverHost": "ac-seftnoh-shard-00-02.ajiae5a.mongodb.net", "serverPort": 27017, "awaited": false, "durationMS": 94.81766598764807, "reply": "{\"helloOk\": true, \"topologyVersion\": {\"processId\": {\"$oid\": \"68712b88e825f82d0dc0fc06\"}, \"counter\": 6}, \"hosts\": [\"ac-seftnoh-shard-00-00.ajiae5a.mongodb.net:27017\", \"ac-seftnoh-shard-00-01.ajiae5a.mongodb.net:27017\", \"ac-seftnoh-shard-00-02.ajiae5a.mongodb.net:27017\"], \"setName\": \"atlas-huz2dh-shard-0\", \"setVersion\": 299, \"ismaster\": true, \"primary\": \"ac-seftnoh-shard-00-02.ajiae5a.mongodb.net:27017\", \"tags\": {\"provider\": \"AWS\", \"region\": \"AP_SOUTH_1\", \"workloadType\": \"OPERATIONAL\", \"availabilityZone\": \"aps1-az2\", \"diskState\": \"READY\", \"nodeType\": \"ELECTABLE\"}, \"me\": \"ac-seftnoh-shard-00-02.ajiae5a.mongodb.net:27017\", \"electionId\": {\"$oid\": \"7fffffff0000000000000111\"}, \"lastWrite\": {\"opTime\": {\"ts\": {\"$timestamp\": {\"t\": 1752343632, \"i\": 11}}, \"t\": 273}, \"lastWriteDate\": {\"$date\": \"2025-07-12T18:07:12Z\"}, \"majorityOpTime\": {\"ts\": {\"$timestamp\": {\"t\": 1752343632, \"i\": 11}}, \"t\": 273}, \"majorityWriteDate\": {\"$date\": \"2025-07-12T18:07:12Z\"}}, \"maxBsonObjectSize\": 16777216, \"maxMessageSize..."}
[ 2025-07-12 23:37:12,668 ] pymongo.connection - DEBUG - {"message": "Connection pool ready", "clientId": {"$oid": "6872a45086d492263ae1ba3e"}, "serverHost": "ac-seftnoh-shard-00-02.ajiae5a.mongodb.net", "serverPort": 27017}
[ 2025-07-12 23:37:12,668 ] pymongo.topology - DEBUG - {"message": "Topology description changed", "topologyId": {"$oid": "6872a45086d492263ae1ba3e"}, "previousDescription": "<TopologyDescription id: 6872a45086d492263ae1ba3e, topology_type: ReplicaSetNoPrimary, servers: [<ServerDescription ('ac-seftnoh-shard-00-00.ajiae5a.mongodb.net', 27017) server_type: RSSecondary, rtt: 0.064768333977554>, <ServerDescription ('ac-seftnoh-shard-00-01.ajiae5a.mongodb.net', 27017) server_type: RSSecondary, rtt: 0.06540737499017268>, <ServerDescription ('ac-seftnoh-shard-00-02.ajiae5a.mongodb.net', 27017) server_type: Unknown, rtt: None>]>", "newDescription": "<TopologyDescription id: 6872a45086d492263ae1ba3e, topology_type: ReplicaSetWithPrimary, servers: [<ServerDescription ('ac-seftnoh-shard-00-00.ajiae5a.mongodb.net', 27017) server_type: RSSecondary, rtt: 0.064768333977554>, <ServerDescription ('ac-seftnoh-shard-00-01.ajiae5a.mongodb.net', 27017) server_type: RSSecondary, rtt: 0.06540737499017268>, <ServerDescription ('ac-seftnoh-shard-00-02.ajiae5a.mongodb.net', 27017) server_type: RSPrimary, rtt: 0.09481766598764807>]>"}
[ 2025-07-12 23:37:12,668 ] pymongo.serverSelection - DEBUG - {"message": "Server selection succeeded", "selector": "Primary()", "operation": "find", "topologyDescription": "<TopologyDescription id: 6872a45086d492263ae1ba3e, topology_type: ReplicaSetWithPrimary, servers: [<ServerDescription ('ac-seftnoh-shard-00-00.ajiae5a.mongodb.net', 27017) server_type: RSSecondary, rtt: 0.064768333977554>, <ServerDescription ('ac-seftnoh-shard-00-01.ajiae5a.mongodb.net', 27017) server_type: RSSecondary, rtt: 0.06540737499017268>, <ServerDescription ('ac-seftnoh-shard-00-02.ajiae5a.mongodb.net', 27017) server_type: RSPrimary, rtt: 0.09481766598764807>]>", "clientId": {"$oid": "6872a45086d492263ae1ba3e"}, "serverHost": "ac-seftnoh-shard-00-02.ajiae5a.mongodb.net", "serverPort": 27017}
[ 2025-07-12 23:37:12,669 ] pymongo.topology - DEBUG - {"message": "Server heartbeat started", "topologyId": {"$oid": "6872a45086d492263ae1ba3e"}, "driverConnectionId": 1, "serverConnectionId": 24293, "serverHost": "ac-seftnoh-shard-00-02.ajiae5a.mongodb.net", "serverPort": 27017, "awaited": true}
[ 2025-07-12 23:37:12,669 ] pymongo.connection - DEBUG - {"message": "Connection checkout started", "clientId": {"$oid": "6872a45086d492263ae1ba3e"}, "serverHost": "ac-seftnoh-shard-00-02.ajiae5a.mongodb.net", "serverPort": 27017}
[ 2025-07-12 23:37:12,669 ] pymongo.connection - DEBUG - {"message": "Connection created", "clientId": {"$oid": "6872a45086d492263ae1ba3e"}, "serverHost": "ac-seftnoh-shard-00-02.ajiae5a.mongodb.net", "serverPort": 27017, "driverConnectionId": 1}
[ 2025-07-12 23:37:13,011 ] pymongo.connection - DEBUG - {"message": "Connection ready", "clientId": {"$oid": "6872a45086d492263ae1ba3e"}, "serverHost": "ac-seftnoh-shard-00-02.ajiae5a.mongodb.net", "serverPort": 27017, "driverConnectionId": 1, "durationMS": 0.18377466697711498}
[ 2025-07-12 23:37:13,011 ] pymongo.connection - DEBUG - {"message": "Connection checked out", "clientId": {"$oid": "6872a45086d492263ae1ba3e"}, "serverHost": "ac-seftnoh-shard-00-02.ajiae5a.mongodb.net", "serverPort": 27017, "driverConnectionId": 1, "durationMS": 0.3421688329835888}
[ 2025-07-12 23:37:13,011 ] pymongo.command - DEBUG - {"message": "Command started", "clientId": {"$oid": "6872a45086d492263ae1ba3e"}, "command": "{\"find\": \"visa_data\", \"lsid\": {\"id\": {\"$binary\": {\"base64\": \"ijbk20KER+GfDUvnCKPf1Q==\", \"subType\": \"04\"}}}, \"$clusterTime\": {\"clusterTime\": {\"$timestamp\": {\"t\": 1752343632, \"i\": 15}}, \"signature\": {\"hash\": {\"$binary\": {\"base64\": \"kbSoPw3t6a/POhPgUAicRFNMBSg=\", \"subType\": \"00\"}}, \"keyId\": 7481317547657134092}}, \"$db\": \"US_VISA\"}", "commandName": "find", "databaseName": "US_VISA", "requestId": 1784484492, "operationId": 1784484492, "driverConnectionId": 1, "serverConnectionId": 24179, "serverHost": "ac-seftnoh-shard-00-02.ajiae5a.mongodb.net", "serverPort": 27017}
[ 2025-07-12 23:37:13,146 ] pymongo.command - DEBUG - {"message": "Command succeeded", "clientId": {"$oid": "6872a45086d492263ae1ba3e"}, "durationMS": 135.125, "reply": "{\"cursor\": {\"firstBatch\": [{\"_id\": {\"$oid\": \"686d14e0c5d3562c6585297d\"}, \"case_id\": \"EZYV01\", \"continent\": \"Asia\", \"education_of_employee\": \"High School\", \"has_job_experience\": \"N\", \"requires_job_training\": \"N\", \"no_of_employees\": 14513, \"yr_of_estab\": 2007, \"region_of_employment\": \"West\", \"prevailing_wage\": 592.2029, \"unit_of_wage\": \"Hour\", \"full_time_position\": \"Y\", \"case_status\": \"Denied\"}, {\"_id\": {\"$oid\": \"686d14e0c5d3562c6585297e\"}, \"case_id\": \"EZYV02\", \"continent\": \"Asia\", \"education_of_employee\": \"Master's\", \"has_job_experience\": \"Y\", \"requires_job_training\": \"N\", \"no_of_employees\": 2412, \"yr_of_estab\": 2002, \"region_of_employment\": \"Northeast\", \"prevailing_wage\": 83425.65, \"unit_of_wage\": \"Year\", \"full_time_position\": \"Y\", \"case_status\": \"Certified\"}, {\"_id\": {\"$oid\": \"686d14e0c5d3562c6585297f\"}, \"case_id\": \"EZYV03\", \"continent\": \"Asia\", \"education_of_employee\": \"Bachelor's\", \"has_job_experience\": \"N\", \"requires_job_training\": \"Y\", \"no_of_employees\": 44444, \"yr_of_estab\": 2008...", "commandName": "find", "databaseName": "US_VISA", "requestId": 1784484492, "operationId": 1784484492, "driverConnectionId": 1, "serverConnectionId": 24179, "serverHost": "ac-seftnoh-shard-00-02.ajiae5a.mongodb.net", "serverPort": 27017}
[ 2025-07-12 23:37:13,148 ] pymongo.connection - DEBUG - {"message": "Connection checked in", "clientId": {"$oid": "6872a45086d492263ae1ba3e"}, "serverHost": "ac-seftnoh-shard-00-02.ajiae5a.mongodb.net", "serverPort": 27017, "driverConnectionId": 1}
[ 2025-07-12 23:37:13,148 ] pymongo.serverSelection - DEBUG - {"message": "Server selection started", "selector": "<function any_server_selector at 0x15edbc4a0>", "operation": "getMore", "topologyDescription": "<TopologyDescription id: 6872a45086d492263ae1ba3e, topology_type: ReplicaSetWithPrimary, servers: [<ServerDescription ('ac-seftnoh-shard-00-00.ajiae5a.mongodb.net', 27017) server_type: RSSecondary, rtt: 0.064768333977554>, <ServerDescription ('ac-seftnoh-shard-00-01.ajiae5a.mongodb.net', 27017) server_type: RSSecondary, rtt: 0.06540737499017268>, <ServerDescription ('ac-seftnoh-shard-00-02.ajiae5a.mongodb.net', 27017) server_type: RSPrimary, rtt: 0.09481766598764807>]>", "clientId": {"$oid": "6872a45086d492263ae1ba3e"}}
[ 2025-07-12 23:37:13,149 ] pymongo.serverSelection - DEBUG - {"message": "Server selection succeeded", "selector": "<function any_server_selector at 0x15edbc4a0>", "operation": "getMore", "topologyDescription": "<TopologyDescription id: 6872a45086d492263ae1ba3e, topology_type: ReplicaSetWithPrimary, servers: [<ServerDescription ('ac-seftnoh-shard-00-00.ajiae5a.mongodb.net', 27017) server_type: RSSecondary, rtt: 0.064768333977554>, <ServerDescription ('ac-seftnoh-shard-00-01.ajiae5a.mongodb.net', 27017) server_type: RSSecondary, rtt: 0.06540737499017268>, <ServerDescription ('ac-seftnoh-shard-00-02.ajiae5a.mongodb.net', 27017) server_type: RSPrimary, rtt: 0.09481766598764807>]>", "clientId": {"$oid": "6872a45086d492263ae1ba3e"}, "serverHost": "ac-seftnoh-shard-00-02.ajiae5a.mongodb.net", "serverPort": 27017}
[ 2025-07-12 23:37:13,149 ] pymongo.connection - DEBUG - {"message": "Connection checkout started", "clientId": {"$oid": "6872a45086d492263ae1ba3e"}, "serverHost": "ac-seftnoh-shard-00-02.ajiae5a.mongodb.net", "serverPort": 27017}
[ 2025-07-12 23:37:13,149 ] pymongo.connection - DEBUG - {"message": "Connection checked out", "clientId": {"$oid": "6872a45086d492263ae1ba3e"}, "serverHost": "ac-seftnoh-shard-00-02.ajiae5a.mongodb.net", "serverPort": 27017, "driverConnectionId": 1, "durationMS": 0.00019041699124500155}
[ 2025-07-12 23:37:13,149 ] pymongo.command - DEBUG - {"message": "Command started", "clientId": {"$oid": "6872a45086d492263ae1ba3e"}, "command": "{\"getMore\": 814916613776018306, \"collection\": \"visa_data\", \"lsid\": {\"id\": {\"$binary\": {\"base64\": \"ijbk20KER+GfDUvnCKPf1Q==\", \"subType\": \"04\"}}}, \"$clusterTime\": {\"clusterTime\": {\"$timestamp\": {\"t\": 1752343633, \"i\": 1}}, \"signature\": {\"hash\": {\"$binary\": {\"base64\": \"mD9F2VWoVeUPqg4ieyQA8q04uLM=\", \"subType\": \"00\"}}, \"keyId\": 7481317547657134092}}, \"$db\": \"US_VISA\"}", "commandName": "getMore", "databaseName": "US_VISA", "requestId": 74243042, "operationId": 74243042, "driverConnectionId": 1, "serverConnectionId": 24179, "serverHost": "ac-seftnoh-shard-00-02.ajiae5a.mongodb.net", "serverPort": 27017}
[ 2025-07-12 23:37:16,108 ] pymongo.command - DEBUG - {"message": "Command succeeded", "clientId": {"$oid": "6872a45086d492263ae1ba3e"}, "durationMS": 2958.471, "reply": "{\"cursor\": {\"nextBatch\": [{\"_id\": {\"$oid\": \"686d14e0c5d3562c658529e2\"}, \"case_id\": \"EZYV102\", \"continent\": \"Asia\", \"education_of_employee\": \"Master's\", \"has_job_experience\": \"Y\", \"requires_job_training\": \"N\", \"no_of_employees\": 334, \"yr_of_estab\": 2007, \"region_of_employment\": \"Midwest\", \"prevailing_wage\": 43421.88, \"unit_of_wage\": \"Year\", \"full_time_position\": \"Y\", \"case_status\": \"Certified\"}, {\"_id\": {\"$oid\": \"686d14e0c5d3562c658529e3\"}, \"case_id\": \"EZYV103\", \"continent\": \"Asia\", \"education_of_employee\": \"Bachelor's\", \"has_job_experience\": \"Y\", \"requires_job_training\": \"N\", \"no_of_employees\": 224, \"yr_of_estab\": 2008, \"region_of_employment\": \"Midwest\", \"prevailing_wage\": 80253.78, \"unit_of_wage\": \"Year\", \"full_time_position\": \"Y\", \"case_status\": \"Certified\"}, {\"_id\": {\"$oid\": \"686d14e0c5d3562c658529e4\"}, \"case_id\": \"EZYV104\", \"continent\": \"Asia\", \"education_of_employee\": \"Doctorate\", \"has_job_experience\": \"Y\", \"requires_job_training\": \"N\", \"no_of_employees\": 367, \"yr_of_estab\": 1982,...", "commandName": "getMore", "databaseName": "US_VISA", "requestId": 74243042, "operationId": 74243042, "driverConnectionId": 1, "serverConnectionId": 24179, "serverHost": "ac-seftnoh-shard-00-02.ajiae5a.mongodb.net", "serverPort": 27017}
[ 2025-07-12 23:37:16,108 ] pymongo.connection - DEBUG - {"message": "Connection checked in", "clientId": {"$oid": "6872a45086d492263ae1ba3e"}, "serverHost": "ac-seftnoh-shard-00-02.ajiae5a.mongodb.net", "serverPort": 27017, "driverConnectionId": 1}
[ 2025-07-12 23:37:16,149 ] root - INFO - Shape of dataframe: (25480, 12)
[ 2025-07-12 23:37:16,149 ] root - INFO - Shape of dataframe: (25480, 12)
[ 2025-07-12 23:37:16,150 ] root - INFO - Saving exported data into feature store file path: artifact/07_12_2025_23-37-11/data_ingestion/feature_store
[ 2025-07-12 23:37:16,197 ] root - INFO - Got the data from mongodb
[ 2025-07-12 23:37:16,197 ] root - INFO - Entered [split_data_as_train_test] method of DataIngestion class
[ 2025-07-12 23:37:16,200 ] root - INFO - Performed train test split operation on the dataframe
[ 2025-07-12 23:37:16,200 ] root - INFO - Exporting train file to artifact/07_12_2025_23-37-11/data_ingestion/ingested/train.parquet
[ 2025-07-12 23:37:16,212 ] root - INFO - Exporting test file to artifact/07_12_2025_23-37-11/data_ingestion/ingested/test.parquet
[ 2025-07-12 23:37:16,216 ] root - INFO - Exported train and test files successfully
[ 2025-07-12 23:37:16,217 ] root - INFO - Performed train test split on the dataset
[ 2025-07-12 23:37:16,217 ] root - INFO - Exited initiate_data_ingestion method of Data_Ingestion class
[ 2025-07-12 23:37:16,217 ] root - INFO - Data ingestion artifact: DataIngestionArtifact(trained_file_path='artifact/07_12_2025_23-37-11/data_ingestion/ingested/train.parquet', test_file_path='artifact/07_12_2025_23-37-11/data_ingestion/ingested/test.parquet')
[ 2025-07-12 23:37:16,220 ] root - INFO - Got the train_set and test_set from mongodb
[ 2025-07-12 23:37:16,221 ] root - INFO - Exited the [start_data_ingestion] method of TrainPipeline class
[ 2025-07-12 23:37:16,221 ] root - INFO - Entered the [start_data_validation] method of TrainPipeline class
[ 2025-07-12 23:37:16,221 ] root - INFO - Entered the read_yaml_file method of utils
[ 2025-07-12 23:37:16,222 ] root - INFO - Starting data validation
[ 2025-07-12 23:37:16,273 ] root - INFO - Is required column present: [True]
[ 2025-07-12 23:37:16,273 ] root - INFO - All required columns present in training dataframe: True
[ 2025-07-12 23:37:16,273 ] root - INFO - Is required column present: [True]
[ 2025-07-12 23:37:16,273 ] root - INFO - All required columns present in testing dataframe: True
[ 2025-07-12 23:37:22,777 ] pymongo.topology - DEBUG - {"message": "Server heartbeat succeeded", "topologyId": {"$oid": "6872a45086d492263ae1ba3e"}, "driverConnectionId": 1, "serverConnectionId": 24293, "serverHost": "ac-seftnoh-shard-00-02.ajiae5a.mongodb.net", "serverPort": 27017, "awaited": true, "durationMS": 10108.588083996437, "reply": "{\"topologyVersion\": {\"processId\": {\"$oid\": \"68712b88e825f82d0dc0fc06\"}, \"counter\": 6}, \"hosts\": [\"ac-seftnoh-shard-00-00.ajiae5a.mongodb.net:27017\", \"ac-seftnoh-shard-00-01.ajiae5a.mongodb.net:27017\", \"ac-seftnoh-shard-00-02.ajiae5a.mongodb.net:27017\"], \"setName\": \"atlas-huz2dh-shard-0\", \"setVersion\": 299, \"isWritablePrimary\": true, \"primary\": \"ac-seftnoh-shard-00-02.ajiae5a.mongodb.net:27017\", \"tags\": {\"provider\": \"AWS\", \"region\": \"AP_SOUTH_1\", \"nodeType\": \"ELECTABLE\", \"availabilityZone\": \"aps1-az2\", \"diskState\": \"READY\", \"workloadType\": \"OPERATIONAL\"}, \"me\": \"ac-seftnoh-shard-00-02.ajiae5a.mongodb.net:27017\", \"electionId\": {\"$oid\": \"7fffffff0000000000000111\"}, \"lastWrite\": {\"opTime\": {\"ts\": {\"$timestamp\": {\"t\": 1752343642, \"i\": 25}}, \"t\": 273}, \"lastWriteDate\": {\"$date\": \"2025-07-12T18:07:22Z\"}, \"majorityOpTime\": {\"ts\": {\"$timestamp\": {\"t\": 1752343642, \"i\": 25}}, \"t\": 273}, \"majorityWriteDate\": {\"$date\": \"2025-07-12T18:07:22Z\"}}, \"maxBsonObjectSize\": 16777216, \"maxMessageSizeBytes\": ..."}
[ 2025-07-12 23:37:22,778 ] pymongo.topology - DEBUG - {"message": "Server heartbeat succeeded", "topologyId": {"$oid": "6872a45086d492263ae1ba3e"}, "driverConnectionId": 1, "serverConnectionId": 22805, "serverHost": "ac-seftnoh-shard-00-01.ajiae5a.mongodb.net", "serverPort": 27017, "awaited": true, "durationMS": 10167.754291993333, "reply": "{\"topologyVersion\": {\"processId\": {\"$oid\": \"68712bc703db27a9c7dda3d9\"}, \"counter\": 3}, \"hosts\": [\"ac-seftnoh-shard-00-00.ajiae5a.mongodb.net:27017\", \"ac-seftnoh-shard-00-01.ajiae5a.mongodb.net:27017\", \"ac-seftnoh-shard-00-02.ajiae5a.mongodb.net:27017\"], \"setName\": \"atlas-huz2dh-shard-0\", \"setVersion\": 299, \"secondary\": true, \"primary\": \"ac-seftnoh-shard-00-02.ajiae5a.mongodb.net:27017\", \"tags\": {\"provider\": \"AWS\", \"availabilityZone\": \"aps1-az3\", \"diskState\": \"READY\", \"workloadType\": \"OPERATIONAL\", \"nodeType\": \"ELECTABLE\", \"region\": \"AP_SOUTH_1\"}, \"me\": \"ac-seftnoh-shard-00-01.ajiae5a.mongodb.net:27017\", \"lastWrite\": {\"opTime\": {\"ts\": {\"$timestamp\": {\"t\": 1752343642, \"i\": 25}}, \"t\": 273}, \"lastWriteDate\": {\"$date\": \"2025-07-12T18:07:22Z\"}, \"majorityOpTime\": {\"ts\": {\"$timestamp\": {\"t\": 1752343642, \"i\": 25}}, \"t\": 273}, \"majorityWriteDate\": {\"$date\": \"2025-07-12T18:07:22Z\"}}, \"maxBsonObjectSize\": 16777216, \"maxMessageSizeBytes\": 48000000, \"maxWriteBatchSize\": 100000, \"localTime\": {\"$date\"..."}
[ 2025-07-12 23:37:22,778 ] pymongo.topology - DEBUG - {"message": "Server heartbeat succeeded", "topologyId": {"$oid": "6872a45086d492263ae1ba3e"}, "driverConnectionId": 1, "serverConnectionId": 23444, "serverHost": "ac-seftnoh-shard-00-00.ajiae5a.mongodb.net", "serverPort": 27017, "awaited": true, "durationMS": 10150.582083006157, "reply": "{\"topologyVersion\": {\"processId\": {\"$oid\": \"68712b49081a705f8235132a\"}, \"counter\": 4}, \"hosts\": [\"ac-seftnoh-shard-00-00.ajiae5a.mongodb.net:27017\", \"ac-seftnoh-shard-00-01.ajiae5a.mongodb.net:27017\", \"ac-seftnoh-shard-00-02.ajiae5a.mongodb.net:27017\"], \"setName\": \"atlas-huz2dh-shard-0\", \"setVersion\": 299, \"secondary\": true, \"primary\": \"ac-seftnoh-shard-00-02.ajiae5a.mongodb.net:27017\", \"tags\": {\"region\": \"AP_SOUTH_1\", \"nodeType\": \"ELECTABLE\", \"diskState\": \"READY\", \"workloadType\": \"OPERATIONAL\", \"availabilityZone\": \"aps1-az1\", \"provider\": \"AWS\"}, \"me\": \"ac-seftnoh-shard-00-00.ajiae5a.mongodb.net:27017\", \"lastWrite\": {\"opTime\": {\"ts\": {\"$timestamp\": {\"t\": 1752343642, \"i\": 25}}, \"t\": 273}, \"lastWriteDate\": {\"$date\": \"2025-07-12T18:07:22Z\"}, \"majorityOpTime\": {\"ts\": {\"$timestamp\": {\"t\": 1752343642, \"i\": 25}}, \"t\": 273}, \"majorityWriteDate\": {\"$date\": \"2025-07-12T18:07:22Z\"}}, \"maxBsonObjectSize\": 16777216, \"maxMessageSizeBytes\": 48000000, \"maxWriteBatchSize\": 100000, \"localTime\": {\"$date\"..."}
[ 2025-07-12 23:37:22,778 ] pymongo.topology - DEBUG - {"message": "Server heartbeat started", "topologyId": {"$oid": "6872a45086d492263ae1ba3e"}, "driverConnectionId": 1, "serverConnectionId": 24293, "serverHost": "ac-seftnoh-shard-00-02.ajiae5a.mongodb.net", "serverPort": 27017, "awaited": true}
[ 2025-07-12 23:37:22,780 ] pymongo.topology - DEBUG - {"message": "Server heartbeat started", "topologyId": {"$oid": "6872a45086d492263ae1ba3e"}, "driverConnectionId": 1, "serverConnectionId": 22805, "serverHost": "ac-seftnoh-shard-00-01.ajiae5a.mongodb.net", "serverPort": 27017, "awaited": true}
[ 2025-07-12 23:37:22,782 ] pymongo.topology - DEBUG - {"message": "Server heartbeat started", "topologyId": {"$oid": "6872a45086d492263ae1ba3e"}, "driverConnectionId": 1, "serverConnectionId": 23444, "serverHost": "ac-seftnoh-shard-00-00.ajiae5a.mongodb.net", "serverPort": 27017, "awaited": true}
[ 2025-07-12 23:37:29,989 ] root - INFO - Entered the write_yaml_file method of utils
[ 2025-07-12 23:37:30,516 ] root - INFO - Exited the write_yaml_file method of utils
[ 2025-07-12 23:37:30,516 ] root - INFO - 1/12 drift detected.
[ 2025-07-12 23:37:30,517 ] root - INFO - Data validation artifact: DataValidationArtifact(validation_status=True, message='Drift not detected', drift_report_file_path='artifact/07_12_2025_23-37-11/data_validation/drift_report/report.yaml')
[ 2025-07-12 23:37:30,517 ] root - INFO - Performed the data validation operation
[ 2025-07-12 23:37:30,517 ] root - INFO - Exited the [start_data_validation] method of TrainPipeline class
[ 2025-07-12 23:37:30,517 ] root - INFO - Entered the [start_data_transformation] method of TrainPipeline class
[ 2025-07-12 23:37:30,517 ] root - INFO - Entered the read_yaml_file method of utils
[ 2025-07-12 23:37:30,518 ] root - INFO - Starting data transformation
[ 2025-07-12 23:37:30,518 ] root - INFO - Entered get_data_transformer_object method of DataTransformation class
[ 2025-07-12 23:37:30,518 ] root - INFO - Got numerical cols from schema config
[ 2025-07-12 23:37:30,519 ] root - INFO - Initialized StandardScaler, OneHotEncoder, OrdinalEncoder
[ 2025-07-12 23:37:30,519 ] root - INFO - Initialize PowerTransformer
[ 2025-07-12 23:37:30,519 ] root - INFO - Created preprocessor object from ColumnTransformer
[ 2025-07-12 23:37:30,519 ] root - INFO - Exited get_data_transformer_object method of DataTransformation class
[ 2025-07-12 23:37:30,519 ] root - INFO - Got the preprocessor object
[ 2025-07-12 23:37:30,526 ] root - INFO - Got train features and test features of Training dataset
[ 2025-07-12 23:37:30,526 ] root - INFO - Added company_age column to the Training dataset
[ 2025-07-12 23:37:30,526 ] root - INFO - drop the columns in drop_cols of Training dataset
[ 2025-07-12 23:37:30,526 ] root - INFO - Entered the drop_columns method of utils
[ 2025-07-12 23:37:30,527 ] root - INFO - Dropped columns: ['case_id', 'yr_of_estab']
[ 2025-07-12 23:37:30,531 ] root - INFO - Added company_age column to the Test dataset
[ 2025-07-12 23:37:30,531 ] root - INFO - Entered the drop_columns method of utils
[ 2025-07-12 23:37:30,531 ] root - INFO - Dropped columns: ['case_id', 'yr_of_estab']
[ 2025-07-12 23:37:30,531 ] root - INFO - drop the columns in drop_cols of Test dataset
[ 2025-07-12 23:37:30,532 ] root - INFO - Got train features and test features of Testing dataset
[ 2025-07-12 23:37:30,532 ] root - INFO - Applying preprocessing object on training dataframe and testing dataframe
[ 2025-07-12 23:37:30,565 ] root - INFO - Used the preprocessor object to fit transform the train features
[ 2025-07-12 23:37:30,570 ] root - INFO - Used the preprocessor object to transform the test features
[ 2025-07-12 23:37:30,570 ] root - INFO - Applying SMOTEENN on Training dataset
[ 2025-07-12 23:37:31,012 ] root - INFO - Applied SMOTEENN on training dataset
[ 2025-07-12 23:37:31,012 ] root - INFO - Applying SMOTEENN on testing dataset
[ 2025-07-12 23:37:31,055 ] root - INFO - Applied SMOTEENN on testing dataset
[ 2025-07-12 23:37:31,055 ] root - INFO - Created train array and test array
[ 2025-07-12 23:37:31,056 ] root - INFO - Entered the save_object method of utils
[ 2025-07-12 23:37:31,058 ] root - INFO - Exited the save_object method of utils
[ 2025-07-12 23:37:31,058 ] root - INFO - Entered the load_numpy_array_data method of utils
[ 2025-07-12 23:37:31,058 ] root - INFO - Entered the load_numpy_array_data method of utils
[ 2025-07-12 23:37:31,059 ] root - INFO - Saved the preprocessor object
[ 2025-07-12 23:37:31,059 ] root - INFO - Exited initiate_data_transformation method of Data_Transformation class
[ 2025-07-12 23:37:31,060 ] root - INFO - Exited the [start_data_transformation] method of TrainPipeline class
[ 2025-07-12 23:37:31,060 ] root - INFO - Entered the [start_model_trainer] method of TrainPipeline class
[ 2025-07-12 23:37:31,060 ] root - INFO - Entered [initiate_model_trainer] method of ModelTrainer class
[ 2025-07-12 23:37:31,060 ] root - INFO - Entered the load_numpy_array_data method of utils
[ 2025-07-12 23:37:31,061 ] root - INFO - Exited the load_numpy_array_data method of utils
[ 2025-07-12 23:37:31,061 ] root - INFO - Entered the load_numpy_array_data method of utils
[ 2025-07-12 23:37:31,061 ] root - INFO - Exited the load_numpy_array_data method of utils
[ 2025-07-12 23:37:31,061 ] root - INFO - Entered [get_model_object_and_report] method of ModelTrainer class
[ 2025-07-12 23:37:31,061 ] root - INFO - Using neuro_mf to get best model object and report
[ 2025-07-12 23:37:31,063 ] neuro_mf - INFO - Started Initializing model from config file
[ 2025-07-12 23:37:31,063 ] neuro_mf - INFO - {'algorithm': 'kd_tree', 'weights': 'uniform', 'n_neighbors': 3}
[ 2025-07-12 23:37:31,063 ] neuro_mf - INFO - {'max_depth': 10, 'max_features': 'sqrt', 'n_estimators': 3}
[ 2025-07-12 23:37:31,319 ] pymongo.topology - DEBUG - {"message": "Server heartbeat failed", "topologyId": {"$oid": "6872a45086d492263ae1ba3e"}, "serverHost": "ac-seftnoh-shard-00-02.ajiae5a.mongodb.net", "serverPort": 27017, "awaited": true, "durationMS": 8540.424000006169, "failure": "\"_OperationCancelled('operation cancelled')\"", "driverConnectionId": 1}
[ 2025-07-12 23:37:31,319 ] pymongo.topology - DEBUG - {"message": "Server heartbeat failed", "topologyId": {"$oid": "6872a45086d492263ae1ba3e"}, "serverHost": "ac-seftnoh-shard-00-00.ajiae5a.mongodb.net", "serverPort": 27017, "awaited": true, "durationMS": 8537.368833000073, "failure": "\"_OperationCancelled('operation cancelled')\"", "driverConnectionId": 1}
[ 2025-07-12 23:37:31,319 ] pymongo.topology - DEBUG - {"message": "Server heartbeat failed", "topologyId": {"$oid": "6872a45086d492263ae1ba3e"}, "serverHost": "ac-seftnoh-shard-00-01.ajiae5a.mongodb.net", "serverPort": 27017, "awaited": true, "durationMS": 8539.102290989831, "failure": "\"_OperationCancelled('operation cancelled')\"", "driverConnectionId": 1}
