[ 2025-07-14 17:12:57,919 ] root - INFO - Initializing TrainPipeline class
[ 2025-07-14 17:12:57,920 ] root - INFO - Entered the [run_pipeline] method of TrainPipeline class
[ 2025-07-14 17:12:57,920 ] root - INFO - Entered the [start_data_ingestion] method of TrainPipeline class
[ 2025-07-14 17:12:57,920 ] root - INFO - Getting data from mongo db
[ 2025-07-14 17:12:57,920 ] root - INFO - Data_Ingestion class object created
[ 2025-07-14 17:12:57,920 ] root - INFO - Entered [initiate_data_ingestion] method of DataIngestion class
[ 2025-07-14 17:12:57,920 ] root - INFO - Entered [export_data_into_feature_store] method of Data_Ingestion class
[ 2025-07-14 17:12:57,920 ] root - INFO - Exporting data from mongodb
[ 2025-07-14 17:12:58,146 ] pymongo.topology - DEBUG - {"message": "Starting topology monitoring", "topologyId": {"$oid": "6874ed4141ca91c93fee324a"}}
[ 2025-07-14 17:12:58,146 ] pymongo.topology - DEBUG - {"message": "Topology description changed", "topologyId": {"$oid": "6874ed4141ca91c93fee324a"}, "previousDescription": "<TopologyDescription id: 6874ed4141ca91c93fee324a, topology_type: Unknown, servers: []>", "newDescription": "<TopologyDescription id: 6874ed4141ca91c93fee324a, topology_type: ReplicaSetNoPrimary, servers: [<ServerDescription ('ac-seftnoh-shard-00-00.ajiae5a.mongodb.net', 27017) server_type: Unknown, rtt: None>, <ServerDescription ('ac-seftnoh-shard-00-01.ajiae5a.mongodb.net', 27017) server_type: Unknown, rtt: None>, <ServerDescription ('ac-seftnoh-shard-00-02.ajiae5a.mongodb.net', 27017) server_type: Unknown, rtt: None>]>"}
[ 2025-07-14 17:12:58,147 ] pymongo.topology - DEBUG - {"message": "Starting server monitoring", "topologyId": {"$oid": "6874ed4141ca91c93fee324a"}, "serverHost": "ac-seftnoh-shard-00-02.ajiae5a.mongodb.net", "serverPort": 27017}
[ 2025-07-14 17:12:58,147 ] pymongo.topology - DEBUG - {"message": "Starting server monitoring", "topologyId": {"$oid": "6874ed4141ca91c93fee324a"}, "serverHost": "ac-seftnoh-shard-00-00.ajiae5a.mongodb.net", "serverPort": 27017}
[ 2025-07-14 17:12:58,147 ] pymongo.topology - DEBUG - {"message": "Starting server monitoring", "topologyId": {"$oid": "6874ed4141ca91c93fee324a"}, "serverHost": "ac-seftnoh-shard-00-01.ajiae5a.mongodb.net", "serverPort": 27017}
[ 2025-07-14 17:12:58,147 ] pymongo.connection - DEBUG - {"message": "Connection pool created", "clientId": {"$oid": "6874ed4141ca91c93fee324a"}, "serverHost": "ac-seftnoh-shard-00-02.ajiae5a.mongodb.net", "serverPort": 27017}
[ 2025-07-14 17:12:58,147 ] pymongo.connection - DEBUG - {"message": "Connection pool created", "clientId": {"$oid": "6874ed4141ca91c93fee324a"}, "serverHost": "ac-seftnoh-shard-00-00.ajiae5a.mongodb.net", "serverPort": 27017}
[ 2025-07-14 17:12:58,147 ] pymongo.connection - DEBUG - {"message": "Connection pool created", "clientId": {"$oid": "6874ed4141ca91c93fee324a"}, "serverHost": "ac-seftnoh-shard-00-01.ajiae5a.mongodb.net", "serverPort": 27017}
[ 2025-07-14 17:12:58,148 ] root - INFO - MongoDB connection succesfull
[ 2025-07-14 17:12:58,148 ] pymongo.serverSelection - DEBUG - {"message": "Server selection started", "selector": "Primary()", "operation": "find", "topologyDescription": "<TopologyDescription id: 6874ed4141ca91c93fee324a, topology_type: ReplicaSetNoPrimary, servers: [<ServerDescription ('ac-seftnoh-shard-00-00.ajiae5a.mongodb.net', 27017) server_type: Unknown, rtt: None>, <ServerDescription ('ac-seftnoh-shard-00-01.ajiae5a.mongodb.net', 27017) server_type: Unknown, rtt: None>, <ServerDescription ('ac-seftnoh-shard-00-02.ajiae5a.mongodb.net', 27017) server_type: Unknown, rtt: None>]>", "clientId": {"$oid": "6874ed4141ca91c93fee324a"}}
[ 2025-07-14 17:12:58,148 ] pymongo.serverSelection - DEBUG - {"message": "Waiting for suitable server to become available", "selector": "Primary()", "operation": "find", "topologyDescription": "<TopologyDescription id: 6874ed4141ca91c93fee324a, topology_type: ReplicaSetNoPrimary, servers: [<ServerDescription ('ac-seftnoh-shard-00-00.ajiae5a.mongodb.net', 27017) server_type: Unknown, rtt: None>, <ServerDescription ('ac-seftnoh-shard-00-01.ajiae5a.mongodb.net', 27017) server_type: Unknown, rtt: None>, <ServerDescription ('ac-seftnoh-shard-00-02.ajiae5a.mongodb.net', 27017) server_type: Unknown, rtt: None>]>", "clientId": {"$oid": "6874ed4141ca91c93fee324a"}, "remainingTimeMS": 29999}
[ 2025-07-14 17:12:58,453 ] pymongo.topology - DEBUG - {"message": "Server heartbeat started", "topologyId": {"$oid": "6874ed4141ca91c93fee324a"}, "driverConnectionId": 1, "serverHost": "ac-seftnoh-shard-00-01.ajiae5a.mongodb.net", "serverPort": 27017, "awaited": false}
[ 2025-07-14 17:12:58,453 ] pymongo.topology - DEBUG - {"message": "Server heartbeat started", "topologyId": {"$oid": "6874ed4141ca91c93fee324a"}, "driverConnectionId": 1, "serverHost": "ac-seftnoh-shard-00-00.ajiae5a.mongodb.net", "serverPort": 27017, "awaited": false}
[ 2025-07-14 17:12:58,510 ] pymongo.topology - DEBUG - {"message": "Server heartbeat started", "topologyId": {"$oid": "6874ed4141ca91c93fee324a"}, "driverConnectionId": 1, "serverHost": "ac-seftnoh-shard-00-02.ajiae5a.mongodb.net", "serverPort": 27017, "awaited": false}
[ 2025-07-14 17:12:58,517 ] pymongo.topology - DEBUG - {"message": "Server heartbeat succeeded", "topologyId": {"$oid": "6874ed4141ca91c93fee324a"}, "driverConnectionId": 1, "serverConnectionId": 56475, "serverHost": "ac-seftnoh-shard-00-01.ajiae5a.mongodb.net", "serverPort": 27017, "awaited": false, "durationMS": 63.655958976596594, "reply": "{\"helloOk\": true, \"topologyVersion\": {\"processId\": {\"$oid\": \"68712bc703db27a9c7dda3d9\"}, \"counter\": 3}, \"hosts\": [\"ac-seftnoh-shard-00-00.ajiae5a.mongodb.net:27017\", \"ac-seftnoh-shard-00-01.ajiae5a.mongodb.net:27017\", \"ac-seftnoh-shard-00-02.ajiae5a.mongodb.net:27017\"], \"setName\": \"atlas-huz2dh-shard-0\", \"setVersion\": 299, \"secondary\": true, \"primary\": \"ac-seftnoh-shard-00-02.ajiae5a.mongodb.net:27017\", \"tags\": {\"availabilityZone\": \"aps1-az3\", \"region\": \"AP_SOUTH_1\", \"diskState\": \"READY\", \"nodeType\": \"ELECTABLE\", \"workloadType\": \"OPERATIONAL\", \"provider\": \"AWS\"}, \"me\": \"ac-seftnoh-shard-00-01.ajiae5a.mongodb.net:27017\", \"lastWrite\": {\"opTime\": {\"ts\": {\"$timestamp\": {\"t\": 1752493378, \"i\": 9}}, \"t\": 273}, \"lastWriteDate\": {\"$date\": \"2025-07-14T11:42:58Z\"}, \"majorityOpTime\": {\"ts\": {\"$timestamp\": {\"t\": 1752493378, \"i\": 9}}, \"t\": 273}, \"majorityWriteDate\": {\"$date\": \"2025-07-14T11:42:58Z\"}}, \"maxBsonObjectSize\": 16777216, \"maxMessageSizeBytes\": 48000000, \"maxWriteBatchSize\": 100000, \"local..."}
[ 2025-07-14 17:12:58,519 ] pymongo.connection - DEBUG - {"message": "Connection pool ready", "clientId": {"$oid": "6874ed4141ca91c93fee324a"}, "serverHost": "ac-seftnoh-shard-00-01.ajiae5a.mongodb.net", "serverPort": 27017}
[ 2025-07-14 17:12:58,519 ] pymongo.topology - DEBUG - {"message": "Topology description changed", "topologyId": {"$oid": "6874ed4141ca91c93fee324a"}, "previousDescription": "<TopologyDescription id: 6874ed4141ca91c93fee324a, topology_type: ReplicaSetNoPrimary, servers: [<ServerDescription ('ac-seftnoh-shard-00-00.ajiae5a.mongodb.net', 27017) server_type: Unknown, rtt: None>, <ServerDescription ('ac-seftnoh-shard-00-01.ajiae5a.mongodb.net', 27017) server_type: Unknown, rtt: None>, <ServerDescription ('ac-seftnoh-shard-00-02.ajiae5a.mongodb.net', 27017) server_type: Unknown, rtt: None>]>", "newDescription": "<TopologyDescription id: 6874ed4141ca91c93fee324a, topology_type: ReplicaSetNoPrimary, servers: [<ServerDescription ('ac-seftnoh-shard-00-00.ajiae5a.mongodb.net', 27017) server_type: Unknown, rtt: None>, <ServerDescription ('ac-seftnoh-shard-00-01.ajiae5a.mongodb.net', 27017) server_type: RSSecondary, rtt: 0.0636559589765966>, <ServerDescription ('ac-seftnoh-shard-00-02.ajiae5a.mongodb.net', 27017) server_type: Unknown, rtt: None>]>"}
[ 2025-07-14 17:12:58,519 ] pymongo.topology - DEBUG - {"message": "Server heartbeat started", "topologyId": {"$oid": "6874ed4141ca91c93fee324a"}, "driverConnectionId": 1, "serverConnectionId": 56475, "serverHost": "ac-seftnoh-shard-00-01.ajiae5a.mongodb.net", "serverPort": 27017, "awaited": true}
[ 2025-07-14 17:12:58,523 ] pymongo.topology - DEBUG - {"message": "Server heartbeat succeeded", "topologyId": {"$oid": "6874ed4141ca91c93fee324a"}, "driverConnectionId": 1, "serverConnectionId": 57299, "serverHost": "ac-seftnoh-shard-00-00.ajiae5a.mongodb.net", "serverPort": 27017, "awaited": false, "durationMS": 67.65624997206032, "reply": "{\"helloOk\": true, \"topologyVersion\": {\"processId\": {\"$oid\": \"68712b49081a705f8235132a\"}, \"counter\": 4}, \"hosts\": [\"ac-seftnoh-shard-00-00.ajiae5a.mongodb.net:27017\", \"ac-seftnoh-shard-00-01.ajiae5a.mongodb.net:27017\", \"ac-seftnoh-shard-00-02.ajiae5a.mongodb.net:27017\"], \"setName\": \"atlas-huz2dh-shard-0\", \"setVersion\": 299, \"secondary\": true, \"primary\": \"ac-seftnoh-shard-00-02.ajiae5a.mongodb.net:27017\", \"tags\": {\"provider\": \"AWS\", \"workloadType\": \"OPERATIONAL\", \"availabilityZone\": \"aps1-az1\", \"diskState\": \"READY\", \"nodeType\": \"ELECTABLE\", \"region\": \"AP_SOUTH_1\"}, \"me\": \"ac-seftnoh-shard-00-00.ajiae5a.mongodb.net:27017\", \"lastWrite\": {\"opTime\": {\"ts\": {\"$timestamp\": {\"t\": 1752493378, \"i\": 9}}, \"t\": 273}, \"lastWriteDate\": {\"$date\": \"2025-07-14T11:42:58Z\"}, \"majorityOpTime\": {\"ts\": {\"$timestamp\": {\"t\": 1752493378, \"i\": 9}}, \"t\": 273}, \"majorityWriteDate\": {\"$date\": \"2025-07-14T11:42:58Z\"}}, \"maxBsonObjectSize\": 16777216, \"maxMessageSizeBytes\": 48000000, \"maxWriteBatchSize\": 100000, \"local..."}
[ 2025-07-14 17:12:58,523 ] pymongo.connection - DEBUG - {"message": "Connection pool ready", "clientId": {"$oid": "6874ed4141ca91c93fee324a"}, "serverHost": "ac-seftnoh-shard-00-00.ajiae5a.mongodb.net", "serverPort": 27017}
[ 2025-07-14 17:12:58,523 ] pymongo.topology - DEBUG - {"message": "Topology description changed", "topologyId": {"$oid": "6874ed4141ca91c93fee324a"}, "previousDescription": "<TopologyDescription id: 6874ed4141ca91c93fee324a, topology_type: ReplicaSetNoPrimary, servers: [<ServerDescription ('ac-seftnoh-shard-00-00.ajiae5a.mongodb.net', 27017) server_type: Unknown, rtt: None>, <ServerDescription ('ac-seftnoh-shard-00-01.ajiae5a.mongodb.net', 27017) server_type: RSSecondary, rtt: 0.0636559589765966>, <ServerDescription ('ac-seftnoh-shard-00-02.ajiae5a.mongodb.net', 27017) server_type: Unknown, rtt: None>]>", "newDescription": "<TopologyDescription id: 6874ed4141ca91c93fee324a, topology_type: ReplicaSetNoPrimary, servers: [<ServerDescription ('ac-seftnoh-shard-00-00.ajiae5a.mongodb.net', 27017) server_type: RSSecondary, rtt: 0.06765624997206032>, <ServerDescription ('ac-seftnoh-shard-00-01.ajiae5a.mongodb.net', 27017) server_type: RSSecondary, rtt: 0.0636559589765966>, <ServerDescription ('ac-seftnoh-shard-00-02.ajiae5a.mongodb.net', 27017) server_type: Unknown, rtt: None>]>"}
[ 2025-07-14 17:12:58,523 ] pymongo.topology - DEBUG - {"message": "Server heartbeat started", "topologyId": {"$oid": "6874ed4141ca91c93fee324a"}, "driverConnectionId": 1, "serverConnectionId": 57299, "serverHost": "ac-seftnoh-shard-00-00.ajiae5a.mongodb.net", "serverPort": 27017, "awaited": true}
[ 2025-07-14 17:12:58,577 ] pymongo.topology - DEBUG - {"message": "Server heartbeat succeeded", "topologyId": {"$oid": "6874ed4141ca91c93fee324a"}, "driverConnectionId": 1, "serverConnectionId": 61843, "serverHost": "ac-seftnoh-shard-00-02.ajiae5a.mongodb.net", "serverPort": 27017, "awaited": false, "durationMS": 67.02020799275488, "reply": "{\"helloOk\": true, \"topologyVersion\": {\"processId\": {\"$oid\": \"68712b88e825f82d0dc0fc06\"}, \"counter\": 6}, \"hosts\": [\"ac-seftnoh-shard-00-00.ajiae5a.mongodb.net:27017\", \"ac-seftnoh-shard-00-01.ajiae5a.mongodb.net:27017\", \"ac-seftnoh-shard-00-02.ajiae5a.mongodb.net:27017\"], \"setName\": \"atlas-huz2dh-shard-0\", \"setVersion\": 299, \"ismaster\": true, \"primary\": \"ac-seftnoh-shard-00-02.ajiae5a.mongodb.net:27017\", \"tags\": {\"availabilityZone\": \"aps1-az2\", \"diskState\": \"READY\", \"nodeType\": \"ELECTABLE\", \"provider\": \"AWS\", \"region\": \"AP_SOUTH_1\", \"workloadType\": \"OPERATIONAL\"}, \"me\": \"ac-seftnoh-shard-00-02.ajiae5a.mongodb.net:27017\", \"electionId\": {\"$oid\": \"7fffffff0000000000000111\"}, \"lastWrite\": {\"opTime\": {\"ts\": {\"$timestamp\": {\"t\": 1752493378, \"i\": 10}}, \"t\": 273}, \"lastWriteDate\": {\"$date\": \"2025-07-14T11:42:58Z\"}, \"majorityOpTime\": {\"ts\": {\"$timestamp\": {\"t\": 1752493378, \"i\": 10}}, \"t\": 273}, \"majorityWriteDate\": {\"$date\": \"2025-07-14T11:42:58Z\"}}, \"maxBsonObjectSize\": 16777216, \"maxMessageSize..."}
[ 2025-07-14 17:12:58,577 ] pymongo.connection - DEBUG - {"message": "Connection pool ready", "clientId": {"$oid": "6874ed4141ca91c93fee324a"}, "serverHost": "ac-seftnoh-shard-00-02.ajiae5a.mongodb.net", "serverPort": 27017}
[ 2025-07-14 17:12:58,577 ] pymongo.topology - DEBUG - {"message": "Topology description changed", "topologyId": {"$oid": "6874ed4141ca91c93fee324a"}, "previousDescription": "<TopologyDescription id: 6874ed4141ca91c93fee324a, topology_type: ReplicaSetNoPrimary, servers: [<ServerDescription ('ac-seftnoh-shard-00-00.ajiae5a.mongodb.net', 27017) server_type: RSSecondary, rtt: 0.06765624997206032>, <ServerDescription ('ac-seftnoh-shard-00-01.ajiae5a.mongodb.net', 27017) server_type: RSSecondary, rtt: 0.0636559589765966>, <ServerDescription ('ac-seftnoh-shard-00-02.ajiae5a.mongodb.net', 27017) server_type: Unknown, rtt: None>]>", "newDescription": "<TopologyDescription id: 6874ed4141ca91c93fee324a, topology_type: ReplicaSetWithPrimary, servers: [<ServerDescription ('ac-seftnoh-shard-00-00.ajiae5a.mongodb.net', 27017) server_type: RSSecondary, rtt: 0.06765624997206032>, <ServerDescription ('ac-seftnoh-shard-00-01.ajiae5a.mongodb.net', 27017) server_type: RSSecondary, rtt: 0.0636559589765966>, <ServerDescription ('ac-seftnoh-shard-00-02.ajiae5a.mongodb.net', 27017) server_type: RSPrimary, rtt: 0.06702020799275488>]>"}
[ 2025-07-14 17:12:58,577 ] pymongo.serverSelection - DEBUG - {"message": "Server selection succeeded", "selector": "Primary()", "operation": "find", "topologyDescription": "<TopologyDescription id: 6874ed4141ca91c93fee324a, topology_type: ReplicaSetWithPrimary, servers: [<ServerDescription ('ac-seftnoh-shard-00-00.ajiae5a.mongodb.net', 27017) server_type: RSSecondary, rtt: 0.06765624997206032>, <ServerDescription ('ac-seftnoh-shard-00-01.ajiae5a.mongodb.net', 27017) server_type: RSSecondary, rtt: 0.0636559589765966>, <ServerDescription ('ac-seftnoh-shard-00-02.ajiae5a.mongodb.net', 27017) server_type: RSPrimary, rtt: 0.06702020799275488>]>", "clientId": {"$oid": "6874ed4141ca91c93fee324a"}, "serverHost": "ac-seftnoh-shard-00-02.ajiae5a.mongodb.net", "serverPort": 27017}
[ 2025-07-14 17:12:58,577 ] pymongo.connection - DEBUG - {"message": "Connection checkout started", "clientId": {"$oid": "6874ed4141ca91c93fee324a"}, "serverHost": "ac-seftnoh-shard-00-02.ajiae5a.mongodb.net", "serverPort": 27017}
[ 2025-07-14 17:12:58,577 ] pymongo.connection - DEBUG - {"message": "Connection created", "clientId": {"$oid": "6874ed4141ca91c93fee324a"}, "serverHost": "ac-seftnoh-shard-00-02.ajiae5a.mongodb.net", "serverPort": 27017, "driverConnectionId": 1}
[ 2025-07-14 17:12:58,578 ] pymongo.topology - DEBUG - {"message": "Server heartbeat started", "topologyId": {"$oid": "6874ed4141ca91c93fee324a"}, "driverConnectionId": 1, "serverConnectionId": 61843, "serverHost": "ac-seftnoh-shard-00-02.ajiae5a.mongodb.net", "serverPort": 27017, "awaited": true}
[ 2025-07-14 17:12:58,898 ] pymongo.connection - DEBUG - {"message": "Connection ready", "clientId": {"$oid": "6874ed4141ca91c93fee324a"}, "serverHost": "ac-seftnoh-shard-00-02.ajiae5a.mongodb.net", "serverPort": 27017, "driverConnectionId": 1, "durationMS": 0.16700308304280043}
[ 2025-07-14 17:12:58,899 ] pymongo.connection - DEBUG - {"message": "Connection checked out", "clientId": {"$oid": "6874ed4141ca91c93fee324a"}, "serverHost": "ac-seftnoh-shard-00-02.ajiae5a.mongodb.net", "serverPort": 27017, "driverConnectionId": 1, "durationMS": 0.32107579201692715}
[ 2025-07-14 17:12:58,899 ] pymongo.command - DEBUG - {"message": "Command started", "clientId": {"$oid": "6874ed4141ca91c93fee324a"}, "command": "{\"find\": \"visa_data\", \"lsid\": {\"id\": {\"$binary\": {\"base64\": \"VH/E55kWTzWt+Yq561fbwQ==\", \"subType\": \"04\"}}}, \"$clusterTime\": {\"clusterTime\": {\"$timestamp\": {\"t\": 1752493378, \"i\": 15}}, \"signature\": {\"hash\": {\"$binary\": {\"base64\": \"U7KZLgrqn/sN/qrS367qp0mjEHU=\", \"subType\": \"00\"}}, \"keyId\": 7481317547657134092}}, \"$db\": \"US_VISA\"}", "commandName": "find", "databaseName": "US_VISA", "requestId": 1784484492, "operationId": 1784484492, "driverConnectionId": 1, "serverConnectionId": 62131, "serverHost": "ac-seftnoh-shard-00-02.ajiae5a.mongodb.net", "serverPort": 27017}
[ 2025-07-14 17:12:59,015 ] pymongo.command - DEBUG - {"message": "Command succeeded", "clientId": {"$oid": "6874ed4141ca91c93fee324a"}, "durationMS": 116.49600000000001, "reply": "{\"cursor\": {\"firstBatch\": [{\"_id\": {\"$oid\": \"686d14e0c5d3562c6585297d\"}, \"case_id\": \"EZYV01\", \"continent\": \"Asia\", \"education_of_employee\": \"High School\", \"has_job_experience\": \"N\", \"requires_job_training\": \"N\", \"no_of_employees\": 14513, \"yr_of_estab\": 2007, \"region_of_employment\": \"West\", \"prevailing_wage\": 592.2029, \"unit_of_wage\": \"Hour\", \"full_time_position\": \"Y\", \"case_status\": \"Denied\"}, {\"_id\": {\"$oid\": \"686d14e0c5d3562c6585297e\"}, \"case_id\": \"EZYV02\", \"continent\": \"Asia\", \"education_of_employee\": \"Master's\", \"has_job_experience\": \"Y\", \"requires_job_training\": \"N\", \"no_of_employees\": 2412, \"yr_of_estab\": 2002, \"region_of_employment\": \"Northeast\", \"prevailing_wage\": 83425.65, \"unit_of_wage\": \"Year\", \"full_time_position\": \"Y\", \"case_status\": \"Certified\"}, {\"_id\": {\"$oid\": \"686d14e0c5d3562c6585297f\"}, \"case_id\": \"EZYV03\", \"continent\": \"Asia\", \"education_of_employee\": \"Bachelor's\", \"has_job_experience\": \"N\", \"requires_job_training\": \"Y\", \"no_of_employees\": 44444, \"yr_of_estab\": 2008...", "commandName": "find", "databaseName": "US_VISA", "requestId": 1784484492, "operationId": 1784484492, "driverConnectionId": 1, "serverConnectionId": 62131, "serverHost": "ac-seftnoh-shard-00-02.ajiae5a.mongodb.net", "serverPort": 27017}
[ 2025-07-14 17:12:59,016 ] pymongo.connection - DEBUG - {"message": "Connection checked in", "clientId": {"$oid": "6874ed4141ca91c93fee324a"}, "serverHost": "ac-seftnoh-shard-00-02.ajiae5a.mongodb.net", "serverPort": 27017, "driverConnectionId": 1}
[ 2025-07-14 17:12:59,016 ] pymongo.serverSelection - DEBUG - {"message": "Server selection started", "selector": "<function any_server_selector at 0x1400f0d60>", "operation": "getMore", "topologyDescription": "<TopologyDescription id: 6874ed4141ca91c93fee324a, topology_type: ReplicaSetWithPrimary, servers: [<ServerDescription ('ac-seftnoh-shard-00-00.ajiae5a.mongodb.net', 27017) server_type: RSSecondary, rtt: 0.06765624997206032>, <ServerDescription ('ac-seftnoh-shard-00-01.ajiae5a.mongodb.net', 27017) server_type: RSSecondary, rtt: 0.0636559589765966>, <ServerDescription ('ac-seftnoh-shard-00-02.ajiae5a.mongodb.net', 27017) server_type: RSPrimary, rtt: 0.06702020799275488>]>", "clientId": {"$oid": "6874ed4141ca91c93fee324a"}}
[ 2025-07-14 17:12:59,016 ] pymongo.serverSelection - DEBUG - {"message": "Server selection succeeded", "selector": "<function any_server_selector at 0x1400f0d60>", "operation": "getMore", "topologyDescription": "<TopologyDescription id: 6874ed4141ca91c93fee324a, topology_type: ReplicaSetWithPrimary, servers: [<ServerDescription ('ac-seftnoh-shard-00-00.ajiae5a.mongodb.net', 27017) server_type: RSSecondary, rtt: 0.06765624997206032>, <ServerDescription ('ac-seftnoh-shard-00-01.ajiae5a.mongodb.net', 27017) server_type: RSSecondary, rtt: 0.0636559589765966>, <ServerDescription ('ac-seftnoh-shard-00-02.ajiae5a.mongodb.net', 27017) server_type: RSPrimary, rtt: 0.06702020799275488>]>", "clientId": {"$oid": "6874ed4141ca91c93fee324a"}, "serverHost": "ac-seftnoh-shard-00-02.ajiae5a.mongodb.net", "serverPort": 27017}
[ 2025-07-14 17:12:59,017 ] pymongo.connection - DEBUG - {"message": "Connection checkout started", "clientId": {"$oid": "6874ed4141ca91c93fee324a"}, "serverHost": "ac-seftnoh-shard-00-02.ajiae5a.mongodb.net", "serverPort": 27017}
[ 2025-07-14 17:12:59,017 ] pymongo.connection - DEBUG - {"message": "Connection checked out", "clientId": {"$oid": "6874ed4141ca91c93fee324a"}, "serverHost": "ac-seftnoh-shard-00-02.ajiae5a.mongodb.net", "serverPort": 27017, "driverConnectionId": 1, "durationMS": 0.00010354199912399054}
[ 2025-07-14 17:12:59,017 ] pymongo.command - DEBUG - {"message": "Command started", "clientId": {"$oid": "6874ed4141ca91c93fee324a"}, "command": "{\"getMore\": 6140590359512241583, \"collection\": \"visa_data\", \"lsid\": {\"id\": {\"$binary\": {\"base64\": \"VH/E55kWTzWt+Yq561fbwQ==\", \"subType\": \"04\"}}}, \"$clusterTime\": {\"clusterTime\": {\"$timestamp\": {\"t\": 1752493378, \"i\": 15}}, \"signature\": {\"hash\": {\"$binary\": {\"base64\": \"U7KZLgrqn/sN/qrS367qp0mjEHU=\", \"subType\": \"00\"}}, \"keyId\": 7481317547657134092}}, \"$db\": \"US_VISA\"}", "commandName": "getMore", "databaseName": "US_VISA", "requestId": 74243042, "operationId": 74243042, "driverConnectionId": 1, "serverConnectionId": 62131, "serverHost": "ac-seftnoh-shard-00-02.ajiae5a.mongodb.net", "serverPort": 27017}
[ 2025-07-14 17:13:01,772 ] pymongo.command - DEBUG - {"message": "Command succeeded", "clientId": {"$oid": "6874ed4141ca91c93fee324a"}, "durationMS": 2755.366, "reply": "{\"cursor\": {\"nextBatch\": [{\"_id\": {\"$oid\": \"686d14e0c5d3562c658529e2\"}, \"case_id\": \"EZYV102\", \"continent\": \"Asia\", \"education_of_employee\": \"Master's\", \"has_job_experience\": \"Y\", \"requires_job_training\": \"N\", \"no_of_employees\": 334, \"yr_of_estab\": 2007, \"region_of_employment\": \"Midwest\", \"prevailing_wage\": 43421.88, \"unit_of_wage\": \"Year\", \"full_time_position\": \"Y\", \"case_status\": \"Certified\"}, {\"_id\": {\"$oid\": \"686d14e0c5d3562c658529e3\"}, \"case_id\": \"EZYV103\", \"continent\": \"Asia\", \"education_of_employee\": \"Bachelor's\", \"has_job_experience\": \"Y\", \"requires_job_training\": \"N\", \"no_of_employees\": 224, \"yr_of_estab\": 2008, \"region_of_employment\": \"Midwest\", \"prevailing_wage\": 80253.78, \"unit_of_wage\": \"Year\", \"full_time_position\": \"Y\", \"case_status\": \"Certified\"}, {\"_id\": {\"$oid\": \"686d14e0c5d3562c658529e4\"}, \"case_id\": \"EZYV104\", \"continent\": \"Asia\", \"education_of_employee\": \"Doctorate\", \"has_job_experience\": \"Y\", \"requires_job_training\": \"N\", \"no_of_employees\": 367, \"yr_of_estab\": 1982,...", "commandName": "getMore", "databaseName": "US_VISA", "requestId": 74243042, "operationId": 74243042, "driverConnectionId": 1, "serverConnectionId": 62131, "serverHost": "ac-seftnoh-shard-00-02.ajiae5a.mongodb.net", "serverPort": 27017}
[ 2025-07-14 17:13:01,773 ] pymongo.connection - DEBUG - {"message": "Connection checked in", "clientId": {"$oid": "6874ed4141ca91c93fee324a"}, "serverHost": "ac-seftnoh-shard-00-02.ajiae5a.mongodb.net", "serverPort": 27017, "driverConnectionId": 1}
[ 2025-07-14 17:13:01,821 ] root - INFO - Shape of dataframe: (25480, 12)
[ 2025-07-14 17:13:01,821 ] root - INFO - Shape of dataframe: (25480, 12)
[ 2025-07-14 17:13:01,821 ] root - INFO - Saving exported data into feature store file path: artifact/07_14_2025_17-12-56/data_ingestion/feature_store
[ 2025-07-14 17:13:01,924 ] root - INFO - Got the data from mongodb
[ 2025-07-14 17:13:01,924 ] root - INFO - Entered [split_data_as_train_test] method of DataIngestion class
[ 2025-07-14 17:13:01,927 ] root - INFO - Performed train test split operation on the dataframe
[ 2025-07-14 17:13:01,928 ] root - INFO - Exporting train file to artifact/07_14_2025_17-12-56/data_ingestion/ingested/train.parquet
[ 2025-07-14 17:13:01,939 ] root - INFO - Exporting test file to artifact/07_14_2025_17-12-56/data_ingestion/ingested/test.parquet
[ 2025-07-14 17:13:01,944 ] root - INFO - Exported train and test files successfully
[ 2025-07-14 17:13:01,945 ] root - INFO - Performed train test split on the dataset
[ 2025-07-14 17:13:01,945 ] root - INFO - Exited initiate_data_ingestion method of Data_Ingestion class
[ 2025-07-14 17:13:01,945 ] root - INFO - Data ingestion artifact: DataIngestionArtifact(trained_file_path='artifact/07_14_2025_17-12-56/data_ingestion/ingested/train.parquet', test_file_path='artifact/07_14_2025_17-12-56/data_ingestion/ingested/test.parquet')
[ 2025-07-14 17:13:01,947 ] root - INFO - Got the train_set and test_set from mongodb
[ 2025-07-14 17:13:01,947 ] root - INFO - DataIngestionArtifact: DataIngestionArtifact(trained_file_path='artifact/07_14_2025_17-12-56/data_ingestion/ingested/train.parquet', test_file_path='artifact/07_14_2025_17-12-56/data_ingestion/ingested/test.parquet')
[ 2025-07-14 17:13:01,947 ] root - INFO - Exited the [start_data_ingestion] method of TrainPipeline class
[ 2025-07-14 17:13:01,947 ] root - INFO - Data ingestion completed
[ 2025-07-14 17:13:01,947 ] root - INFO - Entered the [start_data_validation] method of TrainPipeline class
[ 2025-07-14 17:13:01,947 ] root - INFO - Entered the read_yaml_file method of utils
[ 2025-07-14 17:13:01,949 ] root - INFO - Starting data validation
[ 2025-07-14 17:13:02,068 ] root - INFO - Is required column present: [True]
[ 2025-07-14 17:13:02,068 ] root - INFO - All required columns present in training dataframe: True
[ 2025-07-14 17:13:02,068 ] root - INFO - Is required column present: [True]
[ 2025-07-14 17:13:02,068 ] root - INFO - All required columns present in testing dataframe: True
[ 2025-07-14 17:13:08,579 ] pymongo.topology - DEBUG - {"message": "Server heartbeat succeeded", "topologyId": {"$oid": "6874ed4141ca91c93fee324a"}, "driverConnectionId": 1, "serverConnectionId": 56475, "serverHost": "ac-seftnoh-shard-00-01.ajiae5a.mongodb.net", "serverPort": 27017, "awaited": true, "durationMS": 10059.678375022486, "reply": "{\"topologyVersion\": {\"processId\": {\"$oid\": \"68712bc703db27a9c7dda3d9\"}, \"counter\": 3}, \"hosts\": [\"ac-seftnoh-shard-00-00.ajiae5a.mongodb.net:27017\", \"ac-seftnoh-shard-00-01.ajiae5a.mongodb.net:27017\", \"ac-seftnoh-shard-00-02.ajiae5a.mongodb.net:27017\"], \"setName\": \"atlas-huz2dh-shard-0\", \"setVersion\": 299, \"secondary\": true, \"primary\": \"ac-seftnoh-shard-00-02.ajiae5a.mongodb.net:27017\", \"tags\": {\"workloadType\": \"OPERATIONAL\", \"diskState\": \"READY\", \"nodeType\": \"ELECTABLE\", \"provider\": \"AWS\", \"region\": \"AP_SOUTH_1\", \"availabilityZone\": \"aps1-az3\"}, \"me\": \"ac-seftnoh-shard-00-01.ajiae5a.mongodb.net:27017\", \"lastWrite\": {\"opTime\": {\"ts\": {\"$timestamp\": {\"t\": 1752493388, \"i\": 11}}, \"t\": 273}, \"lastWriteDate\": {\"$date\": \"2025-07-14T11:43:08Z\"}, \"majorityOpTime\": {\"ts\": {\"$timestamp\": {\"t\": 1752493388, \"i\": 11}}, \"t\": 273}, \"majorityWriteDate\": {\"$date\": \"2025-07-14T11:43:08Z\"}}, \"maxBsonObjectSize\": 16777216, \"maxMessageSizeBytes\": 48000000, \"maxWriteBatchSize\": 100000, \"localTime\": {\"$date\"..."}
[ 2025-07-14 17:13:08,580 ] pymongo.topology - DEBUG - {"message": "Server heartbeat started", "topologyId": {"$oid": "6874ed4141ca91c93fee324a"}, "driverConnectionId": 1, "serverConnectionId": 56475, "serverHost": "ac-seftnoh-shard-00-01.ajiae5a.mongodb.net", "serverPort": 27017, "awaited": true}
[ 2025-07-14 17:13:08,580 ] pymongo.topology - DEBUG - {"message": "Server heartbeat succeeded", "topologyId": {"$oid": "6874ed4141ca91c93fee324a"}, "driverConnectionId": 1, "serverConnectionId": 57299, "serverHost": "ac-seftnoh-shard-00-00.ajiae5a.mongodb.net", "serverPort": 27017, "awaited": true, "durationMS": 10056.889333005529, "reply": "{\"topologyVersion\": {\"processId\": {\"$oid\": \"68712b49081a705f8235132a\"}, \"counter\": 4}, \"hosts\": [\"ac-seftnoh-shard-00-00.ajiae5a.mongodb.net:27017\", \"ac-seftnoh-shard-00-01.ajiae5a.mongodb.net:27017\", \"ac-seftnoh-shard-00-02.ajiae5a.mongodb.net:27017\"], \"setName\": \"atlas-huz2dh-shard-0\", \"setVersion\": 299, \"secondary\": true, \"primary\": \"ac-seftnoh-shard-00-02.ajiae5a.mongodb.net:27017\", \"tags\": {\"workloadType\": \"OPERATIONAL\", \"provider\": \"AWS\", \"availabilityZone\": \"aps1-az1\", \"region\": \"AP_SOUTH_1\", \"diskState\": \"READY\", \"nodeType\": \"ELECTABLE\"}, \"me\": \"ac-seftnoh-shard-00-00.ajiae5a.mongodb.net:27017\", \"lastWrite\": {\"opTime\": {\"ts\": {\"$timestamp\": {\"t\": 1752493388, \"i\": 11}}, \"t\": 273}, \"lastWriteDate\": {\"$date\": \"2025-07-14T11:43:08Z\"}, \"majorityOpTime\": {\"ts\": {\"$timestamp\": {\"t\": 1752493388, \"i\": 11}}, \"t\": 273}, \"majorityWriteDate\": {\"$date\": \"2025-07-14T11:43:08Z\"}}, \"maxBsonObjectSize\": 16777216, \"maxMessageSizeBytes\": 48000000, \"maxWriteBatchSize\": 100000, \"localTime\": {\"$date\"..."}
[ 2025-07-14 17:13:08,581 ] pymongo.topology - DEBUG - {"message": "Server heartbeat started", "topologyId": {"$oid": "6874ed4141ca91c93fee324a"}, "driverConnectionId": 1, "serverConnectionId": 57299, "serverHost": "ac-seftnoh-shard-00-00.ajiae5a.mongodb.net", "serverPort": 27017, "awaited": true}
[ 2025-07-14 17:13:08,660 ] pymongo.topology - DEBUG - {"message": "Server heartbeat succeeded", "topologyId": {"$oid": "6874ed4141ca91c93fee324a"}, "driverConnectionId": 1, "serverConnectionId": 62246, "serverHost": "ac-seftnoh-shard-00-02.ajiae5a.mongodb.net", "serverPort": 27017, "awaited": true, "durationMS": 10082.334624952637, "reply": "{\"topologyVersion\": {\"processId\": {\"$oid\": \"68712b88e825f82d0dc0fc06\"}, \"counter\": 6}, \"hosts\": [\"ac-seftnoh-shard-00-00.ajiae5a.mongodb.net:27017\", \"ac-seftnoh-shard-00-01.ajiae5a.mongodb.net:27017\", \"ac-seftnoh-shard-00-02.ajiae5a.mongodb.net:27017\"], \"setName\": \"atlas-huz2dh-shard-0\", \"setVersion\": 299, \"isWritablePrimary\": true, \"primary\": \"ac-seftnoh-shard-00-02.ajiae5a.mongodb.net:27017\", \"tags\": {\"availabilityZone\": \"aps1-az2\", \"diskState\": \"READY\", \"nodeType\": \"ELECTABLE\", \"provider\": \"AWS\", \"region\": \"AP_SOUTH_1\", \"workloadType\": \"OPERATIONAL\"}, \"me\": \"ac-seftnoh-shard-00-02.ajiae5a.mongodb.net:27017\", \"electionId\": {\"$oid\": \"7fffffff0000000000000111\"}, \"lastWrite\": {\"opTime\": {\"ts\": {\"$timestamp\": {\"t\": 1752493388, \"i\": 12}}, \"t\": 273}, \"lastWriteDate\": {\"$date\": \"2025-07-14T11:43:08Z\"}, \"majorityOpTime\": {\"ts\": {\"$timestamp\": {\"t\": 1752493388, \"i\": 12}}, \"t\": 273}, \"majorityWriteDate\": {\"$date\": \"2025-07-14T11:43:08Z\"}}, \"maxBsonObjectSize\": 16777216, \"maxMessageSizeBytes\": ..."}
[ 2025-07-14 17:13:08,662 ] pymongo.topology - DEBUG - {"message": "Server heartbeat started", "topologyId": {"$oid": "6874ed4141ca91c93fee324a"}, "driverConnectionId": 1, "serverConnectionId": 62246, "serverHost": "ac-seftnoh-shard-00-02.ajiae5a.mongodb.net", "serverPort": 27017, "awaited": true}
[ 2025-07-14 17:13:16,418 ] root - INFO - Entered the write_yaml_file method of utils
[ 2025-07-14 17:13:16,992 ] root - INFO - Exited the write_yaml_file method of utils
[ 2025-07-14 17:13:16,992 ] root - INFO - 1/12 drift detected.
[ 2025-07-14 17:13:16,993 ] root - INFO - Data validation artifact: DataValidationArtifact(validation_status=True, message='Drift not detected', drift_report_file_path='artifact/07_14_2025_17-12-56/data_validation/drift_report/report.yaml')
[ 2025-07-14 17:13:16,994 ] root - INFO - Performed the data validation operation
[ 2025-07-14 17:13:16,994 ] root - INFO - DataValidationArtifact: DataValidationArtifact(validation_status=True, message='Drift not detected', drift_report_file_path='artifact/07_14_2025_17-12-56/data_validation/drift_report/report.yaml')
[ 2025-07-14 17:13:16,994 ] root - INFO - Exited the [start_data_validation] method of TrainPipeline class
[ 2025-07-14 17:13:16,994 ] root - INFO - Data validation completed
[ 2025-07-14 17:13:16,994 ] root - INFO - Entered the [start_data_transformation] method of TrainPipeline class
[ 2025-07-14 17:13:16,994 ] root - INFO - Entered the read_yaml_file method of utils
[ 2025-07-14 17:13:16,995 ] root - INFO - Starting data transformation
[ 2025-07-14 17:13:16,995 ] root - INFO - Entered get_data_transformer_object method of DataTransformation class
[ 2025-07-14 17:13:16,995 ] root - INFO - Got numerical cols from schema config
[ 2025-07-14 17:13:16,995 ] root - INFO - Initialized StandardScaler, OneHotEncoder, OrdinalEncoder
[ 2025-07-14 17:13:16,995 ] root - INFO - Initialize PowerTransformer
[ 2025-07-14 17:13:16,996 ] root - INFO - Created preprocessor object from ColumnTransformer
[ 2025-07-14 17:13:16,996 ] root - INFO - Exited get_data_transformer_object method of DataTransformation class
[ 2025-07-14 17:13:16,996 ] root - INFO - Got the preprocessor object
[ 2025-07-14 17:13:17,004 ] root - INFO - Got train features and test features of Training dataset
[ 2025-07-14 17:13:17,005 ] root - INFO - Added company_age column to the Training dataset
[ 2025-07-14 17:13:17,005 ] root - INFO - drop the columns in drop_cols of Training dataset
[ 2025-07-14 17:13:17,005 ] root - INFO - Entered the drop_columns method of utils
[ 2025-07-14 17:13:17,005 ] root - INFO - Dropped columns: ['case_id', 'yr_of_estab']
[ 2025-07-14 17:13:17,010 ] root - INFO - Added company_age column to the Test dataset
[ 2025-07-14 17:13:17,010 ] root - INFO - Entered the drop_columns method of utils
[ 2025-07-14 17:13:17,010 ] root - INFO - Dropped columns: ['case_id', 'yr_of_estab']
[ 2025-07-14 17:13:17,010 ] root - INFO - drop the columns in drop_cols of Test dataset
[ 2025-07-14 17:13:17,011 ] root - INFO - Got train features and test features of Testing dataset
[ 2025-07-14 17:13:17,011 ] root - INFO - Applying preprocessing object on training dataframe and testing dataframe
[ 2025-07-14 17:13:17,045 ] root - INFO - Used the preprocessor object to fit transform the train features
[ 2025-07-14 17:13:17,050 ] root - INFO - Used the preprocessor object to transform the test features
[ 2025-07-14 17:13:17,050 ] root - INFO - Applying SMOTEENN on Training dataset
[ 2025-07-14 17:13:17,514 ] root - INFO - Applied SMOTEENN on training dataset
[ 2025-07-14 17:13:17,515 ] root - INFO - Applying SMOTEENN on testing dataset
[ 2025-07-14 17:13:17,556 ] root - INFO - Applied SMOTEENN on testing dataset
[ 2025-07-14 17:13:17,556 ] root - INFO - Created train array and test array
[ 2025-07-14 17:13:17,557 ] root - INFO - Entered the save_object method of utils
[ 2025-07-14 17:13:17,558 ] root - INFO - Exited the save_object method of utils
[ 2025-07-14 17:13:17,558 ] root - INFO - Entered the load_numpy_array_data method of utils
[ 2025-07-14 17:13:17,559 ] root - INFO - Entered the load_numpy_array_data method of utils
[ 2025-07-14 17:13:17,559 ] root - INFO - Saved the preprocessor object
[ 2025-07-14 17:13:17,559 ] root - INFO - Exited initiate_data_transformation method of Data_Transformation class
[ 2025-07-14 17:13:17,561 ] root - INFO - DataTransformationArtifact: DataTransformationArtifact(transformed_object_file_path='artifact/07_14_2025_17-12-56/data_transformation/transformed/preprocessing.pkl', transformed_train_file_path='artifact/07_14_2025_17-12-56/data_transformation/transformed/train.npy', transformed_test_file_path='artifact/07_14_2025_17-12-56/data_transformation/transformed/test.npy')
[ 2025-07-14 17:13:17,561 ] root - INFO - Exited the [start_data_transformation] method of TrainPipeline class
[ 2025-07-14 17:13:17,561 ] root - INFO - Data transformation completed
[ 2025-07-14 17:13:17,561 ] root - INFO - Entered the [start_model_trainer] method of TrainPipeline class
[ 2025-07-14 17:13:17,561 ] root - INFO - Entered [initiate_model_trainer] method of ModelTrainer class
[ 2025-07-14 17:13:17,561 ] root - INFO - Entered the load_numpy_array_data method of utils
[ 2025-07-14 17:13:17,561 ] root - INFO - Exited the load_numpy_array_data method of utils
[ 2025-07-14 17:13:17,561 ] root - INFO - Entered the load_numpy_array_data method of utils
[ 2025-07-14 17:13:17,562 ] root - INFO - Exited the load_numpy_array_data method of utils
[ 2025-07-14 17:13:17,562 ] root - INFO - Entered [get_model_object_and_report] method of ModelTrainer class
[ 2025-07-14 17:13:17,562 ] root - INFO - Using neuro_mf to get best model object and report
[ 2025-07-14 17:13:17,563 ] neuro_mf - INFO - Started Initializing model from config file
[ 2025-07-14 17:13:17,563 ] neuro_mf - INFO - {'algorithm': 'kd_tree', 'weights': 'uniform', 'n_neighbors': 3}
[ 2025-07-14 17:13:17,564 ] neuro_mf - INFO - {'max_depth': 10, 'max_features': 'sqrt', 'n_estimators': 3}
[ 2025-07-14 17:13:17,596 ] neuro_mf - INFO - {'max_depth': 6, 'learning_rate': 0.1, 'n_estimators': 100, 'subsample': 1}
[ 2025-07-14 17:13:17,597 ] neuro_mf - INFO - Initialized model: [InitializedModelDetail(model_serial_number='module_0', model=KNeighborsClassifier(algorithm='kd_tree', n_neighbors=3), param_grid_search={'algorithm': ['auto', 'ball_tree', 'kd_tree', 'brute'], 'weights': ['uniform', 'distance'], 'n_neighbors': [3, 5, 9]}, model_name='sklearn.neighbors.KNeighborsClassifier'), InitializedModelDetail(model_serial_number='module_1', model=RandomForestClassifier(max_depth=10, n_estimators=3), param_grid_search={'max_depth': [10, 15, 20], 'max_features': ['sqrt', 'log2'], 'n_estimators': [3, 5, 9]}, model_name='sklearn.ensemble.RandomForestClassifier'), InitializedModelDetail(model_serial_number='module_2', model=XGBClassifier(base_score=None, booster=None, callbacks=None,
              colsample_bylevel=None, colsample_bynode=None,
              colsample_bytree=None, device=None, early_stopping_rounds=None,
              enable_categorical=False, eval_metric=None, feature_types=None,
              feature_weights=None, gamma=None, grow_policy=None,
              importance_type=None, interaction_constraints=None,
              learning_rate=0.1, max_bin=None, max_cat_threshold=None,
              max_cat_to_onehot=None, max_delta_step=None, max_depth=6,
              max_leaves=None, min_child_weight=None, missing=nan,
              monotone_constraints=None, multi_strategy=None, n_estimators=100,
              n_jobs=None, num_parallel_tree=None, ...), param_grid_search={'max_depth': [3, 6, 10], 'learning_rate': [0.01, 0.1, 0.2], 'n_estimators': [50, 100, 200], 'subsample': [0.8, 1]}, model_name='xgboost.XGBClassifier')]
[ 2025-07-14 17:13:17,597 ] neuro_mf - INFO - ('**************************************************', 'training KNeighborsClassifier', '**************************************************')
[ 2025-07-14 17:13:17,597 ] neuro_mf - INFO - {'cv': 3, 'verbose': 3}
[ 2025-07-14 17:13:18,573 ] pymongo.topology - DEBUG - {"message": "Server heartbeat succeeded", "topologyId": {"$oid": "6874ed4141ca91c93fee324a"}, "driverConnectionId": 1, "serverConnectionId": 56475, "serverHost": "ac-seftnoh-shard-00-01.ajiae5a.mongodb.net", "serverPort": 27017, "awaited": true, "durationMS": 9993.036540981848, "reply": "{\"topologyVersion\": {\"processId\": {\"$oid\": \"68712bc703db27a9c7dda3d9\"}, \"counter\": 3}, \"hosts\": [\"ac-seftnoh-shard-00-00.ajiae5a.mongodb.net:27017\", \"ac-seftnoh-shard-00-01.ajiae5a.mongodb.net:27017\", \"ac-seftnoh-shard-00-02.ajiae5a.mongodb.net:27017\"], \"setName\": \"atlas-huz2dh-shard-0\", \"setVersion\": 299, \"secondary\": true, \"primary\": \"ac-seftnoh-shard-00-02.ajiae5a.mongodb.net:27017\", \"tags\": {\"provider\": \"AWS\", \"region\": \"AP_SOUTH_1\", \"workloadType\": \"OPERATIONAL\", \"diskState\": \"READY\", \"nodeType\": \"ELECTABLE\", \"availabilityZone\": \"aps1-az3\"}, \"me\": \"ac-seftnoh-shard-00-01.ajiae5a.mongodb.net:27017\", \"lastWrite\": {\"opTime\": {\"ts\": {\"$timestamp\": {\"t\": 1752493398, \"i\": 9}}, \"t\": 273}, \"lastWriteDate\": {\"$date\": \"2025-07-14T11:43:18Z\"}, \"majorityOpTime\": {\"ts\": {\"$timestamp\": {\"t\": 1752493398, \"i\": 9}}, \"t\": 273}, \"majorityWriteDate\": {\"$date\": \"2025-07-14T11:43:18Z\"}}, \"maxBsonObjectSize\": 16777216, \"maxMessageSizeBytes\": 48000000, \"maxWriteBatchSize\": 100000, \"localTime\": {\"$date\": ..."}
[ 2025-07-14 17:13:18,574 ] pymongo.topology - DEBUG - {"message": "Server heartbeat started", "topologyId": {"$oid": "6874ed4141ca91c93fee324a"}, "driverConnectionId": 1, "serverConnectionId": 56475, "serverHost": "ac-seftnoh-shard-00-01.ajiae5a.mongodb.net", "serverPort": 27017, "awaited": true}
[ 2025-07-14 17:13:18,587 ] pymongo.topology - DEBUG - {"message": "Server heartbeat succeeded", "topologyId": {"$oid": "6874ed4141ca91c93fee324a"}, "driverConnectionId": 1, "serverConnectionId": 57299, "serverHost": "ac-seftnoh-shard-00-00.ajiae5a.mongodb.net", "serverPort": 27017, "awaited": true, "durationMS": 10006.069458031561, "reply": "{\"topologyVersion\": {\"processId\": {\"$oid\": \"68712b49081a705f8235132a\"}, \"counter\": 4}, \"hosts\": [\"ac-seftnoh-shard-00-00.ajiae5a.mongodb.net:27017\", \"ac-seftnoh-shard-00-01.ajiae5a.mongodb.net:27017\", \"ac-seftnoh-shard-00-02.ajiae5a.mongodb.net:27017\"], \"setName\": \"atlas-huz2dh-shard-0\", \"setVersion\": 299, \"secondary\": true, \"primary\": \"ac-seftnoh-shard-00-02.ajiae5a.mongodb.net:27017\", \"tags\": {\"provider\": \"AWS\", \"region\": \"AP_SOUTH_1\", \"diskState\": \"READY\", \"nodeType\": \"ELECTABLE\", \"workloadType\": \"OPERATIONAL\", \"availabilityZone\": \"aps1-az1\"}, \"me\": \"ac-seftnoh-shard-00-00.ajiae5a.mongodb.net:27017\", \"lastWrite\": {\"opTime\": {\"ts\": {\"$timestamp\": {\"t\": 1752493398, \"i\": 9}}, \"t\": 273}, \"lastWriteDate\": {\"$date\": \"2025-07-14T11:43:18Z\"}, \"majorityOpTime\": {\"ts\": {\"$timestamp\": {\"t\": 1752493398, \"i\": 9}}, \"t\": 273}, \"majorityWriteDate\": {\"$date\": \"2025-07-14T11:43:18Z\"}}, \"maxBsonObjectSize\": 16777216, \"maxMessageSizeBytes\": 48000000, \"maxWriteBatchSize\": 100000, \"localTime\": {\"$date\": ..."}
[ 2025-07-14 17:13:18,588 ] pymongo.topology - DEBUG - {"message": "Server heartbeat started", "topologyId": {"$oid": "6874ed4141ca91c93fee324a"}, "driverConnectionId": 1, "serverConnectionId": 57299, "serverHost": "ac-seftnoh-shard-00-00.ajiae5a.mongodb.net", "serverPort": 27017, "awaited": true}
[ 2025-07-14 17:13:18,657 ] pymongo.topology - DEBUG - {"message": "Server heartbeat succeeded", "topologyId": {"$oid": "6874ed4141ca91c93fee324a"}, "driverConnectionId": 1, "serverConnectionId": 62246, "serverHost": "ac-seftnoh-shard-00-02.ajiae5a.mongodb.net", "serverPort": 27017, "awaited": true, "durationMS": 9994.100833020639, "reply": "{\"topologyVersion\": {\"processId\": {\"$oid\": \"68712b88e825f82d0dc0fc06\"}, \"counter\": 6}, \"hosts\": [\"ac-seftnoh-shard-00-00.ajiae5a.mongodb.net:27017\", \"ac-seftnoh-shard-00-01.ajiae5a.mongodb.net:27017\", \"ac-seftnoh-shard-00-02.ajiae5a.mongodb.net:27017\"], \"setName\": \"atlas-huz2dh-shard-0\", \"setVersion\": 299, \"isWritablePrimary\": true, \"primary\": \"ac-seftnoh-shard-00-02.ajiae5a.mongodb.net:27017\", \"tags\": {\"diskState\": \"READY\", \"availabilityZone\": \"aps1-az2\", \"workloadType\": \"OPERATIONAL\", \"region\": \"AP_SOUTH_1\", \"provider\": \"AWS\", \"nodeType\": \"ELECTABLE\"}, \"me\": \"ac-seftnoh-shard-00-02.ajiae5a.mongodb.net:27017\", \"electionId\": {\"$oid\": \"7fffffff0000000000000111\"}, \"lastWrite\": {\"opTime\": {\"ts\": {\"$timestamp\": {\"t\": 1752493398, \"i\": 10}}, \"t\": 273}, \"lastWriteDate\": {\"$date\": \"2025-07-14T11:43:18Z\"}, \"majorityOpTime\": {\"ts\": {\"$timestamp\": {\"t\": 1752493398, \"i\": 9}}, \"t\": 273}, \"majorityWriteDate\": {\"$date\": \"2025-07-14T11:43:18Z\"}}, \"maxBsonObjectSize\": 16777216, \"maxMessageSizeBytes\": 4..."}
[ 2025-07-14 17:13:18,657 ] pymongo.topology - DEBUG - {"message": "Server heartbeat started", "topologyId": {"$oid": "6874ed4141ca91c93fee324a"}, "driverConnectionId": 1, "serverConnectionId": 62246, "serverHost": "ac-seftnoh-shard-00-02.ajiae5a.mongodb.net", "serverPort": 27017, "awaited": true}
[ 2025-07-14 17:13:26,126 ] neuro_mf - INFO - ('**************************************************', 'training RandomForestClassifier', '**************************************************')
[ 2025-07-14 17:13:26,126 ] neuro_mf - INFO - {'cv': 3, 'verbose': 3}
[ 2025-07-14 17:13:28,049 ] neuro_mf - INFO - ('**************************************************', 'training XGBClassifier', '**************************************************')
[ 2025-07-14 17:13:28,049 ] neuro_mf - INFO - {'cv': 3, 'verbose': 3}
[ 2025-07-14 17:13:28,607 ] pymongo.topology - DEBUG - {"message": "Server heartbeat succeeded", "topologyId": {"$oid": "6874ed4141ca91c93fee324a"}, "driverConnectionId": 1, "serverConnectionId": 56475, "serverHost": "ac-seftnoh-shard-00-01.ajiae5a.mongodb.net", "serverPort": 27017, "awaited": true, "durationMS": 10033.550833002664, "reply": "{\"topologyVersion\": {\"processId\": {\"$oid\": \"68712bc703db27a9c7dda3d9\"}, \"counter\": 3}, \"hosts\": [\"ac-seftnoh-shard-00-00.ajiae5a.mongodb.net:27017\", \"ac-seftnoh-shard-00-01.ajiae5a.mongodb.net:27017\", \"ac-seftnoh-shard-00-02.ajiae5a.mongodb.net:27017\"], \"setName\": \"atlas-huz2dh-shard-0\", \"setVersion\": 299, \"secondary\": true, \"primary\": \"ac-seftnoh-shard-00-02.ajiae5a.mongodb.net:27017\", \"tags\": {\"workloadType\": \"OPERATIONAL\", \"diskState\": \"READY\", \"nodeType\": \"ELECTABLE\", \"provider\": \"AWS\", \"region\": \"AP_SOUTH_1\", \"availabilityZone\": \"aps1-az3\"}, \"me\": \"ac-seftnoh-shard-00-01.ajiae5a.mongodb.net:27017\", \"lastWrite\": {\"opTime\": {\"ts\": {\"$timestamp\": {\"t\": 1752493408, \"i\": 9}}, \"t\": 273}, \"lastWriteDate\": {\"$date\": \"2025-07-14T11:43:28Z\"}, \"majorityOpTime\": {\"ts\": {\"$timestamp\": {\"t\": 1752493408, \"i\": 9}}, \"t\": 273}, \"majorityWriteDate\": {\"$date\": \"2025-07-14T11:43:28Z\"}}, \"maxBsonObjectSize\": 16777216, \"maxMessageSizeBytes\": 48000000, \"maxWriteBatchSize\": 100000, \"localTime\": {\"$date\": ..."}
[ 2025-07-14 17:13:28,608 ] pymongo.topology - DEBUG - {"message": "Server heartbeat succeeded", "topologyId": {"$oid": "6874ed4141ca91c93fee324a"}, "driverConnectionId": 1, "serverConnectionId": 57299, "serverHost": "ac-seftnoh-shard-00-00.ajiae5a.mongodb.net", "serverPort": 27017, "awaited": true, "durationMS": 10020.053207990713, "reply": "{\"topologyVersion\": {\"processId\": {\"$oid\": \"68712b49081a705f8235132a\"}, \"counter\": 4}, \"hosts\": [\"ac-seftnoh-shard-00-00.ajiae5a.mongodb.net:27017\", \"ac-seftnoh-shard-00-01.ajiae5a.mongodb.net:27017\", \"ac-seftnoh-shard-00-02.ajiae5a.mongodb.net:27017\"], \"setName\": \"atlas-huz2dh-shard-0\", \"setVersion\": 299, \"secondary\": true, \"primary\": \"ac-seftnoh-shard-00-02.ajiae5a.mongodb.net:27017\", \"tags\": {\"availabilityZone\": \"aps1-az1\", \"diskState\": \"READY\", \"nodeType\": \"ELECTABLE\", \"region\": \"AP_SOUTH_1\", \"workloadType\": \"OPERATIONAL\", \"provider\": \"AWS\"}, \"me\": \"ac-seftnoh-shard-00-00.ajiae5a.mongodb.net:27017\", \"lastWrite\": {\"opTime\": {\"ts\": {\"$timestamp\": {\"t\": 1752493408, \"i\": 9}}, \"t\": 273}, \"lastWriteDate\": {\"$date\": \"2025-07-14T11:43:28Z\"}, \"majorityOpTime\": {\"ts\": {\"$timestamp\": {\"t\": 1752493408, \"i\": 9}}, \"t\": 273}, \"majorityWriteDate\": {\"$date\": \"2025-07-14T11:43:28Z\"}}, \"maxBsonObjectSize\": 16777216, \"maxMessageSizeBytes\": 48000000, \"maxWriteBatchSize\": 100000, \"localTime\": {\"$date\": ..."}
[ 2025-07-14 17:13:28,608 ] pymongo.topology - DEBUG - {"message": "Server heartbeat started", "topologyId": {"$oid": "6874ed4141ca91c93fee324a"}, "driverConnectionId": 1, "serverConnectionId": 56475, "serverHost": "ac-seftnoh-shard-00-01.ajiae5a.mongodb.net", "serverPort": 27017, "awaited": true}
[ 2025-07-14 17:13:28,608 ] pymongo.topology - DEBUG - {"message": "Server heartbeat started", "topologyId": {"$oid": "6874ed4141ca91c93fee324a"}, "driverConnectionId": 1, "serverConnectionId": 57299, "serverHost": "ac-seftnoh-shard-00-00.ajiae5a.mongodb.net", "serverPort": 27017, "awaited": true}
[ 2025-07-14 17:13:28,660 ] pymongo.topology - DEBUG - {"message": "Server heartbeat succeeded", "topologyId": {"$oid": "6874ed4141ca91c93fee324a"}, "driverConnectionId": 1, "serverConnectionId": 62246, "serverHost": "ac-seftnoh-shard-00-02.ajiae5a.mongodb.net", "serverPort": 27017, "awaited": true, "durationMS": 10002.417250012513, "reply": "{\"topologyVersion\": {\"processId\": {\"$oid\": \"68712b88e825f82d0dc0fc06\"}, \"counter\": 6}, \"hosts\": [\"ac-seftnoh-shard-00-00.ajiae5a.mongodb.net:27017\", \"ac-seftnoh-shard-00-01.ajiae5a.mongodb.net:27017\", \"ac-seftnoh-shard-00-02.ajiae5a.mongodb.net:27017\"], \"setName\": \"atlas-huz2dh-shard-0\", \"setVersion\": 299, \"isWritablePrimary\": true, \"primary\": \"ac-seftnoh-shard-00-02.ajiae5a.mongodb.net:27017\", \"tags\": {\"provider\": \"AWS\", \"region\": \"AP_SOUTH_1\", \"workloadType\": \"OPERATIONAL\", \"nodeType\": \"ELECTABLE\", \"availabilityZone\": \"aps1-az2\", \"diskState\": \"READY\"}, \"me\": \"ac-seftnoh-shard-00-02.ajiae5a.mongodb.net:27017\", \"electionId\": {\"$oid\": \"7fffffff0000000000000111\"}, \"lastWrite\": {\"opTime\": {\"ts\": {\"$timestamp\": {\"t\": 1752493408, \"i\": 9}}, \"t\": 273}, \"lastWriteDate\": {\"$date\": \"2025-07-14T11:43:28Z\"}, \"majorityOpTime\": {\"ts\": {\"$timestamp\": {\"t\": 1752493408, \"i\": 9}}, \"t\": 273}, \"majorityWriteDate\": {\"$date\": \"2025-07-14T11:43:28Z\"}}, \"maxBsonObjectSize\": 16777216, \"maxMessageSizeBytes\": 48..."}
[ 2025-07-14 17:13:28,660 ] pymongo.topology - DEBUG - {"message": "Server heartbeat started", "topologyId": {"$oid": "6874ed4141ca91c93fee324a"}, "driverConnectionId": 1, "serverConnectionId": 62246, "serverHost": "ac-seftnoh-shard-00-02.ajiae5a.mongodb.net", "serverPort": 27017, "awaited": true}
[ 2025-07-14 17:13:38,624 ] pymongo.topology - DEBUG - {"message": "Server heartbeat succeeded", "topologyId": {"$oid": "6874ed4141ca91c93fee324a"}, "driverConnectionId": 1, "serverConnectionId": 56475, "serverHost": "ac-seftnoh-shard-00-01.ajiae5a.mongodb.net", "serverPort": 27017, "awaited": true, "durationMS": 10015.883666987065, "reply": "{\"topologyVersion\": {\"processId\": {\"$oid\": \"68712bc703db27a9c7dda3d9\"}, \"counter\": 3}, \"hosts\": [\"ac-seftnoh-shard-00-00.ajiae5a.mongodb.net:27017\", \"ac-seftnoh-shard-00-01.ajiae5a.mongodb.net:27017\", \"ac-seftnoh-shard-00-02.ajiae5a.mongodb.net:27017\"], \"setName\": \"atlas-huz2dh-shard-0\", \"setVersion\": 299, \"secondary\": true, \"primary\": \"ac-seftnoh-shard-00-02.ajiae5a.mongodb.net:27017\", \"tags\": {\"availabilityZone\": \"aps1-az3\", \"region\": \"AP_SOUTH_1\", \"diskState\": \"READY\", \"nodeType\": \"ELECTABLE\", \"workloadType\": \"OPERATIONAL\", \"provider\": \"AWS\"}, \"me\": \"ac-seftnoh-shard-00-01.ajiae5a.mongodb.net:27017\", \"lastWrite\": {\"opTime\": {\"ts\": {\"$timestamp\": {\"t\": 1752493418, \"i\": 16}}, \"t\": 273}, \"lastWriteDate\": {\"$date\": \"2025-07-14T11:43:38Z\"}, \"majorityOpTime\": {\"ts\": {\"$timestamp\": {\"t\": 1752493418, \"i\": 16}}, \"t\": 273}, \"majorityWriteDate\": {\"$date\": \"2025-07-14T11:43:38Z\"}}, \"maxBsonObjectSize\": 16777216, \"maxMessageSizeBytes\": 48000000, \"maxWriteBatchSize\": 100000, \"localTime\": {\"$date\"..."}
[ 2025-07-14 17:13:38,625 ] pymongo.topology - DEBUG - {"message": "Server heartbeat succeeded", "topologyId": {"$oid": "6874ed4141ca91c93fee324a"}, "driverConnectionId": 1, "serverConnectionId": 57299, "serverHost": "ac-seftnoh-shard-00-00.ajiae5a.mongodb.net", "serverPort": 27017, "awaited": true, "durationMS": 10016.072875005193, "reply": "{\"topologyVersion\": {\"processId\": {\"$oid\": \"68712b49081a705f8235132a\"}, \"counter\": 4}, \"hosts\": [\"ac-seftnoh-shard-00-00.ajiae5a.mongodb.net:27017\", \"ac-seftnoh-shard-00-01.ajiae5a.mongodb.net:27017\", \"ac-seftnoh-shard-00-02.ajiae5a.mongodb.net:27017\"], \"setName\": \"atlas-huz2dh-shard-0\", \"setVersion\": 299, \"secondary\": true, \"primary\": \"ac-seftnoh-shard-00-02.ajiae5a.mongodb.net:27017\", \"tags\": {\"nodeType\": \"ELECTABLE\", \"region\": \"AP_SOUTH_1\", \"provider\": \"AWS\", \"workloadType\": \"OPERATIONAL\", \"availabilityZone\": \"aps1-az1\", \"diskState\": \"READY\"}, \"me\": \"ac-seftnoh-shard-00-00.ajiae5a.mongodb.net:27017\", \"lastWrite\": {\"opTime\": {\"ts\": {\"$timestamp\": {\"t\": 1752493418, \"i\": 16}}, \"t\": 273}, \"lastWriteDate\": {\"$date\": \"2025-07-14T11:43:38Z\"}, \"majorityOpTime\": {\"ts\": {\"$timestamp\": {\"t\": 1752493418, \"i\": 16}}, \"t\": 273}, \"majorityWriteDate\": {\"$date\": \"2025-07-14T11:43:38Z\"}}, \"maxBsonObjectSize\": 16777216, \"maxMessageSizeBytes\": 48000000, \"maxWriteBatchSize\": 100000, \"localTime\": {\"$date\"..."}
[ 2025-07-14 17:13:38,625 ] pymongo.topology - DEBUG - {"message": "Server heartbeat started", "topologyId": {"$oid": "6874ed4141ca91c93fee324a"}, "driverConnectionId": 1, "serverConnectionId": 56475, "serverHost": "ac-seftnoh-shard-00-01.ajiae5a.mongodb.net", "serverPort": 27017, "awaited": true}
[ 2025-07-14 17:13:38,625 ] pymongo.topology - DEBUG - {"message": "Server heartbeat started", "topologyId": {"$oid": "6874ed4141ca91c93fee324a"}, "driverConnectionId": 1, "serverConnectionId": 57299, "serverHost": "ac-seftnoh-shard-00-00.ajiae5a.mongodb.net", "serverPort": 27017, "awaited": true}
[ 2025-07-14 17:13:38,662 ] pymongo.topology - DEBUG - {"message": "Server heartbeat succeeded", "topologyId": {"$oid": "6874ed4141ca91c93fee324a"}, "driverConnectionId": 1, "serverConnectionId": 62246, "serverHost": "ac-seftnoh-shard-00-02.ajiae5a.mongodb.net", "serverPort": 27017, "awaited": true, "durationMS": 10001.610458013602, "reply": "{\"topologyVersion\": {\"processId\": {\"$oid\": \"68712b88e825f82d0dc0fc06\"}, \"counter\": 6}, \"hosts\": [\"ac-seftnoh-shard-00-00.ajiae5a.mongodb.net:27017\", \"ac-seftnoh-shard-00-01.ajiae5a.mongodb.net:27017\", \"ac-seftnoh-shard-00-02.ajiae5a.mongodb.net:27017\"], \"setName\": \"atlas-huz2dh-shard-0\", \"setVersion\": 299, \"isWritablePrimary\": true, \"primary\": \"ac-seftnoh-shard-00-02.ajiae5a.mongodb.net:27017\", \"tags\": {\"provider\": \"AWS\", \"region\": \"AP_SOUTH_1\", \"workloadType\": \"OPERATIONAL\", \"nodeType\": \"ELECTABLE\", \"availabilityZone\": \"aps1-az2\", \"diskState\": \"READY\"}, \"me\": \"ac-seftnoh-shard-00-02.ajiae5a.mongodb.net:27017\", \"electionId\": {\"$oid\": \"7fffffff0000000000000111\"}, \"lastWrite\": {\"opTime\": {\"ts\": {\"$timestamp\": {\"t\": 1752493418, \"i\": 16}}, \"t\": 273}, \"lastWriteDate\": {\"$date\": \"2025-07-14T11:43:38Z\"}, \"majorityOpTime\": {\"ts\": {\"$timestamp\": {\"t\": 1752493418, \"i\": 16}}, \"t\": 273}, \"majorityWriteDate\": {\"$date\": \"2025-07-14T11:43:38Z\"}}, \"maxBsonObjectSize\": 16777216, \"maxMessageSizeBytes\": ..."}
[ 2025-07-14 17:13:38,662 ] pymongo.topology - DEBUG - {"message": "Server heartbeat started", "topologyId": {"$oid": "6874ed4141ca91c93fee324a"}, "driverConnectionId": 1, "serverConnectionId": 62246, "serverHost": "ac-seftnoh-shard-00-02.ajiae5a.mongodb.net", "serverPort": 27017, "awaited": true}
[ 2025-07-14 17:13:48,657 ] pymongo.topology - DEBUG - {"message": "Server heartbeat succeeded", "topologyId": {"$oid": "6874ed4141ca91c93fee324a"}, "driverConnectionId": 1, "serverConnectionId": 56475, "serverHost": "ac-seftnoh-shard-00-01.ajiae5a.mongodb.net", "serverPort": 27017, "awaited": true, "durationMS": 10031.356082996354, "reply": "{\"topologyVersion\": {\"processId\": {\"$oid\": \"68712bc703db27a9c7dda3d9\"}, \"counter\": 3}, \"hosts\": [\"ac-seftnoh-shard-00-00.ajiae5a.mongodb.net:27017\", \"ac-seftnoh-shard-00-01.ajiae5a.mongodb.net:27017\", \"ac-seftnoh-shard-00-02.ajiae5a.mongodb.net:27017\"], \"setName\": \"atlas-huz2dh-shard-0\", \"setVersion\": 299, \"secondary\": true, \"primary\": \"ac-seftnoh-shard-00-02.ajiae5a.mongodb.net:27017\", \"tags\": {\"workloadType\": \"OPERATIONAL\", \"diskState\": \"READY\", \"nodeType\": \"ELECTABLE\", \"provider\": \"AWS\", \"region\": \"AP_SOUTH_1\", \"availabilityZone\": \"aps1-az3\"}, \"me\": \"ac-seftnoh-shard-00-01.ajiae5a.mongodb.net:27017\", \"lastWrite\": {\"opTime\": {\"ts\": {\"$timestamp\": {\"t\": 1752493428, \"i\": 6}}, \"t\": 273}, \"lastWriteDate\": {\"$date\": \"2025-07-14T11:43:48Z\"}, \"majorityOpTime\": {\"ts\": {\"$timestamp\": {\"t\": 1752493428, \"i\": 6}}, \"t\": 273}, \"majorityWriteDate\": {\"$date\": \"2025-07-14T11:43:48Z\"}}, \"maxBsonObjectSize\": 16777216, \"maxMessageSizeBytes\": 48000000, \"maxWriteBatchSize\": 100000, \"localTime\": {\"$date\": ..."}
[ 2025-07-14 17:13:48,657 ] pymongo.topology - DEBUG - {"message": "Server heartbeat started", "topologyId": {"$oid": "6874ed4141ca91c93fee324a"}, "driverConnectionId": 1, "serverConnectionId": 56475, "serverHost": "ac-seftnoh-shard-00-01.ajiae5a.mongodb.net", "serverPort": 27017, "awaited": true}
[ 2025-07-14 17:13:48,657 ] pymongo.topology - DEBUG - {"message": "Server heartbeat succeeded", "topologyId": {"$oid": "6874ed4141ca91c93fee324a"}, "driverConnectionId": 1, "serverConnectionId": 57299, "serverHost": "ac-seftnoh-shard-00-00.ajiae5a.mongodb.net", "serverPort": 27017, "awaited": true, "durationMS": 10031.678792031016, "reply": "{\"topologyVersion\": {\"processId\": {\"$oid\": \"68712b49081a705f8235132a\"}, \"counter\": 4}, \"hosts\": [\"ac-seftnoh-shard-00-00.ajiae5a.mongodb.net:27017\", \"ac-seftnoh-shard-00-01.ajiae5a.mongodb.net:27017\", \"ac-seftnoh-shard-00-02.ajiae5a.mongodb.net:27017\"], \"setName\": \"atlas-huz2dh-shard-0\", \"setVersion\": 299, \"secondary\": true, \"primary\": \"ac-seftnoh-shard-00-02.ajiae5a.mongodb.net:27017\", \"tags\": {\"region\": \"AP_SOUTH_1\", \"diskState\": \"READY\", \"nodeType\": \"ELECTABLE\", \"workloadType\": \"OPERATIONAL\", \"availabilityZone\": \"aps1-az1\", \"provider\": \"AWS\"}, \"me\": \"ac-seftnoh-shard-00-00.ajiae5a.mongodb.net:27017\", \"lastWrite\": {\"opTime\": {\"ts\": {\"$timestamp\": {\"t\": 1752493428, \"i\": 7}}, \"t\": 273}, \"lastWriteDate\": {\"$date\": \"2025-07-14T11:43:48Z\"}, \"majorityOpTime\": {\"ts\": {\"$timestamp\": {\"t\": 1752493428, \"i\": 6}}, \"t\": 273}, \"majorityWriteDate\": {\"$date\": \"2025-07-14T11:43:48Z\"}}, \"maxBsonObjectSize\": 16777216, \"maxMessageSizeBytes\": 48000000, \"maxWriteBatchSize\": 100000, \"localTime\": {\"$date\": ..."}
[ 2025-07-14 17:13:48,658 ] pymongo.topology - DEBUG - {"message": "Server heartbeat started", "topologyId": {"$oid": "6874ed4141ca91c93fee324a"}, "driverConnectionId": 1, "serverConnectionId": 57299, "serverHost": "ac-seftnoh-shard-00-00.ajiae5a.mongodb.net", "serverPort": 27017, "awaited": true}
[ 2025-07-14 17:13:48,669 ] pymongo.topology - DEBUG - {"message": "Server heartbeat succeeded", "topologyId": {"$oid": "6874ed4141ca91c93fee324a"}, "driverConnectionId": 1, "serverConnectionId": 62246, "serverHost": "ac-seftnoh-shard-00-02.ajiae5a.mongodb.net", "serverPort": 27017, "awaited": true, "durationMS": 10006.657582998741, "reply": "{\"topologyVersion\": {\"processId\": {\"$oid\": \"68712b88e825f82d0dc0fc06\"}, \"counter\": 6}, \"hosts\": [\"ac-seftnoh-shard-00-00.ajiae5a.mongodb.net:27017\", \"ac-seftnoh-shard-00-01.ajiae5a.mongodb.net:27017\", \"ac-seftnoh-shard-00-02.ajiae5a.mongodb.net:27017\"], \"setName\": \"atlas-huz2dh-shard-0\", \"setVersion\": 299, \"isWritablePrimary\": true, \"primary\": \"ac-seftnoh-shard-00-02.ajiae5a.mongodb.net:27017\", \"tags\": {\"nodeType\": \"ELECTABLE\", \"availabilityZone\": \"aps1-az2\", \"region\": \"AP_SOUTH_1\", \"workloadType\": \"OPERATIONAL\", \"provider\": \"AWS\", \"diskState\": \"READY\"}, \"me\": \"ac-seftnoh-shard-00-02.ajiae5a.mongodb.net:27017\", \"electionId\": {\"$oid\": \"7fffffff0000000000000111\"}, \"lastWrite\": {\"opTime\": {\"ts\": {\"$timestamp\": {\"t\": 1752493428, \"i\": 9}}, \"t\": 273}, \"lastWriteDate\": {\"$date\": \"2025-07-14T11:43:48Z\"}, \"majorityOpTime\": {\"ts\": {\"$timestamp\": {\"t\": 1752493428, \"i\": 9}}, \"t\": 273}, \"majorityWriteDate\": {\"$date\": \"2025-07-14T11:43:48Z\"}}, \"maxBsonObjectSize\": 16777216, \"maxMessageSizeBytes\": 48..."}
[ 2025-07-14 17:13:48,669 ] pymongo.topology - DEBUG - {"message": "Server heartbeat started", "topologyId": {"$oid": "6874ed4141ca91c93fee324a"}, "driverConnectionId": 1, "serverConnectionId": 62246, "serverHost": "ac-seftnoh-shard-00-02.ajiae5a.mongodb.net", "serverPort": 27017, "awaited": true}
[ 2025-07-14 17:13:58,693 ] pymongo.topology - DEBUG - {"message": "Server heartbeat succeeded", "topologyId": {"$oid": "6874ed4141ca91c93fee324a"}, "driverConnectionId": 1, "serverConnectionId": 57299, "serverHost": "ac-seftnoh-shard-00-00.ajiae5a.mongodb.net", "serverPort": 27017, "awaited": true, "durationMS": 10034.795000043232, "reply": "{\"topologyVersion\": {\"processId\": {\"$oid\": \"68712b49081a705f8235132a\"}, \"counter\": 4}, \"hosts\": [\"ac-seftnoh-shard-00-00.ajiae5a.mongodb.net:27017\", \"ac-seftnoh-shard-00-01.ajiae5a.mongodb.net:27017\", \"ac-seftnoh-shard-00-02.ajiae5a.mongodb.net:27017\"], \"setName\": \"atlas-huz2dh-shard-0\", \"setVersion\": 299, \"secondary\": true, \"primary\": \"ac-seftnoh-shard-00-02.ajiae5a.mongodb.net:27017\", \"tags\": {\"diskState\": \"READY\", \"nodeType\": \"ELECTABLE\", \"region\": \"AP_SOUTH_1\", \"workloadType\": \"OPERATIONAL\", \"provider\": \"AWS\", \"availabilityZone\": \"aps1-az1\"}, \"me\": \"ac-seftnoh-shard-00-00.ajiae5a.mongodb.net:27017\", \"lastWrite\": {\"opTime\": {\"ts\": {\"$timestamp\": {\"t\": 1752493438, \"i\": 98}}, \"t\": 273}, \"lastWriteDate\": {\"$date\": \"2025-07-14T11:43:58Z\"}, \"majorityOpTime\": {\"ts\": {\"$timestamp\": {\"t\": 1752493438, \"i\": 98}}, \"t\": 273}, \"majorityWriteDate\": {\"$date\": \"2025-07-14T11:43:58Z\"}}, \"maxBsonObjectSize\": 16777216, \"maxMessageSizeBytes\": 48000000, \"maxWriteBatchSize\": 100000, \"localTime\": {\"$date\"..."}
[ 2025-07-14 17:13:58,693 ] pymongo.topology - DEBUG - {"message": "Server heartbeat succeeded", "topologyId": {"$oid": "6874ed4141ca91c93fee324a"}, "driverConnectionId": 1, "serverConnectionId": 56475, "serverHost": "ac-seftnoh-shard-00-01.ajiae5a.mongodb.net", "serverPort": 27017, "awaited": true, "durationMS": 10035.449999966659, "reply": "{\"topologyVersion\": {\"processId\": {\"$oid\": \"68712bc703db27a9c7dda3d9\"}, \"counter\": 3}, \"hosts\": [\"ac-seftnoh-shard-00-00.ajiae5a.mongodb.net:27017\", \"ac-seftnoh-shard-00-01.ajiae5a.mongodb.net:27017\", \"ac-seftnoh-shard-00-02.ajiae5a.mongodb.net:27017\"], \"setName\": \"atlas-huz2dh-shard-0\", \"setVersion\": 299, \"secondary\": true, \"primary\": \"ac-seftnoh-shard-00-02.ajiae5a.mongodb.net:27017\", \"tags\": {\"region\": \"AP_SOUTH_1\", \"diskState\": \"READY\", \"nodeType\": \"ELECTABLE\", \"availabilityZone\": \"aps1-az3\", \"provider\": \"AWS\", \"workloadType\": \"OPERATIONAL\"}, \"me\": \"ac-seftnoh-shard-00-01.ajiae5a.mongodb.net:27017\", \"lastWrite\": {\"opTime\": {\"ts\": {\"$timestamp\": {\"t\": 1752493438, \"i\": 96}}, \"t\": 273}, \"lastWriteDate\": {\"$date\": \"2025-07-14T11:43:58Z\"}, \"majorityOpTime\": {\"ts\": {\"$timestamp\": {\"t\": 1752493438, \"i\": 96}}, \"t\": 273}, \"majorityWriteDate\": {\"$date\": \"2025-07-14T11:43:58Z\"}}, \"maxBsonObjectSize\": 16777216, \"maxMessageSizeBytes\": 48000000, \"maxWriteBatchSize\": 100000, \"localTime\": {\"$date\"..."}
[ 2025-07-14 17:13:58,693 ] pymongo.topology - DEBUG - {"message": "Server heartbeat succeeded", "topologyId": {"$oid": "6874ed4141ca91c93fee324a"}, "driverConnectionId": 1, "serverConnectionId": 62246, "serverHost": "ac-seftnoh-shard-00-02.ajiae5a.mongodb.net", "serverPort": 27017, "awaited": true, "durationMS": 10023.757957969792, "reply": "{\"topologyVersion\": {\"processId\": {\"$oid\": \"68712b88e825f82d0dc0fc06\"}, \"counter\": 6}, \"hosts\": [\"ac-seftnoh-shard-00-00.ajiae5a.mongodb.net:27017\", \"ac-seftnoh-shard-00-01.ajiae5a.mongodb.net:27017\", \"ac-seftnoh-shard-00-02.ajiae5a.mongodb.net:27017\"], \"setName\": \"atlas-huz2dh-shard-0\", \"setVersion\": 299, \"isWritablePrimary\": true, \"primary\": \"ac-seftnoh-shard-00-02.ajiae5a.mongodb.net:27017\", \"tags\": {\"availabilityZone\": \"aps1-az2\", \"diskState\": \"READY\", \"workloadType\": \"OPERATIONAL\", \"region\": \"AP_SOUTH_1\", \"provider\": \"AWS\", \"nodeType\": \"ELECTABLE\"}, \"me\": \"ac-seftnoh-shard-00-02.ajiae5a.mongodb.net:27017\", \"electionId\": {\"$oid\": \"7fffffff0000000000000111\"}, \"lastWrite\": {\"opTime\": {\"ts\": {\"$timestamp\": {\"t\": 1752493438, \"i\": 101}}, \"t\": 273}, \"lastWriteDate\": {\"$date\": \"2025-07-14T11:43:58Z\"}, \"majorityOpTime\": {\"ts\": {\"$timestamp\": {\"t\": 1752493438, \"i\": 101}}, \"t\": 273}, \"majorityWriteDate\": {\"$date\": \"2025-07-14T11:43:58Z\"}}, \"maxBsonObjectSize\": 16777216, \"maxMessageSizeBytes\"..."}
[ 2025-07-14 17:13:58,693 ] pymongo.topology - DEBUG - {"message": "Server heartbeat started", "topologyId": {"$oid": "6874ed4141ca91c93fee324a"}, "driverConnectionId": 1, "serverConnectionId": 57299, "serverHost": "ac-seftnoh-shard-00-00.ajiae5a.mongodb.net", "serverPort": 27017, "awaited": true}
[ 2025-07-14 17:13:58,693 ] pymongo.topology - DEBUG - {"message": "Server heartbeat started", "topologyId": {"$oid": "6874ed4141ca91c93fee324a"}, "driverConnectionId": 1, "serverConnectionId": 56475, "serverHost": "ac-seftnoh-shard-00-01.ajiae5a.mongodb.net", "serverPort": 27017, "awaited": true}
[ 2025-07-14 17:13:58,694 ] pymongo.topology - DEBUG - {"message": "Server heartbeat started", "topologyId": {"$oid": "6874ed4141ca91c93fee324a"}, "driverConnectionId": 1, "serverConnectionId": 62246, "serverHost": "ac-seftnoh-shard-00-02.ajiae5a.mongodb.net", "serverPort": 27017, "awaited": true}
[ 2025-07-14 17:14:08,833 ] pymongo.topology - DEBUG - {"message": "Server heartbeat succeeded", "topologyId": {"$oid": "6874ed4141ca91c93fee324a"}, "driverConnectionId": 1, "serverConnectionId": 56475, "serverHost": "ac-seftnoh-shard-00-01.ajiae5a.mongodb.net", "serverPort": 27017, "awaited": true, "durationMS": 10139.062375004869, "reply": "{\"topologyVersion\": {\"processId\": {\"$oid\": \"68712bc703db27a9c7dda3d9\"}, \"counter\": 3}, \"hosts\": [\"ac-seftnoh-shard-00-00.ajiae5a.mongodb.net:27017\", \"ac-seftnoh-shard-00-01.ajiae5a.mongodb.net:27017\", \"ac-seftnoh-shard-00-02.ajiae5a.mongodb.net:27017\"], \"setName\": \"atlas-huz2dh-shard-0\", \"setVersion\": 299, \"secondary\": true, \"primary\": \"ac-seftnoh-shard-00-02.ajiae5a.mongodb.net:27017\", \"tags\": {\"diskState\": \"READY\", \"workloadType\": \"OPERATIONAL\", \"nodeType\": \"ELECTABLE\", \"provider\": \"AWS\", \"region\": \"AP_SOUTH_1\", \"availabilityZone\": \"aps1-az3\"}, \"me\": \"ac-seftnoh-shard-00-01.ajiae5a.mongodb.net:27017\", \"lastWrite\": {\"opTime\": {\"ts\": {\"$timestamp\": {\"t\": 1752493448, \"i\": 9}}, \"t\": 273}, \"lastWriteDate\": {\"$date\": \"2025-07-14T11:44:08Z\"}, \"majorityOpTime\": {\"ts\": {\"$timestamp\": {\"t\": 1752493448, \"i\": 9}}, \"t\": 273}, \"majorityWriteDate\": {\"$date\": \"2025-07-14T11:44:08Z\"}}, \"maxBsonObjectSize\": 16777216, \"maxMessageSizeBytes\": 48000000, \"maxWriteBatchSize\": 100000, \"localTime\": {\"$date\": ..."}
[ 2025-07-14 17:14:08,833 ] pymongo.topology - DEBUG - {"message": "Server heartbeat succeeded", "topologyId": {"$oid": "6874ed4141ca91c93fee324a"}, "driverConnectionId": 1, "serverConnectionId": 57299, "serverHost": "ac-seftnoh-shard-00-00.ajiae5a.mongodb.net", "serverPort": 27017, "awaited": true, "durationMS": 10139.423999993596, "reply": "{\"topologyVersion\": {\"processId\": {\"$oid\": \"68712b49081a705f8235132a\"}, \"counter\": 4}, \"hosts\": [\"ac-seftnoh-shard-00-00.ajiae5a.mongodb.net:27017\", \"ac-seftnoh-shard-00-01.ajiae5a.mongodb.net:27017\", \"ac-seftnoh-shard-00-02.ajiae5a.mongodb.net:27017\"], \"setName\": \"atlas-huz2dh-shard-0\", \"setVersion\": 299, \"secondary\": true, \"primary\": \"ac-seftnoh-shard-00-02.ajiae5a.mongodb.net:27017\", \"tags\": {\"diskState\": \"READY\", \"nodeType\": \"ELECTABLE\", \"workloadType\": \"OPERATIONAL\", \"provider\": \"AWS\", \"availabilityZone\": \"aps1-az1\", \"region\": \"AP_SOUTH_1\"}, \"me\": \"ac-seftnoh-shard-00-00.ajiae5a.mongodb.net:27017\", \"lastWrite\": {\"opTime\": {\"ts\": {\"$timestamp\": {\"t\": 1752493448, \"i\": 9}}, \"t\": 273}, \"lastWriteDate\": {\"$date\": \"2025-07-14T11:44:08Z\"}, \"majorityOpTime\": {\"ts\": {\"$timestamp\": {\"t\": 1752493448, \"i\": 9}}, \"t\": 273}, \"majorityWriteDate\": {\"$date\": \"2025-07-14T11:44:08Z\"}}, \"maxBsonObjectSize\": 16777216, \"maxMessageSizeBytes\": 48000000, \"maxWriteBatchSize\": 100000, \"localTime\": {\"$date\": ..."}
[ 2025-07-14 17:14:08,833 ] pymongo.topology - DEBUG - {"message": "Server heartbeat succeeded", "topologyId": {"$oid": "6874ed4141ca91c93fee324a"}, "driverConnectionId": 1, "serverConnectionId": 62246, "serverHost": "ac-seftnoh-shard-00-02.ajiae5a.mongodb.net", "serverPort": 27017, "awaited": true, "durationMS": 10139.494624978397, "reply": "{\"topologyVersion\": {\"processId\": {\"$oid\": \"68712b88e825f82d0dc0fc06\"}, \"counter\": 6}, \"hosts\": [\"ac-seftnoh-shard-00-00.ajiae5a.mongodb.net:27017\", \"ac-seftnoh-shard-00-01.ajiae5a.mongodb.net:27017\", \"ac-seftnoh-shard-00-02.ajiae5a.mongodb.net:27017\"], \"setName\": \"atlas-huz2dh-shard-0\", \"setVersion\": 299, \"isWritablePrimary\": true, \"primary\": \"ac-seftnoh-shard-00-02.ajiae5a.mongodb.net:27017\", \"tags\": {\"provider\": \"AWS\", \"region\": \"AP_SOUTH_1\", \"workloadType\": \"OPERATIONAL\", \"availabilityZone\": \"aps1-az2\", \"diskState\": \"READY\", \"nodeType\": \"ELECTABLE\"}, \"me\": \"ac-seftnoh-shard-00-02.ajiae5a.mongodb.net:27017\", \"electionId\": {\"$oid\": \"7fffffff0000000000000111\"}, \"lastWrite\": {\"opTime\": {\"ts\": {\"$timestamp\": {\"t\": 1752493448, \"i\": 11}}, \"t\": 273}, \"lastWriteDate\": {\"$date\": \"2025-07-14T11:44:08Z\"}, \"majorityOpTime\": {\"ts\": {\"$timestamp\": {\"t\": 1752493448, \"i\": 11}}, \"t\": 273}, \"majorityWriteDate\": {\"$date\": \"2025-07-14T11:44:08Z\"}}, \"maxBsonObjectSize\": 16777216, \"maxMessageSizeBytes\": ..."}
[ 2025-07-14 17:14:08,834 ] pymongo.topology - DEBUG - {"message": "Server heartbeat started", "topologyId": {"$oid": "6874ed4141ca91c93fee324a"}, "driverConnectionId": 1, "serverConnectionId": 56475, "serverHost": "ac-seftnoh-shard-00-01.ajiae5a.mongodb.net", "serverPort": 27017, "awaited": true}
[ 2025-07-14 17:14:08,834 ] pymongo.topology - DEBUG - {"message": "Server heartbeat started", "topologyId": {"$oid": "6874ed4141ca91c93fee324a"}, "driverConnectionId": 1, "serverConnectionId": 57299, "serverHost": "ac-seftnoh-shard-00-00.ajiae5a.mongodb.net", "serverPort": 27017, "awaited": true}
[ 2025-07-14 17:14:08,834 ] pymongo.topology - DEBUG - {"message": "Server heartbeat started", "topologyId": {"$oid": "6874ed4141ca91c93fee324a"}, "driverConnectionId": 1, "serverConnectionId": 62246, "serverHost": "ac-seftnoh-shard-00-02.ajiae5a.mongodb.net", "serverPort": 27017, "awaited": true}
[ 2025-07-14 17:14:11,532 ] neuro_mf - INFO - Acceptable model found:GridSearchedBestModel(model_serial_number='module_0', model=KNeighborsClassifier(algorithm='kd_tree', n_neighbors=3), best_model=KNeighborsClassifier(n_neighbors=3, weights='distance'), best_parameters={'algorithm': 'auto', 'n_neighbors': 3, 'weights': 'distance'}, best_score=0.9592409026266441)
[ 2025-07-14 17:14:11,533 ] neuro_mf - INFO - Best model: GridSearchedBestModel(model_serial_number='module_0', model=KNeighborsClassifier(algorithm='kd_tree', n_neighbors=3), best_model=KNeighborsClassifier(n_neighbors=3, weights='distance'), best_parameters={'algorithm': 'auto', 'n_neighbors': 3, 'weights': 'distance'}, best_score=0.9592409026266441)
[ 2025-07-14 17:14:11,562 ] root - INFO - Exiting [get_model_object_and_report] method of ModelTrainer class
[ 2025-07-14 17:14:11,562 ] root - INFO - Entered the load_object method of utils
[ 2025-07-14 17:14:11,563 ] root - INFO - Exited the load_object method of utils
[ 2025-07-14 17:14:11,563 ] root - INFO - Created usvisa model object with preprocessor and model
[ 2025-07-14 17:14:11,563 ] root - INFO - Created best model file path
[ 2025-07-14 17:14:11,563 ] root - INFO - Entered the save_object method of utils
[ 2025-07-14 17:14:11,565 ] root - INFO - Exited the save_object method of utils
[ 2025-07-14 17:14:11,565 ] root - INFO - model trainer artifact: ModelTrainerArtifact(trained_model_file_path='artifact/07_14_2025_17-12-56/model_trainer/trained_model/model.pkl', metric_artifact=ClassificationMetricArtifact(f1_score=0.7834793491864831, precision_score=0.7662178702570379, recall_score=0.8015364916773368, accuracy_score=0.8013207005455067))
[ 2025-07-14 17:14:11,565 ] root - INFO - ModelTrainerArtifact: ModelTrainerArtifact(trained_model_file_path='artifact/07_14_2025_17-12-56/model_trainer/trained_model/model.pkl', metric_artifact=ClassificationMetricArtifact(f1_score=0.7834793491864831, precision_score=0.7662178702570379, recall_score=0.8015364916773368, accuracy_score=0.8013207005455067))
[ 2025-07-14 17:14:11,566 ] root - INFO - Exited the [start_model_trainer] method of TrainPipeline class
[ 2025-07-14 17:14:11,566 ] root - INFO - Model training completed
[ 2025-07-14 17:14:11,566 ] root - INFO - Entered the [start_model_evaluation] method of TrainPipeline class
[ 2025-07-14 17:14:11,566 ] root - INFO - Starting model evaluation process.
[ 2025-07-14 17:14:11,566 ] root - INFO - Reading test data from parquet file.
[ 2025-07-14 17:14:11,570 ] root - INFO - Preparing features and target variable.
[ 2025-07-14 17:14:11,842 ] pymongo.topology - DEBUG - {"message": "Server heartbeat failed", "topologyId": {"$oid": "6874ed4141ca91c93fee324a"}, "serverHost": "ac-seftnoh-shard-00-00.ajiae5a.mongodb.net", "serverPort": 27017, "awaited": true, "durationMS": 3008.24716698844, "failure": "\"_OperationCancelled('operation cancelled')\"", "driverConnectionId": 1}
[ 2025-07-14 17:14:11,843 ] pymongo.topology - DEBUG - {"message": "Server heartbeat failed", "topologyId": {"$oid": "6874ed4141ca91c93fee324a"}, "serverHost": "ac-seftnoh-shard-00-02.ajiae5a.mongodb.net", "serverPort": 27017, "awaited": true, "durationMS": 3008.3004159969278, "failure": "\"_OperationCancelled('operation cancelled')\"", "driverConnectionId": 1}
[ 2025-07-14 17:14:11,843 ] pymongo.topology - DEBUG - {"message": "Server heartbeat failed", "topologyId": {"$oid": "6874ed4141ca91c93fee324a"}, "serverHost": "ac-seftnoh-shard-00-01.ajiae5a.mongodb.net", "serverPort": 27017, "awaited": true, "durationMS": 3008.7183750001714, "failure": "\"_OperationCancelled('operation cancelled')\"", "driverConnectionId": 1}
