[ 2025-07-14 17:19:00,207 ] root - INFO - Initializing TrainPipeline class
[ 2025-07-14 17:19:00,207 ] root - INFO - Entered the [run_pipeline] method of TrainPipeline class
[ 2025-07-14 17:19:00,208 ] root - INFO - Entered the [start_data_ingestion] method of TrainPipeline class
[ 2025-07-14 17:19:00,208 ] root - INFO - Getting data from mongo db
[ 2025-07-14 17:19:00,208 ] root - INFO - Data_Ingestion class object created
[ 2025-07-14 17:19:00,208 ] root - INFO - Entered [initiate_data_ingestion] method of DataIngestion class
[ 2025-07-14 17:19:00,208 ] root - INFO - Entered [export_data_into_feature_store] method of Data_Ingestion class
[ 2025-07-14 17:19:00,208 ] root - INFO - Exporting data from mongodb
[ 2025-07-14 17:19:00,448 ] pymongo.topology - DEBUG - {"message": "Starting topology monitoring", "topologyId": {"$oid": "6874eeac255ba75f6ff0e8dc"}}
[ 2025-07-14 17:19:00,449 ] pymongo.topology - DEBUG - {"message": "Topology description changed", "topologyId": {"$oid": "6874eeac255ba75f6ff0e8dc"}, "previousDescription": "<TopologyDescription id: 6874eeac255ba75f6ff0e8dc, topology_type: Unknown, servers: []>", "newDescription": "<TopologyDescription id: 6874eeac255ba75f6ff0e8dc, topology_type: ReplicaSetNoPrimary, servers: [<ServerDescription ('ac-seftnoh-shard-00-00.ajiae5a.mongodb.net', 27017) server_type: Unknown, rtt: None>, <ServerDescription ('ac-seftnoh-shard-00-01.ajiae5a.mongodb.net', 27017) server_type: Unknown, rtt: None>, <ServerDescription ('ac-seftnoh-shard-00-02.ajiae5a.mongodb.net', 27017) server_type: Unknown, rtt: None>]>"}
[ 2025-07-14 17:19:00,449 ] pymongo.topology - DEBUG - {"message": "Starting server monitoring", "topologyId": {"$oid": "6874eeac255ba75f6ff0e8dc"}, "serverHost": "ac-seftnoh-shard-00-02.ajiae5a.mongodb.net", "serverPort": 27017}
[ 2025-07-14 17:19:00,449 ] pymongo.topology - DEBUG - {"message": "Starting server monitoring", "topologyId": {"$oid": "6874eeac255ba75f6ff0e8dc"}, "serverHost": "ac-seftnoh-shard-00-01.ajiae5a.mongodb.net", "serverPort": 27017}
[ 2025-07-14 17:19:00,449 ] pymongo.topology - DEBUG - {"message": "Starting server monitoring", "topologyId": {"$oid": "6874eeac255ba75f6ff0e8dc"}, "serverHost": "ac-seftnoh-shard-00-00.ajiae5a.mongodb.net", "serverPort": 27017}
[ 2025-07-14 17:19:00,449 ] pymongo.connection - DEBUG - {"message": "Connection pool created", "clientId": {"$oid": "6874eeac255ba75f6ff0e8dc"}, "serverHost": "ac-seftnoh-shard-00-02.ajiae5a.mongodb.net", "serverPort": 27017}
[ 2025-07-14 17:19:00,449 ] pymongo.connection - DEBUG - {"message": "Connection pool created", "clientId": {"$oid": "6874eeac255ba75f6ff0e8dc"}, "serverHost": "ac-seftnoh-shard-00-01.ajiae5a.mongodb.net", "serverPort": 27017}
[ 2025-07-14 17:19:00,450 ] pymongo.connection - DEBUG - {"message": "Connection pool created", "clientId": {"$oid": "6874eeac255ba75f6ff0e8dc"}, "serverHost": "ac-seftnoh-shard-00-00.ajiae5a.mongodb.net", "serverPort": 27017}
[ 2025-07-14 17:19:00,450 ] root - INFO - MongoDB connection succesfull
[ 2025-07-14 17:19:00,450 ] pymongo.serverSelection - DEBUG - {"message": "Server selection started", "selector": "Primary()", "operation": "find", "topologyDescription": "<TopologyDescription id: 6874eeac255ba75f6ff0e8dc, topology_type: ReplicaSetNoPrimary, servers: [<ServerDescription ('ac-seftnoh-shard-00-00.ajiae5a.mongodb.net', 27017) server_type: Unknown, rtt: None>, <ServerDescription ('ac-seftnoh-shard-00-01.ajiae5a.mongodb.net', 27017) server_type: Unknown, rtt: None>, <ServerDescription ('ac-seftnoh-shard-00-02.ajiae5a.mongodb.net', 27017) server_type: Unknown, rtt: None>]>", "clientId": {"$oid": "6874eeac255ba75f6ff0e8dc"}}
[ 2025-07-14 17:19:00,450 ] pymongo.serverSelection - DEBUG - {"message": "Waiting for suitable server to become available", "selector": "Primary()", "operation": "find", "topologyDescription": "<TopologyDescription id: 6874eeac255ba75f6ff0e8dc, topology_type: ReplicaSetNoPrimary, servers: [<ServerDescription ('ac-seftnoh-shard-00-00.ajiae5a.mongodb.net', 27017) server_type: Unknown, rtt: None>, <ServerDescription ('ac-seftnoh-shard-00-01.ajiae5a.mongodb.net', 27017) server_type: Unknown, rtt: None>, <ServerDescription ('ac-seftnoh-shard-00-02.ajiae5a.mongodb.net', 27017) server_type: Unknown, rtt: None>]>", "clientId": {"$oid": "6874eeac255ba75f6ff0e8dc"}, "remainingTimeMS": 29999}
[ 2025-07-14 17:19:00,747 ] pymongo.topology - DEBUG - {"message": "Server heartbeat started", "topologyId": {"$oid": "6874eeac255ba75f6ff0e8dc"}, "driverConnectionId": 1, "serverHost": "ac-seftnoh-shard-00-00.ajiae5a.mongodb.net", "serverPort": 27017, "awaited": false}
[ 2025-07-14 17:19:00,747 ] pymongo.topology - DEBUG - {"message": "Server heartbeat started", "topologyId": {"$oid": "6874eeac255ba75f6ff0e8dc"}, "driverConnectionId": 1, "serverHost": "ac-seftnoh-shard-00-01.ajiae5a.mongodb.net", "serverPort": 27017, "awaited": false}
[ 2025-07-14 17:19:00,756 ] pymongo.topology - DEBUG - {"message": "Server heartbeat started", "topologyId": {"$oid": "6874eeac255ba75f6ff0e8dc"}, "driverConnectionId": 1, "serverHost": "ac-seftnoh-shard-00-02.ajiae5a.mongodb.net", "serverPort": 27017, "awaited": false}
[ 2025-07-14 17:19:00,804 ] pymongo.topology - DEBUG - {"message": "Server heartbeat succeeded", "topologyId": {"$oid": "6874eeac255ba75f6ff0e8dc"}, "driverConnectionId": 1, "serverConnectionId": 56575, "serverHost": "ac-seftnoh-shard-00-01.ajiae5a.mongodb.net", "serverPort": 27017, "awaited": false, "durationMS": 56.24674999853596, "reply": "{\"helloOk\": true, \"topologyVersion\": {\"processId\": {\"$oid\": \"68712bc703db27a9c7dda3d9\"}, \"counter\": 3}, \"hosts\": [\"ac-seftnoh-shard-00-00.ajiae5a.mongodb.net:27017\", \"ac-seftnoh-shard-00-01.ajiae5a.mongodb.net:27017\", \"ac-seftnoh-shard-00-02.ajiae5a.mongodb.net:27017\"], \"setName\": \"atlas-huz2dh-shard-0\", \"setVersion\": 299, \"secondary\": true, \"primary\": \"ac-seftnoh-shard-00-02.ajiae5a.mongodb.net:27017\", \"tags\": {\"provider\": \"AWS\", \"region\": \"AP_SOUTH_1\", \"workloadType\": \"OPERATIONAL\", \"diskState\": \"READY\", \"nodeType\": \"ELECTABLE\", \"availabilityZone\": \"aps1-az3\"}, \"me\": \"ac-seftnoh-shard-00-01.ajiae5a.mongodb.net:27017\", \"lastWrite\": {\"opTime\": {\"ts\": {\"$timestamp\": {\"t\": 1752493740, \"i\": 14}}, \"t\": 273}, \"lastWriteDate\": {\"$date\": \"2025-07-14T11:49:00Z\"}, \"majorityOpTime\": {\"ts\": {\"$timestamp\": {\"t\": 1752493740, \"i\": 14}}, \"t\": 273}, \"majorityWriteDate\": {\"$date\": \"2025-07-14T11:49:00Z\"}}, \"maxBsonObjectSize\": 16777216, \"maxMessageSizeBytes\": 48000000, \"maxWriteBatchSize\": 100000, \"loc..."}
[ 2025-07-14 17:19:00,804 ] pymongo.topology - DEBUG - {"message": "Server heartbeat succeeded", "topologyId": {"$oid": "6874eeac255ba75f6ff0e8dc"}, "driverConnectionId": 1, "serverConnectionId": 57402, "serverHost": "ac-seftnoh-shard-00-00.ajiae5a.mongodb.net", "serverPort": 27017, "awaited": false, "durationMS": 57.23470897646621, "reply": "{\"helloOk\": true, \"topologyVersion\": {\"processId\": {\"$oid\": \"68712b49081a705f8235132a\"}, \"counter\": 4}, \"hosts\": [\"ac-seftnoh-shard-00-00.ajiae5a.mongodb.net:27017\", \"ac-seftnoh-shard-00-01.ajiae5a.mongodb.net:27017\", \"ac-seftnoh-shard-00-02.ajiae5a.mongodb.net:27017\"], \"setName\": \"atlas-huz2dh-shard-0\", \"setVersion\": 299, \"secondary\": true, \"primary\": \"ac-seftnoh-shard-00-02.ajiae5a.mongodb.net:27017\", \"tags\": {\"diskState\": \"READY\", \"nodeType\": \"ELECTABLE\", \"workloadType\": \"OPERATIONAL\", \"provider\": \"AWS\", \"availabilityZone\": \"aps1-az1\", \"region\": \"AP_SOUTH_1\"}, \"me\": \"ac-seftnoh-shard-00-00.ajiae5a.mongodb.net:27017\", \"lastWrite\": {\"opTime\": {\"ts\": {\"$timestamp\": {\"t\": 1752493740, \"i\": 14}}, \"t\": 273}, \"lastWriteDate\": {\"$date\": \"2025-07-14T11:49:00Z\"}, \"majorityOpTime\": {\"ts\": {\"$timestamp\": {\"t\": 1752493740, \"i\": 14}}, \"t\": 273}, \"majorityWriteDate\": {\"$date\": \"2025-07-14T11:49:00Z\"}}, \"maxBsonObjectSize\": 16777216, \"maxMessageSizeBytes\": 48000000, \"maxWriteBatchSize\": 100000, \"loc..."}
[ 2025-07-14 17:19:00,805 ] pymongo.connection - DEBUG - {"message": "Connection pool ready", "clientId": {"$oid": "6874eeac255ba75f6ff0e8dc"}, "serverHost": "ac-seftnoh-shard-00-01.ajiae5a.mongodb.net", "serverPort": 27017}
[ 2025-07-14 17:19:00,805 ] pymongo.topology - DEBUG - {"message": "Topology description changed", "topologyId": {"$oid": "6874eeac255ba75f6ff0e8dc"}, "previousDescription": "<TopologyDescription id: 6874eeac255ba75f6ff0e8dc, topology_type: ReplicaSetNoPrimary, servers: [<ServerDescription ('ac-seftnoh-shard-00-00.ajiae5a.mongodb.net', 27017) server_type: Unknown, rtt: None>, <ServerDescription ('ac-seftnoh-shard-00-01.ajiae5a.mongodb.net', 27017) server_type: Unknown, rtt: None>, <ServerDescription ('ac-seftnoh-shard-00-02.ajiae5a.mongodb.net', 27017) server_type: Unknown, rtt: None>]>", "newDescription": "<TopologyDescription id: 6874eeac255ba75f6ff0e8dc, topology_type: ReplicaSetNoPrimary, servers: [<ServerDescription ('ac-seftnoh-shard-00-00.ajiae5a.mongodb.net', 27017) server_type: Unknown, rtt: None>, <ServerDescription ('ac-seftnoh-shard-00-01.ajiae5a.mongodb.net', 27017) server_type: RSSecondary, rtt: 0.05624674999853596>, <ServerDescription ('ac-seftnoh-shard-00-02.ajiae5a.mongodb.net', 27017) server_type: Unknown, rtt: None>]>"}
[ 2025-07-14 17:19:00,806 ] pymongo.connection - DEBUG - {"message": "Connection pool ready", "clientId": {"$oid": "6874eeac255ba75f6ff0e8dc"}, "serverHost": "ac-seftnoh-shard-00-00.ajiae5a.mongodb.net", "serverPort": 27017}
[ 2025-07-14 17:19:00,806 ] pymongo.topology - DEBUG - {"message": "Topology description changed", "topologyId": {"$oid": "6874eeac255ba75f6ff0e8dc"}, "previousDescription": "<TopologyDescription id: 6874eeac255ba75f6ff0e8dc, topology_type: ReplicaSetNoPrimary, servers: [<ServerDescription ('ac-seftnoh-shard-00-00.ajiae5a.mongodb.net', 27017) server_type: Unknown, rtt: None>, <ServerDescription ('ac-seftnoh-shard-00-01.ajiae5a.mongodb.net', 27017) server_type: RSSecondary, rtt: 0.05624674999853596>, <ServerDescription ('ac-seftnoh-shard-00-02.ajiae5a.mongodb.net', 27017) server_type: Unknown, rtt: None>]>", "newDescription": "<TopologyDescription id: 6874eeac255ba75f6ff0e8dc, topology_type: ReplicaSetNoPrimary, servers: [<ServerDescription ('ac-seftnoh-shard-00-00.ajiae5a.mongodb.net', 27017) server_type: RSSecondary, rtt: 0.05723470897646621>, <ServerDescription ('ac-seftnoh-shard-00-01.ajiae5a.mongodb.net', 27017) server_type: RSSecondary, rtt: 0.05624674999853596>, <ServerDescription ('ac-seftnoh-shard-00-02.ajiae5a.mongodb.net', 27017) server_type: Unknown, rtt: None>]>"}
[ 2025-07-14 17:19:00,806 ] pymongo.topology - DEBUG - {"message": "Server heartbeat started", "topologyId": {"$oid": "6874eeac255ba75f6ff0e8dc"}, "driverConnectionId": 1, "serverConnectionId": 56575, "serverHost": "ac-seftnoh-shard-00-01.ajiae5a.mongodb.net", "serverPort": 27017, "awaited": true}
[ 2025-07-14 17:19:00,806 ] pymongo.topology - DEBUG - {"message": "Server heartbeat started", "topologyId": {"$oid": "6874eeac255ba75f6ff0e8dc"}, "driverConnectionId": 1, "serverConnectionId": 57402, "serverHost": "ac-seftnoh-shard-00-00.ajiae5a.mongodb.net", "serverPort": 27017, "awaited": true}
[ 2025-07-14 17:19:00,806 ] pymongo.topology - DEBUG - {"message": "Server heartbeat succeeded", "topologyId": {"$oid": "6874eeac255ba75f6ff0e8dc"}, "driverConnectionId": 1, "serverConnectionId": 62303, "serverHost": "ac-seftnoh-shard-00-02.ajiae5a.mongodb.net", "serverPort": 27017, "awaited": false, "durationMS": 49.75104099139571, "reply": "{\"helloOk\": true, \"topologyVersion\": {\"processId\": {\"$oid\": \"68712b88e825f82d0dc0fc06\"}, \"counter\": 6}, \"hosts\": [\"ac-seftnoh-shard-00-00.ajiae5a.mongodb.net:27017\", \"ac-seftnoh-shard-00-01.ajiae5a.mongodb.net:27017\", \"ac-seftnoh-shard-00-02.ajiae5a.mongodb.net:27017\"], \"setName\": \"atlas-huz2dh-shard-0\", \"setVersion\": 299, \"ismaster\": true, \"primary\": \"ac-seftnoh-shard-00-02.ajiae5a.mongodb.net:27017\", \"tags\": {\"provider\": \"AWS\", \"region\": \"AP_SOUTH_1\", \"nodeType\": \"ELECTABLE\", \"availabilityZone\": \"aps1-az2\", \"diskState\": \"READY\", \"workloadType\": \"OPERATIONAL\"}, \"me\": \"ac-seftnoh-shard-00-02.ajiae5a.mongodb.net:27017\", \"electionId\": {\"$oid\": \"7fffffff0000000000000111\"}, \"lastWrite\": {\"opTime\": {\"ts\": {\"$timestamp\": {\"t\": 1752493740, \"i\": 14}}, \"t\": 273}, \"lastWriteDate\": {\"$date\": \"2025-07-14T11:49:00Z\"}, \"majorityOpTime\": {\"ts\": {\"$timestamp\": {\"t\": 1752493740, \"i\": 14}}, \"t\": 273}, \"majorityWriteDate\": {\"$date\": \"2025-07-14T11:49:00Z\"}}, \"maxBsonObjectSize\": 16777216, \"maxMessageSize..."}
[ 2025-07-14 17:19:00,806 ] pymongo.connection - DEBUG - {"message": "Connection pool ready", "clientId": {"$oid": "6874eeac255ba75f6ff0e8dc"}, "serverHost": "ac-seftnoh-shard-00-02.ajiae5a.mongodb.net", "serverPort": 27017}
[ 2025-07-14 17:19:00,806 ] pymongo.topology - DEBUG - {"message": "Topology description changed", "topologyId": {"$oid": "6874eeac255ba75f6ff0e8dc"}, "previousDescription": "<TopologyDescription id: 6874eeac255ba75f6ff0e8dc, topology_type: ReplicaSetNoPrimary, servers: [<ServerDescription ('ac-seftnoh-shard-00-00.ajiae5a.mongodb.net', 27017) server_type: RSSecondary, rtt: 0.05723470897646621>, <ServerDescription ('ac-seftnoh-shard-00-01.ajiae5a.mongodb.net', 27017) server_type: RSSecondary, rtt: 0.05624674999853596>, <ServerDescription ('ac-seftnoh-shard-00-02.ajiae5a.mongodb.net', 27017) server_type: Unknown, rtt: None>]>", "newDescription": "<TopologyDescription id: 6874eeac255ba75f6ff0e8dc, topology_type: ReplicaSetWithPrimary, servers: [<ServerDescription ('ac-seftnoh-shard-00-00.ajiae5a.mongodb.net', 27017) server_type: RSSecondary, rtt: 0.05723470897646621>, <ServerDescription ('ac-seftnoh-shard-00-01.ajiae5a.mongodb.net', 27017) server_type: RSSecondary, rtt: 0.05624674999853596>, <ServerDescription ('ac-seftnoh-shard-00-02.ajiae5a.mongodb.net', 27017) server_type: RSPrimary, rtt: 0.04975104099139571>]>"}
[ 2025-07-14 17:19:00,807 ] pymongo.serverSelection - DEBUG - {"message": "Server selection succeeded", "selector": "Primary()", "operation": "find", "topologyDescription": "<TopologyDescription id: 6874eeac255ba75f6ff0e8dc, topology_type: ReplicaSetWithPrimary, servers: [<ServerDescription ('ac-seftnoh-shard-00-00.ajiae5a.mongodb.net', 27017) server_type: RSSecondary, rtt: 0.05723470897646621>, <ServerDescription ('ac-seftnoh-shard-00-01.ajiae5a.mongodb.net', 27017) server_type: RSSecondary, rtt: 0.05624674999853596>, <ServerDescription ('ac-seftnoh-shard-00-02.ajiae5a.mongodb.net', 27017) server_type: RSPrimary, rtt: 0.04975104099139571>]>", "clientId": {"$oid": "6874eeac255ba75f6ff0e8dc"}, "serverHost": "ac-seftnoh-shard-00-02.ajiae5a.mongodb.net", "serverPort": 27017}
[ 2025-07-14 17:19:00,807 ] pymongo.connection - DEBUG - {"message": "Connection checkout started", "clientId": {"$oid": "6874eeac255ba75f6ff0e8dc"}, "serverHost": "ac-seftnoh-shard-00-02.ajiae5a.mongodb.net", "serverPort": 27017}
[ 2025-07-14 17:19:00,807 ] pymongo.connection - DEBUG - {"message": "Connection created", "clientId": {"$oid": "6874eeac255ba75f6ff0e8dc"}, "serverHost": "ac-seftnoh-shard-00-02.ajiae5a.mongodb.net", "serverPort": 27017, "driverConnectionId": 1}
[ 2025-07-14 17:19:00,807 ] pymongo.topology - DEBUG - {"message": "Server heartbeat started", "topologyId": {"$oid": "6874eeac255ba75f6ff0e8dc"}, "driverConnectionId": 1, "serverConnectionId": 62303, "serverHost": "ac-seftnoh-shard-00-02.ajiae5a.mongodb.net", "serverPort": 27017, "awaited": true}
[ 2025-07-14 17:19:01,159 ] pymongo.connection - DEBUG - {"message": "Connection ready", "clientId": {"$oid": "6874eeac255ba75f6ff0e8dc"}, "serverHost": "ac-seftnoh-shard-00-02.ajiae5a.mongodb.net", "serverPort": 27017, "driverConnectionId": 1, "durationMS": 0.18474245799006894}
[ 2025-07-14 17:19:01,159 ] pymongo.connection - DEBUG - {"message": "Connection checked out", "clientId": {"$oid": "6874eeac255ba75f6ff0e8dc"}, "serverHost": "ac-seftnoh-shard-00-02.ajiae5a.mongodb.net", "serverPort": 27017, "driverConnectionId": 1, "durationMS": 0.352718084002845}
[ 2025-07-14 17:19:01,160 ] pymongo.command - DEBUG - {"message": "Command started", "clientId": {"$oid": "6874eeac255ba75f6ff0e8dc"}, "command": "{\"find\": \"visa_data\", \"lsid\": {\"id\": {\"$binary\": {\"base64\": \"R928ft1FSGilQ6dB2SDPIA==\", \"subType\": \"04\"}}}, \"$clusterTime\": {\"clusterTime\": {\"$timestamp\": {\"t\": 1752493741, \"i\": 1}}, \"signature\": {\"hash\": {\"$binary\": {\"base64\": \"aIWYPu44Qfzfn+EbTxZXxyF8+kw=\", \"subType\": \"00\"}}, \"keyId\": 7481317547657134092}}, \"$db\": \"US_VISA\"}", "commandName": "find", "databaseName": "US_VISA", "requestId": 1784484492, "operationId": 1784484492, "driverConnectionId": 1, "serverConnectionId": 62096, "serverHost": "ac-seftnoh-shard-00-02.ajiae5a.mongodb.net", "serverPort": 27017}
[ 2025-07-14 17:19:01,281 ] pymongo.command - DEBUG - {"message": "Command succeeded", "clientId": {"$oid": "6874eeac255ba75f6ff0e8dc"}, "durationMS": 121.237, "reply": "{\"cursor\": {\"firstBatch\": [{\"_id\": {\"$oid\": \"686d14e0c5d3562c6585297d\"}, \"case_id\": \"EZYV01\", \"continent\": \"Asia\", \"education_of_employee\": \"High School\", \"has_job_experience\": \"N\", \"requires_job_training\": \"N\", \"no_of_employees\": 14513, \"yr_of_estab\": 2007, \"region_of_employment\": \"West\", \"prevailing_wage\": 592.2029, \"unit_of_wage\": \"Hour\", \"full_time_position\": \"Y\", \"case_status\": \"Denied\"}, {\"_id\": {\"$oid\": \"686d14e0c5d3562c6585297e\"}, \"case_id\": \"EZYV02\", \"continent\": \"Asia\", \"education_of_employee\": \"Master's\", \"has_job_experience\": \"Y\", \"requires_job_training\": \"N\", \"no_of_employees\": 2412, \"yr_of_estab\": 2002, \"region_of_employment\": \"Northeast\", \"prevailing_wage\": 83425.65, \"unit_of_wage\": \"Year\", \"full_time_position\": \"Y\", \"case_status\": \"Certified\"}, {\"_id\": {\"$oid\": \"686d14e0c5d3562c6585297f\"}, \"case_id\": \"EZYV03\", \"continent\": \"Asia\", \"education_of_employee\": \"Bachelor's\", \"has_job_experience\": \"N\", \"requires_job_training\": \"Y\", \"no_of_employees\": 44444, \"yr_of_estab\": 2008...", "commandName": "find", "databaseName": "US_VISA", "requestId": 1784484492, "operationId": 1784484492, "driverConnectionId": 1, "serverConnectionId": 62096, "serverHost": "ac-seftnoh-shard-00-02.ajiae5a.mongodb.net", "serverPort": 27017}
[ 2025-07-14 17:19:01,281 ] pymongo.connection - DEBUG - {"message": "Connection checked in", "clientId": {"$oid": "6874eeac255ba75f6ff0e8dc"}, "serverHost": "ac-seftnoh-shard-00-02.ajiae5a.mongodb.net", "serverPort": 27017, "driverConnectionId": 1}
[ 2025-07-14 17:19:01,282 ] pymongo.serverSelection - DEBUG - {"message": "Server selection started", "selector": "<function any_server_selector at 0x15e1f0e00>", "operation": "getMore", "topologyDescription": "<TopologyDescription id: 6874eeac255ba75f6ff0e8dc, topology_type: ReplicaSetWithPrimary, servers: [<ServerDescription ('ac-seftnoh-shard-00-00.ajiae5a.mongodb.net', 27017) server_type: RSSecondary, rtt: 0.05723470897646621>, <ServerDescription ('ac-seftnoh-shard-00-01.ajiae5a.mongodb.net', 27017) server_type: RSSecondary, rtt: 0.05624674999853596>, <ServerDescription ('ac-seftnoh-shard-00-02.ajiae5a.mongodb.net', 27017) server_type: RSPrimary, rtt: 0.04975104099139571>]>", "clientId": {"$oid": "6874eeac255ba75f6ff0e8dc"}}
[ 2025-07-14 17:19:01,282 ] pymongo.serverSelection - DEBUG - {"message": "Server selection succeeded", "selector": "<function any_server_selector at 0x15e1f0e00>", "operation": "getMore", "topologyDescription": "<TopologyDescription id: 6874eeac255ba75f6ff0e8dc, topology_type: ReplicaSetWithPrimary, servers: [<ServerDescription ('ac-seftnoh-shard-00-00.ajiae5a.mongodb.net', 27017) server_type: RSSecondary, rtt: 0.05723470897646621>, <ServerDescription ('ac-seftnoh-shard-00-01.ajiae5a.mongodb.net', 27017) server_type: RSSecondary, rtt: 0.05624674999853596>, <ServerDescription ('ac-seftnoh-shard-00-02.ajiae5a.mongodb.net', 27017) server_type: RSPrimary, rtt: 0.04975104099139571>]>", "clientId": {"$oid": "6874eeac255ba75f6ff0e8dc"}, "serverHost": "ac-seftnoh-shard-00-02.ajiae5a.mongodb.net", "serverPort": 27017}
[ 2025-07-14 17:19:01,282 ] pymongo.connection - DEBUG - {"message": "Connection checkout started", "clientId": {"$oid": "6874eeac255ba75f6ff0e8dc"}, "serverHost": "ac-seftnoh-shard-00-02.ajiae5a.mongodb.net", "serverPort": 27017}
[ 2025-07-14 17:19:01,282 ] pymongo.connection - DEBUG - {"message": "Connection checked out", "clientId": {"$oid": "6874eeac255ba75f6ff0e8dc"}, "serverHost": "ac-seftnoh-shard-00-02.ajiae5a.mongodb.net", "serverPort": 27017, "driverConnectionId": 1, "durationMS": 8.708296809345484e-05}
[ 2025-07-14 17:19:01,282 ] pymongo.command - DEBUG - {"message": "Command started", "clientId": {"$oid": "6874eeac255ba75f6ff0e8dc"}, "command": "{\"getMore\": 3286308678628467928, \"collection\": \"visa_data\", \"lsid\": {\"id\": {\"$binary\": {\"base64\": \"R928ft1FSGilQ6dB2SDPIA==\", \"subType\": \"04\"}}}, \"$clusterTime\": {\"clusterTime\": {\"$timestamp\": {\"t\": 1752493741, \"i\": 7}}, \"signature\": {\"hash\": {\"$binary\": {\"base64\": \"aIWYPu44Qfzfn+EbTxZXxyF8+kw=\", \"subType\": \"00\"}}, \"keyId\": 7481317547657134092}}, \"$db\": \"US_VISA\"}", "commandName": "getMore", "databaseName": "US_VISA", "requestId": 74243042, "operationId": 74243042, "driverConnectionId": 1, "serverConnectionId": 62096, "serverHost": "ac-seftnoh-shard-00-02.ajiae5a.mongodb.net", "serverPort": 27017}
[ 2025-07-14 17:19:04,684 ] pymongo.command - DEBUG - {"message": "Command succeeded", "clientId": {"$oid": "6874eeac255ba75f6ff0e8dc"}, "durationMS": 3401.454, "reply": "{\"cursor\": {\"nextBatch\": [{\"_id\": {\"$oid\": \"686d14e0c5d3562c658529e2\"}, \"case_id\": \"EZYV102\", \"continent\": \"Asia\", \"education_of_employee\": \"Master's\", \"has_job_experience\": \"Y\", \"requires_job_training\": \"N\", \"no_of_employees\": 334, \"yr_of_estab\": 2007, \"region_of_employment\": \"Midwest\", \"prevailing_wage\": 43421.88, \"unit_of_wage\": \"Year\", \"full_time_position\": \"Y\", \"case_status\": \"Certified\"}, {\"_id\": {\"$oid\": \"686d14e0c5d3562c658529e3\"}, \"case_id\": \"EZYV103\", \"continent\": \"Asia\", \"education_of_employee\": \"Bachelor's\", \"has_job_experience\": \"Y\", \"requires_job_training\": \"N\", \"no_of_employees\": 224, \"yr_of_estab\": 2008, \"region_of_employment\": \"Midwest\", \"prevailing_wage\": 80253.78, \"unit_of_wage\": \"Year\", \"full_time_position\": \"Y\", \"case_status\": \"Certified\"}, {\"_id\": {\"$oid\": \"686d14e0c5d3562c658529e4\"}, \"case_id\": \"EZYV104\", \"continent\": \"Asia\", \"education_of_employee\": \"Doctorate\", \"has_job_experience\": \"Y\", \"requires_job_training\": \"N\", \"no_of_employees\": 367, \"yr_of_estab\": 1982,...", "commandName": "getMore", "databaseName": "US_VISA", "requestId": 74243042, "operationId": 74243042, "driverConnectionId": 1, "serverConnectionId": 62096, "serverHost": "ac-seftnoh-shard-00-02.ajiae5a.mongodb.net", "serverPort": 27017}
[ 2025-07-14 17:19:04,684 ] pymongo.connection - DEBUG - {"message": "Connection checked in", "clientId": {"$oid": "6874eeac255ba75f6ff0e8dc"}, "serverHost": "ac-seftnoh-shard-00-02.ajiae5a.mongodb.net", "serverPort": 27017, "driverConnectionId": 1}
[ 2025-07-14 17:19:04,733 ] root - INFO - Shape of dataframe: (25480, 12)
[ 2025-07-14 17:19:04,733 ] root - INFO - Shape of dataframe: (25480, 12)
[ 2025-07-14 17:19:04,733 ] root - INFO - Saving exported data into feature store file path: artifact/07_14_2025_17-18-59/data_ingestion/feature_store
[ 2025-07-14 17:19:04,799 ] root - INFO - Got the data from mongodb
[ 2025-07-14 17:19:04,799 ] root - INFO - Entered [split_data_as_train_test] method of DataIngestion class
[ 2025-07-14 17:19:04,803 ] root - INFO - Performed train test split operation on the dataframe
[ 2025-07-14 17:19:04,804 ] root - INFO - Exporting train file to artifact/07_14_2025_17-18-59/data_ingestion/ingested/train.parquet
[ 2025-07-14 17:19:04,816 ] root - INFO - Exporting test file to artifact/07_14_2025_17-18-59/data_ingestion/ingested/test.parquet
[ 2025-07-14 17:19:04,820 ] root - INFO - Exported train and test files successfully
[ 2025-07-14 17:19:04,821 ] root - INFO - Performed train test split on the dataset
[ 2025-07-14 17:19:04,821 ] root - INFO - Exited initiate_data_ingestion method of Data_Ingestion class
[ 2025-07-14 17:19:04,821 ] root - INFO - Data ingestion artifact: DataIngestionArtifact(trained_file_path='artifact/07_14_2025_17-18-59/data_ingestion/ingested/train.parquet', test_file_path='artifact/07_14_2025_17-18-59/data_ingestion/ingested/test.parquet')
[ 2025-07-14 17:19:04,825 ] root - INFO - Got the train_set and test_set from mongodb
[ 2025-07-14 17:19:04,825 ] root - INFO - DataIngestionArtifact: DataIngestionArtifact(trained_file_path='artifact/07_14_2025_17-18-59/data_ingestion/ingested/train.parquet', test_file_path='artifact/07_14_2025_17-18-59/data_ingestion/ingested/test.parquet')
[ 2025-07-14 17:19:04,825 ] root - INFO - Exited the [start_data_ingestion] method of TrainPipeline class
[ 2025-07-14 17:19:04,825 ] root - INFO - Data ingestion completed
[ 2025-07-14 17:19:04,825 ] root - INFO - Entered the [start_data_validation] method of TrainPipeline class
[ 2025-07-14 17:19:04,825 ] root - INFO - Entered the read_yaml_file method of utils
[ 2025-07-14 17:19:04,827 ] root - INFO - Starting data validation
[ 2025-07-14 17:19:04,899 ] root - INFO - Is required column present: [True]
[ 2025-07-14 17:19:04,899 ] root - INFO - All required columns present in training dataframe: True
[ 2025-07-14 17:19:04,899 ] root - INFO - Is required column present: [True]
[ 2025-07-14 17:19:04,899 ] root - INFO - All required columns present in testing dataframe: True
[ 2025-07-14 17:19:10,870 ] pymongo.topology - DEBUG - {"message": "Server heartbeat succeeded", "topologyId": {"$oid": "6874eeac255ba75f6ff0e8dc"}, "driverConnectionId": 1, "serverConnectionId": 56575, "serverHost": "ac-seftnoh-shard-00-01.ajiae5a.mongodb.net", "serverPort": 27017, "awaited": true, "durationMS": 10064.237457991112, "reply": "{\"topologyVersion\": {\"processId\": {\"$oid\": \"68712bc703db27a9c7dda3d9\"}, \"counter\": 3}, \"hosts\": [\"ac-seftnoh-shard-00-00.ajiae5a.mongodb.net:27017\", \"ac-seftnoh-shard-00-01.ajiae5a.mongodb.net:27017\", \"ac-seftnoh-shard-00-02.ajiae5a.mongodb.net:27017\"], \"setName\": \"atlas-huz2dh-shard-0\", \"setVersion\": 299, \"secondary\": true, \"primary\": \"ac-seftnoh-shard-00-02.ajiae5a.mongodb.net:27017\", \"tags\": {\"provider\": \"AWS\", \"availabilityZone\": \"aps1-az3\", \"diskState\": \"READY\", \"workloadType\": \"OPERATIONAL\", \"nodeType\": \"ELECTABLE\", \"region\": \"AP_SOUTH_1\"}, \"me\": \"ac-seftnoh-shard-00-01.ajiae5a.mongodb.net:27017\", \"lastWrite\": {\"opTime\": {\"ts\": {\"$timestamp\": {\"t\": 1752493750, \"i\": 81}}, \"t\": 273}, \"lastWriteDate\": {\"$date\": \"2025-07-14T11:49:10Z\"}, \"majorityOpTime\": {\"ts\": {\"$timestamp\": {\"t\": 1752493750, \"i\": 81}}, \"t\": 273}, \"majorityWriteDate\": {\"$date\": \"2025-07-14T11:49:10Z\"}}, \"maxBsonObjectSize\": 16777216, \"maxMessageSizeBytes\": 48000000, \"maxWriteBatchSize\": 100000, \"localTime\": {\"$date\"..."}
[ 2025-07-14 17:19:10,872 ] pymongo.topology - DEBUG - {"message": "Server heartbeat succeeded", "topologyId": {"$oid": "6874eeac255ba75f6ff0e8dc"}, "driverConnectionId": 1, "serverConnectionId": 62359, "serverHost": "ac-seftnoh-shard-00-02.ajiae5a.mongodb.net", "serverPort": 27017, "awaited": true, "durationMS": 10064.943542005494, "reply": "{\"topologyVersion\": {\"processId\": {\"$oid\": \"68712b88e825f82d0dc0fc06\"}, \"counter\": 6}, \"hosts\": [\"ac-seftnoh-shard-00-00.ajiae5a.mongodb.net:27017\", \"ac-seftnoh-shard-00-01.ajiae5a.mongodb.net:27017\", \"ac-seftnoh-shard-00-02.ajiae5a.mongodb.net:27017\"], \"setName\": \"atlas-huz2dh-shard-0\", \"setVersion\": 299, \"isWritablePrimary\": true, \"primary\": \"ac-seftnoh-shard-00-02.ajiae5a.mongodb.net:27017\", \"tags\": {\"availabilityZone\": \"aps1-az2\", \"diskState\": \"READY\", \"workloadType\": \"OPERATIONAL\", \"region\": \"AP_SOUTH_1\", \"provider\": \"AWS\", \"nodeType\": \"ELECTABLE\"}, \"me\": \"ac-seftnoh-shard-00-02.ajiae5a.mongodb.net:27017\", \"electionId\": {\"$oid\": \"7fffffff0000000000000111\"}, \"lastWrite\": {\"opTime\": {\"ts\": {\"$timestamp\": {\"t\": 1752493750, \"i\": 81}}, \"t\": 273}, \"lastWriteDate\": {\"$date\": \"2025-07-14T11:49:10Z\"}, \"majorityOpTime\": {\"ts\": {\"$timestamp\": {\"t\": 1752493750, \"i\": 81}}, \"t\": 273}, \"majorityWriteDate\": {\"$date\": \"2025-07-14T11:49:10Z\"}}, \"maxBsonObjectSize\": 16777216, \"maxMessageSizeBytes\": ..."}
[ 2025-07-14 17:19:10,872 ] pymongo.topology - DEBUG - {"message": "Server heartbeat started", "topologyId": {"$oid": "6874eeac255ba75f6ff0e8dc"}, "driverConnectionId": 1, "serverConnectionId": 56575, "serverHost": "ac-seftnoh-shard-00-01.ajiae5a.mongodb.net", "serverPort": 27017, "awaited": true}
[ 2025-07-14 17:19:10,872 ] pymongo.topology - DEBUG - {"message": "Server heartbeat succeeded", "topologyId": {"$oid": "6874eeac255ba75f6ff0e8dc"}, "driverConnectionId": 1, "serverConnectionId": 57402, "serverHost": "ac-seftnoh-shard-00-00.ajiae5a.mongodb.net", "serverPort": 27017, "awaited": true, "durationMS": 10066.325084015261, "reply": "{\"topologyVersion\": {\"processId\": {\"$oid\": \"68712b49081a705f8235132a\"}, \"counter\": 4}, \"hosts\": [\"ac-seftnoh-shard-00-00.ajiae5a.mongodb.net:27017\", \"ac-seftnoh-shard-00-01.ajiae5a.mongodb.net:27017\", \"ac-seftnoh-shard-00-02.ajiae5a.mongodb.net:27017\"], \"setName\": \"atlas-huz2dh-shard-0\", \"setVersion\": 299, \"secondary\": true, \"primary\": \"ac-seftnoh-shard-00-02.ajiae5a.mongodb.net:27017\", \"tags\": {\"diskState\": \"READY\", \"nodeType\": \"ELECTABLE\", \"workloadType\": \"OPERATIONAL\", \"provider\": \"AWS\", \"availabilityZone\": \"aps1-az1\", \"region\": \"AP_SOUTH_1\"}, \"me\": \"ac-seftnoh-shard-00-00.ajiae5a.mongodb.net:27017\", \"lastWrite\": {\"opTime\": {\"ts\": {\"$timestamp\": {\"t\": 1752493750, \"i\": 81}}, \"t\": 273}, \"lastWriteDate\": {\"$date\": \"2025-07-14T11:49:10Z\"}, \"majorityOpTime\": {\"ts\": {\"$timestamp\": {\"t\": 1752493750, \"i\": 81}}, \"t\": 273}, \"majorityWriteDate\": {\"$date\": \"2025-07-14T11:49:10Z\"}}, \"maxBsonObjectSize\": 16777216, \"maxMessageSizeBytes\": 48000000, \"maxWriteBatchSize\": 100000, \"localTime\": {\"$date\"..."}
[ 2025-07-14 17:19:10,877 ] pymongo.topology - DEBUG - {"message": "Server heartbeat started", "topologyId": {"$oid": "6874eeac255ba75f6ff0e8dc"}, "driverConnectionId": 1, "serverConnectionId": 62359, "serverHost": "ac-seftnoh-shard-00-02.ajiae5a.mongodb.net", "serverPort": 27017, "awaited": true}
[ 2025-07-14 17:19:10,889 ] pymongo.topology - DEBUG - {"message": "Server heartbeat started", "topologyId": {"$oid": "6874eeac255ba75f6ff0e8dc"}, "driverConnectionId": 1, "serverConnectionId": 57402, "serverHost": "ac-seftnoh-shard-00-00.ajiae5a.mongodb.net", "serverPort": 27017, "awaited": true}
[ 2025-07-14 17:19:18,699 ] root - INFO - Entered the write_yaml_file method of utils
[ 2025-07-14 17:19:19,256 ] root - INFO - Exited the write_yaml_file method of utils
[ 2025-07-14 17:19:19,256 ] root - INFO - 1/12 drift detected.
[ 2025-07-14 17:19:19,257 ] root - INFO - Data validation artifact: DataValidationArtifact(validation_status=True, message='Drift not detected', drift_report_file_path='artifact/07_14_2025_17-18-59/data_validation/drift_report/report.yaml')
[ 2025-07-14 17:19:19,257 ] root - INFO - Performed the data validation operation
[ 2025-07-14 17:19:19,257 ] root - INFO - DataValidationArtifact: DataValidationArtifact(validation_status=True, message='Drift not detected', drift_report_file_path='artifact/07_14_2025_17-18-59/data_validation/drift_report/report.yaml')
[ 2025-07-14 17:19:19,257 ] root - INFO - Exited the [start_data_validation] method of TrainPipeline class
[ 2025-07-14 17:19:19,257 ] root - INFO - Data validation completed
[ 2025-07-14 17:19:19,257 ] root - INFO - Entered the [start_data_transformation] method of TrainPipeline class
[ 2025-07-14 17:19:19,257 ] root - INFO - Entered the read_yaml_file method of utils
[ 2025-07-14 17:19:19,259 ] root - INFO - Starting data transformation
[ 2025-07-14 17:19:19,259 ] root - INFO - Entered get_data_transformer_object method of DataTransformation class
[ 2025-07-14 17:19:19,259 ] root - INFO - Got numerical cols from schema config
[ 2025-07-14 17:19:19,259 ] root - INFO - Initialized StandardScaler, OneHotEncoder, OrdinalEncoder
[ 2025-07-14 17:19:19,259 ] root - INFO - Initialize PowerTransformer
[ 2025-07-14 17:19:19,259 ] root - INFO - Created preprocessor object from ColumnTransformer
[ 2025-07-14 17:19:19,259 ] root - INFO - Exited get_data_transformer_object method of DataTransformation class
[ 2025-07-14 17:19:19,259 ] root - INFO - Got the preprocessor object
[ 2025-07-14 17:19:19,267 ] root - INFO - Got train features and test features of Training dataset
[ 2025-07-14 17:19:19,267 ] root - INFO - Added company_age column to the Training dataset
[ 2025-07-14 17:19:19,267 ] root - INFO - drop the columns in drop_cols of Training dataset
[ 2025-07-14 17:19:19,267 ] root - INFO - Entered the drop_columns method of utils
[ 2025-07-14 17:19:19,268 ] root - INFO - Dropped columns: ['case_id', 'yr_of_estab']
[ 2025-07-14 17:19:19,273 ] root - INFO - Added company_age column to the Test dataset
[ 2025-07-14 17:19:19,273 ] root - INFO - Entered the drop_columns method of utils
[ 2025-07-14 17:19:19,273 ] root - INFO - Dropped columns: ['case_id', 'yr_of_estab']
[ 2025-07-14 17:19:19,273 ] root - INFO - drop the columns in drop_cols of Test dataset
[ 2025-07-14 17:19:19,274 ] root - INFO - Got train features and test features of Testing dataset
[ 2025-07-14 17:19:19,274 ] root - INFO - Applying preprocessing object on training dataframe and testing dataframe
[ 2025-07-14 17:19:19,310 ] root - INFO - Used the preprocessor object to fit transform the train features
[ 2025-07-14 17:19:19,316 ] root - INFO - Used the preprocessor object to transform the test features
[ 2025-07-14 17:19:19,316 ] root - INFO - Applying SMOTEENN on Training dataset
[ 2025-07-14 17:19:19,766 ] root - INFO - Applied SMOTEENN on training dataset
[ 2025-07-14 17:19:19,766 ] root - INFO - Applying SMOTEENN on testing dataset
[ 2025-07-14 17:19:19,806 ] root - INFO - Applied SMOTEENN on testing dataset
[ 2025-07-14 17:19:19,806 ] root - INFO - Created train array and test array
[ 2025-07-14 17:19:19,806 ] root - INFO - Entered the save_object method of utils
[ 2025-07-14 17:19:19,808 ] root - INFO - Exited the save_object method of utils
[ 2025-07-14 17:19:19,808 ] root - INFO - Entered the load_numpy_array_data method of utils
[ 2025-07-14 17:19:19,808 ] root - INFO - Entered the load_numpy_array_data method of utils
[ 2025-07-14 17:19:19,809 ] root - INFO - Saved the preprocessor object
[ 2025-07-14 17:19:19,809 ] root - INFO - Exited initiate_data_transformation method of Data_Transformation class
[ 2025-07-14 17:19:19,810 ] root - INFO - DataTransformationArtifact: DataTransformationArtifact(transformed_object_file_path='artifact/07_14_2025_17-18-59/data_transformation/transformed/preprocessing.pkl', transformed_train_file_path='artifact/07_14_2025_17-18-59/data_transformation/transformed/train.npy', transformed_test_file_path='artifact/07_14_2025_17-18-59/data_transformation/transformed/test.npy')
[ 2025-07-14 17:19:19,810 ] root - INFO - Exited the [start_data_transformation] method of TrainPipeline class
[ 2025-07-14 17:19:19,810 ] root - INFO - Data transformation completed
[ 2025-07-14 17:19:19,810 ] root - INFO - Entered the [start_model_trainer] method of TrainPipeline class
[ 2025-07-14 17:19:19,810 ] root - INFO - Entered [initiate_model_trainer] method of ModelTrainer class
[ 2025-07-14 17:19:19,810 ] root - INFO - Entered the load_numpy_array_data method of utils
[ 2025-07-14 17:19:19,811 ] root - INFO - Exited the load_numpy_array_data method of utils
[ 2025-07-14 17:19:19,811 ] root - INFO - Entered the load_numpy_array_data method of utils
[ 2025-07-14 17:19:19,811 ] root - INFO - Exited the load_numpy_array_data method of utils
[ 2025-07-14 17:19:19,811 ] root - INFO - Entered [get_model_object_and_report] method of ModelTrainer class
[ 2025-07-14 17:19:19,811 ] root - INFO - Using neuro_mf to get best model object and report
[ 2025-07-14 17:19:19,813 ] neuro_mf - INFO - Started Initializing model from config file
[ 2025-07-14 17:19:19,813 ] neuro_mf - INFO - {'algorithm': 'kd_tree', 'weights': 'uniform', 'n_neighbors': 3}
[ 2025-07-14 17:19:19,813 ] neuro_mf - INFO - {'max_depth': 10, 'max_features': 'sqrt', 'n_estimators': 3}
[ 2025-07-14 17:19:19,838 ] neuro_mf - INFO - {'max_depth': 6, 'learning_rate': 0.1, 'n_estimators': 100, 'subsample': 1}
[ 2025-07-14 17:19:19,838 ] neuro_mf - INFO - Initialized model: [InitializedModelDetail(model_serial_number='module_0', model=KNeighborsClassifier(algorithm='kd_tree', n_neighbors=3), param_grid_search={'algorithm': ['auto', 'ball_tree', 'kd_tree', 'brute'], 'weights': ['uniform', 'distance'], 'n_neighbors': [3, 5, 9]}, model_name='sklearn.neighbors.KNeighborsClassifier'), InitializedModelDetail(model_serial_number='module_1', model=RandomForestClassifier(max_depth=10, n_estimators=3), param_grid_search={'max_depth': [10, 15, 20], 'max_features': ['sqrt', 'log2'], 'n_estimators': [3, 5, 9]}, model_name='sklearn.ensemble.RandomForestClassifier'), InitializedModelDetail(model_serial_number='module_2', model=XGBClassifier(base_score=None, booster=None, callbacks=None,
              colsample_bylevel=None, colsample_bynode=None,
              colsample_bytree=None, device=None, early_stopping_rounds=None,
              enable_categorical=False, eval_metric=None, feature_types=None,
              feature_weights=None, gamma=None, grow_policy=None,
              importance_type=None, interaction_constraints=None,
              learning_rate=0.1, max_bin=None, max_cat_threshold=None,
              max_cat_to_onehot=None, max_delta_step=None, max_depth=6,
              max_leaves=None, min_child_weight=None, missing=nan,
              monotone_constraints=None, multi_strategy=None, n_estimators=100,
              n_jobs=None, num_parallel_tree=None, ...), param_grid_search={'max_depth': [3, 6, 10], 'learning_rate': [0.01, 0.1, 0.2], 'n_estimators': [50, 100, 200], 'subsample': [0.8, 1]}, model_name='xgboost.XGBClassifier')]
[ 2025-07-14 17:19:19,838 ] neuro_mf - INFO - ('**************************************************', 'training KNeighborsClassifier', '**************************************************')
[ 2025-07-14 17:19:19,838 ] neuro_mf - INFO - {'cv': 3, 'verbose': 3}
[ 2025-07-14 17:19:20,948 ] pymongo.topology - DEBUG - {"message": "Server heartbeat succeeded", "topologyId": {"$oid": "6874eeac255ba75f6ff0e8dc"}, "driverConnectionId": 1, "serverConnectionId": 62359, "serverHost": "ac-seftnoh-shard-00-02.ajiae5a.mongodb.net", "serverPort": 27017, "awaited": true, "durationMS": 10056.765457964502, "reply": "{\"topologyVersion\": {\"processId\": {\"$oid\": \"68712b88e825f82d0dc0fc06\"}, \"counter\": 6}, \"hosts\": [\"ac-seftnoh-shard-00-00.ajiae5a.mongodb.net:27017\", \"ac-seftnoh-shard-00-01.ajiae5a.mongodb.net:27017\", \"ac-seftnoh-shard-00-02.ajiae5a.mongodb.net:27017\"], \"setName\": \"atlas-huz2dh-shard-0\", \"setVersion\": 299, \"isWritablePrimary\": true, \"primary\": \"ac-seftnoh-shard-00-02.ajiae5a.mongodb.net:27017\", \"tags\": {\"nodeType\": \"ELECTABLE\", \"availabilityZone\": \"aps1-az2\", \"diskState\": \"READY\", \"provider\": \"AWS\", \"workloadType\": \"OPERATIONAL\", \"region\": \"AP_SOUTH_1\"}, \"me\": \"ac-seftnoh-shard-00-02.ajiae5a.mongodb.net:27017\", \"electionId\": {\"$oid\": \"7fffffff0000000000000111\"}, \"lastWrite\": {\"opTime\": {\"ts\": {\"$timestamp\": {\"t\": 1752493760, \"i\": 14}}, \"t\": 273}, \"lastWriteDate\": {\"$date\": \"2025-07-14T11:49:20Z\"}, \"majorityOpTime\": {\"ts\": {\"$timestamp\": {\"t\": 1752493760, \"i\": 14}}, \"t\": 273}, \"majorityWriteDate\": {\"$date\": \"2025-07-14T11:49:20Z\"}}, \"maxBsonObjectSize\": 16777216, \"maxMessageSizeBytes\": ..."}
[ 2025-07-14 17:19:20,948 ] pymongo.topology - DEBUG - {"message": "Server heartbeat succeeded", "topologyId": {"$oid": "6874eeac255ba75f6ff0e8dc"}, "driverConnectionId": 1, "serverConnectionId": 57402, "serverHost": "ac-seftnoh-shard-00-00.ajiae5a.mongodb.net", "serverPort": 27017, "awaited": true, "durationMS": 10055.544000002556, "reply": "{\"topologyVersion\": {\"processId\": {\"$oid\": \"68712b49081a705f8235132a\"}, \"counter\": 4}, \"hosts\": [\"ac-seftnoh-shard-00-00.ajiae5a.mongodb.net:27017\", \"ac-seftnoh-shard-00-01.ajiae5a.mongodb.net:27017\", \"ac-seftnoh-shard-00-02.ajiae5a.mongodb.net:27017\"], \"setName\": \"atlas-huz2dh-shard-0\", \"setVersion\": 299, \"secondary\": true, \"primary\": \"ac-seftnoh-shard-00-02.ajiae5a.mongodb.net:27017\", \"tags\": {\"nodeType\": \"ELECTABLE\", \"region\": \"AP_SOUTH_1\", \"provider\": \"AWS\", \"workloadType\": \"OPERATIONAL\", \"availabilityZone\": \"aps1-az1\", \"diskState\": \"READY\"}, \"me\": \"ac-seftnoh-shard-00-00.ajiae5a.mongodb.net:27017\", \"lastWrite\": {\"opTime\": {\"ts\": {\"$timestamp\": {\"t\": 1752493760, \"i\": 14}}, \"t\": 273}, \"lastWriteDate\": {\"$date\": \"2025-07-14T11:49:20Z\"}, \"majorityOpTime\": {\"ts\": {\"$timestamp\": {\"t\": 1752493760, \"i\": 14}}, \"t\": 273}, \"majorityWriteDate\": {\"$date\": \"2025-07-14T11:49:20Z\"}}, \"maxBsonObjectSize\": 16777216, \"maxMessageSizeBytes\": 48000000, \"maxWriteBatchSize\": 100000, \"localTime\": {\"$date\"..."}
[ 2025-07-14 17:19:20,949 ] pymongo.topology - DEBUG - {"message": "Server heartbeat succeeded", "topologyId": {"$oid": "6874eeac255ba75f6ff0e8dc"}, "driverConnectionId": 1, "serverConnectionId": 56575, "serverHost": "ac-seftnoh-shard-00-01.ajiae5a.mongodb.net", "serverPort": 27017, "awaited": true, "durationMS": 10059.850666031707, "reply": "{\"topologyVersion\": {\"processId\": {\"$oid\": \"68712bc703db27a9c7dda3d9\"}, \"counter\": 3}, \"hosts\": [\"ac-seftnoh-shard-00-00.ajiae5a.mongodb.net:27017\", \"ac-seftnoh-shard-00-01.ajiae5a.mongodb.net:27017\", \"ac-seftnoh-shard-00-02.ajiae5a.mongodb.net:27017\"], \"setName\": \"atlas-huz2dh-shard-0\", \"setVersion\": 299, \"secondary\": true, \"primary\": \"ac-seftnoh-shard-00-02.ajiae5a.mongodb.net:27017\", \"tags\": {\"region\": \"AP_SOUTH_1\", \"diskState\": \"READY\", \"nodeType\": \"ELECTABLE\", \"availabilityZone\": \"aps1-az3\", \"provider\": \"AWS\", \"workloadType\": \"OPERATIONAL\"}, \"me\": \"ac-seftnoh-shard-00-01.ajiae5a.mongodb.net:27017\", \"lastWrite\": {\"opTime\": {\"ts\": {\"$timestamp\": {\"t\": 1752493760, \"i\": 14}}, \"t\": 273}, \"lastWriteDate\": {\"$date\": \"2025-07-14T11:49:20Z\"}, \"majorityOpTime\": {\"ts\": {\"$timestamp\": {\"t\": 1752493760, \"i\": 14}}, \"t\": 273}, \"majorityWriteDate\": {\"$date\": \"2025-07-14T11:49:20Z\"}}, \"maxBsonObjectSize\": 16777216, \"maxMessageSizeBytes\": 48000000, \"maxWriteBatchSize\": 100000, \"localTime\": {\"$date\"..."}
[ 2025-07-14 17:19:20,949 ] pymongo.topology - DEBUG - {"message": "Server heartbeat started", "topologyId": {"$oid": "6874eeac255ba75f6ff0e8dc"}, "driverConnectionId": 1, "serverConnectionId": 62359, "serverHost": "ac-seftnoh-shard-00-02.ajiae5a.mongodb.net", "serverPort": 27017, "awaited": true}
[ 2025-07-14 17:19:20,949 ] pymongo.topology - DEBUG - {"message": "Server heartbeat started", "topologyId": {"$oid": "6874eeac255ba75f6ff0e8dc"}, "driverConnectionId": 1, "serverConnectionId": 57402, "serverHost": "ac-seftnoh-shard-00-00.ajiae5a.mongodb.net", "serverPort": 27017, "awaited": true}
[ 2025-07-14 17:19:20,949 ] pymongo.topology - DEBUG - {"message": "Server heartbeat started", "topologyId": {"$oid": "6874eeac255ba75f6ff0e8dc"}, "driverConnectionId": 1, "serverConnectionId": 56575, "serverHost": "ac-seftnoh-shard-00-01.ajiae5a.mongodb.net", "serverPort": 27017, "awaited": true}
[ 2025-07-14 17:19:28,389 ] neuro_mf - INFO - ('**************************************************', 'training RandomForestClassifier', '**************************************************')
[ 2025-07-14 17:19:28,389 ] neuro_mf - INFO - {'cv': 3, 'verbose': 3}
[ 2025-07-14 17:19:30,341 ] neuro_mf - INFO - ('**************************************************', 'training XGBClassifier', '**************************************************')
[ 2025-07-14 17:19:30,341 ] neuro_mf - INFO - {'cv': 3, 'verbose': 3}
[ 2025-07-14 17:19:30,918 ] pymongo.topology - DEBUG - {"message": "Server heartbeat succeeded", "topologyId": {"$oid": "6874eeac255ba75f6ff0e8dc"}, "driverConnectionId": 1, "serverConnectionId": 62359, "serverHost": "ac-seftnoh-shard-00-02.ajiae5a.mongodb.net", "serverPort": 27017, "awaited": true, "durationMS": 9968.30070897704, "reply": "{\"topologyVersion\": {\"processId\": {\"$oid\": \"68712b88e825f82d0dc0fc06\"}, \"counter\": 6}, \"hosts\": [\"ac-seftnoh-shard-00-00.ajiae5a.mongodb.net:27017\", \"ac-seftnoh-shard-00-01.ajiae5a.mongodb.net:27017\", \"ac-seftnoh-shard-00-02.ajiae5a.mongodb.net:27017\"], \"setName\": \"atlas-huz2dh-shard-0\", \"setVersion\": 299, \"isWritablePrimary\": true, \"primary\": \"ac-seftnoh-shard-00-02.ajiae5a.mongodb.net:27017\", \"tags\": {\"availabilityZone\": \"aps1-az2\", \"diskState\": \"READY\", \"workloadType\": \"OPERATIONAL\", \"region\": \"AP_SOUTH_1\", \"provider\": \"AWS\", \"nodeType\": \"ELECTABLE\"}, \"me\": \"ac-seftnoh-shard-00-02.ajiae5a.mongodb.net:27017\", \"electionId\": {\"$oid\": \"7fffffff0000000000000111\"}, \"lastWrite\": {\"opTime\": {\"ts\": {\"$timestamp\": {\"t\": 1752493770, \"i\": 14}}, \"t\": 273}, \"lastWriteDate\": {\"$date\": \"2025-07-14T11:49:30Z\"}, \"majorityOpTime\": {\"ts\": {\"$timestamp\": {\"t\": 1752493770, \"i\": 14}}, \"t\": 273}, \"majorityWriteDate\": {\"$date\": \"2025-07-14T11:49:30Z\"}}, \"maxBsonObjectSize\": 16777216, \"maxMessageSizeBytes\": ..."}
[ 2025-07-14 17:19:30,918 ] pymongo.topology - DEBUG - {"message": "Server heartbeat succeeded", "topologyId": {"$oid": "6874eeac255ba75f6ff0e8dc"}, "driverConnectionId": 1, "serverConnectionId": 57402, "serverHost": "ac-seftnoh-shard-00-00.ajiae5a.mongodb.net", "serverPort": 27017, "awaited": true, "durationMS": 9968.556750041898, "reply": "{\"topologyVersion\": {\"processId\": {\"$oid\": \"68712b49081a705f8235132a\"}, \"counter\": 4}, \"hosts\": [\"ac-seftnoh-shard-00-00.ajiae5a.mongodb.net:27017\", \"ac-seftnoh-shard-00-01.ajiae5a.mongodb.net:27017\", \"ac-seftnoh-shard-00-02.ajiae5a.mongodb.net:27017\"], \"setName\": \"atlas-huz2dh-shard-0\", \"setVersion\": 299, \"secondary\": true, \"primary\": \"ac-seftnoh-shard-00-02.ajiae5a.mongodb.net:27017\", \"tags\": {\"availabilityZone\": \"aps1-az1\", \"nodeType\": \"ELECTABLE\", \"diskState\": \"READY\", \"region\": \"AP_SOUTH_1\", \"workloadType\": \"OPERATIONAL\", \"provider\": \"AWS\"}, \"me\": \"ac-seftnoh-shard-00-00.ajiae5a.mongodb.net:27017\", \"lastWrite\": {\"opTime\": {\"ts\": {\"$timestamp\": {\"t\": 1752493770, \"i\": 14}}, \"t\": 273}, \"lastWriteDate\": {\"$date\": \"2025-07-14T11:49:30Z\"}, \"majorityOpTime\": {\"ts\": {\"$timestamp\": {\"t\": 1752493770, \"i\": 14}}, \"t\": 273}, \"majorityWriteDate\": {\"$date\": \"2025-07-14T11:49:30Z\"}}, \"maxBsonObjectSize\": 16777216, \"maxMessageSizeBytes\": 48000000, \"maxWriteBatchSize\": 100000, \"localTime\": {\"$date\"..."}
[ 2025-07-14 17:19:30,918 ] pymongo.topology - DEBUG - {"message": "Server heartbeat started", "topologyId": {"$oid": "6874eeac255ba75f6ff0e8dc"}, "driverConnectionId": 1, "serverConnectionId": 62359, "serverHost": "ac-seftnoh-shard-00-02.ajiae5a.mongodb.net", "serverPort": 27017, "awaited": true}
[ 2025-07-14 17:19:30,918 ] pymongo.topology - DEBUG - {"message": "Server heartbeat started", "topologyId": {"$oid": "6874eeac255ba75f6ff0e8dc"}, "driverConnectionId": 1, "serverConnectionId": 57402, "serverHost": "ac-seftnoh-shard-00-00.ajiae5a.mongodb.net", "serverPort": 27017, "awaited": true}
[ 2025-07-14 17:19:30,923 ] pymongo.topology - DEBUG - {"message": "Server heartbeat succeeded", "topologyId": {"$oid": "6874eeac255ba75f6ff0e8dc"}, "driverConnectionId": 1, "serverConnectionId": 56575, "serverHost": "ac-seftnoh-shard-00-01.ajiae5a.mongodb.net", "serverPort": 27017, "awaited": true, "durationMS": 9973.088416969404, "reply": "{\"topologyVersion\": {\"processId\": {\"$oid\": \"68712bc703db27a9c7dda3d9\"}, \"counter\": 3}, \"hosts\": [\"ac-seftnoh-shard-00-00.ajiae5a.mongodb.net:27017\", \"ac-seftnoh-shard-00-01.ajiae5a.mongodb.net:27017\", \"ac-seftnoh-shard-00-02.ajiae5a.mongodb.net:27017\"], \"setName\": \"atlas-huz2dh-shard-0\", \"setVersion\": 299, \"secondary\": true, \"primary\": \"ac-seftnoh-shard-00-02.ajiae5a.mongodb.net:27017\", \"tags\": {\"availabilityZone\": \"aps1-az3\", \"provider\": \"AWS\", \"workloadType\": \"OPERATIONAL\", \"region\": \"AP_SOUTH_1\", \"diskState\": \"READY\", \"nodeType\": \"ELECTABLE\"}, \"me\": \"ac-seftnoh-shard-00-01.ajiae5a.mongodb.net:27017\", \"lastWrite\": {\"opTime\": {\"ts\": {\"$timestamp\": {\"t\": 1752493770, \"i\": 14}}, \"t\": 273}, \"lastWriteDate\": {\"$date\": \"2025-07-14T11:49:30Z\"}, \"majorityOpTime\": {\"ts\": {\"$timestamp\": {\"t\": 1752493770, \"i\": 14}}, \"t\": 273}, \"majorityWriteDate\": {\"$date\": \"2025-07-14T11:49:30Z\"}}, \"maxBsonObjectSize\": 16777216, \"maxMessageSizeBytes\": 48000000, \"maxWriteBatchSize\": 100000, \"localTime\": {\"$date\"..."}
[ 2025-07-14 17:19:30,923 ] pymongo.topology - DEBUG - {"message": "Server heartbeat started", "topologyId": {"$oid": "6874eeac255ba75f6ff0e8dc"}, "driverConnectionId": 1, "serverConnectionId": 56575, "serverHost": "ac-seftnoh-shard-00-01.ajiae5a.mongodb.net", "serverPort": 27017, "awaited": true}
[ 2025-07-14 17:19:40,884 ] pymongo.topology - DEBUG - {"message": "Server heartbeat succeeded", "topologyId": {"$oid": "6874eeac255ba75f6ff0e8dc"}, "driverConnectionId": 1, "serverConnectionId": 62359, "serverHost": "ac-seftnoh-shard-00-02.ajiae5a.mongodb.net", "serverPort": 27017, "awaited": true, "durationMS": 9965.731417003553, "reply": "{\"topologyVersion\": {\"processId\": {\"$oid\": \"68712b88e825f82d0dc0fc06\"}, \"counter\": 6}, \"hosts\": [\"ac-seftnoh-shard-00-00.ajiae5a.mongodb.net:27017\", \"ac-seftnoh-shard-00-01.ajiae5a.mongodb.net:27017\", \"ac-seftnoh-shard-00-02.ajiae5a.mongodb.net:27017\"], \"setName\": \"atlas-huz2dh-shard-0\", \"setVersion\": 299, \"isWritablePrimary\": true, \"primary\": \"ac-seftnoh-shard-00-02.ajiae5a.mongodb.net:27017\", \"tags\": {\"provider\": \"AWS\", \"region\": \"AP_SOUTH_1\", \"workloadType\": \"OPERATIONAL\", \"nodeType\": \"ELECTABLE\", \"availabilityZone\": \"aps1-az2\", \"diskState\": \"READY\"}, \"me\": \"ac-seftnoh-shard-00-02.ajiae5a.mongodb.net:27017\", \"electionId\": {\"$oid\": \"7fffffff0000000000000111\"}, \"lastWrite\": {\"opTime\": {\"ts\": {\"$timestamp\": {\"t\": 1752493780, \"i\": 14}}, \"t\": 273}, \"lastWriteDate\": {\"$date\": \"2025-07-14T11:49:40Z\"}, \"majorityOpTime\": {\"ts\": {\"$timestamp\": {\"t\": 1752493780, \"i\": 14}}, \"t\": 273}, \"majorityWriteDate\": {\"$date\": \"2025-07-14T11:49:40Z\"}}, \"maxBsonObjectSize\": 16777216, \"maxMessageSizeBytes\": ..."}
[ 2025-07-14 17:19:40,885 ] pymongo.topology - DEBUG - {"message": "Server heartbeat started", "topologyId": {"$oid": "6874eeac255ba75f6ff0e8dc"}, "driverConnectionId": 1, "serverConnectionId": 62359, "serverHost": "ac-seftnoh-shard-00-02.ajiae5a.mongodb.net", "serverPort": 27017, "awaited": true}
[ 2025-07-14 17:19:40,889 ] pymongo.topology - DEBUG - {"message": "Server heartbeat succeeded", "topologyId": {"$oid": "6874eeac255ba75f6ff0e8dc"}, "driverConnectionId": 1, "serverConnectionId": 56575, "serverHost": "ac-seftnoh-shard-00-01.ajiae5a.mongodb.net", "serverPort": 27017, "awaited": true, "durationMS": 9966.418500000145, "reply": "{\"topologyVersion\": {\"processId\": {\"$oid\": \"68712bc703db27a9c7dda3d9\"}, \"counter\": 3}, \"hosts\": [\"ac-seftnoh-shard-00-00.ajiae5a.mongodb.net:27017\", \"ac-seftnoh-shard-00-01.ajiae5a.mongodb.net:27017\", \"ac-seftnoh-shard-00-02.ajiae5a.mongodb.net:27017\"], \"setName\": \"atlas-huz2dh-shard-0\", \"setVersion\": 299, \"secondary\": true, \"primary\": \"ac-seftnoh-shard-00-02.ajiae5a.mongodb.net:27017\", \"tags\": {\"nodeType\": \"ELECTABLE\", \"workloadType\": \"OPERATIONAL\", \"provider\": \"AWS\", \"region\": \"AP_SOUTH_1\", \"availabilityZone\": \"aps1-az3\", \"diskState\": \"READY\"}, \"me\": \"ac-seftnoh-shard-00-01.ajiae5a.mongodb.net:27017\", \"lastWrite\": {\"opTime\": {\"ts\": {\"$timestamp\": {\"t\": 1752493780, \"i\": 14}}, \"t\": 273}, \"lastWriteDate\": {\"$date\": \"2025-07-14T11:49:40Z\"}, \"majorityOpTime\": {\"ts\": {\"$timestamp\": {\"t\": 1752493780, \"i\": 14}}, \"t\": 273}, \"majorityWriteDate\": {\"$date\": \"2025-07-14T11:49:40Z\"}}, \"maxBsonObjectSize\": 16777216, \"maxMessageSizeBytes\": 48000000, \"maxWriteBatchSize\": 100000, \"localTime\": {\"$date\"..."}
[ 2025-07-14 17:19:40,890 ] pymongo.topology - DEBUG - {"message": "Server heartbeat started", "topologyId": {"$oid": "6874eeac255ba75f6ff0e8dc"}, "driverConnectionId": 1, "serverConnectionId": 56575, "serverHost": "ac-seftnoh-shard-00-01.ajiae5a.mongodb.net", "serverPort": 27017, "awaited": true}
[ 2025-07-14 17:19:40,898 ] pymongo.topology - DEBUG - {"message": "Server heartbeat succeeded", "topologyId": {"$oid": "6874eeac255ba75f6ff0e8dc"}, "driverConnectionId": 1, "serverConnectionId": 57402, "serverHost": "ac-seftnoh-shard-00-00.ajiae5a.mongodb.net", "serverPort": 27017, "awaited": true, "durationMS": 9979.543416993693, "reply": "{\"topologyVersion\": {\"processId\": {\"$oid\": \"68712b49081a705f8235132a\"}, \"counter\": 4}, \"hosts\": [\"ac-seftnoh-shard-00-00.ajiae5a.mongodb.net:27017\", \"ac-seftnoh-shard-00-01.ajiae5a.mongodb.net:27017\", \"ac-seftnoh-shard-00-02.ajiae5a.mongodb.net:27017\"], \"setName\": \"atlas-huz2dh-shard-0\", \"setVersion\": 299, \"secondary\": true, \"primary\": \"ac-seftnoh-shard-00-02.ajiae5a.mongodb.net:27017\", \"tags\": {\"provider\": \"AWS\", \"region\": \"AP_SOUTH_1\", \"diskState\": \"READY\", \"nodeType\": \"ELECTABLE\", \"workloadType\": \"OPERATIONAL\", \"availabilityZone\": \"aps1-az1\"}, \"me\": \"ac-seftnoh-shard-00-00.ajiae5a.mongodb.net:27017\", \"lastWrite\": {\"opTime\": {\"ts\": {\"$timestamp\": {\"t\": 1752493780, \"i\": 14}}, \"t\": 273}, \"lastWriteDate\": {\"$date\": \"2025-07-14T11:49:40Z\"}, \"majorityOpTime\": {\"ts\": {\"$timestamp\": {\"t\": 1752493780, \"i\": 14}}, \"t\": 273}, \"majorityWriteDate\": {\"$date\": \"2025-07-14T11:49:40Z\"}}, \"maxBsonObjectSize\": 16777216, \"maxMessageSizeBytes\": 48000000, \"maxWriteBatchSize\": 100000, \"localTime\": {\"$date\"..."}
[ 2025-07-14 17:19:40,898 ] pymongo.topology - DEBUG - {"message": "Server heartbeat started", "topologyId": {"$oid": "6874eeac255ba75f6ff0e8dc"}, "driverConnectionId": 1, "serverConnectionId": 57402, "serverHost": "ac-seftnoh-shard-00-00.ajiae5a.mongodb.net", "serverPort": 27017, "awaited": true}
[ 2025-07-14 17:19:50,899 ] pymongo.topology - DEBUG - {"message": "Server heartbeat succeeded", "topologyId": {"$oid": "6874eeac255ba75f6ff0e8dc"}, "driverConnectionId": 1, "serverConnectionId": 56575, "serverHost": "ac-seftnoh-shard-00-01.ajiae5a.mongodb.net", "serverPort": 27017, "awaited": true, "durationMS": 10009.588500019163, "reply": "{\"topologyVersion\": {\"processId\": {\"$oid\": \"68712bc703db27a9c7dda3d9\"}, \"counter\": 3}, \"hosts\": [\"ac-seftnoh-shard-00-00.ajiae5a.mongodb.net:27017\", \"ac-seftnoh-shard-00-01.ajiae5a.mongodb.net:27017\", \"ac-seftnoh-shard-00-02.ajiae5a.mongodb.net:27017\"], \"setName\": \"atlas-huz2dh-shard-0\", \"setVersion\": 299, \"secondary\": true, \"primary\": \"ac-seftnoh-shard-00-02.ajiae5a.mongodb.net:27017\", \"tags\": {\"availabilityZone\": \"aps1-az3\", \"provider\": \"AWS\", \"workloadType\": \"OPERATIONAL\", \"region\": \"AP_SOUTH_1\", \"diskState\": \"READY\", \"nodeType\": \"ELECTABLE\"}, \"me\": \"ac-seftnoh-shard-00-01.ajiae5a.mongodb.net:27017\", \"lastWrite\": {\"opTime\": {\"ts\": {\"$timestamp\": {\"t\": 1752493790, \"i\": 14}}, \"t\": 273}, \"lastWriteDate\": {\"$date\": \"2025-07-14T11:49:50Z\"}, \"majorityOpTime\": {\"ts\": {\"$timestamp\": {\"t\": 1752493790, \"i\": 14}}, \"t\": 273}, \"majorityWriteDate\": {\"$date\": \"2025-07-14T11:49:50Z\"}}, \"maxBsonObjectSize\": 16777216, \"maxMessageSizeBytes\": 48000000, \"maxWriteBatchSize\": 100000, \"localTime\": {\"$date\"..."}
[ 2025-07-14 17:19:50,900 ] pymongo.topology - DEBUG - {"message": "Server heartbeat started", "topologyId": {"$oid": "6874eeac255ba75f6ff0e8dc"}, "driverConnectionId": 1, "serverConnectionId": 56575, "serverHost": "ac-seftnoh-shard-00-01.ajiae5a.mongodb.net", "serverPort": 27017, "awaited": true}
[ 2025-07-14 17:19:50,900 ] pymongo.topology - DEBUG - {"message": "Server heartbeat succeeded", "topologyId": {"$oid": "6874eeac255ba75f6ff0e8dc"}, "driverConnectionId": 1, "serverConnectionId": 62359, "serverHost": "ac-seftnoh-shard-00-02.ajiae5a.mongodb.net", "serverPort": 27017, "awaited": true, "durationMS": 10014.798458956648, "reply": "{\"topologyVersion\": {\"processId\": {\"$oid\": \"68712b88e825f82d0dc0fc06\"}, \"counter\": 6}, \"hosts\": [\"ac-seftnoh-shard-00-00.ajiae5a.mongodb.net:27017\", \"ac-seftnoh-shard-00-01.ajiae5a.mongodb.net:27017\", \"ac-seftnoh-shard-00-02.ajiae5a.mongodb.net:27017\"], \"setName\": \"atlas-huz2dh-shard-0\", \"setVersion\": 299, \"isWritablePrimary\": true, \"primary\": \"ac-seftnoh-shard-00-02.ajiae5a.mongodb.net:27017\", \"tags\": {\"diskState\": \"READY\", \"nodeType\": \"ELECTABLE\", \"region\": \"AP_SOUTH_1\", \"workloadType\": \"OPERATIONAL\", \"provider\": \"AWS\", \"availabilityZone\": \"aps1-az2\"}, \"me\": \"ac-seftnoh-shard-00-02.ajiae5a.mongodb.net:27017\", \"electionId\": {\"$oid\": \"7fffffff0000000000000111\"}, \"lastWrite\": {\"opTime\": {\"ts\": {\"$timestamp\": {\"t\": 1752493790, \"i\": 14}}, \"t\": 273}, \"lastWriteDate\": {\"$date\": \"2025-07-14T11:49:50Z\"}, \"majorityOpTime\": {\"ts\": {\"$timestamp\": {\"t\": 1752493790, \"i\": 14}}, \"t\": 273}, \"majorityWriteDate\": {\"$date\": \"2025-07-14T11:49:50Z\"}}, \"maxBsonObjectSize\": 16777216, \"maxMessageSizeBytes\": ..."}
[ 2025-07-14 17:19:50,900 ] pymongo.topology - DEBUG - {"message": "Server heartbeat started", "topologyId": {"$oid": "6874eeac255ba75f6ff0e8dc"}, "driverConnectionId": 1, "serverConnectionId": 62359, "serverHost": "ac-seftnoh-shard-00-02.ajiae5a.mongodb.net", "serverPort": 27017, "awaited": true}
[ 2025-07-14 17:19:50,911 ] pymongo.topology - DEBUG - {"message": "Server heartbeat succeeded", "topologyId": {"$oid": "6874eeac255ba75f6ff0e8dc"}, "driverConnectionId": 1, "serverConnectionId": 57402, "serverHost": "ac-seftnoh-shard-00-00.ajiae5a.mongodb.net", "serverPort": 27017, "awaited": true, "durationMS": 10012.149583024438, "reply": "{\"topologyVersion\": {\"processId\": {\"$oid\": \"68712b49081a705f8235132a\"}, \"counter\": 4}, \"hosts\": [\"ac-seftnoh-shard-00-00.ajiae5a.mongodb.net:27017\", \"ac-seftnoh-shard-00-01.ajiae5a.mongodb.net:27017\", \"ac-seftnoh-shard-00-02.ajiae5a.mongodb.net:27017\"], \"setName\": \"atlas-huz2dh-shard-0\", \"setVersion\": 299, \"secondary\": true, \"primary\": \"ac-seftnoh-shard-00-02.ajiae5a.mongodb.net:27017\", \"tags\": {\"availabilityZone\": \"aps1-az1\", \"diskState\": \"READY\", \"nodeType\": \"ELECTABLE\", \"region\": \"AP_SOUTH_1\", \"workloadType\": \"OPERATIONAL\", \"provider\": \"AWS\"}, \"me\": \"ac-seftnoh-shard-00-00.ajiae5a.mongodb.net:27017\", \"lastWrite\": {\"opTime\": {\"ts\": {\"$timestamp\": {\"t\": 1752493790, \"i\": 14}}, \"t\": 273}, \"lastWriteDate\": {\"$date\": \"2025-07-14T11:49:50Z\"}, \"majorityOpTime\": {\"ts\": {\"$timestamp\": {\"t\": 1752493790, \"i\": 14}}, \"t\": 273}, \"majorityWriteDate\": {\"$date\": \"2025-07-14T11:49:50Z\"}}, \"maxBsonObjectSize\": 16777216, \"maxMessageSizeBytes\": 48000000, \"maxWriteBatchSize\": 100000, \"localTime\": {\"$date\"..."}
[ 2025-07-14 17:19:50,911 ] pymongo.topology - DEBUG - {"message": "Server heartbeat started", "topologyId": {"$oid": "6874eeac255ba75f6ff0e8dc"}, "driverConnectionId": 1, "serverConnectionId": 57402, "serverHost": "ac-seftnoh-shard-00-00.ajiae5a.mongodb.net", "serverPort": 27017, "awaited": true}
[ 2025-07-14 17:20:01,088 ] pymongo.topology - DEBUG - {"message": "Server heartbeat succeeded", "topologyId": {"$oid": "6874eeac255ba75f6ff0e8dc"}, "driverConnectionId": 1, "serverConnectionId": 62359, "serverHost": "ac-seftnoh-shard-00-02.ajiae5a.mongodb.net", "serverPort": 27017, "awaited": true, "durationMS": 10187.959416944068, "reply": "{\"topologyVersion\": {\"processId\": {\"$oid\": \"68712b88e825f82d0dc0fc06\"}, \"counter\": 6}, \"hosts\": [\"ac-seftnoh-shard-00-00.ajiae5a.mongodb.net:27017\", \"ac-seftnoh-shard-00-01.ajiae5a.mongodb.net:27017\", \"ac-seftnoh-shard-00-02.ajiae5a.mongodb.net:27017\"], \"setName\": \"atlas-huz2dh-shard-0\", \"setVersion\": 299, \"isWritablePrimary\": true, \"primary\": \"ac-seftnoh-shard-00-02.ajiae5a.mongodb.net:27017\", \"tags\": {\"workloadType\": \"OPERATIONAL\", \"provider\": \"AWS\", \"availabilityZone\": \"aps1-az2\", \"diskState\": \"READY\", \"nodeType\": \"ELECTABLE\", \"region\": \"AP_SOUTH_1\"}, \"me\": \"ac-seftnoh-shard-00-02.ajiae5a.mongodb.net:27017\", \"electionId\": {\"$oid\": \"7fffffff0000000000000111\"}, \"lastWrite\": {\"opTime\": {\"ts\": {\"$timestamp\": {\"t\": 1752493800, \"i\": 19}}, \"t\": 273}, \"lastWriteDate\": {\"$date\": \"2025-07-14T11:50:00Z\"}, \"majorityOpTime\": {\"ts\": {\"$timestamp\": {\"t\": 1752493800, \"i\": 19}}, \"t\": 273}, \"majorityWriteDate\": {\"$date\": \"2025-07-14T11:50:00Z\"}}, \"maxBsonObjectSize\": 16777216, \"maxMessageSizeBytes\": ..."}
[ 2025-07-14 17:20:01,088 ] pymongo.topology - DEBUG - {"message": "Server heartbeat started", "topologyId": {"$oid": "6874eeac255ba75f6ff0e8dc"}, "driverConnectionId": 1, "serverConnectionId": 62359, "serverHost": "ac-seftnoh-shard-00-02.ajiae5a.mongodb.net", "serverPort": 27017, "awaited": true}
[ 2025-07-14 17:20:01,089 ] pymongo.topology - DEBUG - {"message": "Server heartbeat succeeded", "topologyId": {"$oid": "6874eeac255ba75f6ff0e8dc"}, "driverConnectionId": 1, "serverConnectionId": 56575, "serverHost": "ac-seftnoh-shard-00-01.ajiae5a.mongodb.net", "serverPort": 27017, "awaited": true, "durationMS": 10188.954707991797, "reply": "{\"topologyVersion\": {\"processId\": {\"$oid\": \"68712bc703db27a9c7dda3d9\"}, \"counter\": 3}, \"hosts\": [\"ac-seftnoh-shard-00-00.ajiae5a.mongodb.net:27017\", \"ac-seftnoh-shard-00-01.ajiae5a.mongodb.net:27017\", \"ac-seftnoh-shard-00-02.ajiae5a.mongodb.net:27017\"], \"setName\": \"atlas-huz2dh-shard-0\", \"setVersion\": 299, \"secondary\": true, \"primary\": \"ac-seftnoh-shard-00-02.ajiae5a.mongodb.net:27017\", \"tags\": {\"nodeType\": \"ELECTABLE\", \"workloadType\": \"OPERATIONAL\", \"provider\": \"AWS\", \"region\": \"AP_SOUTH_1\", \"availabilityZone\": \"aps1-az3\", \"diskState\": \"READY\"}, \"me\": \"ac-seftnoh-shard-00-01.ajiae5a.mongodb.net:27017\", \"lastWrite\": {\"opTime\": {\"ts\": {\"$timestamp\": {\"t\": 1752493800, \"i\": 20}}, \"t\": 273}, \"lastWriteDate\": {\"$date\": \"2025-07-14T11:50:00Z\"}, \"majorityOpTime\": {\"ts\": {\"$timestamp\": {\"t\": 1752493800, \"i\": 19}}, \"t\": 273}, \"majorityWriteDate\": {\"$date\": \"2025-07-14T11:50:00Z\"}}, \"maxBsonObjectSize\": 16777216, \"maxMessageSizeBytes\": 48000000, \"maxWriteBatchSize\": 100000, \"localTime\": {\"$date\"..."}
[ 2025-07-14 17:20:01,089 ] pymongo.topology - DEBUG - {"message": "Server heartbeat started", "topologyId": {"$oid": "6874eeac255ba75f6ff0e8dc"}, "driverConnectionId": 1, "serverConnectionId": 56575, "serverHost": "ac-seftnoh-shard-00-01.ajiae5a.mongodb.net", "serverPort": 27017, "awaited": true}
[ 2025-07-14 17:20:01,089 ] pymongo.topology - DEBUG - {"message": "Server heartbeat succeeded", "topologyId": {"$oid": "6874eeac255ba75f6ff0e8dc"}, "driverConnectionId": 1, "serverConnectionId": 57402, "serverHost": "ac-seftnoh-shard-00-00.ajiae5a.mongodb.net", "serverPort": 27017, "awaited": true, "durationMS": 10178.08637500275, "reply": "{\"topologyVersion\": {\"processId\": {\"$oid\": \"68712b49081a705f8235132a\"}, \"counter\": 4}, \"hosts\": [\"ac-seftnoh-shard-00-00.ajiae5a.mongodb.net:27017\", \"ac-seftnoh-shard-00-01.ajiae5a.mongodb.net:27017\", \"ac-seftnoh-shard-00-02.ajiae5a.mongodb.net:27017\"], \"setName\": \"atlas-huz2dh-shard-0\", \"setVersion\": 299, \"secondary\": true, \"primary\": \"ac-seftnoh-shard-00-02.ajiae5a.mongodb.net:27017\", \"tags\": {\"provider\": \"AWS\", \"workloadType\": \"OPERATIONAL\", \"availabilityZone\": \"aps1-az1\", \"diskState\": \"READY\", \"nodeType\": \"ELECTABLE\", \"region\": \"AP_SOUTH_1\"}, \"me\": \"ac-seftnoh-shard-00-00.ajiae5a.mongodb.net:27017\", \"lastWrite\": {\"opTime\": {\"ts\": {\"$timestamp\": {\"t\": 1752493800, \"i\": 20}}, \"t\": 273}, \"lastWriteDate\": {\"$date\": \"2025-07-14T11:50:00Z\"}, \"majorityOpTime\": {\"ts\": {\"$timestamp\": {\"t\": 1752493800, \"i\": 20}}, \"t\": 273}, \"majorityWriteDate\": {\"$date\": \"2025-07-14T11:50:00Z\"}}, \"maxBsonObjectSize\": 16777216, \"maxMessageSizeBytes\": 48000000, \"maxWriteBatchSize\": 100000, \"localTime\": {\"$date\"..."}
[ 2025-07-14 17:20:01,089 ] pymongo.topology - DEBUG - {"message": "Server heartbeat started", "topologyId": {"$oid": "6874eeac255ba75f6ff0e8dc"}, "driverConnectionId": 1, "serverConnectionId": 57402, "serverHost": "ac-seftnoh-shard-00-00.ajiae5a.mongodb.net", "serverPort": 27017, "awaited": true}
[ 2025-07-14 17:20:10,911 ] pymongo.topology - DEBUG - {"message": "Server heartbeat succeeded", "topologyId": {"$oid": "6874eeac255ba75f6ff0e8dc"}, "driverConnectionId": 1, "serverConnectionId": 56575, "serverHost": "ac-seftnoh-shard-00-01.ajiae5a.mongodb.net", "serverPort": 27017, "awaited": true, "durationMS": 9822.198542009573, "reply": "{\"topologyVersion\": {\"processId\": {\"$oid\": \"68712bc703db27a9c7dda3d9\"}, \"counter\": 3}, \"hosts\": [\"ac-seftnoh-shard-00-00.ajiae5a.mongodb.net:27017\", \"ac-seftnoh-shard-00-01.ajiae5a.mongodb.net:27017\", \"ac-seftnoh-shard-00-02.ajiae5a.mongodb.net:27017\"], \"setName\": \"atlas-huz2dh-shard-0\", \"setVersion\": 299, \"secondary\": true, \"primary\": \"ac-seftnoh-shard-00-02.ajiae5a.mongodb.net:27017\", \"tags\": {\"region\": \"AP_SOUTH_1\", \"diskState\": \"READY\", \"nodeType\": \"ELECTABLE\", \"availabilityZone\": \"aps1-az3\", \"provider\": \"AWS\", \"workloadType\": \"OPERATIONAL\"}, \"me\": \"ac-seftnoh-shard-00-01.ajiae5a.mongodb.net:27017\", \"lastWrite\": {\"opTime\": {\"ts\": {\"$timestamp\": {\"t\": 1752493810, \"i\": 15}}, \"t\": 273}, \"lastWriteDate\": {\"$date\": \"2025-07-14T11:50:10Z\"}, \"majorityOpTime\": {\"ts\": {\"$timestamp\": {\"t\": 1752493810, \"i\": 15}}, \"t\": 273}, \"majorityWriteDate\": {\"$date\": \"2025-07-14T11:50:10Z\"}}, \"maxBsonObjectSize\": 16777216, \"maxMessageSizeBytes\": 48000000, \"maxWriteBatchSize\": 100000, \"localTime\": {\"$date\"..."}
[ 2025-07-14 17:20:10,912 ] pymongo.topology - DEBUG - {"message": "Server heartbeat started", "topologyId": {"$oid": "6874eeac255ba75f6ff0e8dc"}, "driverConnectionId": 1, "serverConnectionId": 56575, "serverHost": "ac-seftnoh-shard-00-01.ajiae5a.mongodb.net", "serverPort": 27017, "awaited": true}
[ 2025-07-14 17:20:10,918 ] pymongo.topology - DEBUG - {"message": "Server heartbeat succeeded", "topologyId": {"$oid": "6874eeac255ba75f6ff0e8dc"}, "driverConnectionId": 1, "serverConnectionId": 62359, "serverHost": "ac-seftnoh-shard-00-02.ajiae5a.mongodb.net", "serverPort": 27017, "awaited": true, "durationMS": 9829.694291984197, "reply": "{\"topologyVersion\": {\"processId\": {\"$oid\": \"68712b88e825f82d0dc0fc06\"}, \"counter\": 6}, \"hosts\": [\"ac-seftnoh-shard-00-00.ajiae5a.mongodb.net:27017\", \"ac-seftnoh-shard-00-01.ajiae5a.mongodb.net:27017\", \"ac-seftnoh-shard-00-02.ajiae5a.mongodb.net:27017\"], \"setName\": \"atlas-huz2dh-shard-0\", \"setVersion\": 299, \"isWritablePrimary\": true, \"primary\": \"ac-seftnoh-shard-00-02.ajiae5a.mongodb.net:27017\", \"tags\": {\"provider\": \"AWS\", \"region\": \"AP_SOUTH_1\", \"nodeType\": \"ELECTABLE\", \"availabilityZone\": \"aps1-az2\", \"diskState\": \"READY\", \"workloadType\": \"OPERATIONAL\"}, \"me\": \"ac-seftnoh-shard-00-02.ajiae5a.mongodb.net:27017\", \"electionId\": {\"$oid\": \"7fffffff0000000000000111\"}, \"lastWrite\": {\"opTime\": {\"ts\": {\"$timestamp\": {\"t\": 1752493810, \"i\": 15}}, \"t\": 273}, \"lastWriteDate\": {\"$date\": \"2025-07-14T11:50:10Z\"}, \"majorityOpTime\": {\"ts\": {\"$timestamp\": {\"t\": 1752493810, \"i\": 15}}, \"t\": 273}, \"majorityWriteDate\": {\"$date\": \"2025-07-14T11:50:10Z\"}}, \"maxBsonObjectSize\": 16777216, \"maxMessageSizeBytes\": ..."}
[ 2025-07-14 17:20:10,918 ] pymongo.topology - DEBUG - {"message": "Server heartbeat started", "topologyId": {"$oid": "6874eeac255ba75f6ff0e8dc"}, "driverConnectionId": 1, "serverConnectionId": 62359, "serverHost": "ac-seftnoh-shard-00-02.ajiae5a.mongodb.net", "serverPort": 27017, "awaited": true}
[ 2025-07-14 17:20:10,923 ] pymongo.topology - DEBUG - {"message": "Server heartbeat succeeded", "topologyId": {"$oid": "6874eeac255ba75f6ff0e8dc"}, "driverConnectionId": 1, "serverConnectionId": 57402, "serverHost": "ac-seftnoh-shard-00-00.ajiae5a.mongodb.net", "serverPort": 27017, "awaited": true, "durationMS": 9833.837707992643, "reply": "{\"topologyVersion\": {\"processId\": {\"$oid\": \"68712b49081a705f8235132a\"}, \"counter\": 4}, \"hosts\": [\"ac-seftnoh-shard-00-00.ajiae5a.mongodb.net:27017\", \"ac-seftnoh-shard-00-01.ajiae5a.mongodb.net:27017\", \"ac-seftnoh-shard-00-02.ajiae5a.mongodb.net:27017\"], \"setName\": \"atlas-huz2dh-shard-0\", \"setVersion\": 299, \"secondary\": true, \"primary\": \"ac-seftnoh-shard-00-02.ajiae5a.mongodb.net:27017\", \"tags\": {\"workloadType\": \"OPERATIONAL\", \"provider\": \"AWS\", \"availabilityZone\": \"aps1-az1\", \"region\": \"AP_SOUTH_1\", \"diskState\": \"READY\", \"nodeType\": \"ELECTABLE\"}, \"me\": \"ac-seftnoh-shard-00-00.ajiae5a.mongodb.net:27017\", \"lastWrite\": {\"opTime\": {\"ts\": {\"$timestamp\": {\"t\": 1752493810, \"i\": 15}}, \"t\": 273}, \"lastWriteDate\": {\"$date\": \"2025-07-14T11:50:10Z\"}, \"majorityOpTime\": {\"ts\": {\"$timestamp\": {\"t\": 1752493810, \"i\": 15}}, \"t\": 273}, \"majorityWriteDate\": {\"$date\": \"2025-07-14T11:50:10Z\"}}, \"maxBsonObjectSize\": 16777216, \"maxMessageSizeBytes\": 48000000, \"maxWriteBatchSize\": 100000, \"localTime\": {\"$date\"..."}
[ 2025-07-14 17:20:10,923 ] pymongo.topology - DEBUG - {"message": "Server heartbeat started", "topologyId": {"$oid": "6874eeac255ba75f6ff0e8dc"}, "driverConnectionId": 1, "serverConnectionId": 57402, "serverHost": "ac-seftnoh-shard-00-00.ajiae5a.mongodb.net", "serverPort": 27017, "awaited": true}
[ 2025-07-14 17:20:13,960 ] neuro_mf - INFO - Acceptable model found:GridSearchedBestModel(model_serial_number='module_0', model=KNeighborsClassifier(algorithm='kd_tree', n_neighbors=3), best_model=KNeighborsClassifier(n_neighbors=3, weights='distance'), best_parameters={'algorithm': 'auto', 'n_neighbors': 3, 'weights': 'distance'}, best_score=0.9550462758924637)
[ 2025-07-14 17:20:13,960 ] neuro_mf - INFO - Best model: GridSearchedBestModel(model_serial_number='module_0', model=KNeighborsClassifier(algorithm='kd_tree', n_neighbors=3), best_model=KNeighborsClassifier(n_neighbors=3, weights='distance'), best_parameters={'algorithm': 'auto', 'n_neighbors': 3, 'weights': 'distance'}, best_score=0.9550462758924637)
[ 2025-07-14 17:20:13,994 ] root - INFO - Exiting [get_model_object_and_report] method of ModelTrainer class
[ 2025-07-14 17:20:13,994 ] root - INFO - Entered the load_object method of utils
[ 2025-07-14 17:20:13,995 ] root - INFO - Exited the load_object method of utils
[ 2025-07-14 17:20:13,995 ] root - INFO - Created usvisa model object with preprocessor and model
[ 2025-07-14 17:20:13,995 ] root - INFO - Created best model file path
[ 2025-07-14 17:20:13,995 ] root - INFO - Entered the save_object method of utils
[ 2025-07-14 17:20:13,997 ] root - INFO - Exited the save_object method of utils
[ 2025-07-14 17:20:13,997 ] root - INFO - model trainer artifact: ModelTrainerArtifact(trained_model_file_path='artifact/07_14_2025_17-18-59/model_trainer/trained_model/model.pkl', metric_artifact=ClassificationMetricArtifact(f1_score=0.763302752293578, precision_score=0.7298245614035088, recall_score=0.8, accuracy_score=0.7800511508951407))
[ 2025-07-14 17:20:13,997 ] root - INFO - ModelTrainerArtifact: ModelTrainerArtifact(trained_model_file_path='artifact/07_14_2025_17-18-59/model_trainer/trained_model/model.pkl', metric_artifact=ClassificationMetricArtifact(f1_score=0.763302752293578, precision_score=0.7298245614035088, recall_score=0.8, accuracy_score=0.7800511508951407))
[ 2025-07-14 17:20:13,997 ] root - INFO - Exited the [start_model_trainer] method of TrainPipeline class
[ 2025-07-14 17:20:13,997 ] root - INFO - Model training completed
[ 2025-07-14 17:20:13,997 ] root - INFO - Entered the [start_model_evaluation] method of TrainPipeline class
[ 2025-07-14 17:20:13,997 ] root - INFO - Starting model evaluation process.
[ 2025-07-14 17:20:13,997 ] root - INFO - Reading test data from parquet file.
[ 2025-07-14 17:20:14,001 ] root - INFO - Preparing features and target variable.
[ 2025-07-14 17:20:14,421 ] pymongo.topology - DEBUG - {"message": "Server heartbeat failed", "topologyId": {"$oid": "6874eeac255ba75f6ff0e8dc"}, "serverHost": "ac-seftnoh-shard-00-01.ajiae5a.mongodb.net", "serverPort": 27017, "awaited": true, "durationMS": 3509.6927499980666, "failure": "\"_OperationCancelled('operation cancelled')\"", "driverConnectionId": 1}
[ 2025-07-14 17:20:14,426 ] pymongo.topology - DEBUG - {"message": "Server heartbeat failed", "topologyId": {"$oid": "6874eeac255ba75f6ff0e8dc"}, "serverHost": "ac-seftnoh-shard-00-02.ajiae5a.mongodb.net", "serverPort": 27017, "awaited": true, "durationMS": 3507.5356669840403, "failure": "\"_OperationCancelled('operation cancelled')\"", "driverConnectionId": 1}
[ 2025-07-14 17:20:14,430 ] pymongo.topology - DEBUG - {"message": "Server heartbeat failed", "topologyId": {"$oid": "6874eeac255ba75f6ff0e8dc"}, "serverHost": "ac-seftnoh-shard-00-00.ajiae5a.mongodb.net", "serverPort": 27017, "awaited": true, "durationMS": 3506.651083996985, "failure": "\"_OperationCancelled('operation cancelled')\"", "driverConnectionId": 1}
