[ 2025-07-12 23:43:07,240 ] root - INFO - Initializing TrainPipeline class
[ 2025-07-12 23:43:07,241 ] root - INFO - Entered the [run_pipeline] method of TrainPipeline class
[ 2025-07-12 23:43:07,241 ] root - INFO - Entered the [start_data_ingestion] method of TrainPipeline class
[ 2025-07-12 23:43:07,241 ] root - INFO - Getting data from mongo db
[ 2025-07-12 23:43:07,241 ] root - INFO - Data_Ingestion class object created
[ 2025-07-12 23:43:07,241 ] root - INFO - Entered [initiate_data_ingestion] method of DataIngestion class
[ 2025-07-12 23:43:07,241 ] root - INFO - Entered [export_data_into_feature_store] method of Data_Ingestion class
[ 2025-07-12 23:43:07,241 ] root - INFO - Exporting data from mongodb
[ 2025-07-12 23:43:07,470 ] pymongo.topology - DEBUG - {"message": "Starting topology monitoring", "topologyId": {"$oid": "6872a5b37e69da3a123b75ee"}}
[ 2025-07-12 23:43:07,470 ] pymongo.topology - DEBUG - {"message": "Topology description changed", "topologyId": {"$oid": "6872a5b37e69da3a123b75ee"}, "previousDescription": "<TopologyDescription id: 6872a5b37e69da3a123b75ee, topology_type: Unknown, servers: []>", "newDescription": "<TopologyDescription id: 6872a5b37e69da3a123b75ee, topology_type: ReplicaSetNoPrimary, servers: [<ServerDescription ('ac-seftnoh-shard-00-00.ajiae5a.mongodb.net', 27017) server_type: Unknown, rtt: None>, <ServerDescription ('ac-seftnoh-shard-00-01.ajiae5a.mongodb.net', 27017) server_type: Unknown, rtt: None>, <ServerDescription ('ac-seftnoh-shard-00-02.ajiae5a.mongodb.net', 27017) server_type: Unknown, rtt: None>]>"}
[ 2025-07-12 23:43:07,470 ] pymongo.topology - DEBUG - {"message": "Starting server monitoring", "topologyId": {"$oid": "6872a5b37e69da3a123b75ee"}, "serverHost": "ac-seftnoh-shard-00-01.ajiae5a.mongodb.net", "serverPort": 27017}
[ 2025-07-12 23:43:07,470 ] pymongo.topology - DEBUG - {"message": "Starting server monitoring", "topologyId": {"$oid": "6872a5b37e69da3a123b75ee"}, "serverHost": "ac-seftnoh-shard-00-02.ajiae5a.mongodb.net", "serverPort": 27017}
[ 2025-07-12 23:43:07,470 ] pymongo.topology - DEBUG - {"message": "Starting server monitoring", "topologyId": {"$oid": "6872a5b37e69da3a123b75ee"}, "serverHost": "ac-seftnoh-shard-00-00.ajiae5a.mongodb.net", "serverPort": 27017}
[ 2025-07-12 23:43:07,471 ] pymongo.connection - DEBUG - {"message": "Connection pool created", "clientId": {"$oid": "6872a5b37e69da3a123b75ee"}, "serverHost": "ac-seftnoh-shard-00-01.ajiae5a.mongodb.net", "serverPort": 27017}
[ 2025-07-12 23:43:07,471 ] pymongo.connection - DEBUG - {"message": "Connection pool created", "clientId": {"$oid": "6872a5b37e69da3a123b75ee"}, "serverHost": "ac-seftnoh-shard-00-02.ajiae5a.mongodb.net", "serverPort": 27017}
[ 2025-07-12 23:43:07,471 ] pymongo.connection - DEBUG - {"message": "Connection pool created", "clientId": {"$oid": "6872a5b37e69da3a123b75ee"}, "serverHost": "ac-seftnoh-shard-00-00.ajiae5a.mongodb.net", "serverPort": 27017}
[ 2025-07-12 23:43:07,471 ] root - INFO - MongoDB connection succesfull
[ 2025-07-12 23:43:07,472 ] pymongo.serverSelection - DEBUG - {"message": "Server selection started", "selector": "Primary()", "operation": "find", "topologyDescription": "<TopologyDescription id: 6872a5b37e69da3a123b75ee, topology_type: ReplicaSetNoPrimary, servers: [<ServerDescription ('ac-seftnoh-shard-00-00.ajiae5a.mongodb.net', 27017) server_type: Unknown, rtt: None>, <ServerDescription ('ac-seftnoh-shard-00-01.ajiae5a.mongodb.net', 27017) server_type: Unknown, rtt: None>, <ServerDescription ('ac-seftnoh-shard-00-02.ajiae5a.mongodb.net', 27017) server_type: Unknown, rtt: None>]>", "clientId": {"$oid": "6872a5b37e69da3a123b75ee"}}
[ 2025-07-12 23:43:07,472 ] pymongo.serverSelection - DEBUG - {"message": "Waiting for suitable server to become available", "selector": "Primary()", "operation": "find", "topologyDescription": "<TopologyDescription id: 6872a5b37e69da3a123b75ee, topology_type: ReplicaSetNoPrimary, servers: [<ServerDescription ('ac-seftnoh-shard-00-00.ajiae5a.mongodb.net', 27017) server_type: Unknown, rtt: None>, <ServerDescription ('ac-seftnoh-shard-00-01.ajiae5a.mongodb.net', 27017) server_type: Unknown, rtt: None>, <ServerDescription ('ac-seftnoh-shard-00-02.ajiae5a.mongodb.net', 27017) server_type: Unknown, rtt: None>]>", "clientId": {"$oid": "6872a5b37e69da3a123b75ee"}, "remainingTimeMS": 29999}
[ 2025-07-12 23:43:07,767 ] pymongo.topology - DEBUG - {"message": "Server heartbeat started", "topologyId": {"$oid": "6872a5b37e69da3a123b75ee"}, "driverConnectionId": 1, "serverHost": "ac-seftnoh-shard-00-01.ajiae5a.mongodb.net", "serverPort": 27017, "awaited": false}
[ 2025-07-12 23:43:07,803 ] pymongo.topology - DEBUG - {"message": "Server heartbeat started", "topologyId": {"$oid": "6872a5b37e69da3a123b75ee"}, "driverConnectionId": 1, "serverHost": "ac-seftnoh-shard-00-00.ajiae5a.mongodb.net", "serverPort": 27017, "awaited": false}
[ 2025-07-12 23:43:07,803 ] pymongo.topology - DEBUG - {"message": "Server heartbeat started", "topologyId": {"$oid": "6872a5b37e69da3a123b75ee"}, "driverConnectionId": 1, "serverHost": "ac-seftnoh-shard-00-02.ajiae5a.mongodb.net", "serverPort": 27017, "awaited": false}
[ 2025-07-12 23:43:07,839 ] pymongo.topology - DEBUG - {"message": "Server heartbeat succeeded", "topologyId": {"$oid": "6872a5b37e69da3a123b75ee"}, "driverConnectionId": 1, "serverConnectionId": 22902, "serverHost": "ac-seftnoh-shard-00-01.ajiae5a.mongodb.net", "serverPort": 27017, "awaited": false, "durationMS": 71.75320902024396, "reply": "{\"helloOk\": true, \"topologyVersion\": {\"processId\": {\"$oid\": \"68712bc703db27a9c7dda3d9\"}, \"counter\": 3}, \"hosts\": [\"ac-seftnoh-shard-00-00.ajiae5a.mongodb.net:27017\", \"ac-seftnoh-shard-00-01.ajiae5a.mongodb.net:27017\", \"ac-seftnoh-shard-00-02.ajiae5a.mongodb.net:27017\"], \"setName\": \"atlas-huz2dh-shard-0\", \"setVersion\": 299, \"secondary\": true, \"primary\": \"ac-seftnoh-shard-00-02.ajiae5a.mongodb.net:27017\", \"tags\": {\"availabilityZone\": \"aps1-az3\", \"region\": \"AP_SOUTH_1\", \"diskState\": \"READY\", \"nodeType\": \"ELECTABLE\", \"workloadType\": \"OPERATIONAL\", \"provider\": \"AWS\"}, \"me\": \"ac-seftnoh-shard-00-01.ajiae5a.mongodb.net:27017\", \"lastWrite\": {\"opTime\": {\"ts\": {\"$timestamp\": {\"t\": 1752343987, \"i\": 13}}, \"t\": 273}, \"lastWriteDate\": {\"$date\": \"2025-07-12T18:13:07Z\"}, \"majorityOpTime\": {\"ts\": {\"$timestamp\": {\"t\": 1752343987, \"i\": 12}}, \"t\": 273}, \"majorityWriteDate\": {\"$date\": \"2025-07-12T18:13:07Z\"}}, \"maxBsonObjectSize\": 16777216, \"maxMessageSizeBytes\": 48000000, \"maxWriteBatchSize\": 100000, \"loc..."}
[ 2025-07-12 23:43:07,841 ] pymongo.connection - DEBUG - {"message": "Connection pool ready", "clientId": {"$oid": "6872a5b37e69da3a123b75ee"}, "serverHost": "ac-seftnoh-shard-00-01.ajiae5a.mongodb.net", "serverPort": 27017}
[ 2025-07-12 23:43:07,842 ] pymongo.topology - DEBUG - {"message": "Topology description changed", "topologyId": {"$oid": "6872a5b37e69da3a123b75ee"}, "previousDescription": "<TopologyDescription id: 6872a5b37e69da3a123b75ee, topology_type: ReplicaSetNoPrimary, servers: [<ServerDescription ('ac-seftnoh-shard-00-00.ajiae5a.mongodb.net', 27017) server_type: Unknown, rtt: None>, <ServerDescription ('ac-seftnoh-shard-00-01.ajiae5a.mongodb.net', 27017) server_type: Unknown, rtt: None>, <ServerDescription ('ac-seftnoh-shard-00-02.ajiae5a.mongodb.net', 27017) server_type: Unknown, rtt: None>]>", "newDescription": "<TopologyDescription id: 6872a5b37e69da3a123b75ee, topology_type: ReplicaSetNoPrimary, servers: [<ServerDescription ('ac-seftnoh-shard-00-00.ajiae5a.mongodb.net', 27017) server_type: Unknown, rtt: None>, <ServerDescription ('ac-seftnoh-shard-00-01.ajiae5a.mongodb.net', 27017) server_type: RSSecondary, rtt: 0.07175320902024396>, <ServerDescription ('ac-seftnoh-shard-00-02.ajiae5a.mongodb.net', 27017) server_type: Unknown, rtt: None>]>"}
[ 2025-07-12 23:43:07,842 ] pymongo.topology - DEBUG - {"message": "Server heartbeat started", "topologyId": {"$oid": "6872a5b37e69da3a123b75ee"}, "driverConnectionId": 1, "serverConnectionId": 22902, "serverHost": "ac-seftnoh-shard-00-01.ajiae5a.mongodb.net", "serverPort": 27017, "awaited": true}
[ 2025-07-12 23:43:07,898 ] pymongo.topology - DEBUG - {"message": "Server heartbeat succeeded", "topologyId": {"$oid": "6872a5b37e69da3a123b75ee"}, "driverConnectionId": 1, "serverConnectionId": 23522, "serverHost": "ac-seftnoh-shard-00-00.ajiae5a.mongodb.net", "serverPort": 27017, "awaited": false, "durationMS": 94.88299998338334, "reply": "{\"helloOk\": true, \"topologyVersion\": {\"processId\": {\"$oid\": \"68712b49081a705f8235132a\"}, \"counter\": 4}, \"hosts\": [\"ac-seftnoh-shard-00-00.ajiae5a.mongodb.net:27017\", \"ac-seftnoh-shard-00-01.ajiae5a.mongodb.net:27017\", \"ac-seftnoh-shard-00-02.ajiae5a.mongodb.net:27017\"], \"setName\": \"atlas-huz2dh-shard-0\", \"setVersion\": 299, \"secondary\": true, \"primary\": \"ac-seftnoh-shard-00-02.ajiae5a.mongodb.net:27017\", \"tags\": {\"provider\": \"AWS\", \"region\": \"AP_SOUTH_1\", \"diskState\": \"READY\", \"nodeType\": \"ELECTABLE\", \"workloadType\": \"OPERATIONAL\", \"availabilityZone\": \"aps1-az1\"}, \"me\": \"ac-seftnoh-shard-00-00.ajiae5a.mongodb.net:27017\", \"lastWrite\": {\"opTime\": {\"ts\": {\"$timestamp\": {\"t\": 1752343987, \"i\": 14}}, \"t\": 273}, \"lastWriteDate\": {\"$date\": \"2025-07-12T18:13:07Z\"}, \"majorityOpTime\": {\"ts\": {\"$timestamp\": {\"t\": 1752343987, \"i\": 14}}, \"t\": 273}, \"majorityWriteDate\": {\"$date\": \"2025-07-12T18:13:07Z\"}}, \"maxBsonObjectSize\": 16777216, \"maxMessageSizeBytes\": 48000000, \"maxWriteBatchSize\": 100000, \"loc..."}
[ 2025-07-12 23:43:07,898 ] pymongo.connection - DEBUG - {"message": "Connection pool ready", "clientId": {"$oid": "6872a5b37e69da3a123b75ee"}, "serverHost": "ac-seftnoh-shard-00-00.ajiae5a.mongodb.net", "serverPort": 27017}
[ 2025-07-12 23:43:07,898 ] pymongo.topology - DEBUG - {"message": "Topology description changed", "topologyId": {"$oid": "6872a5b37e69da3a123b75ee"}, "previousDescription": "<TopologyDescription id: 6872a5b37e69da3a123b75ee, topology_type: ReplicaSetNoPrimary, servers: [<ServerDescription ('ac-seftnoh-shard-00-00.ajiae5a.mongodb.net', 27017) server_type: Unknown, rtt: None>, <ServerDescription ('ac-seftnoh-shard-00-01.ajiae5a.mongodb.net', 27017) server_type: RSSecondary, rtt: 0.07175320902024396>, <ServerDescription ('ac-seftnoh-shard-00-02.ajiae5a.mongodb.net', 27017) server_type: Unknown, rtt: None>]>", "newDescription": "<TopologyDescription id: 6872a5b37e69da3a123b75ee, topology_type: ReplicaSetNoPrimary, servers: [<ServerDescription ('ac-seftnoh-shard-00-00.ajiae5a.mongodb.net', 27017) server_type: RSSecondary, rtt: 0.09488299998338334>, <ServerDescription ('ac-seftnoh-shard-00-01.ajiae5a.mongodb.net', 27017) server_type: RSSecondary, rtt: 0.07175320902024396>, <ServerDescription ('ac-seftnoh-shard-00-02.ajiae5a.mongodb.net', 27017) server_type: Unknown, rtt: None>]>"}
[ 2025-07-12 23:43:07,898 ] pymongo.topology - DEBUG - {"message": "Server heartbeat started", "topologyId": {"$oid": "6872a5b37e69da3a123b75ee"}, "driverConnectionId": 1, "serverConnectionId": 23522, "serverHost": "ac-seftnoh-shard-00-00.ajiae5a.mongodb.net", "serverPort": 27017, "awaited": true}
[ 2025-07-12 23:43:07,902 ] pymongo.topology - DEBUG - {"message": "Server heartbeat succeeded", "topologyId": {"$oid": "6872a5b37e69da3a123b75ee"}, "driverConnectionId": 1, "serverConnectionId": 24317, "serverHost": "ac-seftnoh-shard-00-02.ajiae5a.mongodb.net", "serverPort": 27017, "awaited": false, "durationMS": 98.80704199895263, "reply": "{\"helloOk\": true, \"topologyVersion\": {\"processId\": {\"$oid\": \"68712b88e825f82d0dc0fc06\"}, \"counter\": 6}, \"hosts\": [\"ac-seftnoh-shard-00-00.ajiae5a.mongodb.net:27017\", \"ac-seftnoh-shard-00-01.ajiae5a.mongodb.net:27017\", \"ac-seftnoh-shard-00-02.ajiae5a.mongodb.net:27017\"], \"setName\": \"atlas-huz2dh-shard-0\", \"setVersion\": 299, \"ismaster\": true, \"primary\": \"ac-seftnoh-shard-00-02.ajiae5a.mongodb.net:27017\", \"tags\": {\"workloadType\": \"OPERATIONAL\", \"provider\": \"AWS\", \"availabilityZone\": \"aps1-az2\", \"diskState\": \"READY\", \"nodeType\": \"ELECTABLE\", \"region\": \"AP_SOUTH_1\"}, \"me\": \"ac-seftnoh-shard-00-02.ajiae5a.mongodb.net:27017\", \"electionId\": {\"$oid\": \"7fffffff0000000000000111\"}, \"lastWrite\": {\"opTime\": {\"ts\": {\"$timestamp\": {\"t\": 1752343987, \"i\": 14}}, \"t\": 273}, \"lastWriteDate\": {\"$date\": \"2025-07-12T18:13:07Z\"}, \"majorityOpTime\": {\"ts\": {\"$timestamp\": {\"t\": 1752343987, \"i\": 14}}, \"t\": 273}, \"majorityWriteDate\": {\"$date\": \"2025-07-12T18:13:07Z\"}}, \"maxBsonObjectSize\": 16777216, \"maxMessageSize..."}
[ 2025-07-12 23:43:07,903 ] pymongo.connection - DEBUG - {"message": "Connection pool ready", "clientId": {"$oid": "6872a5b37e69da3a123b75ee"}, "serverHost": "ac-seftnoh-shard-00-02.ajiae5a.mongodb.net", "serverPort": 27017}
[ 2025-07-12 23:43:07,903 ] pymongo.topology - DEBUG - {"message": "Topology description changed", "topologyId": {"$oid": "6872a5b37e69da3a123b75ee"}, "previousDescription": "<TopologyDescription id: 6872a5b37e69da3a123b75ee, topology_type: ReplicaSetNoPrimary, servers: [<ServerDescription ('ac-seftnoh-shard-00-00.ajiae5a.mongodb.net', 27017) server_type: RSSecondary, rtt: 0.09488299998338334>, <ServerDescription ('ac-seftnoh-shard-00-01.ajiae5a.mongodb.net', 27017) server_type: RSSecondary, rtt: 0.07175320902024396>, <ServerDescription ('ac-seftnoh-shard-00-02.ajiae5a.mongodb.net', 27017) server_type: Unknown, rtt: None>]>", "newDescription": "<TopologyDescription id: 6872a5b37e69da3a123b75ee, topology_type: ReplicaSetWithPrimary, servers: [<ServerDescription ('ac-seftnoh-shard-00-00.ajiae5a.mongodb.net', 27017) server_type: RSSecondary, rtt: 0.09488299998338334>, <ServerDescription ('ac-seftnoh-shard-00-01.ajiae5a.mongodb.net', 27017) server_type: RSSecondary, rtt: 0.07175320902024396>, <ServerDescription ('ac-seftnoh-shard-00-02.ajiae5a.mongodb.net', 27017) server_type: RSPrimary, rtt: 0.09880704199895263>]>"}
[ 2025-07-12 23:43:07,903 ] pymongo.serverSelection - DEBUG - {"message": "Server selection succeeded", "selector": "Primary()", "operation": "find", "topologyDescription": "<TopologyDescription id: 6872a5b37e69da3a123b75ee, topology_type: ReplicaSetWithPrimary, servers: [<ServerDescription ('ac-seftnoh-shard-00-00.ajiae5a.mongodb.net', 27017) server_type: RSSecondary, rtt: 0.09488299998338334>, <ServerDescription ('ac-seftnoh-shard-00-01.ajiae5a.mongodb.net', 27017) server_type: RSSecondary, rtt: 0.07175320902024396>, <ServerDescription ('ac-seftnoh-shard-00-02.ajiae5a.mongodb.net', 27017) server_type: RSPrimary, rtt: 0.09880704199895263>]>", "clientId": {"$oid": "6872a5b37e69da3a123b75ee"}, "serverHost": "ac-seftnoh-shard-00-02.ajiae5a.mongodb.net", "serverPort": 27017}
[ 2025-07-12 23:43:07,903 ] pymongo.connection - DEBUG - {"message": "Connection checkout started", "clientId": {"$oid": "6872a5b37e69da3a123b75ee"}, "serverHost": "ac-seftnoh-shard-00-02.ajiae5a.mongodb.net", "serverPort": 27017}
[ 2025-07-12 23:43:07,903 ] pymongo.connection - DEBUG - {"message": "Connection created", "clientId": {"$oid": "6872a5b37e69da3a123b75ee"}, "serverHost": "ac-seftnoh-shard-00-02.ajiae5a.mongodb.net", "serverPort": 27017, "driverConnectionId": 1}
[ 2025-07-12 23:43:07,903 ] pymongo.topology - DEBUG - {"message": "Server heartbeat started", "topologyId": {"$oid": "6872a5b37e69da3a123b75ee"}, "driverConnectionId": 1, "serverConnectionId": 24317, "serverHost": "ac-seftnoh-shard-00-02.ajiae5a.mongodb.net", "serverPort": 27017, "awaited": true}
[ 2025-07-12 23:43:08,245 ] pymongo.connection - DEBUG - {"message": "Connection ready", "clientId": {"$oid": "6872a5b37e69da3a123b75ee"}, "serverHost": "ac-seftnoh-shard-00-02.ajiae5a.mongodb.net", "serverPort": 27017, "driverConnectionId": 1, "durationMS": 0.18744625002727844}
[ 2025-07-12 23:43:08,246 ] pymongo.connection - DEBUG - {"message": "Connection checked out", "clientId": {"$oid": "6872a5b37e69da3a123b75ee"}, "serverHost": "ac-seftnoh-shard-00-02.ajiae5a.mongodb.net", "serverPort": 27017, "driverConnectionId": 1, "durationMS": 0.3426117500057444}
[ 2025-07-12 23:43:08,246 ] pymongo.command - DEBUG - {"message": "Command started", "clientId": {"$oid": "6872a5b37e69da3a123b75ee"}, "command": "{\"find\": \"visa_data\", \"lsid\": {\"id\": {\"$binary\": {\"base64\": \"KDe0a9TFQx6o06mNpLH4jQ==\", \"subType\": \"04\"}}}, \"$clusterTime\": {\"clusterTime\": {\"$timestamp\": {\"t\": 1752343988, \"i\": 2}}, \"signature\": {\"hash\": {\"$binary\": {\"base64\": \"qeWvu4o53otrjccXMHJuQ9enIFE=\", \"subType\": \"00\"}}, \"keyId\": 7481317547657134092}}, \"$db\": \"US_VISA\"}", "commandName": "find", "databaseName": "US_VISA", "requestId": 1784484492, "operationId": 1784484492, "driverConnectionId": 1, "serverConnectionId": 24397, "serverHost": "ac-seftnoh-shard-00-02.ajiae5a.mongodb.net", "serverPort": 27017}
[ 2025-07-12 23:43:08,365 ] pymongo.command - DEBUG - {"message": "Command succeeded", "clientId": {"$oid": "6872a5b37e69da3a123b75ee"}, "durationMS": 119.487, "reply": "{\"cursor\": {\"firstBatch\": [{\"_id\": {\"$oid\": \"686d14e0c5d3562c6585297d\"}, \"case_id\": \"EZYV01\", \"continent\": \"Asia\", \"education_of_employee\": \"High School\", \"has_job_experience\": \"N\", \"requires_job_training\": \"N\", \"no_of_employees\": 14513, \"yr_of_estab\": 2007, \"region_of_employment\": \"West\", \"prevailing_wage\": 592.2029, \"unit_of_wage\": \"Hour\", \"full_time_position\": \"Y\", \"case_status\": \"Denied\"}, {\"_id\": {\"$oid\": \"686d14e0c5d3562c6585297e\"}, \"case_id\": \"EZYV02\", \"continent\": \"Asia\", \"education_of_employee\": \"Master's\", \"has_job_experience\": \"Y\", \"requires_job_training\": \"N\", \"no_of_employees\": 2412, \"yr_of_estab\": 2002, \"region_of_employment\": \"Northeast\", \"prevailing_wage\": 83425.65, \"unit_of_wage\": \"Year\", \"full_time_position\": \"Y\", \"case_status\": \"Certified\"}, {\"_id\": {\"$oid\": \"686d14e0c5d3562c6585297f\"}, \"case_id\": \"EZYV03\", \"continent\": \"Asia\", \"education_of_employee\": \"Bachelor's\", \"has_job_experience\": \"N\", \"requires_job_training\": \"Y\", \"no_of_employees\": 44444, \"yr_of_estab\": 2008...", "commandName": "find", "databaseName": "US_VISA", "requestId": 1784484492, "operationId": 1784484492, "driverConnectionId": 1, "serverConnectionId": 24397, "serverHost": "ac-seftnoh-shard-00-02.ajiae5a.mongodb.net", "serverPort": 27017}
[ 2025-07-12 23:43:08,367 ] pymongo.connection - DEBUG - {"message": "Connection checked in", "clientId": {"$oid": "6872a5b37e69da3a123b75ee"}, "serverHost": "ac-seftnoh-shard-00-02.ajiae5a.mongodb.net", "serverPort": 27017, "driverConnectionId": 1}
[ 2025-07-12 23:43:08,367 ] pymongo.serverSelection - DEBUG - {"message": "Server selection started", "selector": "<function any_server_selector at 0x14ee384a0>", "operation": "getMore", "topologyDescription": "<TopologyDescription id: 6872a5b37e69da3a123b75ee, topology_type: ReplicaSetWithPrimary, servers: [<ServerDescription ('ac-seftnoh-shard-00-00.ajiae5a.mongodb.net', 27017) server_type: RSSecondary, rtt: 0.09488299998338334>, <ServerDescription ('ac-seftnoh-shard-00-01.ajiae5a.mongodb.net', 27017) server_type: RSSecondary, rtt: 0.07175320902024396>, <ServerDescription ('ac-seftnoh-shard-00-02.ajiae5a.mongodb.net', 27017) server_type: RSPrimary, rtt: 0.09880704199895263>]>", "clientId": {"$oid": "6872a5b37e69da3a123b75ee"}}
[ 2025-07-12 23:43:08,367 ] pymongo.serverSelection - DEBUG - {"message": "Server selection succeeded", "selector": "<function any_server_selector at 0x14ee384a0>", "operation": "getMore", "topologyDescription": "<TopologyDescription id: 6872a5b37e69da3a123b75ee, topology_type: ReplicaSetWithPrimary, servers: [<ServerDescription ('ac-seftnoh-shard-00-00.ajiae5a.mongodb.net', 27017) server_type: RSSecondary, rtt: 0.09488299998338334>, <ServerDescription ('ac-seftnoh-shard-00-01.ajiae5a.mongodb.net', 27017) server_type: RSSecondary, rtt: 0.07175320902024396>, <ServerDescription ('ac-seftnoh-shard-00-02.ajiae5a.mongodb.net', 27017) server_type: RSPrimary, rtt: 0.09880704199895263>]>", "clientId": {"$oid": "6872a5b37e69da3a123b75ee"}, "serverHost": "ac-seftnoh-shard-00-02.ajiae5a.mongodb.net", "serverPort": 27017}
[ 2025-07-12 23:43:08,368 ] pymongo.connection - DEBUG - {"message": "Connection checkout started", "clientId": {"$oid": "6872a5b37e69da3a123b75ee"}, "serverHost": "ac-seftnoh-shard-00-02.ajiae5a.mongodb.net", "serverPort": 27017}
[ 2025-07-12 23:43:08,368 ] pymongo.connection - DEBUG - {"message": "Connection checked out", "clientId": {"$oid": "6872a5b37e69da3a123b75ee"}, "serverHost": "ac-seftnoh-shard-00-02.ajiae5a.mongodb.net", "serverPort": 27017, "driverConnectionId": 1, "durationMS": 0.00011070800246670842}
[ 2025-07-12 23:43:08,368 ] pymongo.command - DEBUG - {"message": "Command started", "clientId": {"$oid": "6872a5b37e69da3a123b75ee"}, "command": "{\"getMore\": 510682047906332241, \"collection\": \"visa_data\", \"lsid\": {\"id\": {\"$binary\": {\"base64\": \"KDe0a9TFQx6o06mNpLH4jQ==\", \"subType\": \"04\"}}}, \"$clusterTime\": {\"clusterTime\": {\"$timestamp\": {\"t\": 1752343988, \"i\": 3}}, \"signature\": {\"hash\": {\"$binary\": {\"base64\": \"qeWvu4o53otrjccXMHJuQ9enIFE=\", \"subType\": \"00\"}}, \"keyId\": 7481317547657134092}}, \"$db\": \"US_VISA\"}", "commandName": "getMore", "databaseName": "US_VISA", "requestId": 74243042, "operationId": 74243042, "driverConnectionId": 1, "serverConnectionId": 24397, "serverHost": "ac-seftnoh-shard-00-02.ajiae5a.mongodb.net", "serverPort": 27017}
[ 2025-07-12 23:43:11,314 ] pymongo.command - DEBUG - {"message": "Command succeeded", "clientId": {"$oid": "6872a5b37e69da3a123b75ee"}, "durationMS": 2946.6130000000003, "reply": "{\"cursor\": {\"nextBatch\": [{\"_id\": {\"$oid\": \"686d14e0c5d3562c658529e2\"}, \"case_id\": \"EZYV102\", \"continent\": \"Asia\", \"education_of_employee\": \"Master's\", \"has_job_experience\": \"Y\", \"requires_job_training\": \"N\", \"no_of_employees\": 334, \"yr_of_estab\": 2007, \"region_of_employment\": \"Midwest\", \"prevailing_wage\": 43421.88, \"unit_of_wage\": \"Year\", \"full_time_position\": \"Y\", \"case_status\": \"Certified\"}, {\"_id\": {\"$oid\": \"686d14e0c5d3562c658529e3\"}, \"case_id\": \"EZYV103\", \"continent\": \"Asia\", \"education_of_employee\": \"Bachelor's\", \"has_job_experience\": \"Y\", \"requires_job_training\": \"N\", \"no_of_employees\": 224, \"yr_of_estab\": 2008, \"region_of_employment\": \"Midwest\", \"prevailing_wage\": 80253.78, \"unit_of_wage\": \"Year\", \"full_time_position\": \"Y\", \"case_status\": \"Certified\"}, {\"_id\": {\"$oid\": \"686d14e0c5d3562c658529e4\"}, \"case_id\": \"EZYV104\", \"continent\": \"Asia\", \"education_of_employee\": \"Doctorate\", \"has_job_experience\": \"Y\", \"requires_job_training\": \"N\", \"no_of_employees\": 367, \"yr_of_estab\": 1982,...", "commandName": "getMore", "databaseName": "US_VISA", "requestId": 74243042, "operationId": 74243042, "driverConnectionId": 1, "serverConnectionId": 24397, "serverHost": "ac-seftnoh-shard-00-02.ajiae5a.mongodb.net", "serverPort": 27017}
[ 2025-07-12 23:43:11,315 ] pymongo.connection - DEBUG - {"message": "Connection checked in", "clientId": {"$oid": "6872a5b37e69da3a123b75ee"}, "serverHost": "ac-seftnoh-shard-00-02.ajiae5a.mongodb.net", "serverPort": 27017, "driverConnectionId": 1}
[ 2025-07-12 23:43:11,363 ] root - INFO - Shape of dataframe: (25480, 12)
[ 2025-07-12 23:43:11,363 ] root - INFO - Shape of dataframe: (25480, 12)
[ 2025-07-12 23:43:11,364 ] root - INFO - Saving exported data into feature store file path: artifact/07_12_2025_23-43-06/data_ingestion/feature_store
[ 2025-07-12 23:43:11,433 ] root - INFO - Got the data from mongodb
[ 2025-07-12 23:43:11,433 ] root - INFO - Entered [split_data_as_train_test] method of DataIngestion class
[ 2025-07-12 23:43:11,437 ] root - INFO - Performed train test split operation on the dataframe
[ 2025-07-12 23:43:11,437 ] root - INFO - Exporting train file to artifact/07_12_2025_23-43-06/data_ingestion/ingested/train.parquet
[ 2025-07-12 23:43:11,448 ] root - INFO - Exporting test file to artifact/07_12_2025_23-43-06/data_ingestion/ingested/test.parquet
[ 2025-07-12 23:43:11,453 ] root - INFO - Exported train and test files successfully
[ 2025-07-12 23:43:11,454 ] root - INFO - Performed train test split on the dataset
[ 2025-07-12 23:43:11,454 ] root - INFO - Exited initiate_data_ingestion method of Data_Ingestion class
[ 2025-07-12 23:43:11,454 ] root - INFO - Data ingestion artifact: DataIngestionArtifact(trained_file_path='artifact/07_12_2025_23-43-06/data_ingestion/ingested/train.parquet', test_file_path='artifact/07_12_2025_23-43-06/data_ingestion/ingested/test.parquet')
[ 2025-07-12 23:43:11,458 ] root - INFO - Got the train_set and test_set from mongodb
[ 2025-07-12 23:43:11,458 ] root - INFO - Exited the [start_data_ingestion] method of TrainPipeline class
[ 2025-07-12 23:43:11,458 ] root - INFO - Entered the [start_data_validation] method of TrainPipeline class
[ 2025-07-12 23:43:11,458 ] root - INFO - Entered the read_yaml_file method of utils
[ 2025-07-12 23:43:11,459 ] root - INFO - Starting data validation
[ 2025-07-12 23:43:11,533 ] root - INFO - Is required column present: [True]
[ 2025-07-12 23:43:11,533 ] root - INFO - All required columns present in training dataframe: True
[ 2025-07-12 23:43:11,533 ] root - INFO - Is required column present: [True]
[ 2025-07-12 23:43:11,533 ] root - INFO - All required columns present in testing dataframe: True
[ 2025-07-12 23:43:17,916 ] pymongo.topology - DEBUG - {"message": "Server heartbeat succeeded", "topologyId": {"$oid": "6872a5b37e69da3a123b75ee"}, "driverConnectionId": 1, "serverConnectionId": 22902, "serverHost": "ac-seftnoh-shard-00-01.ajiae5a.mongodb.net", "serverPort": 27017, "awaited": true, "durationMS": 10073.239000019385, "reply": "{\"topologyVersion\": {\"processId\": {\"$oid\": \"68712bc703db27a9c7dda3d9\"}, \"counter\": 3}, \"hosts\": [\"ac-seftnoh-shard-00-00.ajiae5a.mongodb.net:27017\", \"ac-seftnoh-shard-00-01.ajiae5a.mongodb.net:27017\", \"ac-seftnoh-shard-00-02.ajiae5a.mongodb.net:27017\"], \"setName\": \"atlas-huz2dh-shard-0\", \"setVersion\": 299, \"secondary\": true, \"primary\": \"ac-seftnoh-shard-00-02.ajiae5a.mongodb.net:27017\", \"tags\": {\"availabilityZone\": \"aps1-az3\", \"region\": \"AP_SOUTH_1\", \"diskState\": \"READY\", \"nodeType\": \"ELECTABLE\", \"workloadType\": \"OPERATIONAL\", \"provider\": \"AWS\"}, \"me\": \"ac-seftnoh-shard-00-01.ajiae5a.mongodb.net:27017\", \"lastWrite\": {\"opTime\": {\"ts\": {\"$timestamp\": {\"t\": 1752343997, \"i\": 15}}, \"t\": 273}, \"lastWriteDate\": {\"$date\": \"2025-07-12T18:13:17Z\"}, \"majorityOpTime\": {\"ts\": {\"$timestamp\": {\"t\": 1752343997, \"i\": 15}}, \"t\": 273}, \"majorityWriteDate\": {\"$date\": \"2025-07-12T18:13:17Z\"}}, \"maxBsonObjectSize\": 16777216, \"maxMessageSizeBytes\": 48000000, \"maxWriteBatchSize\": 100000, \"localTime\": {\"$date\"..."}
[ 2025-07-12 23:43:17,919 ] pymongo.topology - DEBUG - {"message": "Server heartbeat started", "topologyId": {"$oid": "6872a5b37e69da3a123b75ee"}, "driverConnectionId": 1, "serverConnectionId": 22902, "serverHost": "ac-seftnoh-shard-00-01.ajiae5a.mongodb.net", "serverPort": 27017, "awaited": true}
[ 2025-07-12 23:43:17,963 ] pymongo.topology - DEBUG - {"message": "Server heartbeat succeeded", "topologyId": {"$oid": "6872a5b37e69da3a123b75ee"}, "driverConnectionId": 1, "serverConnectionId": 24317, "serverHost": "ac-seftnoh-shard-00-02.ajiae5a.mongodb.net", "serverPort": 27017, "awaited": true, "durationMS": 10060.066874983022, "reply": "{\"topologyVersion\": {\"processId\": {\"$oid\": \"68712b88e825f82d0dc0fc06\"}, \"counter\": 6}, \"hosts\": [\"ac-seftnoh-shard-00-00.ajiae5a.mongodb.net:27017\", \"ac-seftnoh-shard-00-01.ajiae5a.mongodb.net:27017\", \"ac-seftnoh-shard-00-02.ajiae5a.mongodb.net:27017\"], \"setName\": \"atlas-huz2dh-shard-0\", \"setVersion\": 299, \"isWritablePrimary\": true, \"primary\": \"ac-seftnoh-shard-00-02.ajiae5a.mongodb.net:27017\", \"tags\": {\"diskState\": \"READY\", \"nodeType\": \"ELECTABLE\", \"region\": \"AP_SOUTH_1\", \"workloadType\": \"OPERATIONAL\", \"provider\": \"AWS\", \"availabilityZone\": \"aps1-az2\"}, \"me\": \"ac-seftnoh-shard-00-02.ajiae5a.mongodb.net:27017\", \"electionId\": {\"$oid\": \"7fffffff0000000000000111\"}, \"lastWrite\": {\"opTime\": {\"ts\": {\"$timestamp\": {\"t\": 1752343997, \"i\": 15}}, \"t\": 273}, \"lastWriteDate\": {\"$date\": \"2025-07-12T18:13:17Z\"}, \"majorityOpTime\": {\"ts\": {\"$timestamp\": {\"t\": 1752343997, \"i\": 15}}, \"t\": 273}, \"majorityWriteDate\": {\"$date\": \"2025-07-12T18:13:17Z\"}}, \"maxBsonObjectSize\": 16777216, \"maxMessageSizeBytes\": ..."}
[ 2025-07-12 23:43:17,964 ] pymongo.topology - DEBUG - {"message": "Server heartbeat started", "topologyId": {"$oid": "6872a5b37e69da3a123b75ee"}, "driverConnectionId": 1, "serverConnectionId": 24317, "serverHost": "ac-seftnoh-shard-00-02.ajiae5a.mongodb.net", "serverPort": 27017, "awaited": true}
[ 2025-07-12 23:43:17,972 ] pymongo.topology - DEBUG - {"message": "Server heartbeat succeeded", "topologyId": {"$oid": "6872a5b37e69da3a123b75ee"}, "driverConnectionId": 1, "serverConnectionId": 23522, "serverHost": "ac-seftnoh-shard-00-00.ajiae5a.mongodb.net", "serverPort": 27017, "awaited": true, "durationMS": 10072.958584001753, "reply": "{\"topologyVersion\": {\"processId\": {\"$oid\": \"68712b49081a705f8235132a\"}, \"counter\": 4}, \"hosts\": [\"ac-seftnoh-shard-00-00.ajiae5a.mongodb.net:27017\", \"ac-seftnoh-shard-00-01.ajiae5a.mongodb.net:27017\", \"ac-seftnoh-shard-00-02.ajiae5a.mongodb.net:27017\"], \"setName\": \"atlas-huz2dh-shard-0\", \"setVersion\": 299, \"secondary\": true, \"primary\": \"ac-seftnoh-shard-00-02.ajiae5a.mongodb.net:27017\", \"tags\": {\"region\": \"AP_SOUTH_1\", \"nodeType\": \"ELECTABLE\", \"diskState\": \"READY\", \"workloadType\": \"OPERATIONAL\", \"availabilityZone\": \"aps1-az1\", \"provider\": \"AWS\"}, \"me\": \"ac-seftnoh-shard-00-00.ajiae5a.mongodb.net:27017\", \"lastWrite\": {\"opTime\": {\"ts\": {\"$timestamp\": {\"t\": 1752343997, \"i\": 15}}, \"t\": 273}, \"lastWriteDate\": {\"$date\": \"2025-07-12T18:13:17Z\"}, \"majorityOpTime\": {\"ts\": {\"$timestamp\": {\"t\": 1752343997, \"i\": 15}}, \"t\": 273}, \"majorityWriteDate\": {\"$date\": \"2025-07-12T18:13:17Z\"}}, \"maxBsonObjectSize\": 16777216, \"maxMessageSizeBytes\": 48000000, \"maxWriteBatchSize\": 100000, \"localTime\": {\"$date\"..."}
[ 2025-07-12 23:43:17,972 ] pymongo.topology - DEBUG - {"message": "Server heartbeat started", "topologyId": {"$oid": "6872a5b37e69da3a123b75ee"}, "driverConnectionId": 1, "serverConnectionId": 23522, "serverHost": "ac-seftnoh-shard-00-00.ajiae5a.mongodb.net", "serverPort": 27017, "awaited": true}
[ 2025-07-12 23:43:25,599 ] root - INFO - Entered the write_yaml_file method of utils
[ 2025-07-12 23:43:26,140 ] root - INFO - Exited the write_yaml_file method of utils
[ 2025-07-12 23:43:26,140 ] root - INFO - 1/12 drift detected.
[ 2025-07-12 23:43:26,140 ] root - INFO - Data validation artifact: DataValidationArtifact(validation_status=True, message='Drift not detected', drift_report_file_path='artifact/07_12_2025_23-43-06/data_validation/drift_report/report.yaml')
[ 2025-07-12 23:43:26,141 ] root - INFO - Performed the data validation operation
[ 2025-07-12 23:43:26,141 ] root - INFO - Exited the [start_data_validation] method of TrainPipeline class
[ 2025-07-12 23:43:26,141 ] root - INFO - Entered the [start_data_transformation] method of TrainPipeline class
[ 2025-07-12 23:43:26,141 ] root - INFO - Entered the read_yaml_file method of utils
[ 2025-07-12 23:43:26,144 ] root - INFO - Starting data transformation
[ 2025-07-12 23:43:26,144 ] root - INFO - Entered get_data_transformer_object method of DataTransformation class
[ 2025-07-12 23:43:26,144 ] root - INFO - Got numerical cols from schema config
[ 2025-07-12 23:43:26,144 ] root - INFO - Initialized StandardScaler, OneHotEncoder, OrdinalEncoder
[ 2025-07-12 23:43:26,144 ] root - INFO - Initialize PowerTransformer
[ 2025-07-12 23:43:26,144 ] root - INFO - Created preprocessor object from ColumnTransformer
[ 2025-07-12 23:43:26,144 ] root - INFO - Exited get_data_transformer_object method of DataTransformation class
[ 2025-07-12 23:43:26,144 ] root - INFO - Got the preprocessor object
[ 2025-07-12 23:43:26,152 ] root - INFO - Got train features and test features of Training dataset
[ 2025-07-12 23:43:26,152 ] root - INFO - Added company_age column to the Training dataset
[ 2025-07-12 23:43:26,152 ] root - INFO - drop the columns in drop_cols of Training dataset
[ 2025-07-12 23:43:26,152 ] root - INFO - Entered the drop_columns method of utils
[ 2025-07-12 23:43:26,153 ] root - INFO - Dropped columns: ['case_id', 'yr_of_estab']
[ 2025-07-12 23:43:26,157 ] root - INFO - Added company_age column to the Test dataset
[ 2025-07-12 23:43:26,157 ] root - INFO - Entered the drop_columns method of utils
[ 2025-07-12 23:43:26,157 ] root - INFO - Dropped columns: ['case_id', 'yr_of_estab']
[ 2025-07-12 23:43:26,157 ] root - INFO - drop the columns in drop_cols of Test dataset
[ 2025-07-12 23:43:26,158 ] root - INFO - Got train features and test features of Testing dataset
[ 2025-07-12 23:43:26,158 ] root - INFO - Applying preprocessing object on training dataframe and testing dataframe
[ 2025-07-12 23:43:26,191 ] root - INFO - Used the preprocessor object to fit transform the train features
[ 2025-07-12 23:43:26,196 ] root - INFO - Used the preprocessor object to transform the test features
[ 2025-07-12 23:43:26,196 ] root - INFO - Applying SMOTEENN on Training dataset
[ 2025-07-12 23:43:26,641 ] root - INFO - Applied SMOTEENN on training dataset
[ 2025-07-12 23:43:26,641 ] root - INFO - Applying SMOTEENN on testing dataset
[ 2025-07-12 23:43:26,680 ] root - INFO - Applied SMOTEENN on testing dataset
[ 2025-07-12 23:43:26,680 ] root - INFO - Created train array and test array
[ 2025-07-12 23:43:26,681 ] root - INFO - Entered the save_object method of utils
[ 2025-07-12 23:43:26,683 ] root - INFO - Exited the save_object method of utils
[ 2025-07-12 23:43:26,683 ] root - INFO - Entered the load_numpy_array_data method of utils
[ 2025-07-12 23:43:26,683 ] root - INFO - Entered the load_numpy_array_data method of utils
[ 2025-07-12 23:43:26,684 ] root - INFO - Saved the preprocessor object
[ 2025-07-12 23:43:26,684 ] root - INFO - Exited initiate_data_transformation method of Data_Transformation class
[ 2025-07-12 23:43:26,685 ] root - INFO - Exited the [start_data_transformation] method of TrainPipeline class
[ 2025-07-12 23:43:26,685 ] root - INFO - Entered the [start_model_trainer] method of TrainPipeline class
[ 2025-07-12 23:43:26,685 ] root - INFO - Entered [initiate_model_trainer] method of ModelTrainer class
[ 2025-07-12 23:43:26,685 ] root - INFO - Entered the load_numpy_array_data method of utils
[ 2025-07-12 23:43:26,688 ] root - INFO - Exited the load_numpy_array_data method of utils
[ 2025-07-12 23:43:26,688 ] root - INFO - Entered the load_numpy_array_data method of utils
[ 2025-07-12 23:43:26,688 ] root - INFO - Exited the load_numpy_array_data method of utils
[ 2025-07-12 23:43:26,688 ] root - INFO - Entered [get_model_object_and_report] method of ModelTrainer class
[ 2025-07-12 23:43:26,688 ] root - INFO - Using neuro_mf to get best model object and report
[ 2025-07-12 23:43:26,690 ] neuro_mf - INFO - Started Initializing model from config file
[ 2025-07-12 23:43:26,690 ] neuro_mf - INFO - {'algorithm': 'kd_tree', 'weights': 'uniform', 'n_neighbors': 3}
[ 2025-07-12 23:43:26,690 ] neuro_mf - INFO - {'max_depth': 10, 'max_features': 'sqrt', 'n_estimators': 3}
[ 2025-07-12 23:43:26,715 ] neuro_mf - INFO - {'max_depth': 6, 'learning_rate': 0.1, 'n_estimators': 100, 'subsample': 1}
[ 2025-07-12 23:43:26,716 ] neuro_mf - INFO - Initialized model: [InitializedModelDetail(model_serial_number='module_0', model=KNeighborsClassifier(algorithm='kd_tree', n_neighbors=3), param_grid_search={'algorithm': ['auto', 'ball_tree', 'kd_tree', 'brute'], 'weights': ['uniform', 'distance'], 'n_neighbors': [3, 5, 9]}, model_name='sklearn.neighbors.KNeighborsClassifier'), InitializedModelDetail(model_serial_number='module_1', model=RandomForestClassifier(max_depth=10, n_estimators=3), param_grid_search={'max_depth': [10, 15, 20], 'max_features': ['sqrt', 'log2'], 'n_estimators': [3, 5, 9]}, model_name='sklearn.ensemble.RandomForestClassifier'), InitializedModelDetail(model_serial_number='module_2', model=XGBClassifier(base_score=None, booster=None, callbacks=None,
              colsample_bylevel=None, colsample_bynode=None,
              colsample_bytree=None, device=None, early_stopping_rounds=None,
              enable_categorical=False, eval_metric=None, feature_types=None,
              feature_weights=None, gamma=None, grow_policy=None,
              importance_type=None, interaction_constraints=None,
              learning_rate=0.1, max_bin=None, max_cat_threshold=None,
              max_cat_to_onehot=None, max_delta_step=None, max_depth=6,
              max_leaves=None, min_child_weight=None, missing=nan,
              monotone_constraints=None, multi_strategy=None, n_estimators=100,
              n_jobs=None, num_parallel_tree=None, ...), param_grid_search={'max_depth': [3, 6, 10], 'learning_rate': [0.01, 0.1, 0.2], 'n_estimators': [50, 100, 200], 'subsample': [0.8, 1]}, model_name='xgboost.XGBClassifier')]
[ 2025-07-12 23:43:26,716 ] neuro_mf - INFO - ('**************************************************', 'training KNeighborsClassifier', '**************************************************')
[ 2025-07-12 23:43:26,716 ] neuro_mf - INFO - {'cv': 3, 'verbose': 3}
[ 2025-07-12 23:43:28,036 ] pymongo.topology - DEBUG - {"message": "Server heartbeat succeeded", "topologyId": {"$oid": "6872a5b37e69da3a123b75ee"}, "driverConnectionId": 1, "serverConnectionId": 22902, "serverHost": "ac-seftnoh-shard-00-01.ajiae5a.mongodb.net", "serverPort": 27017, "awaited": true, "durationMS": 10116.795749985613, "reply": "{\"topologyVersion\": {\"processId\": {\"$oid\": \"68712bc703db27a9c7dda3d9\"}, \"counter\": 3}, \"hosts\": [\"ac-seftnoh-shard-00-00.ajiae5a.mongodb.net:27017\", \"ac-seftnoh-shard-00-01.ajiae5a.mongodb.net:27017\", \"ac-seftnoh-shard-00-02.ajiae5a.mongodb.net:27017\"], \"setName\": \"atlas-huz2dh-shard-0\", \"setVersion\": 299, \"secondary\": true, \"primary\": \"ac-seftnoh-shard-00-02.ajiae5a.mongodb.net:27017\", \"tags\": {\"workloadType\": \"OPERATIONAL\", \"diskState\": \"READY\", \"availabilityZone\": \"aps1-az3\", \"nodeType\": \"ELECTABLE\", \"provider\": \"AWS\", \"region\": \"AP_SOUTH_1\"}, \"me\": \"ac-seftnoh-shard-00-01.ajiae5a.mongodb.net:27017\", \"lastWrite\": {\"opTime\": {\"ts\": {\"$timestamp\": {\"t\": 1752344007, \"i\": 15}}, \"t\": 273}, \"lastWriteDate\": {\"$date\": \"2025-07-12T18:13:27Z\"}, \"majorityOpTime\": {\"ts\": {\"$timestamp\": {\"t\": 1752344007, \"i\": 15}}, \"t\": 273}, \"majorityWriteDate\": {\"$date\": \"2025-07-12T18:13:27Z\"}}, \"maxBsonObjectSize\": 16777216, \"maxMessageSizeBytes\": 48000000, \"maxWriteBatchSize\": 100000, \"localTime\": {\"$date\"..."}
[ 2025-07-12 23:43:28,037 ] pymongo.topology - DEBUG - {"message": "Server heartbeat succeeded", "topologyId": {"$oid": "6872a5b37e69da3a123b75ee"}, "driverConnectionId": 1, "serverConnectionId": 24317, "serverHost": "ac-seftnoh-shard-00-02.ajiae5a.mongodb.net", "serverPort": 27017, "awaited": true, "durationMS": 10071.759457990993, "reply": "{\"topologyVersion\": {\"processId\": {\"$oid\": \"68712b88e825f82d0dc0fc06\"}, \"counter\": 6}, \"hosts\": [\"ac-seftnoh-shard-00-00.ajiae5a.mongodb.net:27017\", \"ac-seftnoh-shard-00-01.ajiae5a.mongodb.net:27017\", \"ac-seftnoh-shard-00-02.ajiae5a.mongodb.net:27017\"], \"setName\": \"atlas-huz2dh-shard-0\", \"setVersion\": 299, \"isWritablePrimary\": true, \"primary\": \"ac-seftnoh-shard-00-02.ajiae5a.mongodb.net:27017\", \"tags\": {\"availabilityZone\": \"aps1-az2\", \"diskState\": \"READY\", \"workloadType\": \"OPERATIONAL\", \"region\": \"AP_SOUTH_1\", \"provider\": \"AWS\", \"nodeType\": \"ELECTABLE\"}, \"me\": \"ac-seftnoh-shard-00-02.ajiae5a.mongodb.net:27017\", \"electionId\": {\"$oid\": \"7fffffff0000000000000111\"}, \"lastWrite\": {\"opTime\": {\"ts\": {\"$timestamp\": {\"t\": 1752344007, \"i\": 17}}, \"t\": 273}, \"lastWriteDate\": {\"$date\": \"2025-07-12T18:13:27Z\"}, \"majorityOpTime\": {\"ts\": {\"$timestamp\": {\"t\": 1752344007, \"i\": 17}}, \"t\": 273}, \"majorityWriteDate\": {\"$date\": \"2025-07-12T18:13:27Z\"}}, \"maxBsonObjectSize\": 16777216, \"maxMessageSizeBytes\": ..."}
[ 2025-07-12 23:43:28,037 ] pymongo.topology - DEBUG - {"message": "Server heartbeat started", "topologyId": {"$oid": "6872a5b37e69da3a123b75ee"}, "driverConnectionId": 1, "serverConnectionId": 22902, "serverHost": "ac-seftnoh-shard-00-01.ajiae5a.mongodb.net", "serverPort": 27017, "awaited": true}
[ 2025-07-12 23:43:28,037 ] pymongo.topology - DEBUG - {"message": "Server heartbeat succeeded", "topologyId": {"$oid": "6872a5b37e69da3a123b75ee"}, "driverConnectionId": 1, "serverConnectionId": 23522, "serverHost": "ac-seftnoh-shard-00-00.ajiae5a.mongodb.net", "serverPort": 27017, "awaited": true, "durationMS": 10064.972541993484, "reply": "{\"topologyVersion\": {\"processId\": {\"$oid\": \"68712b49081a705f8235132a\"}, \"counter\": 4}, \"hosts\": [\"ac-seftnoh-shard-00-00.ajiae5a.mongodb.net:27017\", \"ac-seftnoh-shard-00-01.ajiae5a.mongodb.net:27017\", \"ac-seftnoh-shard-00-02.ajiae5a.mongodb.net:27017\"], \"setName\": \"atlas-huz2dh-shard-0\", \"setVersion\": 299, \"secondary\": true, \"primary\": \"ac-seftnoh-shard-00-02.ajiae5a.mongodb.net:27017\", \"tags\": {\"diskState\": \"READY\", \"nodeType\": \"ELECTABLE\", \"region\": \"AP_SOUTH_1\", \"workloadType\": \"OPERATIONAL\", \"provider\": \"AWS\", \"availabilityZone\": \"aps1-az1\"}, \"me\": \"ac-seftnoh-shard-00-00.ajiae5a.mongodb.net:27017\", \"lastWrite\": {\"opTime\": {\"ts\": {\"$timestamp\": {\"t\": 1752344007, \"i\": 17}}, \"t\": 273}, \"lastWriteDate\": {\"$date\": \"2025-07-12T18:13:27Z\"}, \"majorityOpTime\": {\"ts\": {\"$timestamp\": {\"t\": 1752344007, \"i\": 17}}, \"t\": 273}, \"majorityWriteDate\": {\"$date\": \"2025-07-12T18:13:27Z\"}}, \"maxBsonObjectSize\": 16777216, \"maxMessageSizeBytes\": 48000000, \"maxWriteBatchSize\": 100000, \"localTime\": {\"$date\"..."}
[ 2025-07-12 23:43:28,037 ] pymongo.topology - DEBUG - {"message": "Server heartbeat started", "topologyId": {"$oid": "6872a5b37e69da3a123b75ee"}, "driverConnectionId": 1, "serverConnectionId": 24317, "serverHost": "ac-seftnoh-shard-00-02.ajiae5a.mongodb.net", "serverPort": 27017, "awaited": true}
[ 2025-07-12 23:43:28,038 ] pymongo.topology - DEBUG - {"message": "Server heartbeat started", "topologyId": {"$oid": "6872a5b37e69da3a123b75ee"}, "driverConnectionId": 1, "serverConnectionId": 23522, "serverHost": "ac-seftnoh-shard-00-00.ajiae5a.mongodb.net", "serverPort": 27017, "awaited": true}
[ 2025-07-12 23:43:35,358 ] neuro_mf - INFO - ('**************************************************', 'training RandomForestClassifier', '**************************************************')
[ 2025-07-12 23:43:35,360 ] neuro_mf - INFO - {'cv': 3, 'verbose': 3}
[ 2025-07-12 23:43:37,263 ] neuro_mf - INFO - ('**************************************************', 'training XGBClassifier', '**************************************************')
[ 2025-07-12 23:43:37,263 ] neuro_mf - INFO - {'cv': 3, 'verbose': 3}
[ 2025-07-12 23:43:37,936 ] pymongo.topology - DEBUG - {"message": "Server heartbeat succeeded", "topologyId": {"$oid": "6872a5b37e69da3a123b75ee"}, "driverConnectionId": 1, "serverConnectionId": 22902, "serverHost": "ac-seftnoh-shard-00-01.ajiae5a.mongodb.net", "serverPort": 27017, "awaited": true, "durationMS": 9898.440417018719, "reply": "{\"topologyVersion\": {\"processId\": {\"$oid\": \"68712bc703db27a9c7dda3d9\"}, \"counter\": 3}, \"hosts\": [\"ac-seftnoh-shard-00-00.ajiae5a.mongodb.net:27017\", \"ac-seftnoh-shard-00-01.ajiae5a.mongodb.net:27017\", \"ac-seftnoh-shard-00-02.ajiae5a.mongodb.net:27017\"], \"setName\": \"atlas-huz2dh-shard-0\", \"setVersion\": 299, \"secondary\": true, \"primary\": \"ac-seftnoh-shard-00-02.ajiae5a.mongodb.net:27017\", \"tags\": {\"nodeType\": \"ELECTABLE\", \"workloadType\": \"OPERATIONAL\", \"provider\": \"AWS\", \"region\": \"AP_SOUTH_1\", \"availabilityZone\": \"aps1-az3\", \"diskState\": \"READY\"}, \"me\": \"ac-seftnoh-shard-00-01.ajiae5a.mongodb.net:27017\", \"lastWrite\": {\"opTime\": {\"ts\": {\"$timestamp\": {\"t\": 1752344017, \"i\": 13}}, \"t\": 273}, \"lastWriteDate\": {\"$date\": \"2025-07-12T18:13:37Z\"}, \"majorityOpTime\": {\"ts\": {\"$timestamp\": {\"t\": 1752344017, \"i\": 13}}, \"t\": 273}, \"majorityWriteDate\": {\"$date\": \"2025-07-12T18:13:37Z\"}}, \"maxBsonObjectSize\": 16777216, \"maxMessageSizeBytes\": 48000000, \"maxWriteBatchSize\": 100000, \"localTime\": {\"$date\"..."}
[ 2025-07-12 23:43:37,936 ] pymongo.topology - DEBUG - {"message": "Server heartbeat started", "topologyId": {"$oid": "6872a5b37e69da3a123b75ee"}, "driverConnectionId": 1, "serverConnectionId": 22902, "serverHost": "ac-seftnoh-shard-00-01.ajiae5a.mongodb.net", "serverPort": 27017, "awaited": true}
[ 2025-07-12 23:43:37,962 ] pymongo.topology - DEBUG - {"message": "Server heartbeat succeeded", "topologyId": {"$oid": "6872a5b37e69da3a123b75ee"}, "driverConnectionId": 1, "serverConnectionId": 24317, "serverHost": "ac-seftnoh-shard-00-02.ajiae5a.mongodb.net", "serverPort": 27017, "awaited": true, "durationMS": 9924.05712499749, "reply": "{\"topologyVersion\": {\"processId\": {\"$oid\": \"68712b88e825f82d0dc0fc06\"}, \"counter\": 6}, \"hosts\": [\"ac-seftnoh-shard-00-00.ajiae5a.mongodb.net:27017\", \"ac-seftnoh-shard-00-01.ajiae5a.mongodb.net:27017\", \"ac-seftnoh-shard-00-02.ajiae5a.mongodb.net:27017\"], \"setName\": \"atlas-huz2dh-shard-0\", \"setVersion\": 299, \"isWritablePrimary\": true, \"primary\": \"ac-seftnoh-shard-00-02.ajiae5a.mongodb.net:27017\", \"tags\": {\"workloadType\": \"OPERATIONAL\", \"provider\": \"AWS\", \"diskState\": \"READY\", \"nodeType\": \"ELECTABLE\", \"availabilityZone\": \"aps1-az2\", \"region\": \"AP_SOUTH_1\"}, \"me\": \"ac-seftnoh-shard-00-02.ajiae5a.mongodb.net:27017\", \"electionId\": {\"$oid\": \"7fffffff0000000000000111\"}, \"lastWrite\": {\"opTime\": {\"ts\": {\"$timestamp\": {\"t\": 1752344017, \"i\": 14}}, \"t\": 273}, \"lastWriteDate\": {\"$date\": \"2025-07-12T18:13:37Z\"}, \"majorityOpTime\": {\"ts\": {\"$timestamp\": {\"t\": 1752344017, \"i\": 14}}, \"t\": 273}, \"majorityWriteDate\": {\"$date\": \"2025-07-12T18:13:37Z\"}}, \"maxBsonObjectSize\": 16777216, \"maxMessageSizeBytes\": ..."}
[ 2025-07-12 23:43:37,962 ] pymongo.topology - DEBUG - {"message": "Server heartbeat started", "topologyId": {"$oid": "6872a5b37e69da3a123b75ee"}, "driverConnectionId": 1, "serverConnectionId": 24317, "serverHost": "ac-seftnoh-shard-00-02.ajiae5a.mongodb.net", "serverPort": 27017, "awaited": true}
[ 2025-07-12 23:43:37,979 ] pymongo.topology - DEBUG - {"message": "Server heartbeat succeeded", "topologyId": {"$oid": "6872a5b37e69da3a123b75ee"}, "driverConnectionId": 1, "serverConnectionId": 23522, "serverHost": "ac-seftnoh-shard-00-00.ajiae5a.mongodb.net", "serverPort": 27017, "awaited": true, "durationMS": 9940.633457998047, "reply": "{\"topologyVersion\": {\"processId\": {\"$oid\": \"68712b49081a705f8235132a\"}, \"counter\": 4}, \"hosts\": [\"ac-seftnoh-shard-00-00.ajiae5a.mongodb.net:27017\", \"ac-seftnoh-shard-00-01.ajiae5a.mongodb.net:27017\", \"ac-seftnoh-shard-00-02.ajiae5a.mongodb.net:27017\"], \"setName\": \"atlas-huz2dh-shard-0\", \"setVersion\": 299, \"secondary\": true, \"primary\": \"ac-seftnoh-shard-00-02.ajiae5a.mongodb.net:27017\", \"tags\": {\"provider\": \"AWS\", \"region\": \"AP_SOUTH_1\", \"nodeType\": \"ELECTABLE\", \"diskState\": \"READY\", \"workloadType\": \"OPERATIONAL\", \"availabilityZone\": \"aps1-az1\"}, \"me\": \"ac-seftnoh-shard-00-00.ajiae5a.mongodb.net:27017\", \"lastWrite\": {\"opTime\": {\"ts\": {\"$timestamp\": {\"t\": 1752344017, \"i\": 15}}, \"t\": 273}, \"lastWriteDate\": {\"$date\": \"2025-07-12T18:13:37Z\"}, \"majorityOpTime\": {\"ts\": {\"$timestamp\": {\"t\": 1752344017, \"i\": 14}}, \"t\": 273}, \"majorityWriteDate\": {\"$date\": \"2025-07-12T18:13:37Z\"}}, \"maxBsonObjectSize\": 16777216, \"maxMessageSizeBytes\": 48000000, \"maxWriteBatchSize\": 100000, \"localTime\": {\"$date\"..."}
[ 2025-07-12 23:43:37,979 ] pymongo.topology - DEBUG - {"message": "Server heartbeat started", "topologyId": {"$oid": "6872a5b37e69da3a123b75ee"}, "driverConnectionId": 1, "serverConnectionId": 23522, "serverHost": "ac-seftnoh-shard-00-00.ajiae5a.mongodb.net", "serverPort": 27017, "awaited": true}
[ 2025-07-12 23:43:47,940 ] pymongo.topology - DEBUG - {"message": "Server heartbeat succeeded", "topologyId": {"$oid": "6872a5b37e69da3a123b75ee"}, "driverConnectionId": 1, "serverConnectionId": 22902, "serverHost": "ac-seftnoh-shard-00-01.ajiae5a.mongodb.net", "serverPort": 27017, "awaited": true, "durationMS": 10003.301084012492, "reply": "{\"topologyVersion\": {\"processId\": {\"$oid\": \"68712bc703db27a9c7dda3d9\"}, \"counter\": 3}, \"hosts\": [\"ac-seftnoh-shard-00-00.ajiae5a.mongodb.net:27017\", \"ac-seftnoh-shard-00-01.ajiae5a.mongodb.net:27017\", \"ac-seftnoh-shard-00-02.ajiae5a.mongodb.net:27017\"], \"setName\": \"atlas-huz2dh-shard-0\", \"setVersion\": 299, \"secondary\": true, \"primary\": \"ac-seftnoh-shard-00-02.ajiae5a.mongodb.net:27017\", \"tags\": {\"nodeType\": \"ELECTABLE\", \"workloadType\": \"OPERATIONAL\", \"provider\": \"AWS\", \"region\": \"AP_SOUTH_1\", \"availabilityZone\": \"aps1-az3\", \"diskState\": \"READY\"}, \"me\": \"ac-seftnoh-shard-00-01.ajiae5a.mongodb.net:27017\", \"lastWrite\": {\"opTime\": {\"ts\": {\"$timestamp\": {\"t\": 1752344027, \"i\": 14}}, \"t\": 273}, \"lastWriteDate\": {\"$date\": \"2025-07-12T18:13:47Z\"}, \"majorityOpTime\": {\"ts\": {\"$timestamp\": {\"t\": 1752344027, \"i\": 14}}, \"t\": 273}, \"majorityWriteDate\": {\"$date\": \"2025-07-12T18:13:47Z\"}}, \"maxBsonObjectSize\": 16777216, \"maxMessageSizeBytes\": 48000000, \"maxWriteBatchSize\": 100000, \"localTime\": {\"$date\"..."}
[ 2025-07-12 23:43:47,940 ] pymongo.topology - DEBUG - {"message": "Server heartbeat started", "topologyId": {"$oid": "6872a5b37e69da3a123b75ee"}, "driverConnectionId": 1, "serverConnectionId": 22902, "serverHost": "ac-seftnoh-shard-00-01.ajiae5a.mongodb.net", "serverPort": 27017, "awaited": true}
[ 2025-07-12 23:43:47,970 ] pymongo.topology - DEBUG - {"message": "Server heartbeat succeeded", "topologyId": {"$oid": "6872a5b37e69da3a123b75ee"}, "driverConnectionId": 1, "serverConnectionId": 24317, "serverHost": "ac-seftnoh-shard-00-02.ajiae5a.mongodb.net", "serverPort": 27017, "awaited": true, "durationMS": 10007.3418749962, "reply": "{\"topologyVersion\": {\"processId\": {\"$oid\": \"68712b88e825f82d0dc0fc06\"}, \"counter\": 6}, \"hosts\": [\"ac-seftnoh-shard-00-00.ajiae5a.mongodb.net:27017\", \"ac-seftnoh-shard-00-01.ajiae5a.mongodb.net:27017\", \"ac-seftnoh-shard-00-02.ajiae5a.mongodb.net:27017\"], \"setName\": \"atlas-huz2dh-shard-0\", \"setVersion\": 299, \"isWritablePrimary\": true, \"primary\": \"ac-seftnoh-shard-00-02.ajiae5a.mongodb.net:27017\", \"tags\": {\"provider\": \"AWS\", \"region\": \"AP_SOUTH_1\", \"workloadType\": \"OPERATIONAL\", \"nodeType\": \"ELECTABLE\", \"availabilityZone\": \"aps1-az2\", \"diskState\": \"READY\"}, \"me\": \"ac-seftnoh-shard-00-02.ajiae5a.mongodb.net:27017\", \"electionId\": {\"$oid\": \"7fffffff0000000000000111\"}, \"lastWrite\": {\"opTime\": {\"ts\": {\"$timestamp\": {\"t\": 1752344027, \"i\": 15}}, \"t\": 273}, \"lastWriteDate\": {\"$date\": \"2025-07-12T18:13:47Z\"}, \"majorityOpTime\": {\"ts\": {\"$timestamp\": {\"t\": 1752344027, \"i\": 15}}, \"t\": 273}, \"majorityWriteDate\": {\"$date\": \"2025-07-12T18:13:47Z\"}}, \"maxBsonObjectSize\": 16777216, \"maxMessageSizeBytes\": ..."}
[ 2025-07-12 23:43:47,970 ] pymongo.topology - DEBUG - {"message": "Server heartbeat started", "topologyId": {"$oid": "6872a5b37e69da3a123b75ee"}, "driverConnectionId": 1, "serverConnectionId": 24317, "serverHost": "ac-seftnoh-shard-00-02.ajiae5a.mongodb.net", "serverPort": 27017, "awaited": true}
[ 2025-07-12 23:43:47,990 ] pymongo.topology - DEBUG - {"message": "Server heartbeat succeeded", "topologyId": {"$oid": "6872a5b37e69da3a123b75ee"}, "driverConnectionId": 1, "serverConnectionId": 23522, "serverHost": "ac-seftnoh-shard-00-00.ajiae5a.mongodb.net", "serverPort": 27017, "awaited": true, "durationMS": 10010.3736660094, "reply": "{\"topologyVersion\": {\"processId\": {\"$oid\": \"68712b49081a705f8235132a\"}, \"counter\": 4}, \"hosts\": [\"ac-seftnoh-shard-00-00.ajiae5a.mongodb.net:27017\", \"ac-seftnoh-shard-00-01.ajiae5a.mongodb.net:27017\", \"ac-seftnoh-shard-00-02.ajiae5a.mongodb.net:27017\"], \"setName\": \"atlas-huz2dh-shard-0\", \"setVersion\": 299, \"secondary\": true, \"primary\": \"ac-seftnoh-shard-00-02.ajiae5a.mongodb.net:27017\", \"tags\": {\"diskState\": \"READY\", \"nodeType\": \"ELECTABLE\", \"region\": \"AP_SOUTH_1\", \"workloadType\": \"OPERATIONAL\", \"provider\": \"AWS\", \"availabilityZone\": \"aps1-az1\"}, \"me\": \"ac-seftnoh-shard-00-00.ajiae5a.mongodb.net:27017\", \"lastWrite\": {\"opTime\": {\"ts\": {\"$timestamp\": {\"t\": 1752344027, \"i\": 15}}, \"t\": 273}, \"lastWriteDate\": {\"$date\": \"2025-07-12T18:13:47Z\"}, \"majorityOpTime\": {\"ts\": {\"$timestamp\": {\"t\": 1752344027, \"i\": 15}}, \"t\": 273}, \"majorityWriteDate\": {\"$date\": \"2025-07-12T18:13:47Z\"}}, \"maxBsonObjectSize\": 16777216, \"maxMessageSizeBytes\": 48000000, \"maxWriteBatchSize\": 100000, \"localTime\": {\"$date\"..."}
[ 2025-07-12 23:43:47,990 ] pymongo.topology - DEBUG - {"message": "Server heartbeat started", "topologyId": {"$oid": "6872a5b37e69da3a123b75ee"}, "driverConnectionId": 1, "serverConnectionId": 23522, "serverHost": "ac-seftnoh-shard-00-00.ajiae5a.mongodb.net", "serverPort": 27017, "awaited": true}
[ 2025-07-12 23:43:57,945 ] pymongo.topology - DEBUG - {"message": "Server heartbeat succeeded", "topologyId": {"$oid": "6872a5b37e69da3a123b75ee"}, "driverConnectionId": 1, "serverConnectionId": 22902, "serverHost": "ac-seftnoh-shard-00-01.ajiae5a.mongodb.net", "serverPort": 27017, "awaited": true, "durationMS": 10004.798790992936, "reply": "{\"topologyVersion\": {\"processId\": {\"$oid\": \"68712bc703db27a9c7dda3d9\"}, \"counter\": 3}, \"hosts\": [\"ac-seftnoh-shard-00-00.ajiae5a.mongodb.net:27017\", \"ac-seftnoh-shard-00-01.ajiae5a.mongodb.net:27017\", \"ac-seftnoh-shard-00-02.ajiae5a.mongodb.net:27017\"], \"setName\": \"atlas-huz2dh-shard-0\", \"setVersion\": 299, \"secondary\": true, \"primary\": \"ac-seftnoh-shard-00-02.ajiae5a.mongodb.net:27017\", \"tags\": {\"diskState\": \"READY\", \"workloadType\": \"OPERATIONAL\", \"availabilityZone\": \"aps1-az3\", \"nodeType\": \"ELECTABLE\", \"provider\": \"AWS\", \"region\": \"AP_SOUTH_1\"}, \"me\": \"ac-seftnoh-shard-00-01.ajiae5a.mongodb.net:27017\", \"lastWrite\": {\"opTime\": {\"ts\": {\"$timestamp\": {\"t\": 1752344037, \"i\": 14}}, \"t\": 273}, \"lastWriteDate\": {\"$date\": \"2025-07-12T18:13:57Z\"}, \"majorityOpTime\": {\"ts\": {\"$timestamp\": {\"t\": 1752344037, \"i\": 14}}, \"t\": 273}, \"majorityWriteDate\": {\"$date\": \"2025-07-12T18:13:57Z\"}}, \"maxBsonObjectSize\": 16777216, \"maxMessageSizeBytes\": 48000000, \"maxWriteBatchSize\": 100000, \"localTime\": {\"$date\"..."}
[ 2025-07-12 23:43:57,946 ] pymongo.topology - DEBUG - {"message": "Server heartbeat started", "topologyId": {"$oid": "6872a5b37e69da3a123b75ee"}, "driverConnectionId": 1, "serverConnectionId": 22902, "serverHost": "ac-seftnoh-shard-00-01.ajiae5a.mongodb.net", "serverPort": 27017, "awaited": true}
[ 2025-07-12 23:43:57,986 ] pymongo.topology - DEBUG - {"message": "Server heartbeat succeeded", "topologyId": {"$oid": "6872a5b37e69da3a123b75ee"}, "driverConnectionId": 1, "serverConnectionId": 24317, "serverHost": "ac-seftnoh-shard-00-02.ajiae5a.mongodb.net", "serverPort": 27017, "awaited": true, "durationMS": 10016.118833998917, "reply": "{\"topologyVersion\": {\"processId\": {\"$oid\": \"68712b88e825f82d0dc0fc06\"}, \"counter\": 6}, \"hosts\": [\"ac-seftnoh-shard-00-00.ajiae5a.mongodb.net:27017\", \"ac-seftnoh-shard-00-01.ajiae5a.mongodb.net:27017\", \"ac-seftnoh-shard-00-02.ajiae5a.mongodb.net:27017\"], \"setName\": \"atlas-huz2dh-shard-0\", \"setVersion\": 299, \"isWritablePrimary\": true, \"primary\": \"ac-seftnoh-shard-00-02.ajiae5a.mongodb.net:27017\", \"tags\": {\"workloadType\": \"OPERATIONAL\", \"provider\": \"AWS\", \"diskState\": \"READY\", \"nodeType\": \"ELECTABLE\", \"availabilityZone\": \"aps1-az2\", \"region\": \"AP_SOUTH_1\"}, \"me\": \"ac-seftnoh-shard-00-02.ajiae5a.mongodb.net:27017\", \"electionId\": {\"$oid\": \"7fffffff0000000000000111\"}, \"lastWrite\": {\"opTime\": {\"ts\": {\"$timestamp\": {\"t\": 1752344037, \"i\": 15}}, \"t\": 273}, \"lastWriteDate\": {\"$date\": \"2025-07-12T18:13:57Z\"}, \"majorityOpTime\": {\"ts\": {\"$timestamp\": {\"t\": 1752344037, \"i\": 15}}, \"t\": 273}, \"majorityWriteDate\": {\"$date\": \"2025-07-12T18:13:57Z\"}}, \"maxBsonObjectSize\": 16777216, \"maxMessageSizeBytes\": ..."}
[ 2025-07-12 23:43:57,987 ] pymongo.topology - DEBUG - {"message": "Server heartbeat started", "topologyId": {"$oid": "6872a5b37e69da3a123b75ee"}, "driverConnectionId": 1, "serverConnectionId": 24317, "serverHost": "ac-seftnoh-shard-00-02.ajiae5a.mongodb.net", "serverPort": 27017, "awaited": true}
[ 2025-07-12 23:43:57,995 ] pymongo.topology - DEBUG - {"message": "Server heartbeat succeeded", "topologyId": {"$oid": "6872a5b37e69da3a123b75ee"}, "driverConnectionId": 1, "serverConnectionId": 23522, "serverHost": "ac-seftnoh-shard-00-00.ajiae5a.mongodb.net", "serverPort": 27017, "awaited": true, "durationMS": 10004.954959003953, "reply": "{\"topologyVersion\": {\"processId\": {\"$oid\": \"68712b49081a705f8235132a\"}, \"counter\": 4}, \"hosts\": [\"ac-seftnoh-shard-00-00.ajiae5a.mongodb.net:27017\", \"ac-seftnoh-shard-00-01.ajiae5a.mongodb.net:27017\", \"ac-seftnoh-shard-00-02.ajiae5a.mongodb.net:27017\"], \"setName\": \"atlas-huz2dh-shard-0\", \"setVersion\": 299, \"secondary\": true, \"primary\": \"ac-seftnoh-shard-00-02.ajiae5a.mongodb.net:27017\", \"tags\": {\"provider\": \"AWS\", \"region\": \"AP_SOUTH_1\", \"diskState\": \"READY\", \"nodeType\": \"ELECTABLE\", \"workloadType\": \"OPERATIONAL\", \"availabilityZone\": \"aps1-az1\"}, \"me\": \"ac-seftnoh-shard-00-00.ajiae5a.mongodb.net:27017\", \"lastWrite\": {\"opTime\": {\"ts\": {\"$timestamp\": {\"t\": 1752344037, \"i\": 15}}, \"t\": 273}, \"lastWriteDate\": {\"$date\": \"2025-07-12T18:13:57Z\"}, \"majorityOpTime\": {\"ts\": {\"$timestamp\": {\"t\": 1752344037, \"i\": 15}}, \"t\": 273}, \"majorityWriteDate\": {\"$date\": \"2025-07-12T18:13:57Z\"}}, \"maxBsonObjectSize\": 16777216, \"maxMessageSizeBytes\": 48000000, \"maxWriteBatchSize\": 100000, \"localTime\": {\"$date\"..."}
[ 2025-07-12 23:43:57,995 ] pymongo.topology - DEBUG - {"message": "Server heartbeat started", "topologyId": {"$oid": "6872a5b37e69da3a123b75ee"}, "driverConnectionId": 1, "serverConnectionId": 23522, "serverHost": "ac-seftnoh-shard-00-00.ajiae5a.mongodb.net", "serverPort": 27017, "awaited": true}
[ 2025-07-12 23:44:07,956 ] pymongo.topology - DEBUG - {"message": "Server heartbeat succeeded", "topologyId": {"$oid": "6872a5b37e69da3a123b75ee"}, "driverConnectionId": 1, "serverConnectionId": 22902, "serverHost": "ac-seftnoh-shard-00-01.ajiae5a.mongodb.net", "serverPort": 27017, "awaited": true, "durationMS": 10009.71341697732, "reply": "{\"topologyVersion\": {\"processId\": {\"$oid\": \"68712bc703db27a9c7dda3d9\"}, \"counter\": 3}, \"hosts\": [\"ac-seftnoh-shard-00-00.ajiae5a.mongodb.net:27017\", \"ac-seftnoh-shard-00-01.ajiae5a.mongodb.net:27017\", \"ac-seftnoh-shard-00-02.ajiae5a.mongodb.net:27017\"], \"setName\": \"atlas-huz2dh-shard-0\", \"setVersion\": 299, \"secondary\": true, \"primary\": \"ac-seftnoh-shard-00-02.ajiae5a.mongodb.net:27017\", \"tags\": {\"availabilityZone\": \"aps1-az3\", \"provider\": \"AWS\", \"workloadType\": \"OPERATIONAL\", \"region\": \"AP_SOUTH_1\", \"diskState\": \"READY\", \"nodeType\": \"ELECTABLE\"}, \"me\": \"ac-seftnoh-shard-00-01.ajiae5a.mongodb.net:27017\", \"lastWrite\": {\"opTime\": {\"ts\": {\"$timestamp\": {\"t\": 1752344047, \"i\": 15}}, \"t\": 273}, \"lastWriteDate\": {\"$date\": \"2025-07-12T18:14:07Z\"}, \"majorityOpTime\": {\"ts\": {\"$timestamp\": {\"t\": 1752344047, \"i\": 15}}, \"t\": 273}, \"majorityWriteDate\": {\"$date\": \"2025-07-12T18:14:07Z\"}}, \"maxBsonObjectSize\": 16777216, \"maxMessageSizeBytes\": 48000000, \"maxWriteBatchSize\": 100000, \"localTime\": {\"$date\"..."}
[ 2025-07-12 23:44:07,957 ] pymongo.topology - DEBUG - {"message": "Server heartbeat started", "topologyId": {"$oid": "6872a5b37e69da3a123b75ee"}, "driverConnectionId": 1, "serverConnectionId": 22902, "serverHost": "ac-seftnoh-shard-00-01.ajiae5a.mongodb.net", "serverPort": 27017, "awaited": true}
[ 2025-07-12 23:44:07,990 ] pymongo.topology - DEBUG - {"message": "Server heartbeat succeeded", "topologyId": {"$oid": "6872a5b37e69da3a123b75ee"}, "driverConnectionId": 1, "serverConnectionId": 24317, "serverHost": "ac-seftnoh-shard-00-02.ajiae5a.mongodb.net", "serverPort": 27017, "awaited": true, "durationMS": 10002.857708983356, "reply": "{\"topologyVersion\": {\"processId\": {\"$oid\": \"68712b88e825f82d0dc0fc06\"}, \"counter\": 6}, \"hosts\": [\"ac-seftnoh-shard-00-00.ajiae5a.mongodb.net:27017\", \"ac-seftnoh-shard-00-01.ajiae5a.mongodb.net:27017\", \"ac-seftnoh-shard-00-02.ajiae5a.mongodb.net:27017\"], \"setName\": \"atlas-huz2dh-shard-0\", \"setVersion\": 299, \"isWritablePrimary\": true, \"primary\": \"ac-seftnoh-shard-00-02.ajiae5a.mongodb.net:27017\", \"tags\": {\"diskState\": \"READY\", \"nodeType\": \"ELECTABLE\", \"region\": \"AP_SOUTH_1\", \"workloadType\": \"OPERATIONAL\", \"provider\": \"AWS\", \"availabilityZone\": \"aps1-az2\"}, \"me\": \"ac-seftnoh-shard-00-02.ajiae5a.mongodb.net:27017\", \"electionId\": {\"$oid\": \"7fffffff0000000000000111\"}, \"lastWrite\": {\"opTime\": {\"ts\": {\"$timestamp\": {\"t\": 1752344047, \"i\": 15}}, \"t\": 273}, \"lastWriteDate\": {\"$date\": \"2025-07-12T18:14:07Z\"}, \"majorityOpTime\": {\"ts\": {\"$timestamp\": {\"t\": 1752344047, \"i\": 15}}, \"t\": 273}, \"majorityWriteDate\": {\"$date\": \"2025-07-12T18:14:07Z\"}}, \"maxBsonObjectSize\": 16777216, \"maxMessageSizeBytes\": ..."}
[ 2025-07-12 23:44:07,990 ] pymongo.topology - DEBUG - {"message": "Server heartbeat started", "topologyId": {"$oid": "6872a5b37e69da3a123b75ee"}, "driverConnectionId": 1, "serverConnectionId": 24317, "serverHost": "ac-seftnoh-shard-00-02.ajiae5a.mongodb.net", "serverPort": 27017, "awaited": true}
[ 2025-07-12 23:44:08,007 ] pymongo.topology - DEBUG - {"message": "Server heartbeat succeeded", "topologyId": {"$oid": "6872a5b37e69da3a123b75ee"}, "driverConnectionId": 1, "serverConnectionId": 23522, "serverHost": "ac-seftnoh-shard-00-00.ajiae5a.mongodb.net", "serverPort": 27017, "awaited": true, "durationMS": 10012.233208020916, "reply": "{\"topologyVersion\": {\"processId\": {\"$oid\": \"68712b49081a705f8235132a\"}, \"counter\": 4}, \"hosts\": [\"ac-seftnoh-shard-00-00.ajiae5a.mongodb.net:27017\", \"ac-seftnoh-shard-00-01.ajiae5a.mongodb.net:27017\", \"ac-seftnoh-shard-00-02.ajiae5a.mongodb.net:27017\"], \"setName\": \"atlas-huz2dh-shard-0\", \"setVersion\": 299, \"secondary\": true, \"primary\": \"ac-seftnoh-shard-00-02.ajiae5a.mongodb.net:27017\", \"tags\": {\"provider\": \"AWS\", \"region\": \"AP_SOUTH_1\", \"diskState\": \"READY\", \"nodeType\": \"ELECTABLE\", \"workloadType\": \"OPERATIONAL\", \"availabilityZone\": \"aps1-az1\"}, \"me\": \"ac-seftnoh-shard-00-00.ajiae5a.mongodb.net:27017\", \"lastWrite\": {\"opTime\": {\"ts\": {\"$timestamp\": {\"t\": 1752344047, \"i\": 15}}, \"t\": 273}, \"lastWriteDate\": {\"$date\": \"2025-07-12T18:14:07Z\"}, \"majorityOpTime\": {\"ts\": {\"$timestamp\": {\"t\": 1752344047, \"i\": 15}}, \"t\": 273}, \"majorityWriteDate\": {\"$date\": \"2025-07-12T18:14:07Z\"}}, \"maxBsonObjectSize\": 16777216, \"maxMessageSizeBytes\": 48000000, \"maxWriteBatchSize\": 100000, \"localTime\": {\"$date\"..."}
[ 2025-07-12 23:44:08,008 ] pymongo.topology - DEBUG - {"message": "Server heartbeat started", "topologyId": {"$oid": "6872a5b37e69da3a123b75ee"}, "driverConnectionId": 1, "serverConnectionId": 23522, "serverHost": "ac-seftnoh-shard-00-00.ajiae5a.mongodb.net", "serverPort": 27017, "awaited": true}
[ 2025-07-12 23:44:17,977 ] pymongo.topology - DEBUG - {"message": "Server heartbeat succeeded", "topologyId": {"$oid": "6872a5b37e69da3a123b75ee"}, "driverConnectionId": 1, "serverConnectionId": 22902, "serverHost": "ac-seftnoh-shard-00-01.ajiae5a.mongodb.net", "serverPort": 27017, "awaited": true, "durationMS": 10019.677166972542, "reply": "{\"topologyVersion\": {\"processId\": {\"$oid\": \"68712bc703db27a9c7dda3d9\"}, \"counter\": 3}, \"hosts\": [\"ac-seftnoh-shard-00-00.ajiae5a.mongodb.net:27017\", \"ac-seftnoh-shard-00-01.ajiae5a.mongodb.net:27017\", \"ac-seftnoh-shard-00-02.ajiae5a.mongodb.net:27017\"], \"setName\": \"atlas-huz2dh-shard-0\", \"setVersion\": 299, \"secondary\": true, \"primary\": \"ac-seftnoh-shard-00-02.ajiae5a.mongodb.net:27017\", \"tags\": {\"workloadType\": \"OPERATIONAL\", \"diskState\": \"READY\", \"availabilityZone\": \"aps1-az3\", \"nodeType\": \"ELECTABLE\", \"provider\": \"AWS\", \"region\": \"AP_SOUTH_1\"}, \"me\": \"ac-seftnoh-shard-00-01.ajiae5a.mongodb.net:27017\", \"lastWrite\": {\"opTime\": {\"ts\": {\"$timestamp\": {\"t\": 1752344057, \"i\": 15}}, \"t\": 273}, \"lastWriteDate\": {\"$date\": \"2025-07-12T18:14:17Z\"}, \"majorityOpTime\": {\"ts\": {\"$timestamp\": {\"t\": 1752344057, \"i\": 15}}, \"t\": 273}, \"majorityWriteDate\": {\"$date\": \"2025-07-12T18:14:17Z\"}}, \"maxBsonObjectSize\": 16777216, \"maxMessageSizeBytes\": 48000000, \"maxWriteBatchSize\": 100000, \"localTime\": {\"$date\"..."}
[ 2025-07-12 23:44:17,977 ] pymongo.topology - DEBUG - {"message": "Server heartbeat started", "topologyId": {"$oid": "6872a5b37e69da3a123b75ee"}, "driverConnectionId": 1, "serverConnectionId": 22902, "serverHost": "ac-seftnoh-shard-00-01.ajiae5a.mongodb.net", "serverPort": 27017, "awaited": true}
[ 2025-07-12 23:44:18,000 ] pymongo.topology - DEBUG - {"message": "Server heartbeat succeeded", "topologyId": {"$oid": "6872a5b37e69da3a123b75ee"}, "driverConnectionId": 1, "serverConnectionId": 24317, "serverHost": "ac-seftnoh-shard-00-02.ajiae5a.mongodb.net", "serverPort": 27017, "awaited": true, "durationMS": 10010.353791993111, "reply": "{\"topologyVersion\": {\"processId\": {\"$oid\": \"68712b88e825f82d0dc0fc06\"}, \"counter\": 6}, \"hosts\": [\"ac-seftnoh-shard-00-00.ajiae5a.mongodb.net:27017\", \"ac-seftnoh-shard-00-01.ajiae5a.mongodb.net:27017\", \"ac-seftnoh-shard-00-02.ajiae5a.mongodb.net:27017\"], \"setName\": \"atlas-huz2dh-shard-0\", \"setVersion\": 299, \"isWritablePrimary\": true, \"primary\": \"ac-seftnoh-shard-00-02.ajiae5a.mongodb.net:27017\", \"tags\": {\"provider\": \"AWS\", \"region\": \"AP_SOUTH_1\", \"nodeType\": \"ELECTABLE\", \"availabilityZone\": \"aps1-az2\", \"diskState\": \"READY\", \"workloadType\": \"OPERATIONAL\"}, \"me\": \"ac-seftnoh-shard-00-02.ajiae5a.mongodb.net:27017\", \"electionId\": {\"$oid\": \"7fffffff0000000000000111\"}, \"lastWrite\": {\"opTime\": {\"ts\": {\"$timestamp\": {\"t\": 1752344057, \"i\": 15}}, \"t\": 273}, \"lastWriteDate\": {\"$date\": \"2025-07-12T18:14:17Z\"}, \"majorityOpTime\": {\"ts\": {\"$timestamp\": {\"t\": 1752344057, \"i\": 15}}, \"t\": 273}, \"majorityWriteDate\": {\"$date\": \"2025-07-12T18:14:17Z\"}}, \"maxBsonObjectSize\": 16777216, \"maxMessageSizeBytes\": ..."}
[ 2025-07-12 23:44:18,000 ] pymongo.topology - DEBUG - {"message": "Server heartbeat started", "topologyId": {"$oid": "6872a5b37e69da3a123b75ee"}, "driverConnectionId": 1, "serverConnectionId": 24317, "serverHost": "ac-seftnoh-shard-00-02.ajiae5a.mongodb.net", "serverPort": 27017, "awaited": true}
[ 2025-07-12 23:44:18,015 ] pymongo.topology - DEBUG - {"message": "Server heartbeat succeeded", "topologyId": {"$oid": "6872a5b37e69da3a123b75ee"}, "driverConnectionId": 1, "serverConnectionId": 23522, "serverHost": "ac-seftnoh-shard-00-00.ajiae5a.mongodb.net", "serverPort": 27017, "awaited": true, "durationMS": 10006.884583999636, "reply": "{\"topologyVersion\": {\"processId\": {\"$oid\": \"68712b49081a705f8235132a\"}, \"counter\": 4}, \"hosts\": [\"ac-seftnoh-shard-00-00.ajiae5a.mongodb.net:27017\", \"ac-seftnoh-shard-00-01.ajiae5a.mongodb.net:27017\", \"ac-seftnoh-shard-00-02.ajiae5a.mongodb.net:27017\"], \"setName\": \"atlas-huz2dh-shard-0\", \"setVersion\": 299, \"secondary\": true, \"primary\": \"ac-seftnoh-shard-00-02.ajiae5a.mongodb.net:27017\", \"tags\": {\"provider\": \"AWS\", \"region\": \"AP_SOUTH_1\", \"nodeType\": \"ELECTABLE\", \"diskState\": \"READY\", \"workloadType\": \"OPERATIONAL\", \"availabilityZone\": \"aps1-az1\"}, \"me\": \"ac-seftnoh-shard-00-00.ajiae5a.mongodb.net:27017\", \"lastWrite\": {\"opTime\": {\"ts\": {\"$timestamp\": {\"t\": 1752344057, \"i\": 15}}, \"t\": 273}, \"lastWriteDate\": {\"$date\": \"2025-07-12T18:14:17Z\"}, \"majorityOpTime\": {\"ts\": {\"$timestamp\": {\"t\": 1752344057, \"i\": 15}}, \"t\": 273}, \"majorityWriteDate\": {\"$date\": \"2025-07-12T18:14:17Z\"}}, \"maxBsonObjectSize\": 16777216, \"maxMessageSizeBytes\": 48000000, \"maxWriteBatchSize\": 100000, \"localTime\": {\"$date\"..."}
[ 2025-07-12 23:44:18,015 ] pymongo.topology - DEBUG - {"message": "Server heartbeat started", "topologyId": {"$oid": "6872a5b37e69da3a123b75ee"}, "driverConnectionId": 1, "serverConnectionId": 23522, "serverHost": "ac-seftnoh-shard-00-00.ajiae5a.mongodb.net", "serverPort": 27017, "awaited": true}
[ 2025-07-12 23:44:20,358 ] neuro_mf - INFO - Acceptable model found:GridSearchedBestModel(model_serial_number='module_0', model=KNeighborsClassifier(algorithm='kd_tree', n_neighbors=3), best_model=KNeighborsClassifier(n_neighbors=3, weights='distance'), best_parameters={'algorithm': 'auto', 'n_neighbors': 3, 'weights': 'distance'}, best_score=0.9589010989010989)
[ 2025-07-12 23:44:20,359 ] neuro_mf - INFO - Best model: GridSearchedBestModel(model_serial_number='module_0', model=KNeighborsClassifier(algorithm='kd_tree', n_neighbors=3), best_model=KNeighborsClassifier(n_neighbors=3, weights='distance'), best_parameters={'algorithm': 'auto', 'n_neighbors': 3, 'weights': 'distance'}, best_score=0.9589010989010989)
[ 2025-07-12 23:44:20,484 ] pymongo.topology - DEBUG - {"message": "Server heartbeat failed", "topologyId": {"$oid": "6872a5b37e69da3a123b75ee"}, "serverHost": "ac-seftnoh-shard-00-01.ajiae5a.mongodb.net", "serverPort": 27017, "awaited": true, "durationMS": 2506.619249994401, "failure": "\"_OperationCancelled('operation cancelled')\"", "driverConnectionId": 1}
[ 2025-07-12 23:44:20,506 ] pymongo.topology - DEBUG - {"message": "Server heartbeat failed", "topologyId": {"$oid": "6872a5b37e69da3a123b75ee"}, "serverHost": "ac-seftnoh-shard-00-02.ajiae5a.mongodb.net", "serverPort": 27017, "awaited": true, "durationMS": 2505.2959589811508, "failure": "\"_OperationCancelled('operation cancelled')\"", "driverConnectionId": 1}
[ 2025-07-12 23:44:20,520 ] pymongo.topology - DEBUG - {"message": "Server heartbeat failed", "topologyId": {"$oid": "6872a5b37e69da3a123b75ee"}, "serverHost": "ac-seftnoh-shard-00-00.ajiae5a.mongodb.net", "serverPort": 27017, "awaited": true, "durationMS": 2505.2837079856545, "failure": "\"_OperationCancelled('operation cancelled')\"", "driverConnectionId": 1}
