[ 2025-07-12 23:40:14,748 ] root - INFO - Initializing TrainPipeline class
[ 2025-07-12 23:40:14,748 ] root - INFO - Entered the [run_pipeline] method of TrainPipeline class
[ 2025-07-12 23:40:14,748 ] root - INFO - Entered the [start_data_ingestion] method of TrainPipeline class
[ 2025-07-12 23:40:14,748 ] root - INFO - Getting data from mongo db
[ 2025-07-12 23:40:14,748 ] root - INFO - Data_Ingestion class object created
[ 2025-07-12 23:40:14,748 ] root - INFO - Entered [initiate_data_ingestion] method of DataIngestion class
[ 2025-07-12 23:40:14,748 ] root - INFO - Entered [export_data_into_feature_store] method of Data_Ingestion class
[ 2025-07-12 23:40:14,748 ] root - INFO - Exporting data from mongodb
[ 2025-07-12 23:40:14,927 ] pymongo.topology - DEBUG - {"message": "Starting topology monitoring", "topologyId": {"$oid": "6872a50694d28f5f787ad839"}}
[ 2025-07-12 23:40:14,927 ] pymongo.topology - DEBUG - {"message": "Topology description changed", "topologyId": {"$oid": "6872a50694d28f5f787ad839"}, "previousDescription": "<TopologyDescription id: 6872a50694d28f5f787ad839, topology_type: Unknown, servers: []>", "newDescription": "<TopologyDescription id: 6872a50694d28f5f787ad839, topology_type: ReplicaSetNoPrimary, servers: [<ServerDescription ('ac-seftnoh-shard-00-00.ajiae5a.mongodb.net', 27017) server_type: Unknown, rtt: None>, <ServerDescription ('ac-seftnoh-shard-00-01.ajiae5a.mongodb.net', 27017) server_type: Unknown, rtt: None>, <ServerDescription ('ac-seftnoh-shard-00-02.ajiae5a.mongodb.net', 27017) server_type: Unknown, rtt: None>]>"}
[ 2025-07-12 23:40:14,927 ] pymongo.topology - DEBUG - {"message": "Starting server monitoring", "topologyId": {"$oid": "6872a50694d28f5f787ad839"}, "serverHost": "ac-seftnoh-shard-00-00.ajiae5a.mongodb.net", "serverPort": 27017}
[ 2025-07-12 23:40:14,927 ] pymongo.topology - DEBUG - {"message": "Starting server monitoring", "topologyId": {"$oid": "6872a50694d28f5f787ad839"}, "serverHost": "ac-seftnoh-shard-00-02.ajiae5a.mongodb.net", "serverPort": 27017}
[ 2025-07-12 23:40:14,927 ] pymongo.topology - DEBUG - {"message": "Starting server monitoring", "topologyId": {"$oid": "6872a50694d28f5f787ad839"}, "serverHost": "ac-seftnoh-shard-00-01.ajiae5a.mongodb.net", "serverPort": 27017}
[ 2025-07-12 23:40:14,927 ] pymongo.connection - DEBUG - {"message": "Connection pool created", "clientId": {"$oid": "6872a50694d28f5f787ad839"}, "serverHost": "ac-seftnoh-shard-00-00.ajiae5a.mongodb.net", "serverPort": 27017}
[ 2025-07-12 23:40:14,927 ] pymongo.connection - DEBUG - {"message": "Connection pool created", "clientId": {"$oid": "6872a50694d28f5f787ad839"}, "serverHost": "ac-seftnoh-shard-00-02.ajiae5a.mongodb.net", "serverPort": 27017}
[ 2025-07-12 23:40:14,927 ] pymongo.connection - DEBUG - {"message": "Connection pool created", "clientId": {"$oid": "6872a50694d28f5f787ad839"}, "serverHost": "ac-seftnoh-shard-00-01.ajiae5a.mongodb.net", "serverPort": 27017}
[ 2025-07-12 23:40:14,928 ] root - INFO - MongoDB connection succesfull
[ 2025-07-12 23:40:14,928 ] pymongo.serverSelection - DEBUG - {"message": "Server selection started", "selector": "Primary()", "operation": "find", "topologyDescription": "<TopologyDescription id: 6872a50694d28f5f787ad839, topology_type: ReplicaSetNoPrimary, servers: [<ServerDescription ('ac-seftnoh-shard-00-00.ajiae5a.mongodb.net', 27017) server_type: Unknown, rtt: None>, <ServerDescription ('ac-seftnoh-shard-00-01.ajiae5a.mongodb.net', 27017) server_type: Unknown, rtt: None>, <ServerDescription ('ac-seftnoh-shard-00-02.ajiae5a.mongodb.net', 27017) server_type: Unknown, rtt: None>]>", "clientId": {"$oid": "6872a50694d28f5f787ad839"}}
[ 2025-07-12 23:40:14,928 ] pymongo.serverSelection - DEBUG - {"message": "Waiting for suitable server to become available", "selector": "Primary()", "operation": "find", "topologyDescription": "<TopologyDescription id: 6872a50694d28f5f787ad839, topology_type: ReplicaSetNoPrimary, servers: [<ServerDescription ('ac-seftnoh-shard-00-00.ajiae5a.mongodb.net', 27017) server_type: Unknown, rtt: None>, <ServerDescription ('ac-seftnoh-shard-00-01.ajiae5a.mongodb.net', 27017) server_type: Unknown, rtt: None>, <ServerDescription ('ac-seftnoh-shard-00-02.ajiae5a.mongodb.net', 27017) server_type: Unknown, rtt: None>]>", "clientId": {"$oid": "6872a50694d28f5f787ad839"}, "remainingTimeMS": 29999}
[ 2025-07-12 23:40:15,275 ] pymongo.topology - DEBUG - {"message": "Server heartbeat started", "topologyId": {"$oid": "6872a50694d28f5f787ad839"}, "driverConnectionId": 1, "serverHost": "ac-seftnoh-shard-00-01.ajiae5a.mongodb.net", "serverPort": 27017, "awaited": false}
[ 2025-07-12 23:40:15,275 ] pymongo.topology - DEBUG - {"message": "Server heartbeat started", "topologyId": {"$oid": "6872a50694d28f5f787ad839"}, "driverConnectionId": 1, "serverHost": "ac-seftnoh-shard-00-00.ajiae5a.mongodb.net", "serverPort": 27017, "awaited": false}
[ 2025-07-12 23:40:15,277 ] pymongo.topology - DEBUG - {"message": "Server heartbeat started", "topologyId": {"$oid": "6872a50694d28f5f787ad839"}, "driverConnectionId": 1, "serverHost": "ac-seftnoh-shard-00-02.ajiae5a.mongodb.net", "serverPort": 27017, "awaited": false}
[ 2025-07-12 23:40:15,344 ] pymongo.topology - DEBUG - {"message": "Server heartbeat succeeded", "topologyId": {"$oid": "6872a50694d28f5f787ad839"}, "driverConnectionId": 1, "serverConnectionId": 22855, "serverHost": "ac-seftnoh-shard-00-01.ajiae5a.mongodb.net", "serverPort": 27017, "awaited": false, "durationMS": 68.38300000526942, "reply": "{\"helloOk\": true, \"topologyVersion\": {\"processId\": {\"$oid\": \"68712bc703db27a9c7dda3d9\"}, \"counter\": 3}, \"hosts\": [\"ac-seftnoh-shard-00-00.ajiae5a.mongodb.net:27017\", \"ac-seftnoh-shard-00-01.ajiae5a.mongodb.net:27017\", \"ac-seftnoh-shard-00-02.ajiae5a.mongodb.net:27017\"], \"setName\": \"atlas-huz2dh-shard-0\", \"setVersion\": 299, \"secondary\": true, \"primary\": \"ac-seftnoh-shard-00-02.ajiae5a.mongodb.net:27017\", \"tags\": {\"provider\": \"AWS\", \"region\": \"AP_SOUTH_1\", \"workloadType\": \"OPERATIONAL\", \"diskState\": \"READY\", \"nodeType\": \"ELECTABLE\", \"availabilityZone\": \"aps1-az3\"}, \"me\": \"ac-seftnoh-shard-00-01.ajiae5a.mongodb.net:27017\", \"lastWrite\": {\"opTime\": {\"ts\": {\"$timestamp\": {\"t\": 1752343815, \"i\": 7}}, \"t\": 273}, \"lastWriteDate\": {\"$date\": \"2025-07-12T18:10:15Z\"}, \"majorityOpTime\": {\"ts\": {\"$timestamp\": {\"t\": 1752343815, \"i\": 7}}, \"t\": 273}, \"majorityWriteDate\": {\"$date\": \"2025-07-12T18:10:15Z\"}}, \"maxBsonObjectSize\": 16777216, \"maxMessageSizeBytes\": 48000000, \"maxWriteBatchSize\": 100000, \"local..."}
[ 2025-07-12 23:40:15,345 ] pymongo.topology - DEBUG - {"message": "Server heartbeat succeeded", "topologyId": {"$oid": "6872a50694d28f5f787ad839"}, "driverConnectionId": 1, "serverConnectionId": 23461, "serverHost": "ac-seftnoh-shard-00-00.ajiae5a.mongodb.net", "serverPort": 27017, "awaited": false, "durationMS": 69.55775001551956, "reply": "{\"helloOk\": true, \"topologyVersion\": {\"processId\": {\"$oid\": \"68712b49081a705f8235132a\"}, \"counter\": 4}, \"hosts\": [\"ac-seftnoh-shard-00-00.ajiae5a.mongodb.net:27017\", \"ac-seftnoh-shard-00-01.ajiae5a.mongodb.net:27017\", \"ac-seftnoh-shard-00-02.ajiae5a.mongodb.net:27017\"], \"setName\": \"atlas-huz2dh-shard-0\", \"setVersion\": 299, \"secondary\": true, \"primary\": \"ac-seftnoh-shard-00-02.ajiae5a.mongodb.net:27017\", \"tags\": {\"provider\": \"AWS\", \"workloadType\": \"OPERATIONAL\", \"availabilityZone\": \"aps1-az1\", \"diskState\": \"READY\", \"nodeType\": \"ELECTABLE\", \"region\": \"AP_SOUTH_1\"}, \"me\": \"ac-seftnoh-shard-00-00.ajiae5a.mongodb.net:27017\", \"lastWrite\": {\"opTime\": {\"ts\": {\"$timestamp\": {\"t\": 1752343815, \"i\": 7}}, \"t\": 273}, \"lastWriteDate\": {\"$date\": \"2025-07-12T18:10:15Z\"}, \"majorityOpTime\": {\"ts\": {\"$timestamp\": {\"t\": 1752343815, \"i\": 7}}, \"t\": 273}, \"majorityWriteDate\": {\"$date\": \"2025-07-12T18:10:15Z\"}}, \"maxBsonObjectSize\": 16777216, \"maxMessageSizeBytes\": 48000000, \"maxWriteBatchSize\": 100000, \"local..."}
[ 2025-07-12 23:40:15,347 ] pymongo.connection - DEBUG - {"message": "Connection pool ready", "clientId": {"$oid": "6872a50694d28f5f787ad839"}, "serverHost": "ac-seftnoh-shard-00-01.ajiae5a.mongodb.net", "serverPort": 27017}
[ 2025-07-12 23:40:15,348 ] pymongo.topology - DEBUG - {"message": "Topology description changed", "topologyId": {"$oid": "6872a50694d28f5f787ad839"}, "previousDescription": "<TopologyDescription id: 6872a50694d28f5f787ad839, topology_type: ReplicaSetNoPrimary, servers: [<ServerDescription ('ac-seftnoh-shard-00-00.ajiae5a.mongodb.net', 27017) server_type: Unknown, rtt: None>, <ServerDescription ('ac-seftnoh-shard-00-01.ajiae5a.mongodb.net', 27017) server_type: Unknown, rtt: None>, <ServerDescription ('ac-seftnoh-shard-00-02.ajiae5a.mongodb.net', 27017) server_type: Unknown, rtt: None>]>", "newDescription": "<TopologyDescription id: 6872a50694d28f5f787ad839, topology_type: ReplicaSetNoPrimary, servers: [<ServerDescription ('ac-seftnoh-shard-00-00.ajiae5a.mongodb.net', 27017) server_type: Unknown, rtt: None>, <ServerDescription ('ac-seftnoh-shard-00-01.ajiae5a.mongodb.net', 27017) server_type: RSSecondary, rtt: 0.06838300000526942>, <ServerDescription ('ac-seftnoh-shard-00-02.ajiae5a.mongodb.net', 27017) server_type: Unknown, rtt: None>]>"}
[ 2025-07-12 23:40:15,348 ] pymongo.connection - DEBUG - {"message": "Connection pool ready", "clientId": {"$oid": "6872a50694d28f5f787ad839"}, "serverHost": "ac-seftnoh-shard-00-00.ajiae5a.mongodb.net", "serverPort": 27017}
[ 2025-07-12 23:40:15,348 ] pymongo.topology - DEBUG - {"message": "Server heartbeat started", "topologyId": {"$oid": "6872a50694d28f5f787ad839"}, "driverConnectionId": 1, "serverConnectionId": 22855, "serverHost": "ac-seftnoh-shard-00-01.ajiae5a.mongodb.net", "serverPort": 27017, "awaited": true}
[ 2025-07-12 23:40:15,349 ] pymongo.topology - DEBUG - {"message": "Topology description changed", "topologyId": {"$oid": "6872a50694d28f5f787ad839"}, "previousDescription": "<TopologyDescription id: 6872a50694d28f5f787ad839, topology_type: ReplicaSetNoPrimary, servers: [<ServerDescription ('ac-seftnoh-shard-00-00.ajiae5a.mongodb.net', 27017) server_type: Unknown, rtt: None>, <ServerDescription ('ac-seftnoh-shard-00-01.ajiae5a.mongodb.net', 27017) server_type: RSSecondary, rtt: 0.06838300000526942>, <ServerDescription ('ac-seftnoh-shard-00-02.ajiae5a.mongodb.net', 27017) server_type: Unknown, rtt: None>]>", "newDescription": "<TopologyDescription id: 6872a50694d28f5f787ad839, topology_type: ReplicaSetNoPrimary, servers: [<ServerDescription ('ac-seftnoh-shard-00-00.ajiae5a.mongodb.net', 27017) server_type: RSSecondary, rtt: 0.06955775001551956>, <ServerDescription ('ac-seftnoh-shard-00-01.ajiae5a.mongodb.net', 27017) server_type: RSSecondary, rtt: 0.06838300000526942>, <ServerDescription ('ac-seftnoh-shard-00-02.ajiae5a.mongodb.net', 27017) server_type: Unknown, rtt: None>]>"}
[ 2025-07-12 23:40:15,350 ] pymongo.topology - DEBUG - {"message": "Server heartbeat succeeded", "topologyId": {"$oid": "6872a50694d28f5f787ad839"}, "driverConnectionId": 1, "serverConnectionId": 24354, "serverHost": "ac-seftnoh-shard-00-02.ajiae5a.mongodb.net", "serverPort": 27017, "awaited": false, "durationMS": 72.68933299928904, "reply": "{\"helloOk\": true, \"topologyVersion\": {\"processId\": {\"$oid\": \"68712b88e825f82d0dc0fc06\"}, \"counter\": 6}, \"hosts\": [\"ac-seftnoh-shard-00-00.ajiae5a.mongodb.net:27017\", \"ac-seftnoh-shard-00-01.ajiae5a.mongodb.net:27017\", \"ac-seftnoh-shard-00-02.ajiae5a.mongodb.net:27017\"], \"setName\": \"atlas-huz2dh-shard-0\", \"setVersion\": 299, \"ismaster\": true, \"primary\": \"ac-seftnoh-shard-00-02.ajiae5a.mongodb.net:27017\", \"tags\": {\"availabilityZone\": \"aps1-az2\", \"diskState\": \"READY\", \"nodeType\": \"ELECTABLE\", \"provider\": \"AWS\", \"region\": \"AP_SOUTH_1\", \"workloadType\": \"OPERATIONAL\"}, \"me\": \"ac-seftnoh-shard-00-02.ajiae5a.mongodb.net:27017\", \"electionId\": {\"$oid\": \"7fffffff0000000000000111\"}, \"lastWrite\": {\"opTime\": {\"ts\": {\"$timestamp\": {\"t\": 1752343815, \"i\": 7}}, \"t\": 273}, \"lastWriteDate\": {\"$date\": \"2025-07-12T18:10:15Z\"}, \"majorityOpTime\": {\"ts\": {\"$timestamp\": {\"t\": 1752343815, \"i\": 7}}, \"t\": 273}, \"majorityWriteDate\": {\"$date\": \"2025-07-12T18:10:15Z\"}}, \"maxBsonObjectSize\": 16777216, \"maxMessageSizeBy..."}
[ 2025-07-12 23:40:15,350 ] pymongo.topology - DEBUG - {"message": "Server heartbeat started", "topologyId": {"$oid": "6872a50694d28f5f787ad839"}, "driverConnectionId": 1, "serverConnectionId": 23461, "serverHost": "ac-seftnoh-shard-00-00.ajiae5a.mongodb.net", "serverPort": 27017, "awaited": true}
[ 2025-07-12 23:40:15,351 ] pymongo.connection - DEBUG - {"message": "Connection pool ready", "clientId": {"$oid": "6872a50694d28f5f787ad839"}, "serverHost": "ac-seftnoh-shard-00-02.ajiae5a.mongodb.net", "serverPort": 27017}
[ 2025-07-12 23:40:15,351 ] pymongo.topology - DEBUG - {"message": "Topology description changed", "topologyId": {"$oid": "6872a50694d28f5f787ad839"}, "previousDescription": "<TopologyDescription id: 6872a50694d28f5f787ad839, topology_type: ReplicaSetNoPrimary, servers: [<ServerDescription ('ac-seftnoh-shard-00-00.ajiae5a.mongodb.net', 27017) server_type: RSSecondary, rtt: 0.06955775001551956>, <ServerDescription ('ac-seftnoh-shard-00-01.ajiae5a.mongodb.net', 27017) server_type: RSSecondary, rtt: 0.06838300000526942>, <ServerDescription ('ac-seftnoh-shard-00-02.ajiae5a.mongodb.net', 27017) server_type: Unknown, rtt: None>]>", "newDescription": "<TopologyDescription id: 6872a50694d28f5f787ad839, topology_type: ReplicaSetWithPrimary, servers: [<ServerDescription ('ac-seftnoh-shard-00-00.ajiae5a.mongodb.net', 27017) server_type: RSSecondary, rtt: 0.06955775001551956>, <ServerDescription ('ac-seftnoh-shard-00-01.ajiae5a.mongodb.net', 27017) server_type: RSSecondary, rtt: 0.06838300000526942>, <ServerDescription ('ac-seftnoh-shard-00-02.ajiae5a.mongodb.net', 27017) server_type: RSPrimary, rtt: 0.07268933299928904>]>"}
[ 2025-07-12 23:40:15,352 ] pymongo.serverSelection - DEBUG - {"message": "Server selection succeeded", "selector": "Primary()", "operation": "find", "topologyDescription": "<TopologyDescription id: 6872a50694d28f5f787ad839, topology_type: ReplicaSetWithPrimary, servers: [<ServerDescription ('ac-seftnoh-shard-00-00.ajiae5a.mongodb.net', 27017) server_type: RSSecondary, rtt: 0.06955775001551956>, <ServerDescription ('ac-seftnoh-shard-00-01.ajiae5a.mongodb.net', 27017) server_type: RSSecondary, rtt: 0.06838300000526942>, <ServerDescription ('ac-seftnoh-shard-00-02.ajiae5a.mongodb.net', 27017) server_type: RSPrimary, rtt: 0.07268933299928904>]>", "clientId": {"$oid": "6872a50694d28f5f787ad839"}, "serverHost": "ac-seftnoh-shard-00-02.ajiae5a.mongodb.net", "serverPort": 27017}
[ 2025-07-12 23:40:15,352 ] pymongo.connection - DEBUG - {"message": "Connection checkout started", "clientId": {"$oid": "6872a50694d28f5f787ad839"}, "serverHost": "ac-seftnoh-shard-00-02.ajiae5a.mongodb.net", "serverPort": 27017}
[ 2025-07-12 23:40:15,352 ] pymongo.connection - DEBUG - {"message": "Connection created", "clientId": {"$oid": "6872a50694d28f5f787ad839"}, "serverHost": "ac-seftnoh-shard-00-02.ajiae5a.mongodb.net", "serverPort": 27017, "driverConnectionId": 1}
[ 2025-07-12 23:40:15,352 ] pymongo.topology - DEBUG - {"message": "Server heartbeat started", "topologyId": {"$oid": "6872a50694d28f5f787ad839"}, "driverConnectionId": 1, "serverConnectionId": 24354, "serverHost": "ac-seftnoh-shard-00-02.ajiae5a.mongodb.net", "serverPort": 27017, "awaited": true}
[ 2025-07-12 23:40:15,710 ] pymongo.connection - DEBUG - {"message": "Connection ready", "clientId": {"$oid": "6872a50694d28f5f787ad839"}, "serverHost": "ac-seftnoh-shard-00-02.ajiae5a.mongodb.net", "serverPort": 27017, "driverConnectionId": 1, "durationMS": 0.2116377089987509}
[ 2025-07-12 23:40:15,711 ] pymongo.connection - DEBUG - {"message": "Connection checked out", "clientId": {"$oid": "6872a50694d28f5f787ad839"}, "serverHost": "ac-seftnoh-shard-00-02.ajiae5a.mongodb.net", "serverPort": 27017, "driverConnectionId": 1, "durationMS": 0.3588776249962393}
[ 2025-07-12 23:40:15,712 ] pymongo.command - DEBUG - {"message": "Command started", "clientId": {"$oid": "6872a50694d28f5f787ad839"}, "command": "{\"find\": \"visa_data\", \"lsid\": {\"id\": {\"$binary\": {\"base64\": \"Dz6YkEznR36ddJBqAtcrHA==\", \"subType\": \"04\"}}}, \"$clusterTime\": {\"clusterTime\": {\"$timestamp\": {\"t\": 1752343815, \"i\": 11}}, \"signature\": {\"hash\": {\"$binary\": {\"base64\": \"7PtPyYXo5W7yf0o5x3UJQqf7MBw=\", \"subType\": \"00\"}}, \"keyId\": 7481317547657134092}}, \"$db\": \"US_VISA\"}", "commandName": "find", "databaseName": "US_VISA", "requestId": 1784484492, "operationId": 1784484492, "driverConnectionId": 1, "serverConnectionId": 24228, "serverHost": "ac-seftnoh-shard-00-02.ajiae5a.mongodb.net", "serverPort": 27017}
[ 2025-07-12 23:40:15,817 ] pymongo.command - DEBUG - {"message": "Command succeeded", "clientId": {"$oid": "6872a50694d28f5f787ad839"}, "durationMS": 105.429, "reply": "{\"cursor\": {\"firstBatch\": [{\"_id\": {\"$oid\": \"686d14e0c5d3562c6585297d\"}, \"case_id\": \"EZYV01\", \"continent\": \"Asia\", \"education_of_employee\": \"High School\", \"has_job_experience\": \"N\", \"requires_job_training\": \"N\", \"no_of_employees\": 14513, \"yr_of_estab\": 2007, \"region_of_employment\": \"West\", \"prevailing_wage\": 592.2029, \"unit_of_wage\": \"Hour\", \"full_time_position\": \"Y\", \"case_status\": \"Denied\"}, {\"_id\": {\"$oid\": \"686d14e0c5d3562c6585297e\"}, \"case_id\": \"EZYV02\", \"continent\": \"Asia\", \"education_of_employee\": \"Master's\", \"has_job_experience\": \"Y\", \"requires_job_training\": \"N\", \"no_of_employees\": 2412, \"yr_of_estab\": 2002, \"region_of_employment\": \"Northeast\", \"prevailing_wage\": 83425.65, \"unit_of_wage\": \"Year\", \"full_time_position\": \"Y\", \"case_status\": \"Certified\"}, {\"_id\": {\"$oid\": \"686d14e0c5d3562c6585297f\"}, \"case_id\": \"EZYV03\", \"continent\": \"Asia\", \"education_of_employee\": \"Bachelor's\", \"has_job_experience\": \"N\", \"requires_job_training\": \"Y\", \"no_of_employees\": 44444, \"yr_of_estab\": 2008...", "commandName": "find", "databaseName": "US_VISA", "requestId": 1784484492, "operationId": 1784484492, "driverConnectionId": 1, "serverConnectionId": 24228, "serverHost": "ac-seftnoh-shard-00-02.ajiae5a.mongodb.net", "serverPort": 27017}
[ 2025-07-12 23:40:15,818 ] pymongo.connection - DEBUG - {"message": "Connection checked in", "clientId": {"$oid": "6872a50694d28f5f787ad839"}, "serverHost": "ac-seftnoh-shard-00-02.ajiae5a.mongodb.net", "serverPort": 27017, "driverConnectionId": 1}
[ 2025-07-12 23:40:15,819 ] pymongo.serverSelection - DEBUG - {"message": "Server selection started", "selector": "<function any_server_selector at 0x1486984a0>", "operation": "getMore", "topologyDescription": "<TopologyDescription id: 6872a50694d28f5f787ad839, topology_type: ReplicaSetWithPrimary, servers: [<ServerDescription ('ac-seftnoh-shard-00-00.ajiae5a.mongodb.net', 27017) server_type: RSSecondary, rtt: 0.06955775001551956>, <ServerDescription ('ac-seftnoh-shard-00-01.ajiae5a.mongodb.net', 27017) server_type: RSSecondary, rtt: 0.06838300000526942>, <ServerDescription ('ac-seftnoh-shard-00-02.ajiae5a.mongodb.net', 27017) server_type: RSPrimary, rtt: 0.07268933299928904>]>", "clientId": {"$oid": "6872a50694d28f5f787ad839"}}
[ 2025-07-12 23:40:15,819 ] pymongo.serverSelection - DEBUG - {"message": "Server selection succeeded", "selector": "<function any_server_selector at 0x1486984a0>", "operation": "getMore", "topologyDescription": "<TopologyDescription id: 6872a50694d28f5f787ad839, topology_type: ReplicaSetWithPrimary, servers: [<ServerDescription ('ac-seftnoh-shard-00-00.ajiae5a.mongodb.net', 27017) server_type: RSSecondary, rtt: 0.06955775001551956>, <ServerDescription ('ac-seftnoh-shard-00-01.ajiae5a.mongodb.net', 27017) server_type: RSSecondary, rtt: 0.06838300000526942>, <ServerDescription ('ac-seftnoh-shard-00-02.ajiae5a.mongodb.net', 27017) server_type: RSPrimary, rtt: 0.07268933299928904>]>", "clientId": {"$oid": "6872a50694d28f5f787ad839"}, "serverHost": "ac-seftnoh-shard-00-02.ajiae5a.mongodb.net", "serverPort": 27017}
[ 2025-07-12 23:40:15,819 ] pymongo.connection - DEBUG - {"message": "Connection checkout started", "clientId": {"$oid": "6872a50694d28f5f787ad839"}, "serverHost": "ac-seftnoh-shard-00-02.ajiae5a.mongodb.net", "serverPort": 27017}
[ 2025-07-12 23:40:15,819 ] pymongo.connection - DEBUG - {"message": "Connection checked out", "clientId": {"$oid": "6872a50694d28f5f787ad839"}, "serverHost": "ac-seftnoh-shard-00-02.ajiae5a.mongodb.net", "serverPort": 27017, "driverConnectionId": 1, "durationMS": 0.00013404199853539467}
[ 2025-07-12 23:40:15,820 ] pymongo.command - DEBUG - {"message": "Command started", "clientId": {"$oid": "6872a50694d28f5f787ad839"}, "command": "{\"getMore\": 2917339863878129917, \"collection\": \"visa_data\", \"lsid\": {\"id\": {\"$binary\": {\"base64\": \"Dz6YkEznR36ddJBqAtcrHA==\", \"subType\": \"04\"}}}, \"$clusterTime\": {\"clusterTime\": {\"$timestamp\": {\"t\": 1752343815, \"i\": 15}}, \"signature\": {\"hash\": {\"$binary\": {\"base64\": \"7PtPyYXo5W7yf0o5x3UJQqf7MBw=\", \"subType\": \"00\"}}, \"keyId\": 7481317547657134092}}, \"$db\": \"US_VISA\"}", "commandName": "getMore", "databaseName": "US_VISA", "requestId": 74243042, "operationId": 74243042, "driverConnectionId": 1, "serverConnectionId": 24228, "serverHost": "ac-seftnoh-shard-00-02.ajiae5a.mongodb.net", "serverPort": 27017}
[ 2025-07-12 23:40:17,116 ] pymongo.command - DEBUG - {"message": "Command succeeded", "clientId": {"$oid": "6872a50694d28f5f787ad839"}, "durationMS": 1296.0819999999999, "reply": "{\"cursor\": {\"nextBatch\": [{\"_id\": {\"$oid\": \"686d14e0c5d3562c658529e2\"}, \"case_id\": \"EZYV102\", \"continent\": \"Asia\", \"education_of_employee\": \"Master's\", \"has_job_experience\": \"Y\", \"requires_job_training\": \"N\", \"no_of_employees\": 334, \"yr_of_estab\": 2007, \"region_of_employment\": \"Midwest\", \"prevailing_wage\": 43421.88, \"unit_of_wage\": \"Year\", \"full_time_position\": \"Y\", \"case_status\": \"Certified\"}, {\"_id\": {\"$oid\": \"686d14e0c5d3562c658529e3\"}, \"case_id\": \"EZYV103\", \"continent\": \"Asia\", \"education_of_employee\": \"Bachelor's\", \"has_job_experience\": \"Y\", \"requires_job_training\": \"N\", \"no_of_employees\": 224, \"yr_of_estab\": 2008, \"region_of_employment\": \"Midwest\", \"prevailing_wage\": 80253.78, \"unit_of_wage\": \"Year\", \"full_time_position\": \"Y\", \"case_status\": \"Certified\"}, {\"_id\": {\"$oid\": \"686d14e0c5d3562c658529e4\"}, \"case_id\": \"EZYV104\", \"continent\": \"Asia\", \"education_of_employee\": \"Doctorate\", \"has_job_experience\": \"Y\", \"requires_job_training\": \"N\", \"no_of_employees\": 367, \"yr_of_estab\": 1982,...", "commandName": "getMore", "databaseName": "US_VISA", "requestId": 74243042, "operationId": 74243042, "driverConnectionId": 1, "serverConnectionId": 24228, "serverHost": "ac-seftnoh-shard-00-02.ajiae5a.mongodb.net", "serverPort": 27017}
[ 2025-07-12 23:40:17,116 ] pymongo.connection - DEBUG - {"message": "Connection checked in", "clientId": {"$oid": "6872a50694d28f5f787ad839"}, "serverHost": "ac-seftnoh-shard-00-02.ajiae5a.mongodb.net", "serverPort": 27017, "driverConnectionId": 1}
[ 2025-07-12 23:40:17,157 ] root - INFO - Shape of dataframe: (25480, 12)
[ 2025-07-12 23:40:17,157 ] root - INFO - Shape of dataframe: (25480, 12)
[ 2025-07-12 23:40:17,157 ] root - INFO - Saving exported data into feature store file path: artifact/07_12_2025_23-40-14/data_ingestion/feature_store
[ 2025-07-12 23:40:17,203 ] root - INFO - Got the data from mongodb
[ 2025-07-12 23:40:17,203 ] root - INFO - Entered [split_data_as_train_test] method of DataIngestion class
[ 2025-07-12 23:40:17,206 ] root - INFO - Performed train test split operation on the dataframe
[ 2025-07-12 23:40:17,207 ] root - INFO - Exporting train file to artifact/07_12_2025_23-40-14/data_ingestion/ingested/train.parquet
[ 2025-07-12 23:40:17,219 ] root - INFO - Exporting test file to artifact/07_12_2025_23-40-14/data_ingestion/ingested/test.parquet
[ 2025-07-12 23:40:17,223 ] root - INFO - Exported train and test files successfully
[ 2025-07-12 23:40:17,223 ] root - INFO - Performed train test split on the dataset
[ 2025-07-12 23:40:17,223 ] root - INFO - Exited initiate_data_ingestion method of Data_Ingestion class
[ 2025-07-12 23:40:17,224 ] root - INFO - Data ingestion artifact: DataIngestionArtifact(trained_file_path='artifact/07_12_2025_23-40-14/data_ingestion/ingested/train.parquet', test_file_path='artifact/07_12_2025_23-40-14/data_ingestion/ingested/test.parquet')
[ 2025-07-12 23:40:17,227 ] root - INFO - Got the train_set and test_set from mongodb
[ 2025-07-12 23:40:17,227 ] root - INFO - Exited the [start_data_ingestion] method of TrainPipeline class
[ 2025-07-12 23:40:17,227 ] root - INFO - Entered the [start_data_validation] method of TrainPipeline class
[ 2025-07-12 23:40:17,227 ] root - INFO - Entered the read_yaml_file method of utils
[ 2025-07-12 23:40:17,228 ] root - INFO - Starting data validation
[ 2025-07-12 23:40:17,278 ] root - INFO - Is required column present: [True]
[ 2025-07-12 23:40:17,278 ] root - INFO - All required columns present in training dataframe: True
[ 2025-07-12 23:40:17,278 ] root - INFO - Is required column present: [True]
[ 2025-07-12 23:40:17,278 ] root - INFO - All required columns present in testing dataframe: True
[ 2025-07-12 23:40:25,414 ] pymongo.topology - DEBUG - {"message": "Server heartbeat succeeded", "topologyId": {"$oid": "6872a50694d28f5f787ad839"}, "driverConnectionId": 1, "serverConnectionId": 24354, "serverHost": "ac-seftnoh-shard-00-02.ajiae5a.mongodb.net", "serverPort": 27017, "awaited": true, "durationMS": 10061.251832987182, "reply": "{\"topologyVersion\": {\"processId\": {\"$oid\": \"68712b88e825f82d0dc0fc06\"}, \"counter\": 6}, \"hosts\": [\"ac-seftnoh-shard-00-00.ajiae5a.mongodb.net:27017\", \"ac-seftnoh-shard-00-01.ajiae5a.mongodb.net:27017\", \"ac-seftnoh-shard-00-02.ajiae5a.mongodb.net:27017\"], \"setName\": \"atlas-huz2dh-shard-0\", \"setVersion\": 299, \"isWritablePrimary\": true, \"primary\": \"ac-seftnoh-shard-00-02.ajiae5a.mongodb.net:27017\", \"tags\": {\"workloadType\": \"OPERATIONAL\", \"provider\": \"AWS\", \"availabilityZone\": \"aps1-az2\", \"diskState\": \"READY\", \"nodeType\": \"ELECTABLE\", \"region\": \"AP_SOUTH_1\"}, \"me\": \"ac-seftnoh-shard-00-02.ajiae5a.mongodb.net:27017\", \"electionId\": {\"$oid\": \"7fffffff0000000000000111\"}, \"lastWrite\": {\"opTime\": {\"ts\": {\"$timestamp\": {\"t\": 1752343825, \"i\": 6}}, \"t\": 273}, \"lastWriteDate\": {\"$date\": \"2025-07-12T18:10:25Z\"}, \"majorityOpTime\": {\"ts\": {\"$timestamp\": {\"t\": 1752343825, \"i\": 6}}, \"t\": 273}, \"majorityWriteDate\": {\"$date\": \"2025-07-12T18:10:25Z\"}}, \"maxBsonObjectSize\": 16777216, \"maxMessageSizeBytes\": 48..."}
[ 2025-07-12 23:40:25,415 ] pymongo.topology - DEBUG - {"message": "Server heartbeat started", "topologyId": {"$oid": "6872a50694d28f5f787ad839"}, "driverConnectionId": 1, "serverConnectionId": 24354, "serverHost": "ac-seftnoh-shard-00-02.ajiae5a.mongodb.net", "serverPort": 27017, "awaited": true}
[ 2025-07-12 23:40:25,421 ] pymongo.topology - DEBUG - {"message": "Server heartbeat succeeded", "topologyId": {"$oid": "6872a50694d28f5f787ad839"}, "driverConnectionId": 1, "serverConnectionId": 22855, "serverHost": "ac-seftnoh-shard-00-01.ajiae5a.mongodb.net", "serverPort": 27017, "awaited": true, "durationMS": 10072.513666003942, "reply": "{\"topologyVersion\": {\"processId\": {\"$oid\": \"68712bc703db27a9c7dda3d9\"}, \"counter\": 3}, \"hosts\": [\"ac-seftnoh-shard-00-00.ajiae5a.mongodb.net:27017\", \"ac-seftnoh-shard-00-01.ajiae5a.mongodb.net:27017\", \"ac-seftnoh-shard-00-02.ajiae5a.mongodb.net:27017\"], \"setName\": \"atlas-huz2dh-shard-0\", \"setVersion\": 299, \"secondary\": true, \"primary\": \"ac-seftnoh-shard-00-02.ajiae5a.mongodb.net:27017\", \"tags\": {\"region\": \"AP_SOUTH_1\", \"diskState\": \"READY\", \"nodeType\": \"ELECTABLE\", \"availabilityZone\": \"aps1-az3\", \"provider\": \"AWS\", \"workloadType\": \"OPERATIONAL\"}, \"me\": \"ac-seftnoh-shard-00-01.ajiae5a.mongodb.net:27017\", \"lastWrite\": {\"opTime\": {\"ts\": {\"$timestamp\": {\"t\": 1752343825, \"i\": 6}}, \"t\": 273}, \"lastWriteDate\": {\"$date\": \"2025-07-12T18:10:25Z\"}, \"majorityOpTime\": {\"ts\": {\"$timestamp\": {\"t\": 1752343825, \"i\": 6}}, \"t\": 273}, \"majorityWriteDate\": {\"$date\": \"2025-07-12T18:10:25Z\"}}, \"maxBsonObjectSize\": 16777216, \"maxMessageSizeBytes\": 48000000, \"maxWriteBatchSize\": 100000, \"localTime\": {\"$date\": ..."}
[ 2025-07-12 23:40:25,421 ] pymongo.topology - DEBUG - {"message": "Server heartbeat succeeded", "topologyId": {"$oid": "6872a50694d28f5f787ad839"}, "driverConnectionId": 1, "serverConnectionId": 23461, "serverHost": "ac-seftnoh-shard-00-00.ajiae5a.mongodb.net", "serverPort": 27017, "awaited": true, "durationMS": 10070.349374989746, "reply": "{\"topologyVersion\": {\"processId\": {\"$oid\": \"68712b49081a705f8235132a\"}, \"counter\": 4}, \"hosts\": [\"ac-seftnoh-shard-00-00.ajiae5a.mongodb.net:27017\", \"ac-seftnoh-shard-00-01.ajiae5a.mongodb.net:27017\", \"ac-seftnoh-shard-00-02.ajiae5a.mongodb.net:27017\"], \"setName\": \"atlas-huz2dh-shard-0\", \"setVersion\": 299, \"secondary\": true, \"primary\": \"ac-seftnoh-shard-00-02.ajiae5a.mongodb.net:27017\", \"tags\": {\"diskState\": \"READY\", \"nodeType\": \"ELECTABLE\", \"region\": \"AP_SOUTH_1\", \"workloadType\": \"OPERATIONAL\", \"provider\": \"AWS\", \"availabilityZone\": \"aps1-az1\"}, \"me\": \"ac-seftnoh-shard-00-00.ajiae5a.mongodb.net:27017\", \"lastWrite\": {\"opTime\": {\"ts\": {\"$timestamp\": {\"t\": 1752343825, \"i\": 6}}, \"t\": 273}, \"lastWriteDate\": {\"$date\": \"2025-07-12T18:10:25Z\"}, \"majorityOpTime\": {\"ts\": {\"$timestamp\": {\"t\": 1752343825, \"i\": 6}}, \"t\": 273}, \"majorityWriteDate\": {\"$date\": \"2025-07-12T18:10:25Z\"}}, \"maxBsonObjectSize\": 16777216, \"maxMessageSizeBytes\": 48000000, \"maxWriteBatchSize\": 100000, \"localTime\": {\"$date\": ..."}
[ 2025-07-12 23:40:25,423 ] pymongo.topology - DEBUG - {"message": "Server heartbeat started", "topologyId": {"$oid": "6872a50694d28f5f787ad839"}, "driverConnectionId": 1, "serverConnectionId": 22855, "serverHost": "ac-seftnoh-shard-00-01.ajiae5a.mongodb.net", "serverPort": 27017, "awaited": true}
[ 2025-07-12 23:40:25,426 ] pymongo.topology - DEBUG - {"message": "Server heartbeat started", "topologyId": {"$oid": "6872a50694d28f5f787ad839"}, "driverConnectionId": 1, "serverConnectionId": 23461, "serverHost": "ac-seftnoh-shard-00-00.ajiae5a.mongodb.net", "serverPort": 27017, "awaited": true}
[ 2025-07-12 23:40:31,008 ] root - INFO - Entered the write_yaml_file method of utils
[ 2025-07-12 23:40:31,563 ] root - INFO - Exited the write_yaml_file method of utils
[ 2025-07-12 23:40:31,564 ] root - INFO - 1/12 drift detected.
[ 2025-07-12 23:40:31,565 ] root - INFO - Data validation artifact: DataValidationArtifact(validation_status=True, message='Drift not detected', drift_report_file_path='artifact/07_12_2025_23-40-14/data_validation/drift_report/report.yaml')
[ 2025-07-12 23:40:31,565 ] root - INFO - Performed the data validation operation
[ 2025-07-12 23:40:31,565 ] root - INFO - Exited the [start_data_validation] method of TrainPipeline class
[ 2025-07-12 23:40:31,565 ] root - INFO - Entered the [start_data_transformation] method of TrainPipeline class
[ 2025-07-12 23:40:31,565 ] root - INFO - Entered the read_yaml_file method of utils
[ 2025-07-12 23:40:31,567 ] root - INFO - Starting data transformation
[ 2025-07-12 23:40:31,567 ] root - INFO - Entered get_data_transformer_object method of DataTransformation class
[ 2025-07-12 23:40:31,567 ] root - INFO - Got numerical cols from schema config
[ 2025-07-12 23:40:31,567 ] root - INFO - Initialized StandardScaler, OneHotEncoder, OrdinalEncoder
[ 2025-07-12 23:40:31,567 ] root - INFO - Initialize PowerTransformer
[ 2025-07-12 23:40:31,567 ] root - INFO - Created preprocessor object from ColumnTransformer
[ 2025-07-12 23:40:31,567 ] root - INFO - Exited get_data_transformer_object method of DataTransformation class
[ 2025-07-12 23:40:31,567 ] root - INFO - Got the preprocessor object
[ 2025-07-12 23:40:31,575 ] root - INFO - Got train features and test features of Training dataset
[ 2025-07-12 23:40:31,575 ] root - INFO - Added company_age column to the Training dataset
[ 2025-07-12 23:40:31,575 ] root - INFO - drop the columns in drop_cols of Training dataset
[ 2025-07-12 23:40:31,575 ] root - INFO - Entered the drop_columns method of utils
[ 2025-07-12 23:40:31,576 ] root - INFO - Dropped columns: ['case_id', 'yr_of_estab']
[ 2025-07-12 23:40:31,579 ] root - INFO - Added company_age column to the Test dataset
[ 2025-07-12 23:40:31,579 ] root - INFO - Entered the drop_columns method of utils
[ 2025-07-12 23:40:31,580 ] root - INFO - Dropped columns: ['case_id', 'yr_of_estab']
[ 2025-07-12 23:40:31,580 ] root - INFO - drop the columns in drop_cols of Test dataset
[ 2025-07-12 23:40:31,581 ] root - INFO - Got train features and test features of Testing dataset
[ 2025-07-12 23:40:31,581 ] root - INFO - Applying preprocessing object on training dataframe and testing dataframe
[ 2025-07-12 23:40:31,616 ] root - INFO - Used the preprocessor object to fit transform the train features
[ 2025-07-12 23:40:31,621 ] root - INFO - Used the preprocessor object to transform the test features
[ 2025-07-12 23:40:31,621 ] root - INFO - Applying SMOTEENN on Training dataset
[ 2025-07-12 23:40:32,061 ] root - INFO - Applied SMOTEENN on training dataset
[ 2025-07-12 23:40:32,061 ] root - INFO - Applying SMOTEENN on testing dataset
[ 2025-07-12 23:40:32,114 ] root - INFO - Applied SMOTEENN on testing dataset
[ 2025-07-12 23:40:32,114 ] root - INFO - Created train array and test array
[ 2025-07-12 23:40:32,115 ] root - INFO - Entered the save_object method of utils
[ 2025-07-12 23:40:32,116 ] root - INFO - Exited the save_object method of utils
[ 2025-07-12 23:40:32,116 ] root - INFO - Entered the load_numpy_array_data method of utils
[ 2025-07-12 23:40:32,117 ] root - INFO - Entered the load_numpy_array_data method of utils
[ 2025-07-12 23:40:32,117 ] root - INFO - Saved the preprocessor object
[ 2025-07-12 23:40:32,117 ] root - INFO - Exited initiate_data_transformation method of Data_Transformation class
[ 2025-07-12 23:40:32,119 ] root - INFO - Exited the [start_data_transformation] method of TrainPipeline class
[ 2025-07-12 23:40:32,119 ] root - INFO - Entered the [start_model_trainer] method of TrainPipeline class
[ 2025-07-12 23:40:32,119 ] root - INFO - Entered [initiate_model_trainer] method of ModelTrainer class
[ 2025-07-12 23:40:32,119 ] root - INFO - Entered the load_numpy_array_data method of utils
[ 2025-07-12 23:40:32,120 ] root - INFO - Exited the load_numpy_array_data method of utils
[ 2025-07-12 23:40:32,120 ] root - INFO - Entered the load_numpy_array_data method of utils
[ 2025-07-12 23:40:32,120 ] root - INFO - Exited the load_numpy_array_data method of utils
[ 2025-07-12 23:40:32,120 ] root - INFO - Entered [get_model_object_and_report] method of ModelTrainer class
[ 2025-07-12 23:40:32,120 ] root - INFO - Using neuro_mf to get best model object and report
[ 2025-07-12 23:40:32,122 ] neuro_mf - INFO - Started Initializing model from config file
[ 2025-07-12 23:40:32,122 ] neuro_mf - INFO - {'algorithm': 'kd_tree', 'weights': 'uniform', 'n_neighbors': 3}
[ 2025-07-12 23:40:32,122 ] neuro_mf - INFO - {'max_depth': 10, 'max_features': 'sqrt', 'n_estimators': 3}
[ 2025-07-12 23:40:32,158 ] neuro_mf - INFO - {'max_depth': 6, 'learning_rate': 0.1, 'n_estimators': 100, 'subsample': 1}
[ 2025-07-12 23:40:32,159 ] neuro_mf - INFO - Initialized model: [InitializedModelDetail(model_serial_number='module_0', model=KNeighborsClassifier(algorithm='kd_tree', n_neighbors=3), param_grid_search={'algorithm': ['auto', 'ball_tree', 'kd_tree', 'brute'], 'weights': ['uniform', 'distance'], 'n_neighbors': [3, 5, 9]}, model_name='sklearn.neighbors.KNeighborsClassifier'), InitializedModelDetail(model_serial_number='module_1', model=RandomForestClassifier(max_depth=10, n_estimators=3), param_grid_search={'max_depth': [10, 15, 20], 'max_features': ['sqrt', 'log2'], 'n_estimators': [3, 5, 9]}, model_name='sklearn.ensemble.RandomForestClassifier'), InitializedModelDetail(model_serial_number='module_2', model=XGBClassifier(base_score=None, booster=None, callbacks=None,
              colsample_bylevel=None, colsample_bynode=None,
              colsample_bytree=None, device=None, early_stopping_rounds=None,
              enable_categorical=False, eval_metric=None, feature_types=None,
              feature_weights=None, gamma=None, grow_policy=None,
              importance_type=None, interaction_constraints=None,
              learning_rate=0.1, max_bin=None, max_cat_threshold=None,
              max_cat_to_onehot=None, max_delta_step=None, max_depth=6,
              max_leaves=None, min_child_weight=None, missing=nan,
              monotone_constraints=None, multi_strategy=None, n_estimators=100,
              n_jobs=None, num_parallel_tree=None, ...), param_grid_search={'max_depth': [3, 6, 10], 'learning_rate': [0.01, 0.1, 0.2], 'n_estimators': [50, 100, 200], 'subsample': [0.8, 1]}, model_name='xgboost.XGBClassifier')]
[ 2025-07-12 23:40:32,159 ] neuro_mf - INFO - ('**************************************************', 'training KNeighborsClassifier', '**************************************************')
[ 2025-07-12 23:40:32,159 ] neuro_mf - INFO - {'cv': 3, 'verbose': 3}
[ 2025-07-12 23:40:35,552 ] pymongo.topology - DEBUG - {"message": "Server heartbeat succeeded", "topologyId": {"$oid": "6872a50694d28f5f787ad839"}, "driverConnectionId": 1, "serverConnectionId": 23461, "serverHost": "ac-seftnoh-shard-00-00.ajiae5a.mongodb.net", "serverPort": 27017, "awaited": true, "durationMS": 10120.693750010105, "reply": "{\"topologyVersion\": {\"processId\": {\"$oid\": \"68712b49081a705f8235132a\"}, \"counter\": 4}, \"hosts\": [\"ac-seftnoh-shard-00-00.ajiae5a.mongodb.net:27017\", \"ac-seftnoh-shard-00-01.ajiae5a.mongodb.net:27017\", \"ac-seftnoh-shard-00-02.ajiae5a.mongodb.net:27017\"], \"setName\": \"atlas-huz2dh-shard-0\", \"setVersion\": 299, \"secondary\": true, \"primary\": \"ac-seftnoh-shard-00-02.ajiae5a.mongodb.net:27017\", \"tags\": {\"workloadType\": \"OPERATIONAL\", \"provider\": \"AWS\", \"availabilityZone\": \"aps1-az1\", \"region\": \"AP_SOUTH_1\", \"diskState\": \"READY\", \"nodeType\": \"ELECTABLE\"}, \"me\": \"ac-seftnoh-shard-00-00.ajiae5a.mongodb.net:27017\", \"lastWrite\": {\"opTime\": {\"ts\": {\"$timestamp\": {\"t\": 1752343835, \"i\": 7}}, \"t\": 273}, \"lastWriteDate\": {\"$date\": \"2025-07-12T18:10:35Z\"}, \"majorityOpTime\": {\"ts\": {\"$timestamp\": {\"t\": 1752343835, \"i\": 7}}, \"t\": 273}, \"majorityWriteDate\": {\"$date\": \"2025-07-12T18:10:35Z\"}}, \"maxBsonObjectSize\": 16777216, \"maxMessageSizeBytes\": 48000000, \"maxWriteBatchSize\": 100000, \"localTime\": {\"$date\": ..."}
[ 2025-07-12 23:40:35,552 ] pymongo.topology - DEBUG - {"message": "Server heartbeat succeeded", "topologyId": {"$oid": "6872a50694d28f5f787ad839"}, "driverConnectionId": 1, "serverConnectionId": 22855, "serverHost": "ac-seftnoh-shard-00-01.ajiae5a.mongodb.net", "serverPort": 27017, "awaited": true, "durationMS": 10126.690542005235, "reply": "{\"topologyVersion\": {\"processId\": {\"$oid\": \"68712bc703db27a9c7dda3d9\"}, \"counter\": 3}, \"hosts\": [\"ac-seftnoh-shard-00-00.ajiae5a.mongodb.net:27017\", \"ac-seftnoh-shard-00-01.ajiae5a.mongodb.net:27017\", \"ac-seftnoh-shard-00-02.ajiae5a.mongodb.net:27017\"], \"setName\": \"atlas-huz2dh-shard-0\", \"setVersion\": 299, \"secondary\": true, \"primary\": \"ac-seftnoh-shard-00-02.ajiae5a.mongodb.net:27017\", \"tags\": {\"nodeType\": \"ELECTABLE\", \"workloadType\": \"OPERATIONAL\", \"provider\": \"AWS\", \"region\": \"AP_SOUTH_1\", \"availabilityZone\": \"aps1-az3\", \"diskState\": \"READY\"}, \"me\": \"ac-seftnoh-shard-00-01.ajiae5a.mongodb.net:27017\", \"lastWrite\": {\"opTime\": {\"ts\": {\"$timestamp\": {\"t\": 1752343835, \"i\": 7}}, \"t\": 273}, \"lastWriteDate\": {\"$date\": \"2025-07-12T18:10:35Z\"}, \"majorityOpTime\": {\"ts\": {\"$timestamp\": {\"t\": 1752343835, \"i\": 7}}, \"t\": 273}, \"majorityWriteDate\": {\"$date\": \"2025-07-12T18:10:35Z\"}}, \"maxBsonObjectSize\": 16777216, \"maxMessageSizeBytes\": 48000000, \"maxWriteBatchSize\": 100000, \"localTime\": {\"$date\": ..."}
[ 2025-07-12 23:40:35,553 ] pymongo.topology - DEBUG - {"message": "Server heartbeat succeeded", "topologyId": {"$oid": "6872a50694d28f5f787ad839"}, "driverConnectionId": 1, "serverConnectionId": 24354, "serverHost": "ac-seftnoh-shard-00-02.ajiae5a.mongodb.net", "serverPort": 27017, "awaited": true, "durationMS": 10135.69283299148, "reply": "{\"topologyVersion\": {\"processId\": {\"$oid\": \"68712b88e825f82d0dc0fc06\"}, \"counter\": 6}, \"hosts\": [\"ac-seftnoh-shard-00-00.ajiae5a.mongodb.net:27017\", \"ac-seftnoh-shard-00-01.ajiae5a.mongodb.net:27017\", \"ac-seftnoh-shard-00-02.ajiae5a.mongodb.net:27017\"], \"setName\": \"atlas-huz2dh-shard-0\", \"setVersion\": 299, \"isWritablePrimary\": true, \"primary\": \"ac-seftnoh-shard-00-02.ajiae5a.mongodb.net:27017\", \"tags\": {\"diskState\": \"READY\", \"nodeType\": \"ELECTABLE\", \"region\": \"AP_SOUTH_1\", \"workloadType\": \"OPERATIONAL\", \"provider\": \"AWS\", \"availabilityZone\": \"aps1-az2\"}, \"me\": \"ac-seftnoh-shard-00-02.ajiae5a.mongodb.net:27017\", \"electionId\": {\"$oid\": \"7fffffff0000000000000111\"}, \"lastWrite\": {\"opTime\": {\"ts\": {\"$timestamp\": {\"t\": 1752343835, \"i\": 7}}, \"t\": 273}, \"lastWriteDate\": {\"$date\": \"2025-07-12T18:10:35Z\"}, \"majorityOpTime\": {\"ts\": {\"$timestamp\": {\"t\": 1752343835, \"i\": 7}}, \"t\": 273}, \"majorityWriteDate\": {\"$date\": \"2025-07-12T18:10:35Z\"}}, \"maxBsonObjectSize\": 16777216, \"maxMessageSizeBytes\": 48..."}
[ 2025-07-12 23:40:35,553 ] pymongo.topology - DEBUG - {"message": "Server heartbeat started", "topologyId": {"$oid": "6872a50694d28f5f787ad839"}, "driverConnectionId": 1, "serverConnectionId": 23461, "serverHost": "ac-seftnoh-shard-00-00.ajiae5a.mongodb.net", "serverPort": 27017, "awaited": true}
[ 2025-07-12 23:40:35,553 ] pymongo.topology - DEBUG - {"message": "Server heartbeat started", "topologyId": {"$oid": "6872a50694d28f5f787ad839"}, "driverConnectionId": 1, "serverConnectionId": 22855, "serverHost": "ac-seftnoh-shard-00-01.ajiae5a.mongodb.net", "serverPort": 27017, "awaited": true}
[ 2025-07-12 23:40:35,553 ] pymongo.topology - DEBUG - {"message": "Server heartbeat started", "topologyId": {"$oid": "6872a50694d28f5f787ad839"}, "driverConnectionId": 1, "serverConnectionId": 24354, "serverHost": "ac-seftnoh-shard-00-02.ajiae5a.mongodb.net", "serverPort": 27017, "awaited": true}
[ 2025-07-12 23:40:40,934 ] neuro_mf - INFO - ('**************************************************', 'training RandomForestClassifier', '**************************************************')
[ 2025-07-12 23:40:40,934 ] neuro_mf - INFO - {'cv': 3, 'verbose': 3}
[ 2025-07-12 23:40:42,851 ] neuro_mf - INFO - ('**************************************************', 'training XGBClassifier', '**************************************************')
[ 2025-07-12 23:40:42,851 ] neuro_mf - INFO - {'cv': 3, 'verbose': 3}
[ 2025-07-12 23:40:45,589 ] pymongo.topology - DEBUG - {"message": "Server heartbeat succeeded", "topologyId": {"$oid": "6872a50694d28f5f787ad839"}, "driverConnectionId": 1, "serverConnectionId": 23461, "serverHost": "ac-seftnoh-shard-00-00.ajiae5a.mongodb.net", "serverPort": 27017, "awaited": true, "durationMS": 10036.10562501126, "reply": "{\"topologyVersion\": {\"processId\": {\"$oid\": \"68712b49081a705f8235132a\"}, \"counter\": 4}, \"hosts\": [\"ac-seftnoh-shard-00-00.ajiae5a.mongodb.net:27017\", \"ac-seftnoh-shard-00-01.ajiae5a.mongodb.net:27017\", \"ac-seftnoh-shard-00-02.ajiae5a.mongodb.net:27017\"], \"setName\": \"atlas-huz2dh-shard-0\", \"setVersion\": 299, \"secondary\": true, \"primary\": \"ac-seftnoh-shard-00-02.ajiae5a.mongodb.net:27017\", \"tags\": {\"diskState\": \"READY\", \"nodeType\": \"ELECTABLE\", \"region\": \"AP_SOUTH_1\", \"workloadType\": \"OPERATIONAL\", \"provider\": \"AWS\", \"availabilityZone\": \"aps1-az1\"}, \"me\": \"ac-seftnoh-shard-00-00.ajiae5a.mongodb.net:27017\", \"lastWrite\": {\"opTime\": {\"ts\": {\"$timestamp\": {\"t\": 1752343845, \"i\": 7}}, \"t\": 273}, \"lastWriteDate\": {\"$date\": \"2025-07-12T18:10:45Z\"}, \"majorityOpTime\": {\"ts\": {\"$timestamp\": {\"t\": 1752343845, \"i\": 7}}, \"t\": 273}, \"majorityWriteDate\": {\"$date\": \"2025-07-12T18:10:45Z\"}}, \"maxBsonObjectSize\": 16777216, \"maxMessageSizeBytes\": 48000000, \"maxWriteBatchSize\": 100000, \"localTime\": {\"$date\": ..."}
[ 2025-07-12 23:40:45,590 ] pymongo.topology - DEBUG - {"message": "Server heartbeat started", "topologyId": {"$oid": "6872a50694d28f5f787ad839"}, "driverConnectionId": 1, "serverConnectionId": 23461, "serverHost": "ac-seftnoh-shard-00-00.ajiae5a.mongodb.net", "serverPort": 27017, "awaited": true}
[ 2025-07-12 23:40:45,591 ] pymongo.topology - DEBUG - {"message": "Server heartbeat succeeded", "topologyId": {"$oid": "6872a50694d28f5f787ad839"}, "driverConnectionId": 1, "serverConnectionId": 22855, "serverHost": "ac-seftnoh-shard-00-01.ajiae5a.mongodb.net", "serverPort": 27017, "awaited": true, "durationMS": 10037.78658399824, "reply": "{\"topologyVersion\": {\"processId\": {\"$oid\": \"68712bc703db27a9c7dda3d9\"}, \"counter\": 3}, \"hosts\": [\"ac-seftnoh-shard-00-00.ajiae5a.mongodb.net:27017\", \"ac-seftnoh-shard-00-01.ajiae5a.mongodb.net:27017\", \"ac-seftnoh-shard-00-02.ajiae5a.mongodb.net:27017\"], \"setName\": \"atlas-huz2dh-shard-0\", \"setVersion\": 299, \"secondary\": true, \"primary\": \"ac-seftnoh-shard-00-02.ajiae5a.mongodb.net:27017\", \"tags\": {\"provider\": \"AWS\", \"availabilityZone\": \"aps1-az3\", \"diskState\": \"READY\", \"workloadType\": \"OPERATIONAL\", \"nodeType\": \"ELECTABLE\", \"region\": \"AP_SOUTH_1\"}, \"me\": \"ac-seftnoh-shard-00-01.ajiae5a.mongodb.net:27017\", \"lastWrite\": {\"opTime\": {\"ts\": {\"$timestamp\": {\"t\": 1752343845, \"i\": 7}}, \"t\": 273}, \"lastWriteDate\": {\"$date\": \"2025-07-12T18:10:45Z\"}, \"majorityOpTime\": {\"ts\": {\"$timestamp\": {\"t\": 1752343845, \"i\": 7}}, \"t\": 273}, \"majorityWriteDate\": {\"$date\": \"2025-07-12T18:10:45Z\"}}, \"maxBsonObjectSize\": 16777216, \"maxMessageSizeBytes\": 48000000, \"maxWriteBatchSize\": 100000, \"localTime\": {\"$date\": ..."}
[ 2025-07-12 23:40:45,591 ] pymongo.topology - DEBUG - {"message": "Server heartbeat succeeded", "topologyId": {"$oid": "6872a50694d28f5f787ad839"}, "driverConnectionId": 1, "serverConnectionId": 24354, "serverHost": "ac-seftnoh-shard-00-02.ajiae5a.mongodb.net", "serverPort": 27017, "awaited": true, "durationMS": 10038.018916995497, "reply": "{\"topologyVersion\": {\"processId\": {\"$oid\": \"68712b88e825f82d0dc0fc06\"}, \"counter\": 6}, \"hosts\": [\"ac-seftnoh-shard-00-00.ajiae5a.mongodb.net:27017\", \"ac-seftnoh-shard-00-01.ajiae5a.mongodb.net:27017\", \"ac-seftnoh-shard-00-02.ajiae5a.mongodb.net:27017\"], \"setName\": \"atlas-huz2dh-shard-0\", \"setVersion\": 299, \"isWritablePrimary\": true, \"primary\": \"ac-seftnoh-shard-00-02.ajiae5a.mongodb.net:27017\", \"tags\": {\"provider\": \"AWS\", \"region\": \"AP_SOUTH_1\", \"workloadType\": \"OPERATIONAL\", \"availabilityZone\": \"aps1-az2\", \"nodeType\": \"ELECTABLE\", \"diskState\": \"READY\"}, \"me\": \"ac-seftnoh-shard-00-02.ajiae5a.mongodb.net:27017\", \"electionId\": {\"$oid\": \"7fffffff0000000000000111\"}, \"lastWrite\": {\"opTime\": {\"ts\": {\"$timestamp\": {\"t\": 1752343845, \"i\": 7}}, \"t\": 273}, \"lastWriteDate\": {\"$date\": \"2025-07-12T18:10:45Z\"}, \"majorityOpTime\": {\"ts\": {\"$timestamp\": {\"t\": 1752343845, \"i\": 7}}, \"t\": 273}, \"majorityWriteDate\": {\"$date\": \"2025-07-12T18:10:45Z\"}}, \"maxBsonObjectSize\": 16777216, \"maxMessageSizeBytes\": 48..."}
[ 2025-07-12 23:40:45,591 ] pymongo.topology - DEBUG - {"message": "Server heartbeat started", "topologyId": {"$oid": "6872a50694d28f5f787ad839"}, "driverConnectionId": 1, "serverConnectionId": 22855, "serverHost": "ac-seftnoh-shard-00-01.ajiae5a.mongodb.net", "serverPort": 27017, "awaited": true}
[ 2025-07-12 23:40:45,592 ] pymongo.topology - DEBUG - {"message": "Server heartbeat started", "topologyId": {"$oid": "6872a50694d28f5f787ad839"}, "driverConnectionId": 1, "serverConnectionId": 24354, "serverHost": "ac-seftnoh-shard-00-02.ajiae5a.mongodb.net", "serverPort": 27017, "awaited": true}
[ 2025-07-12 23:40:55,499 ] pymongo.topology - DEBUG - {"message": "Server heartbeat succeeded", "topologyId": {"$oid": "6872a50694d28f5f787ad839"}, "driverConnectionId": 1, "serverConnectionId": 23461, "serverHost": "ac-seftnoh-shard-00-00.ajiae5a.mongodb.net", "serverPort": 27017, "awaited": true, "durationMS": 9909.429375024047, "reply": "{\"topologyVersion\": {\"processId\": {\"$oid\": \"68712b49081a705f8235132a\"}, \"counter\": 4}, \"hosts\": [\"ac-seftnoh-shard-00-00.ajiae5a.mongodb.net:27017\", \"ac-seftnoh-shard-00-01.ajiae5a.mongodb.net:27017\", \"ac-seftnoh-shard-00-02.ajiae5a.mongodb.net:27017\"], \"setName\": \"atlas-huz2dh-shard-0\", \"setVersion\": 299, \"secondary\": true, \"primary\": \"ac-seftnoh-shard-00-02.ajiae5a.mongodb.net:27017\", \"tags\": {\"diskState\": \"READY\", \"nodeType\": \"ELECTABLE\", \"workloadType\": \"OPERATIONAL\", \"provider\": \"AWS\", \"availabilityZone\": \"aps1-az1\", \"region\": \"AP_SOUTH_1\"}, \"me\": \"ac-seftnoh-shard-00-00.ajiae5a.mongodb.net:27017\", \"lastWrite\": {\"opTime\": {\"ts\": {\"$timestamp\": {\"t\": 1752343855, \"i\": 7}}, \"t\": 273}, \"lastWriteDate\": {\"$date\": \"2025-07-12T18:10:55Z\"}, \"majorityOpTime\": {\"ts\": {\"$timestamp\": {\"t\": 1752343855, \"i\": 7}}, \"t\": 273}, \"majorityWriteDate\": {\"$date\": \"2025-07-12T18:10:55Z\"}}, \"maxBsonObjectSize\": 16777216, \"maxMessageSizeBytes\": 48000000, \"maxWriteBatchSize\": 100000, \"localTime\": {\"$date\": ..."}
[ 2025-07-12 23:40:55,500 ] pymongo.topology - DEBUG - {"message": "Server heartbeat started", "topologyId": {"$oid": "6872a50694d28f5f787ad839"}, "driverConnectionId": 1, "serverConnectionId": 23461, "serverHost": "ac-seftnoh-shard-00-00.ajiae5a.mongodb.net", "serverPort": 27017, "awaited": true}
[ 2025-07-12 23:40:55,504 ] pymongo.topology - DEBUG - {"message": "Server heartbeat succeeded", "topologyId": {"$oid": "6872a50694d28f5f787ad839"}, "driverConnectionId": 1, "serverConnectionId": 22855, "serverHost": "ac-seftnoh-shard-00-01.ajiae5a.mongodb.net", "serverPort": 27017, "awaited": true, "durationMS": 9911.846167000476, "reply": "{\"topologyVersion\": {\"processId\": {\"$oid\": \"68712bc703db27a9c7dda3d9\"}, \"counter\": 3}, \"hosts\": [\"ac-seftnoh-shard-00-00.ajiae5a.mongodb.net:27017\", \"ac-seftnoh-shard-00-01.ajiae5a.mongodb.net:27017\", \"ac-seftnoh-shard-00-02.ajiae5a.mongodb.net:27017\"], \"setName\": \"atlas-huz2dh-shard-0\", \"setVersion\": 299, \"secondary\": true, \"primary\": \"ac-seftnoh-shard-00-02.ajiae5a.mongodb.net:27017\", \"tags\": {\"workloadType\": \"OPERATIONAL\", \"diskState\": \"READY\", \"availabilityZone\": \"aps1-az3\", \"nodeType\": \"ELECTABLE\", \"provider\": \"AWS\", \"region\": \"AP_SOUTH_1\"}, \"me\": \"ac-seftnoh-shard-00-01.ajiae5a.mongodb.net:27017\", \"lastWrite\": {\"opTime\": {\"ts\": {\"$timestamp\": {\"t\": 1752343855, \"i\": 7}}, \"t\": 273}, \"lastWriteDate\": {\"$date\": \"2025-07-12T18:10:55Z\"}, \"majorityOpTime\": {\"ts\": {\"$timestamp\": {\"t\": 1752343855, \"i\": 7}}, \"t\": 273}, \"majorityWriteDate\": {\"$date\": \"2025-07-12T18:10:55Z\"}}, \"maxBsonObjectSize\": 16777216, \"maxMessageSizeBytes\": 48000000, \"maxWriteBatchSize\": 100000, \"localTime\": {\"$date\": ..."}
[ 2025-07-12 23:40:55,504 ] pymongo.topology - DEBUG - {"message": "Server heartbeat started", "topologyId": {"$oid": "6872a50694d28f5f787ad839"}, "driverConnectionId": 1, "serverConnectionId": 22855, "serverHost": "ac-seftnoh-shard-00-01.ajiae5a.mongodb.net", "serverPort": 27017, "awaited": true}
[ 2025-07-12 23:40:55,504 ] pymongo.topology - DEBUG - {"message": "Server heartbeat succeeded", "topologyId": {"$oid": "6872a50694d28f5f787ad839"}, "driverConnectionId": 1, "serverConnectionId": 24354, "serverHost": "ac-seftnoh-shard-00-02.ajiae5a.mongodb.net", "serverPort": 27017, "awaited": true, "durationMS": 9912.172916985583, "reply": "{\"topologyVersion\": {\"processId\": {\"$oid\": \"68712b88e825f82d0dc0fc06\"}, \"counter\": 6}, \"hosts\": [\"ac-seftnoh-shard-00-00.ajiae5a.mongodb.net:27017\", \"ac-seftnoh-shard-00-01.ajiae5a.mongodb.net:27017\", \"ac-seftnoh-shard-00-02.ajiae5a.mongodb.net:27017\"], \"setName\": \"atlas-huz2dh-shard-0\", \"setVersion\": 299, \"isWritablePrimary\": true, \"primary\": \"ac-seftnoh-shard-00-02.ajiae5a.mongodb.net:27017\", \"tags\": {\"availabilityZone\": \"aps1-az2\", \"diskState\": \"READY\", \"workloadType\": \"OPERATIONAL\", \"region\": \"AP_SOUTH_1\", \"provider\": \"AWS\", \"nodeType\": \"ELECTABLE\"}, \"me\": \"ac-seftnoh-shard-00-02.ajiae5a.mongodb.net:27017\", \"electionId\": {\"$oid\": \"7fffffff0000000000000111\"}, \"lastWrite\": {\"opTime\": {\"ts\": {\"$timestamp\": {\"t\": 1752343855, \"i\": 7}}, \"t\": 273}, \"lastWriteDate\": {\"$date\": \"2025-07-12T18:10:55Z\"}, \"majorityOpTime\": {\"ts\": {\"$timestamp\": {\"t\": 1752343855, \"i\": 7}}, \"t\": 273}, \"majorityWriteDate\": {\"$date\": \"2025-07-12T18:10:55Z\"}}, \"maxBsonObjectSize\": 16777216, \"maxMessageSizeBytes\": 48..."}
[ 2025-07-12 23:40:55,504 ] pymongo.topology - DEBUG - {"message": "Server heartbeat started", "topologyId": {"$oid": "6872a50694d28f5f787ad839"}, "driverConnectionId": 1, "serverConnectionId": 24354, "serverHost": "ac-seftnoh-shard-00-02.ajiae5a.mongodb.net", "serverPort": 27017, "awaited": true}
[ 2025-07-12 23:41:05,540 ] pymongo.topology - DEBUG - {"message": "Server heartbeat succeeded", "topologyId": {"$oid": "6872a50694d28f5f787ad839"}, "driverConnectionId": 1, "serverConnectionId": 23461, "serverHost": "ac-seftnoh-shard-00-00.ajiae5a.mongodb.net", "serverPort": 27017, "awaited": true, "durationMS": 10040.320583007997, "reply": "{\"topologyVersion\": {\"processId\": {\"$oid\": \"68712b49081a705f8235132a\"}, \"counter\": 4}, \"hosts\": [\"ac-seftnoh-shard-00-00.ajiae5a.mongodb.net:27017\", \"ac-seftnoh-shard-00-01.ajiae5a.mongodb.net:27017\", \"ac-seftnoh-shard-00-02.ajiae5a.mongodb.net:27017\"], \"setName\": \"atlas-huz2dh-shard-0\", \"setVersion\": 299, \"secondary\": true, \"primary\": \"ac-seftnoh-shard-00-02.ajiae5a.mongodb.net:27017\", \"tags\": {\"region\": \"AP_SOUTH_1\", \"diskState\": \"READY\", \"nodeType\": \"ELECTABLE\", \"workloadType\": \"OPERATIONAL\", \"availabilityZone\": \"aps1-az1\", \"provider\": \"AWS\"}, \"me\": \"ac-seftnoh-shard-00-00.ajiae5a.mongodb.net:27017\", \"lastWrite\": {\"opTime\": {\"ts\": {\"$timestamp\": {\"t\": 1752343865, \"i\": 7}}, \"t\": 273}, \"lastWriteDate\": {\"$date\": \"2025-07-12T18:11:05Z\"}, \"majorityOpTime\": {\"ts\": {\"$timestamp\": {\"t\": 1752343865, \"i\": 7}}, \"t\": 273}, \"majorityWriteDate\": {\"$date\": \"2025-07-12T18:11:05Z\"}}, \"maxBsonObjectSize\": 16777216, \"maxMessageSizeBytes\": 48000000, \"maxWriteBatchSize\": 100000, \"localTime\": {\"$date\": ..."}
[ 2025-07-12 23:41:05,540 ] pymongo.topology - DEBUG - {"message": "Server heartbeat succeeded", "topologyId": {"$oid": "6872a50694d28f5f787ad839"}, "driverConnectionId": 1, "serverConnectionId": 22855, "serverHost": "ac-seftnoh-shard-00-01.ajiae5a.mongodb.net", "serverPort": 27017, "awaited": true, "durationMS": 10036.289332987508, "reply": "{\"topologyVersion\": {\"processId\": {\"$oid\": \"68712bc703db27a9c7dda3d9\"}, \"counter\": 3}, \"hosts\": [\"ac-seftnoh-shard-00-00.ajiae5a.mongodb.net:27017\", \"ac-seftnoh-shard-00-01.ajiae5a.mongodb.net:27017\", \"ac-seftnoh-shard-00-02.ajiae5a.mongodb.net:27017\"], \"setName\": \"atlas-huz2dh-shard-0\", \"setVersion\": 299, \"secondary\": true, \"primary\": \"ac-seftnoh-shard-00-02.ajiae5a.mongodb.net:27017\", \"tags\": {\"workloadType\": \"OPERATIONAL\", \"diskState\": \"READY\", \"availabilityZone\": \"aps1-az3\", \"nodeType\": \"ELECTABLE\", \"provider\": \"AWS\", \"region\": \"AP_SOUTH_1\"}, \"me\": \"ac-seftnoh-shard-00-01.ajiae5a.mongodb.net:27017\", \"lastWrite\": {\"opTime\": {\"ts\": {\"$timestamp\": {\"t\": 1752343865, \"i\": 7}}, \"t\": 273}, \"lastWriteDate\": {\"$date\": \"2025-07-12T18:11:05Z\"}, \"majorityOpTime\": {\"ts\": {\"$timestamp\": {\"t\": 1752343865, \"i\": 7}}, \"t\": 273}, \"majorityWriteDate\": {\"$date\": \"2025-07-12T18:11:05Z\"}}, \"maxBsonObjectSize\": 16777216, \"maxMessageSizeBytes\": 48000000, \"maxWriteBatchSize\": 100000, \"localTime\": {\"$date\": ..."}
[ 2025-07-12 23:41:05,540 ] pymongo.topology - DEBUG - {"message": "Server heartbeat succeeded", "topologyId": {"$oid": "6872a50694d28f5f787ad839"}, "driverConnectionId": 1, "serverConnectionId": 24354, "serverHost": "ac-seftnoh-shard-00-02.ajiae5a.mongodb.net", "serverPort": 27017, "awaited": true, "durationMS": 10035.917000001064, "reply": "{\"topologyVersion\": {\"processId\": {\"$oid\": \"68712b88e825f82d0dc0fc06\"}, \"counter\": 6}, \"hosts\": [\"ac-seftnoh-shard-00-00.ajiae5a.mongodb.net:27017\", \"ac-seftnoh-shard-00-01.ajiae5a.mongodb.net:27017\", \"ac-seftnoh-shard-00-02.ajiae5a.mongodb.net:27017\"], \"setName\": \"atlas-huz2dh-shard-0\", \"setVersion\": 299, \"isWritablePrimary\": true, \"primary\": \"ac-seftnoh-shard-00-02.ajiae5a.mongodb.net:27017\", \"tags\": {\"availabilityZone\": \"aps1-az2\", \"diskState\": \"READY\", \"nodeType\": \"ELECTABLE\", \"provider\": \"AWS\", \"region\": \"AP_SOUTH_1\", \"workloadType\": \"OPERATIONAL\"}, \"me\": \"ac-seftnoh-shard-00-02.ajiae5a.mongodb.net:27017\", \"electionId\": {\"$oid\": \"7fffffff0000000000000111\"}, \"lastWrite\": {\"opTime\": {\"ts\": {\"$timestamp\": {\"t\": 1752343865, \"i\": 7}}, \"t\": 273}, \"lastWriteDate\": {\"$date\": \"2025-07-12T18:11:05Z\"}, \"majorityOpTime\": {\"ts\": {\"$timestamp\": {\"t\": 1752343865, \"i\": 7}}, \"t\": 273}, \"majorityWriteDate\": {\"$date\": \"2025-07-12T18:11:05Z\"}}, \"maxBsonObjectSize\": 16777216, \"maxMessageSizeBytes\": 48..."}
[ 2025-07-12 23:41:05,540 ] pymongo.topology - DEBUG - {"message": "Server heartbeat started", "topologyId": {"$oid": "6872a50694d28f5f787ad839"}, "driverConnectionId": 1, "serverConnectionId": 23461, "serverHost": "ac-seftnoh-shard-00-00.ajiae5a.mongodb.net", "serverPort": 27017, "awaited": true}
[ 2025-07-12 23:41:05,541 ] pymongo.topology - DEBUG - {"message": "Server heartbeat started", "topologyId": {"$oid": "6872a50694d28f5f787ad839"}, "driverConnectionId": 1, "serverConnectionId": 22855, "serverHost": "ac-seftnoh-shard-00-01.ajiae5a.mongodb.net", "serverPort": 27017, "awaited": true}
[ 2025-07-12 23:41:05,541 ] pymongo.topology - DEBUG - {"message": "Server heartbeat started", "topologyId": {"$oid": "6872a50694d28f5f787ad839"}, "driverConnectionId": 1, "serverConnectionId": 24354, "serverHost": "ac-seftnoh-shard-00-02.ajiae5a.mongodb.net", "serverPort": 27017, "awaited": true}
[ 2025-07-12 23:41:15,637 ] pymongo.topology - DEBUG - {"message": "Server heartbeat succeeded", "topologyId": {"$oid": "6872a50694d28f5f787ad839"}, "driverConnectionId": 1, "serverConnectionId": 23461, "serverHost": "ac-seftnoh-shard-00-00.ajiae5a.mongodb.net", "serverPort": 27017, "awaited": true, "durationMS": 10095.746791979764, "reply": "{\"topologyVersion\": {\"processId\": {\"$oid\": \"68712b49081a705f8235132a\"}, \"counter\": 4}, \"hosts\": [\"ac-seftnoh-shard-00-00.ajiae5a.mongodb.net:27017\", \"ac-seftnoh-shard-00-01.ajiae5a.mongodb.net:27017\", \"ac-seftnoh-shard-00-02.ajiae5a.mongodb.net:27017\"], \"setName\": \"atlas-huz2dh-shard-0\", \"setVersion\": 299, \"secondary\": true, \"primary\": \"ac-seftnoh-shard-00-02.ajiae5a.mongodb.net:27017\", \"tags\": {\"diskState\": \"READY\", \"region\": \"AP_SOUTH_1\", \"provider\": \"AWS\", \"workloadType\": \"OPERATIONAL\", \"availabilityZone\": \"aps1-az1\", \"nodeType\": \"ELECTABLE\"}, \"me\": \"ac-seftnoh-shard-00-00.ajiae5a.mongodb.net:27017\", \"lastWrite\": {\"opTime\": {\"ts\": {\"$timestamp\": {\"t\": 1752343875, \"i\": 7}}, \"t\": 273}, \"lastWriteDate\": {\"$date\": \"2025-07-12T18:11:15Z\"}, \"majorityOpTime\": {\"ts\": {\"$timestamp\": {\"t\": 1752343875, \"i\": 7}}, \"t\": 273}, \"majorityWriteDate\": {\"$date\": \"2025-07-12T18:11:15Z\"}}, \"maxBsonObjectSize\": 16777216, \"maxMessageSizeBytes\": 48000000, \"maxWriteBatchSize\": 100000, \"localTime\": {\"$date\": ..."}
[ 2025-07-12 23:41:15,637 ] pymongo.topology - DEBUG - {"message": "Server heartbeat started", "topologyId": {"$oid": "6872a50694d28f5f787ad839"}, "driverConnectionId": 1, "serverConnectionId": 23461, "serverHost": "ac-seftnoh-shard-00-00.ajiae5a.mongodb.net", "serverPort": 27017, "awaited": true}
[ 2025-07-12 23:41:15,637 ] pymongo.topology - DEBUG - {"message": "Server heartbeat succeeded", "topologyId": {"$oid": "6872a50694d28f5f787ad839"}, "driverConnectionId": 1, "serverConnectionId": 22855, "serverHost": "ac-seftnoh-shard-00-01.ajiae5a.mongodb.net", "serverPort": 27017, "awaited": true, "durationMS": 10096.229082992068, "reply": "{\"topologyVersion\": {\"processId\": {\"$oid\": \"68712bc703db27a9c7dda3d9\"}, \"counter\": 3}, \"hosts\": [\"ac-seftnoh-shard-00-00.ajiae5a.mongodb.net:27017\", \"ac-seftnoh-shard-00-01.ajiae5a.mongodb.net:27017\", \"ac-seftnoh-shard-00-02.ajiae5a.mongodb.net:27017\"], \"setName\": \"atlas-huz2dh-shard-0\", \"setVersion\": 299, \"secondary\": true, \"primary\": \"ac-seftnoh-shard-00-02.ajiae5a.mongodb.net:27017\", \"tags\": {\"region\": \"AP_SOUTH_1\", \"diskState\": \"READY\", \"nodeType\": \"ELECTABLE\", \"availabilityZone\": \"aps1-az3\", \"provider\": \"AWS\", \"workloadType\": \"OPERATIONAL\"}, \"me\": \"ac-seftnoh-shard-00-01.ajiae5a.mongodb.net:27017\", \"lastWrite\": {\"opTime\": {\"ts\": {\"$timestamp\": {\"t\": 1752343875, \"i\": 7}}, \"t\": 273}, \"lastWriteDate\": {\"$date\": \"2025-07-12T18:11:15Z\"}, \"majorityOpTime\": {\"ts\": {\"$timestamp\": {\"t\": 1752343875, \"i\": 7}}, \"t\": 273}, \"majorityWriteDate\": {\"$date\": \"2025-07-12T18:11:15Z\"}}, \"maxBsonObjectSize\": 16777216, \"maxMessageSizeBytes\": 48000000, \"maxWriteBatchSize\": 100000, \"localTime\": {\"$date\": ..."}
[ 2025-07-12 23:41:15,638 ] pymongo.topology - DEBUG - {"message": "Server heartbeat succeeded", "topologyId": {"$oid": "6872a50694d28f5f787ad839"}, "driverConnectionId": 1, "serverConnectionId": 24354, "serverHost": "ac-seftnoh-shard-00-02.ajiae5a.mongodb.net", "serverPort": 27017, "awaited": true, "durationMS": 10096.393959014677, "reply": "{\"topologyVersion\": {\"processId\": {\"$oid\": \"68712b88e825f82d0dc0fc06\"}, \"counter\": 6}, \"hosts\": [\"ac-seftnoh-shard-00-00.ajiae5a.mongodb.net:27017\", \"ac-seftnoh-shard-00-01.ajiae5a.mongodb.net:27017\", \"ac-seftnoh-shard-00-02.ajiae5a.mongodb.net:27017\"], \"setName\": \"atlas-huz2dh-shard-0\", \"setVersion\": 299, \"isWritablePrimary\": true, \"primary\": \"ac-seftnoh-shard-00-02.ajiae5a.mongodb.net:27017\", \"tags\": {\"provider\": \"AWS\", \"region\": \"AP_SOUTH_1\", \"workloadType\": \"OPERATIONAL\", \"availabilityZone\": \"aps1-az2\", \"nodeType\": \"ELECTABLE\", \"diskState\": \"READY\"}, \"me\": \"ac-seftnoh-shard-00-02.ajiae5a.mongodb.net:27017\", \"electionId\": {\"$oid\": \"7fffffff0000000000000111\"}, \"lastWrite\": {\"opTime\": {\"ts\": {\"$timestamp\": {\"t\": 1752343875, \"i\": 7}}, \"t\": 273}, \"lastWriteDate\": {\"$date\": \"2025-07-12T18:11:15Z\"}, \"majorityOpTime\": {\"ts\": {\"$timestamp\": {\"t\": 1752343875, \"i\": 7}}, \"t\": 273}, \"majorityWriteDate\": {\"$date\": \"2025-07-12T18:11:15Z\"}}, \"maxBsonObjectSize\": 16777216, \"maxMessageSizeBytes\": 48..."}
[ 2025-07-12 23:41:15,638 ] pymongo.topology - DEBUG - {"message": "Server heartbeat started", "topologyId": {"$oid": "6872a50694d28f5f787ad839"}, "driverConnectionId": 1, "serverConnectionId": 22855, "serverHost": "ac-seftnoh-shard-00-01.ajiae5a.mongodb.net", "serverPort": 27017, "awaited": true}
[ 2025-07-12 23:41:15,638 ] pymongo.topology - DEBUG - {"message": "Server heartbeat started", "topologyId": {"$oid": "6872a50694d28f5f787ad839"}, "driverConnectionId": 1, "serverConnectionId": 24354, "serverHost": "ac-seftnoh-shard-00-02.ajiae5a.mongodb.net", "serverPort": 27017, "awaited": true}
[ 2025-07-12 23:41:25,571 ] pymongo.topology - DEBUG - {"message": "Server heartbeat succeeded", "topologyId": {"$oid": "6872a50694d28f5f787ad839"}, "driverConnectionId": 1, "serverConnectionId": 23461, "serverHost": "ac-seftnoh-shard-00-00.ajiae5a.mongodb.net", "serverPort": 27017, "awaited": true, "durationMS": 9933.615041984012, "reply": "{\"topologyVersion\": {\"processId\": {\"$oid\": \"68712b49081a705f8235132a\"}, \"counter\": 4}, \"hosts\": [\"ac-seftnoh-shard-00-00.ajiae5a.mongodb.net:27017\", \"ac-seftnoh-shard-00-01.ajiae5a.mongodb.net:27017\", \"ac-seftnoh-shard-00-02.ajiae5a.mongodb.net:27017\"], \"setName\": \"atlas-huz2dh-shard-0\", \"setVersion\": 299, \"secondary\": true, \"primary\": \"ac-seftnoh-shard-00-02.ajiae5a.mongodb.net:27017\", \"tags\": {\"diskState\": \"READY\", \"nodeType\": \"ELECTABLE\", \"workloadType\": \"OPERATIONAL\", \"provider\": \"AWS\", \"availabilityZone\": \"aps1-az1\", \"region\": \"AP_SOUTH_1\"}, \"me\": \"ac-seftnoh-shard-00-00.ajiae5a.mongodb.net:27017\", \"lastWrite\": {\"opTime\": {\"ts\": {\"$timestamp\": {\"t\": 1752343885, \"i\": 6}}, \"t\": 273}, \"lastWriteDate\": {\"$date\": \"2025-07-12T18:11:25Z\"}, \"majorityOpTime\": {\"ts\": {\"$timestamp\": {\"t\": 1752343885, \"i\": 6}}, \"t\": 273}, \"majorityWriteDate\": {\"$date\": \"2025-07-12T18:11:25Z\"}}, \"maxBsonObjectSize\": 16777216, \"maxMessageSizeBytes\": 48000000, \"maxWriteBatchSize\": 100000, \"localTime\": {\"$date\": ..."}
[ 2025-07-12 23:41:25,571 ] pymongo.topology - DEBUG - {"message": "Server heartbeat succeeded", "topologyId": {"$oid": "6872a50694d28f5f787ad839"}, "driverConnectionId": 1, "serverConnectionId": 24354, "serverHost": "ac-seftnoh-shard-00-02.ajiae5a.mongodb.net", "serverPort": 27017, "awaited": true, "durationMS": 9933.123916009208, "reply": "{\"topologyVersion\": {\"processId\": {\"$oid\": \"68712b88e825f82d0dc0fc06\"}, \"counter\": 6}, \"hosts\": [\"ac-seftnoh-shard-00-00.ajiae5a.mongodb.net:27017\", \"ac-seftnoh-shard-00-01.ajiae5a.mongodb.net:27017\", \"ac-seftnoh-shard-00-02.ajiae5a.mongodb.net:27017\"], \"setName\": \"atlas-huz2dh-shard-0\", \"setVersion\": 299, \"isWritablePrimary\": true, \"primary\": \"ac-seftnoh-shard-00-02.ajiae5a.mongodb.net:27017\", \"tags\": {\"provider\": \"AWS\", \"region\": \"AP_SOUTH_1\", \"nodeType\": \"ELECTABLE\", \"availabilityZone\": \"aps1-az2\", \"diskState\": \"READY\", \"workloadType\": \"OPERATIONAL\"}, \"me\": \"ac-seftnoh-shard-00-02.ajiae5a.mongodb.net:27017\", \"electionId\": {\"$oid\": \"7fffffff0000000000000111\"}, \"lastWrite\": {\"opTime\": {\"ts\": {\"$timestamp\": {\"t\": 1752343885, \"i\": 6}}, \"t\": 273}, \"lastWriteDate\": {\"$date\": \"2025-07-12T18:11:25Z\"}, \"majorityOpTime\": {\"ts\": {\"$timestamp\": {\"t\": 1752343885, \"i\": 6}}, \"t\": 273}, \"majorityWriteDate\": {\"$date\": \"2025-07-12T18:11:25Z\"}}, \"maxBsonObjectSize\": 16777216, \"maxMessageSizeBytes\": 48..."}
[ 2025-07-12 23:41:25,571 ] pymongo.topology - DEBUG - {"message": "Server heartbeat succeeded", "topologyId": {"$oid": "6872a50694d28f5f787ad839"}, "driverConnectionId": 1, "serverConnectionId": 22855, "serverHost": "ac-seftnoh-shard-00-01.ajiae5a.mongodb.net", "serverPort": 27017, "awaited": true, "durationMS": 9933.293499983847, "reply": "{\"topologyVersion\": {\"processId\": {\"$oid\": \"68712bc703db27a9c7dda3d9\"}, \"counter\": 3}, \"hosts\": [\"ac-seftnoh-shard-00-00.ajiae5a.mongodb.net:27017\", \"ac-seftnoh-shard-00-01.ajiae5a.mongodb.net:27017\", \"ac-seftnoh-shard-00-02.ajiae5a.mongodb.net:27017\"], \"setName\": \"atlas-huz2dh-shard-0\", \"setVersion\": 299, \"secondary\": true, \"primary\": \"ac-seftnoh-shard-00-02.ajiae5a.mongodb.net:27017\", \"tags\": {\"availabilityZone\": \"aps1-az3\", \"region\": \"AP_SOUTH_1\", \"diskState\": \"READY\", \"nodeType\": \"ELECTABLE\", \"workloadType\": \"OPERATIONAL\", \"provider\": \"AWS\"}, \"me\": \"ac-seftnoh-shard-00-01.ajiae5a.mongodb.net:27017\", \"lastWrite\": {\"opTime\": {\"ts\": {\"$timestamp\": {\"t\": 1752343885, \"i\": 7}}, \"t\": 273}, \"lastWriteDate\": {\"$date\": \"2025-07-12T18:11:25Z\"}, \"majorityOpTime\": {\"ts\": {\"$timestamp\": {\"t\": 1752343885, \"i\": 7}}, \"t\": 273}, \"majorityWriteDate\": {\"$date\": \"2025-07-12T18:11:25Z\"}}, \"maxBsonObjectSize\": 16777216, \"maxMessageSizeBytes\": 48000000, \"maxWriteBatchSize\": 100000, \"localTime\": {\"$date\": ..."}
[ 2025-07-12 23:41:25,572 ] pymongo.topology - DEBUG - {"message": "Server heartbeat started", "topologyId": {"$oid": "6872a50694d28f5f787ad839"}, "driverConnectionId": 1, "serverConnectionId": 23461, "serverHost": "ac-seftnoh-shard-00-00.ajiae5a.mongodb.net", "serverPort": 27017, "awaited": true}
[ 2025-07-12 23:41:25,572 ] pymongo.topology - DEBUG - {"message": "Server heartbeat started", "topologyId": {"$oid": "6872a50694d28f5f787ad839"}, "driverConnectionId": 1, "serverConnectionId": 24354, "serverHost": "ac-seftnoh-shard-00-02.ajiae5a.mongodb.net", "serverPort": 27017, "awaited": true}
[ 2025-07-12 23:41:25,572 ] pymongo.topology - DEBUG - {"message": "Server heartbeat started", "topologyId": {"$oid": "6872a50694d28f5f787ad839"}, "driverConnectionId": 1, "serverConnectionId": 22855, "serverHost": "ac-seftnoh-shard-00-01.ajiae5a.mongodb.net", "serverPort": 27017, "awaited": true}
[ 2025-07-12 23:41:26,099 ] neuro_mf - INFO - Acceptable model found:GridSearchedBestModel(model_serial_number='module_0', model=KNeighborsClassifier(algorithm='kd_tree', n_neighbors=3), best_model=KNeighborsClassifier(n_neighbors=3, weights='distance'), best_parameters={'algorithm': 'auto', 'n_neighbors': 3, 'weights': 'distance'}, best_score=0.9577286123686027)
[ 2025-07-12 23:41:26,099 ] neuro_mf - INFO - Best model: GridSearchedBestModel(model_serial_number='module_0', model=KNeighborsClassifier(algorithm='kd_tree', n_neighbors=3), best_model=KNeighborsClassifier(n_neighbors=3, weights='distance'), best_parameters={'algorithm': 'auto', 'n_neighbors': 3, 'weights': 'distance'}, best_score=0.9577286123686027)
[ 2025-07-12 23:41:26,576 ] pymongo.topology - DEBUG - {"message": "Server heartbeat failed", "topologyId": {"$oid": "6872a50694d28f5f787ad839"}, "serverHost": "ac-seftnoh-shard-00-00.ajiae5a.mongodb.net", "serverPort": 27017, "awaited": true, "durationMS": 1003.8935409975238, "failure": "\"_OperationCancelled('operation cancelled')\"", "driverConnectionId": 1}
[ 2025-07-12 23:41:26,576 ] pymongo.topology - DEBUG - {"message": "Server heartbeat failed", "topologyId": {"$oid": "6872a50694d28f5f787ad839"}, "serverHost": "ac-seftnoh-shard-00-02.ajiae5a.mongodb.net", "serverPort": 27017, "awaited": true, "durationMS": 1004.603750014212, "failure": "\"_OperationCancelled('operation cancelled')\"", "driverConnectionId": 1}
[ 2025-07-12 23:41:26,577 ] pymongo.topology - DEBUG - {"message": "Server heartbeat failed", "topologyId": {"$oid": "6872a50694d28f5f787ad839"}, "serverHost": "ac-seftnoh-shard-00-01.ajiae5a.mongodb.net", "serverPort": 27017, "awaited": true, "durationMS": 1005.0325839838479, "failure": "\"_OperationCancelled('operation cancelled')\"", "driverConnectionId": 1}
